#
# There is insufficient memory for the Java Runtime Environment to continue.
# Native memory allocation (malloc) failed to allocate 57671680 bytes for committing reserved memory.
# Possible reasons:
#   The system is out of physical RAM or swap space
#   In 32 bit mode, the process size limit was hit
# Possible solutions:
#   Reduce memory load on the system
#   Increase physical memory or swap space
#   Check if swap backing store is full
#   Use 64 bit Java on a 64 bit OS
#   Decrease Java heap size (-Xmx/-Xms)
#   Decrease number of Java threads
#   Decrease Java thread stack sizes (-Xss)
#   Set larger code cache with -XX:ReservedCodeCacheSize=
# This output file may be truncated or incomplete.
#
#  Out of Memory Error (os_linux.cpp:2827), pid=7814, tid=139681537500928
#
# JRE version: OpenJDK Runtime Environment (7.0_121) (build 1.7.0_121-b00)
# Java VM: OpenJDK 64-Bit Server VM (24.121-b00 mixed mode linux-amd64 compressed oops)
# Derivative: IcedTea 2.6.8
# Distribution: Ubuntu 14.04 LTS, package 7u121-2.6.8-1ubuntu0.14.04.3
# Failed to write core dump. Core dumps have been disabled. To enable core dumping, try "ulimit -c unlimited" before starting Java again
#

---------------  T H R E A D  ---------------

Current thread (0x00007f0a2c076000):  VMThread [stack: 0x00007f0a245ca000,0x00007f0a246cb000] [id=7822]

Stack: [0x00007f0a245ca000,0x00007f0a246cb000],  sp=0x00007f0a246c9490,  free space=1021k
Native frames: (J=compiled Java code, j=interpreted, Vv=VM code, C=native code)
V  [libjvm.so+0x95d975]
V  [libjvm.so+0x497ad4]
V  [libjvm.so+0x7d6a6b]
V  [libjvm.so+0x7d142f]
V  [libjvm.so+0x84672b]
V  [libjvm.so+0x8475a0]
V  [libjvm.so+0x847c8b]
V  [libjvm.so+0x843678]
V  [libjvm.so+0x843ee8]
V  [libjvm.so+0x7f9583]
V  [libjvm.so+0x95f384]
V  [libjvm.so+0x963487]
V  [libjvm.so+0x961f48]
V  [libjvm.so+0x9623a9]
V  [libjvm.so+0x9627f2]
V  [libjvm.so+0x7d3862]

VM_Operation (0x00007f0a326d6880): ParallelGCFailedAllocation, mode: safepoint, requested by thread 0x00007f0a2c00a800


---------------  P R O C E S S  ---------------

Java Threads: ( => current thread )
  0x00007f0a2c0af800 JavaThread "Service Thread" daemon [_thread_blocked, id=7828, stack(0x00007f0a1f623000,0x00007f0a1f724000)]
  0x00007f0a2c0ad800 JavaThread "C2 CompilerThread1" daemon [_thread_blocked, id=7827, stack(0x00007f0a240c5000,0x00007f0a241c6000)]
  0x00007f0a2c0aa800 JavaThread "C2 CompilerThread0" daemon [_thread_blocked, id=7826, stack(0x00007f0a241c6000,0x00007f0a242c7000)]
  0x00007f0a2c0a8800 JavaThread "Signal Dispatcher" daemon [_thread_blocked, id=7825, stack(0x00007f0a242c7000,0x00007f0a243c8000)]
  0x00007f0a2c07c800 JavaThread "Finalizer" daemon [_thread_blocked, id=7824, stack(0x00007f0a243c8000,0x00007f0a244c9000)]
  0x00007f0a2c07a800 JavaThread "Reference Handler" daemon [_thread_blocked, id=7823, stack(0x00007f0a244c9000,0x00007f0a245ca000)]
  0x00007f0a2c00a800 JavaThread "main" [_thread_blocked, id=7817, stack(0x00007f0a325d8000,0x00007f0a326d9000)]

Other Threads:
=>0x00007f0a2c076000 VMThread [stack: 0x00007f0a245ca000,0x00007f0a246cb000] [id=7822]
  0x00007f0a2c0ba800 WatcherThread [stack: 0x00007f0a1f522000,0x00007f0a1f623000] [id=7829]

VM state:at safepoint (normal execution)

VM Mutex/Monitor currently owned by a thread:  ([mutex/lock_event])
[0x00007f0a2c006f80] Threads_lock - owner thread: 0x00007f0a2c076000
[0x00007f0a2c007480] Heap_lock - owner thread: 0x00007f0a2c00a800

Heap
 PSYoungGen      total 57344K, used 96K [0x00000000eea80000, 0x00000000f2480000, 0x0000000100000000)
  eden space 55296K, 0% used [0x00000000eea80000,0x00000000eea80000,0x00000000f2080000)
  from space 2048K, 4% used [0x00000000f2080000,0x00000000f2098000,0x00000000f2280000)
  to   space 1536K, 0% used [0x00000000f2300000,0x00000000f2300000,0x00000000f2480000)
 ParOldGen       total 35328K, used 1342K [0x00000000cc000000, 0x00000000ce280000, 0x00000000eea80000)
  object space 35328K, 3% used [0x00000000cc000000,0x00000000cc14fb70,0x00000000ce280000)
 PSPermGen       total 21504K, used 7279K [0x00000000c1a00000, 0x00000000c2f00000, 0x00000000cc000000)
  object space 21504K, 33% used [0x00000000c1a00000,0x00000000c211bd00,0x00000000c2f00000)

Card table byte_map: [0x00007f0a27f89000,0x00007f0a2817d000] byte_map_base: 0x00007f0a2797c000

Polling page: 0x00007f0a326f8000

Code Cache  [0x00007f0a2817d000, 0x00007f0a283ed000, 0x00007f0a2b17d000)
 total_blobs=363 nmethods=95 adapters=223 free_code_cache=48551Kb largest_free_block=49681984

Compilation events (10 events):
Event: 4,289 Thread 0x00007f0a2c0ad800 nmethod 90 0x00007f0a281ff890 code [0x00007f0a281ff9c0, 0x00007f0a281ffa18]
Event: 4,290 Thread 0x00007f0a2c0ad800   92             org.duckdns.spacedock.upengine.libupsystem.ArbreDomaines::<init> (56 bytes)
Event: 4,413 Thread 0x00007f0a2c0aa800 nmethod 91 0x00007f0a2820b150 code [0x00007f0a2820b2e0, 0x00007f0a2820b858]
Event: 4,418 Thread 0x00007f0a2c0ad800 nmethod 92 0x00007f0a28218210 code [0x00007f0a28218480, 0x00007f0a28219150]
Event: 4,420 Thread 0x00007f0a2c0ad800   94             org.glassfish.json.JsonArrayBuilderImpl$JsonArrayImpl::getJsonObject (14 bytes)
Event: 4,420 Thread 0x00007f0a2c0aa800   93             org.duckdns.spacedock.upengine.libupsystem.UPReference::getListDomaines (53 bytes)
Event: 4,506 Thread 0x00007f0a2c0ad800 nmethod 94 0x00007f0a281fef90 code [0x00007f0a281ff100, 0x00007f0a281ff258]
Event: 4,507 Thread 0x00007f0a2c0aa800 nmethod 93 0x00007f0a2821a490 code [0x00007f0a2821a6c0, 0x00007f0a2821aef8]
Event: 4,603 Thread 0x00007f0a2c0aa800   95             org.glassfish.json.JsonObjectBuilderImpl$JsonObjectImpl::getString (11 bytes)
Event: 4,603 Thread 0x00007f0a2c0ad800   96             org.glassfish.json.JsonObjectBuilderImpl$JsonObjectImpl::getJsonString (9 bytes)

GC Heap History (10 events):
Event: 3,105 GC heap after
Heap after GC invocations=2 (full 0):
 PSYoungGen      total 15872K, used 1360K [0x00000000eea80000, 0x00000000f0980000, 0x0000000100000000)
  eden space 13824K, 0% used [0x00000000eea80000,0x00000000eea80000,0x00000000ef800000)
  from space 2048K, 66% used [0x00000000efa00000,0x00000000efb54040,0x00000000efc00000)
  to   space 2048K, 0% used [0x00000000ef800000,0x00000000ef800000,0x00000000efa00000)
 ParOldGen       total 35328K, used 65K [0x00000000cc000000, 0x00000000ce280000, 0x00000000eea80000)
  object space 35328K, 0% used [0x00000000cc000000,0x00000000cc0104c0,0x00000000ce280000)
 PSPermGen       total 21504K, used 7263K [0x00000000c1a00000, 0x00000000c2f00000, 0x00000000cc000000)
  object space 21504K, 33% used [0x00000000c1a00000,0x00000000c2117ca8,0x00000000c2f00000)
}
Event: 3,343 GC heap before
{Heap before GC invocations=3 (full 0):
 PSYoungGen      total 15872K, used 15184K [0x00000000eea80000, 0x00000000f0980000, 0x0000000100000000)
  eden space 13824K, 100% used [0x00000000eea80000,0x00000000ef800000,0x00000000ef800000)
  from space 2048K, 66% used [0x00000000efa00000,0x00000000efb54040,0x00000000efc00000)
  to   space 2048K, 0% used [0x00000000ef800000,0x00000000ef800000,0x00000000efa00000)
 ParOldGen       total 35328K, used 65K [0x00000000cc000000, 0x00000000ce280000, 0x00000000eea80000)
  object space 35328K, 0% used [0x00000000cc000000,0x00000000cc0104c0,0x00000000ce280000)
 PSPermGen       total 21504K, used 7270K [0x00000000c1a00000, 0x00000000c2f00000, 0x00000000cc000000)
  object space 21504K, 33% used [0x00000000c1a00000,0x00000000c2119888,0x00000000c2f00000)
Event: 3,356 GC heap after
Heap after GC invocations=3 (full 0):
 PSYoungGen      total 15872K, used 1360K [0x00000000eea80000, 0x00000000f0980000, 0x0000000100000000)
  eden space 13824K, 0% used [0x00000000eea80000,0x00000000eea80000,0x00000000ef800000)
  from space 2048K, 66% used [0x00000000ef800000,0x00000000ef954060,0x00000000efa00000)
  to   space 2048K, 0% used [0x00000000f0780000,0x00000000f0780000,0x00000000f0980000)
 ParOldGen       total 35328K, used 65K [0x00000000cc000000, 0x00000000ce280000, 0x00000000eea80000)
  object space 35328K, 0% used [0x00000000cc000000,0x00000000cc0104c0,0x00000000ce280000)
 PSPermGen       total 21504K, used 7270K [0x00000000c1a00000, 0x00000000c2f00000, 0x00000000cc000000)
  object space 21504K, 33% used [0x00000000c1a00000,0x00000000c2119888,0x00000000c2f00000)
}
Event: 3,512 GC heap before
{Heap before GC invocations=4 (full 0):
 PSYoungGen      total 15872K, used 15184K [0x00000000eea80000, 0x00000000f0980000, 0x0000000100000000)
  eden space 13824K, 100% used [0x00000000eea80000,0x00000000ef800000,0x00000000ef800000)
  from space 2048K, 66% used [0x00000000ef800000,0x00000000ef954060,0x00000000efa00000)
  to   space 2048K, 0% used [0x00000000f0780000,0x00000000f0780000,0x00000000f0980000)
 ParOldGen       total 35328K, used 65K [0x00000000cc000000, 0x00000000ce280000, 0x00000000eea80000)
  object space 35328K, 0% used [0x00000000cc000000,0x00000000cc0104c0,0x00000000ce280000)
 PSPermGen       total 21504K, used 7271K [0x00000000c1a00000, 0x00000000c2f00000, 0x00000000cc000000)
  object space 21504K, 33% used [0x00000000c1a00000,0x00000000c2119d80,0x00000000c2f00000)
Event: 3,557 GC heap after
Heap after GC invocations=4 (full 0):
 PSYoungGen      total 29696K, used 1360K [0x00000000eea80000, 0x00000000f0980000, 0x0000000100000000)
  eden space 27648K, 0% used [0x00000000eea80000,0x00000000eea80000,0x00000000f0580000)
  from space 2048K, 66% used [0x00000000f0780000,0x00000000f08d4060,0x00000000f0980000)
  to   space 2048K, 0% used [0x00000000f0580000,0x00000000f0580000,0x00000000f0780000)
 ParOldGen       total 35328K, used 65K [0x00000000cc000000, 0x00000000ce280000, 0x00000000eea80000)
  object space 35328K, 0% used [0x00000000cc000000,0x00000000cc0104c0,0x00000000ce280000)
 PSPermGen       total 21504K, used 7271K [0x00000000c1a00000, 0x00000000c2f00000, 0x00000000cc000000)
  object space 21504K, 33% used [0x00000000c1a00000,0x00000000c2119d80,0x00000000c2f00000)
}
Event: 3,894 GC heap before
{Heap before GC invocations=5 (full 0):
 PSYoungGen      total 29696K, used 29008K [0x00000000eea80000, 0x00000000f0980000, 0x0000000100000000)
  eden space 27648K, 100% used [0x00000000eea80000,0x00000000f0580000,0x00000000f0580000)
  from space 2048K, 66% used [0x00000000f0780000,0x00000000f08d4060,0x00000000f0980000)
  to   space 2048K, 0% used [0x00000000f0580000,0x00000000f0580000,0x00000000f0780000)
 ParOldGen       total 35328K, used 65K [0x00000000cc000000, 0x00000000ce280000, 0x00000000eea80000)
  object space 35328K, 0% used [0x00000000cc000000,0x00000000cc0104c0,0x00000000ce280000)
 PSPermGen       total 21504K, used 7272K [0x00000000c1a00000, 0x00000000c2f00000, 0x00000000cc000000)
  object space 21504K, 33% used [0x00000000c1a00000,0x00000000c211a398,0x00000000c2f00000)
Event: 3,952 GC heap after
Heap after GC invocations=5 (full 0):
 PSYoungGen      total 29696K, used 1344K [0x00000000eea80000, 0x00000000f2580000, 0x0000000100000000)
  eden space 27648K, 0% used [0x00000000eea80000,0x00000000eea80000,0x00000000f0580000)
  from space 2048K, 65% used [0x00000000f0580000,0x00000000f06d0010,0x00000000f0780000)
  to   space 2560K, 0% used [0x00000000f2300000,0x00000000f2300000,0x00000000f2580000)
 ParOldGen       total 35328K, used 65K [0x00000000cc000000, 0x00000000ce280000, 0x00000000eea80000)
  object space 35328K, 0% used [0x00000000cc000000,0x00000000cc0104c0,0x00000000ce280000)
 PSPermGen       total 21504K, used 7272K [0x00000000c1a00000, 0x00000000c2f00000, 0x00000000cc000000)
  object space 21504K, 33% used [0x00000000c1a00000,0x00000000c211a398,0x00000000c2f00000)
}
Event: 4,184 GC heap before
{Heap before GC invocations=6 (full 0):
 PSYoungGen      total 29696K, used 28992K [0x00000000eea80000, 0x00000000f2580000, 0x0000000100000000)
  eden space 27648K, 100% used [0x00000000eea80000,0x00000000f0580000,0x00000000f0580000)
  from space 2048K, 65% used [0x00000000f0580000,0x00000000f06d0010,0x00000000f0780000)
  to   space 2560K, 0% used [0x00000000f2300000,0x00000000f2300000,0x00000000f2580000)
 ParOldGen       total 35328K, used 65K [0x00000000cc000000, 0x00000000ce280000, 0x00000000eea80000)
  object space 35328K, 0% used [0x00000000cc000000,0x00000000cc0104c0,0x00000000ce280000)
 PSPermGen       total 21504K, used 7278K [0x00000000c1a00000, 0x00000000c2f00000, 0x00000000cc000000)
  object space 21504K, 33% used [0x00000000c1a00000,0x00000000c211b800,0x00000000c2f00000)
Event: 4,205 GC heap after
Heap after GC invocations=6 (full 0):
 PSYoungGen      total 56832K, used 1312K [0x00000000eea80000, 0x00000000f2480000, 0x0000000100000000)
  eden space 55296K, 0% used [0x00000000eea80000,0x00000000eea80000,0x00000000f2080000)
  from space 1536K, 85% used [0x00000000f2300000,0x00000000f2448030,0x00000000f2480000)
  to   space 2048K, 0% used [0x00000000f2080000,0x00000000f2080000,0x00000000f2280000)
 ParOldGen       total 35328K, used 73K [0x00000000cc000000, 0x00000000ce280000, 0x00000000eea80000)
  object space 35328K, 0% used [0x00000000cc000000,0x00000000cc0124c0,0x00000000ce280000)
 PSPermGen       total 21504K, used 7278K [0x00000000c1a00000, 0x00000000c2f00000, 0x00000000cc000000)
  object space 21504K, 33% used [0x00000000c1a00000,0x00000000c211b800,0x00000000c2f00000)
}
Event: 6,163 GC heap before
{Heap before GC invocations=7 (full 0):
 PSYoungGen      total 56832K, used 56608K [0x00000000eea80000, 0x00000000f2480000, 0x0000000100000000)
  eden space 55296K, 100% used [0x00000000eea80000,0x00000000f2080000,0x00000000f2080000)
  from space 1536K, 85% used [0x00000000f2300000,0x00000000f2448030,0x00000000f2480000)
  to   space 2048K, 0% used [0x00000000f2080000,0x00000000f2080000,0x00000000f2280000)
 ParOldGen       total 35328K, used 73K [0x00000000cc000000, 0x00000000ce280000, 0x00000000eea80000)
  object space 35328K, 0% used [0x00000000cc000000,0x00000000cc0124c0,0x00000000ce280000)
 PSPermGen       total 21504K, used 7279K [0x00000000c1a00000, 0x00000000c2f00000, 0x00000000cc000000)
  object space 21504K, 33% used [0x00000000c1a00000,0x00000000c211bd00,0x00000000c2f00000)

Deoptimization events (6 events):
Event: 0,584 Thread 0x00007f0a2c00a800 Uncommon trap: reason=unstable_if action=reinterpret pc=0x00007f0a281dd3b4 method=java.lang.String.indexOf(II)I @ 49
Event: 0,789 Thread 0x00007f0a2c00a800 Uncommon trap: reason=class_check action=maybe_recompile pc=0x00007f0a281dff40 method=java.util.Properties$LineReader.readLine()I @ 62
Event: 0,791 Thread 0x00007f0a2c00a800 Uncommon trap: reason=unstable_if action=reinterpret pc=0x00007f0a281dfe08 method=java.util.Properties$LineReader.readLine()I @ 263
Event: 0,876 Thread 0x00007f0a2c00a800 Uncommon trap: reason=unstable_if action=reinterpret pc=0x00007f0a281e1d30 method=java.lang.String.indexOf([CII[CIII)I @ 123
Event: 1,769 Thread 0x00007f0a2c00a800 Uncommon trap: reason=unstable_if action=reinterpret pc=0x00007f0a281e5fe0 method=java.util.Properties$LineReader.readLine()I @ 369
Event: 2,163 Thread 0x00007f0a2c00a800 Uncommon trap: reason=unstable_if action=reinterpret pc=0x00007f0a281e94ec method=sun.net.www.ParseUtil.encodePath(Ljava/lang/String;Z)Ljava/lang/String; @ 109

Internal exceptions (10 events):
Event: 2,325 Thread 0x00007f0a2c00a800 Threw 0x00000000ef12acc8 at /build/openjdk-7-fqDl7t/openjdk-7-7u121-2.6.8/build/openjdk/hotspot/src/share/vm/prims/jvm.cpp:1322
Event: 2,328 Thread 0x00007f0a2c00a800 Threw 0x00000000ef12e7f8 at /build/openjdk-7-fqDl7t/openjdk-7-7u121-2.6.8/build/openjdk/hotspot/src/share/vm/prims/jvm.cpp:1322
Event: 2,423 Thread 0x00007f0a2c00a800 Threw 0x00000000ef15ac58 at /build/openjdk-7-fqDl7t/openjdk-7-7u121-2.6.8/build/openjdk/hotspot/src/share/vm/prims/jvm.cpp:1322
Event: 2,449 Thread 0x00007f0a2c00a800 Threw 0x00000000ef15fac8 at /build/openjdk-7-fqDl7t/openjdk-7-7u121-2.6.8/build/openjdk/hotspot/src/share/vm/prims/jvm.cpp:1322
Event: 2,453 Thread 0x00007f0a2c00a800 Threw 0x00000000ef163980 at /build/openjdk-7-fqDl7t/openjdk-7-7u121-2.6.8/build/openjdk/hotspot/src/share/vm/prims/jvm.cpp:1322
Event: 2,455 Thread 0x00007f0a2c00a800 Threw 0x00000000ef168608 at /build/openjdk-7-fqDl7t/openjdk-7-7u121-2.6.8/build/openjdk/hotspot/src/share/vm/prims/jvm.cpp:1322
Event: 2,471 Thread 0x00007f0a2c00a800 Threw 0x00000000ef1880d0 at /build/openjdk-7-fqDl7t/openjdk-7-7u121-2.6.8/build/openjdk/hotspot/src/share/vm/prims/jvm.cpp:1322
Event: 2,478 Thread 0x00007f0a2c00a800 Threw 0x00000000ef19b970 at /build/openjdk-7-fqDl7t/openjdk-7-7u121-2.6.8/build/openjdk/hotspot/src/share/vm/prims/jvm.cpp:1322
Event: 2,481 Thread 0x00007f0a2c00a800 Threw 0x00000000ef19ee58 at /build/openjdk-7-fqDl7t/openjdk-7-7u121-2.6.8/build/openjdk/hotspot/src/share/vm/prims/jvm.cpp:1322
Event: 2,489 Thread 0x00007f0a2c00a800 Threw 0x00000000ef1a2ac0 at /build/openjdk-7-fqDl7t/openjdk-7-7u121-2.6.8/build/openjdk/hotspot/src/share/vm/prims/jvm.cpp:1322

Events (10 events):
Event: 3,426 loading class 0x00007f0a25943d30 done
Event: 3,511 Executing VM operation: ParallelGCFailedAllocation
Event: 3,558 Executing VM operation: ParallelGCFailedAllocation done
Event: 3,873 Executing VM operation: ParallelGCFailedAllocation
Event: 3,977 Executing VM operation: ParallelGCFailedAllocation done
Event: 4,175 Executing VM operation: ParallelGCFailedAllocation
Event: 4,206 Executing VM operation: ParallelGCFailedAllocation done
Event: 4,482 Executing VM operation: EnableBiasedLocking
Event: 4,485 Executing VM operation: EnableBiasedLocking done
Event: 5,578 Executing VM operation: ParallelGCFailedAllocation


Dynamic libraries:
00400000-00401000 r-xp 00000000 08:01 3155548                            /usr/lib/jvm/java-7-openjdk-amd64/jre/bin/java
00600000-00601000 r--p 00000000 08:01 3155548                            /usr/lib/jvm/java-7-openjdk-amd64/jre/bin/java
00601000-00602000 rw-p 00001000 08:01 3155548                            /usr/lib/jvm/java-7-openjdk-amd64/jre/bin/java
01b40000-01b61000 rw-p 00000000 00:00 0                                  [heap]
c1a00000-c2f00000 rw-p 00000000 00:00 0 
c2f00000-cc000000 rw-p 00000000 00:00 0 
cc000000-ce280000 rw-p 00000000 00:00 0 
ce280000-eea80000 rw-p 00000000 00:00 0 
eea80000-f2480000 rw-p 00000000 00:00 0 
f5b80000-100000000 rw-p 00000000 00:00 0 
7f09f0000000-7f09f0021000 rw-p 00000000 00:00 0 
7f09f0021000-7f09f4000000 ---p 00000000 00:00 0 
7f09f4000000-7f09f4021000 rw-p 00000000 00:00 0 
7f09f4021000-7f09f8000000 ---p 00000000 00:00 0 
7f09f8000000-7f09f829b000 rw-p 00000000 00:00 0 
7f09f829b000-7f09fc000000 ---p 00000000 00:00 0 
7f09fc000000-7f09fc586000 rw-p 00000000 00:00 0 
7f09fc586000-7f0a00000000 ---p 00000000 00:00 0 
7f0a00000000-7f0a00021000 rw-p 00000000 00:00 0 
7f0a00021000-7f0a04000000 ---p 00000000 00:00 0 
7f0a04000000-7f0a04021000 rw-p 00000000 00:00 0 
7f0a04021000-7f0a08000000 ---p 00000000 00:00 0 
7f0a08000000-7f0a08021000 rw-p 00000000 00:00 0 
7f0a08021000-7f0a0c000000 ---p 00000000 00:00 0 
7f0a0c000000-7f0a0c021000 rw-p 00000000 00:00 0 
7f0a0c021000-7f0a10000000 ---p 00000000 00:00 0 
7f0a10000000-7f0a10021000 rw-p 00000000 00:00 0 
7f0a10021000-7f0a14000000 ---p 00000000 00:00 0 
7f0a14000000-7f0a14021000 rw-p 00000000 00:00 0 
7f0a14021000-7f0a18000000 ---p 00000000 00:00 0 
7f0a18000000-7f0a18021000 rw-p 00000000 00:00 0 
7f0a18021000-7f0a1c000000 ---p 00000000 00:00 0 
7f0a1dda4000-7f0a1dde1000 r-xp 00000000 08:01 2756625                    /lib/x86_64-linux-gnu/libpcre.so.3.13.1
7f0a1dde1000-7f0a1dfe0000 ---p 0003d000 08:01 2756625                    /lib/x86_64-linux-gnu/libpcre.so.3.13.1
7f0a1dfe0000-7f0a1dfe1000 r--p 0003c000 08:01 2756625                    /lib/x86_64-linux-gnu/libpcre.so.3.13.1
7f0a1dfe1000-7f0a1dfe2000 rw-p 0003d000 08:01 2756625                    /lib/x86_64-linux-gnu/libpcre.so.3.13.1
7f0a1dfe2000-7f0a1dfe9000 r-xp 00000000 08:01 3146096                    /usr/lib/x86_64-linux-gnu/libffi.so.6.0.1
7f0a1dfe9000-7f0a1e1e8000 ---p 00007000 08:01 3146096                    /usr/lib/x86_64-linux-gnu/libffi.so.6.0.1
7f0a1e1e8000-7f0a1e1e9000 r--p 00006000 08:01 3146096                    /usr/lib/x86_64-linux-gnu/libffi.so.6.0.1
7f0a1e1e9000-7f0a1e1ea000 rw-p 00007000 08:01 3146096                    /usr/lib/x86_64-linux-gnu/libffi.so.6.0.1
7f0a1e1ea000-7f0a1e201000 r-xp 00000000 08:01 2752516                    /lib/x86_64-linux-gnu/libresolv-2.19.so
7f0a1e201000-7f0a1e401000 ---p 00017000 08:01 2752516                    /lib/x86_64-linux-gnu/libresolv-2.19.so
7f0a1e401000-7f0a1e402000 r--p 00017000 08:01 2752516                    /lib/x86_64-linux-gnu/libresolv-2.19.so
7f0a1e402000-7f0a1e403000 rw-p 00018000 08:01 2752516                    /lib/x86_64-linux-gnu/libresolv-2.19.so
7f0a1e403000-7f0a1e405000 rw-p 00000000 00:00 0 
7f0a1e405000-7f0a1e425000 r-xp 00000000 08:01 2756767                    /lib/x86_64-linux-gnu/libselinux.so.1
7f0a1e425000-7f0a1e624000 ---p 00020000 08:01 2756767                    /lib/x86_64-linux-gnu/libselinux.so.1
7f0a1e624000-7f0a1e625000 r--p 0001f000 08:01 2756767                    /lib/x86_64-linux-gnu/libselinux.so.1
7f0a1e625000-7f0a1e626000 rw-p 00020000 08:01 2756767                    /lib/x86_64-linux-gnu/libselinux.so.1
7f0a1e626000-7f0a1e628000 rw-p 00000000 00:00 0 
7f0a1e628000-7f0a1e62b000 r-xp 00000000 08:01 3153259                    /usr/lib/x86_64-linux-gnu/libgmodule-2.0.so.0.4002.0
7f0a1e62b000-7f0a1e82a000 ---p 00003000 08:01 3153259                    /usr/lib/x86_64-linux-gnu/libgmodule-2.0.so.0.4002.0
7f0a1e82a000-7f0a1e82b000 r--p 00002000 08:01 3153259                    /usr/lib/x86_64-linux-gnu/libgmodule-2.0.so.0.4002.0
7f0a1e82b000-7f0a1e82c000 rw-p 00003000 08:01 3153259                    /usr/lib/x86_64-linux-gnu/libgmodule-2.0.so.0.4002.0
7f0a1e82c000-7f0a1e932000 r-xp 00000000 08:01 2756673                    /lib/x86_64-linux-gnu/libglib-2.0.so.0.4002.0
7f0a1e932000-7f0a1eb31000 ---p 00106000 08:01 2756673                    /lib/x86_64-linux-gnu/libglib-2.0.so.0.4002.0
7f0a1eb31000-7f0a1eb32000 r--p 00105000 08:01 2756673                    /lib/x86_64-linux-gnu/libglib-2.0.so.0.4002.0
7f0a1eb32000-7f0a1eb33000 rw-p 00106000 08:01 2756673                    /lib/x86_64-linux-gnu/libglib-2.0.so.0.4002.0
7f0a1eb33000-7f0a1eb34000 rw-p 00000000 00:00 0 
7f0a1eb34000-7f0a1eb83000 r-xp 00000000 08:01 3153275                    /usr/lib/x86_64-linux-gnu/libgobject-2.0.so.0.4002.0
7f0a1eb83000-7f0a1ed83000 ---p 0004f000 08:01 3153275                    /usr/lib/x86_64-linux-gnu/libgobject-2.0.so.0.4002.0
7f0a1ed83000-7f0a1ed84000 r--p 0004f000 08:01 3153275                    /usr/lib/x86_64-linux-gnu/libgobject-2.0.so.0.4002.0
7f0a1ed84000-7f0a1ed85000 rw-p 00050000 08:01 3153275                    /usr/lib/x86_64-linux-gnu/libgobject-2.0.so.0.4002.0
7f0a1ed85000-7f0a1eef1000 r-xp 00000000 08:01 3153245                    /usr/lib/x86_64-linux-gnu/libgio-2.0.so.0.4002.0
7f0a1eef1000-7f0a1f0f0000 ---p 0016c000 08:01 3153245                    /usr/lib/x86_64-linux-gnu/libgio-2.0.so.0.4002.0
7f0a1f0f0000-7f0a1f0f4000 r--p 0016b000 08:01 3153245                    /usr/lib/x86_64-linux-gnu/libgio-2.0.so.0.4002.0
7f0a1f0f4000-7f0a1f0f6000 rw-p 0016f000 08:01 3153245                    /usr/lib/x86_64-linux-gnu/libgio-2.0.so.0.4002.0
7f0a1f0f6000-7f0a1f0f8000 rw-p 00000000 00:00 0 
7f0a1f0f8000-7f0a1f10f000 r-xp 00000000 08:01 3155475                    /usr/lib/jvm/java-7-openjdk-amd64/jre/lib/amd64/libnet.so
7f0a1f10f000-7f0a1f30e000 ---p 00017000 08:01 3155475                    /usr/lib/jvm/java-7-openjdk-amd64/jre/lib/amd64/libnet.so
7f0a1f30e000-7f0a1f30f000 r--p 00016000 08:01 3155475                    /usr/lib/jvm/java-7-openjdk-amd64/jre/lib/amd64/libnet.so
7f0a1f30f000-7f0a1f310000 rw-p 00017000 08:01 3155475                    /usr/lib/jvm/java-7-openjdk-amd64/jre/lib/amd64/libnet.so
7f0a1f310000-7f0a1f320000 r-xp 00000000 08:01 3152632                    /usr/lib/jvm/java-7-openjdk-amd64/jre/lib/amd64/libnio.so
7f0a1f320000-7f0a1f520000 ---p 00010000 08:01 3152632                    /usr/lib/jvm/java-7-openjdk-amd64/jre/lib/amd64/libnio.so
7f0a1f520000-7f0a1f521000 r--p 00010000 08:01 3152632                    /usr/lib/jvm/java-7-openjdk-amd64/jre/lib/amd64/libnio.so
7f0a1f521000-7f0a1f522000 rw-p 00011000 08:01 3152632                    /usr/lib/jvm/java-7-openjdk-amd64/jre/lib/amd64/libnio.so
7f0a1f522000-7f0a1f523000 ---p 00000000 00:00 0 
7f0a1f523000-7f0a1f623000 rw-p 00000000 00:00 0                          [stack:7829]
7f0a1f623000-7f0a1f626000 ---p 00000000 00:00 0 
7f0a1f626000-7f0a1f724000 rw-p 00000000 00:00 0                          [stack:7828]
7f0a1f724000-7f0a20000000 r--p 00000000 08:01 3148861                    /usr/lib/locale/locale-archive
7f0a20000000-7f0a20021000 rw-p 00000000 00:00 0 
7f0a20021000-7f0a24000000 ---p 00000000 00:00 0 
7f0a24043000-7f0a24074000 rw-p 00000000 00:00 0 
7f0a2408e000-7f0a2408f000 rw-p 00000000 00:00 0 
7f0a2408f000-7f0a24099000 r--s 000ae000 08:01 3148563                    /usr/lib/jvm/java-7-openjdk-amd64/jre/lib/resources.jar
7f0a24099000-7f0a2409b000 r--s 00002000 08:01 1444758                    /home/audreyazura/Documents/Project/Tools/netbeans-8.1/extide/ant/lib/ant-junit4.jar
7f0a2409b000-7f0a2409e000 r--s 0001a000 08:01 1444760                    /home/audreyazura/Documents/Project/Tools/netbeans-8.1/extide/ant/lib/ant-junit.jar
7f0a2409e000-7f0a240bc000 r--s 001c8000 08:01 1444773                    /home/audreyazura/Documents/Project/Tools/netbeans-8.1/extide/ant/lib/ant.jar
7f0a240bc000-7f0a240c5000 r--s 00044000 08:01 1449897                    /home/audreyazura/Documents/Project/libupsystem/lib/junit_4/junit-4.12.jar
7f0a240c5000-7f0a240c8000 ---p 00000000 00:00 0 
7f0a240c8000-7f0a241c6000 rw-p 00000000 00:00 0                          [stack:7827]
7f0a241c6000-7f0a241c9000 ---p 00000000 00:00 0 
7f0a241c9000-7f0a242c7000 rw-p 00000000 00:00 0                          [stack:7826]
7f0a242c7000-7f0a242ca000 ---p 00000000 00:00 0 
7f0a242ca000-7f0a243c8000 rw-p 00000000 00:00 0                          [stack:7825]
7f0a243c8000-7f0a243cb000 ---p 00000000 00:00 0 
7f0a243cb000-7f0a244c9000 rw-p 00000000 00:00 0                          [stack:7824]
7f0a244c9000-7f0a244cc000 ---p 00000000 00:00 0 
7f0a244cc000-7f0a245ca000 rw-p 00000000 00:00 0                          [stack:7823]
7f0a245ca000-7f0a245cb000 ---p 00000000 00:00 0 
7f0a245cb000-7f0a256c8000 rw-p 00000000 00:00 0                          [stack:7822]
7f0a256c8000-7f0a2587b000 r--s 01d49000 08:01 3155504                    /usr/lib/jvm/java-7-openjdk-amd64/jre/lib/rt.jar
7f0a2587b000-7f0a27a6f000 rw-p 00000000 00:00 0 
7f0a27a6f000-7f0a27a70000 ---p 00000000 00:00 0 
7f0a27a70000-7f0a27b70000 rw-p 00000000 00:00 0                          [stack:7821]
7f0a27b70000-7f0a27b71000 ---p 00000000 00:00 0 
7f0a27b71000-7f0a27c71000 rw-p 00000000 00:00 0                          [stack:7820]
7f0a27c71000-7f0a27c72000 ---p 00000000 00:00 0 
7f0a27c72000-7f0a27d72000 rw-p 00000000 00:00 0                          [stack:7819]
7f0a27d72000-7f0a27d73000 ---p 00000000 00:00 0 
7f0a27d73000-7f0a27e85000 rw-p 00000000 00:00 0                          [stack:7818]
7f0a27e85000-7f0a27f89000 rw-p 00000000 00:00 0 
7f0a27f89000-7f0a27f94000 rw-p 00000000 00:00 0 
7f0a27f94000-7f0a27fdc000 rw-p 00000000 00:00 0 
7f0a27fdc000-7f0a27fee000 rw-p 00000000 00:00 0 
7f0a27fee000-7f0a280f1000 rw-p 00000000 00:00 0 
7f0a280f1000-7f0a2810f000 rw-p 00000000 00:00 0 
7f0a2810f000-7f0a2817c000 rw-p 00000000 00:00 0 
7f0a2817c000-7f0a2817d000 rw-p 00000000 00:00 0 
7f0a2817d000-7f0a283ed000 rwxp 00000000 00:00 0 
7f0a283ed000-7f0a2b17d000 rw-p 00000000 00:00 0 
7f0a2b17d000-7f0a2b185000 r-xp 00000000 08:01 3155066                    /usr/lib/jvm/java-7-openjdk-amd64/jre/lib/amd64/libzip.so
7f0a2b185000-7f0a2b384000 ---p 00008000 08:01 3155066                    /usr/lib/jvm/java-7-openjdk-amd64/jre/lib/amd64/libzip.so
7f0a2b384000-7f0a2b385000 r--p 00007000 08:01 3155066                    /usr/lib/jvm/java-7-openjdk-amd64/jre/lib/amd64/libzip.so
7f0a2b385000-7f0a2b386000 rw-p 00008000 08:01 3155066                    /usr/lib/jvm/java-7-openjdk-amd64/jre/lib/amd64/libzip.so
7f0a2b386000-7f0a2b390000 r-xp 00000000 08:01 2752570                    /lib/x86_64-linux-gnu/libnss_files-2.19.so
7f0a2b390000-7f0a2b58f000 ---p 0000a000 08:01 2752570                    /lib/x86_64-linux-gnu/libnss_files-2.19.so
7f0a2b58f000-7f0a2b590000 r--p 00009000 08:01 2752570                    /lib/x86_64-linux-gnu/libnss_files-2.19.so
7f0a2b590000-7f0a2b591000 rw-p 0000a000 08:01 2752570                    /lib/x86_64-linux-gnu/libnss_files-2.19.so
7f0a2b591000-7f0a2b59c000 r-xp 00000000 08:01 2752562                    /lib/x86_64-linux-gnu/libnss_nis-2.19.so
7f0a2b59c000-7f0a2b79b000 ---p 0000b000 08:01 2752562                    /lib/x86_64-linux-gnu/libnss_nis-2.19.so
7f0a2b79b000-7f0a2b79c000 r--p 0000a000 08:01 2752562                    /lib/x86_64-linux-gnu/libnss_nis-2.19.so
7f0a2b79c000-7f0a2b79d000 rw-p 0000b000 08:01 2752562                    /lib/x86_64-linux-gnu/libnss_nis-2.19.so
7f0a2b79d000-7f0a2b7b4000 r-xp 00000000 08:01 2752558                    /lib/x86_64-linux-gnu/libnsl-2.19.so
7f0a2b7b4000-7f0a2b9b3000 ---p 00017000 08:01 2752558                    /lib/x86_64-linux-gnu/libnsl-2.19.so
7f0a2b9b3000-7f0a2b9b4000 r--p 00016000 08:01 2752558                    /lib/x86_64-linux-gnu/libnsl-2.19.so
7f0a2b9b4000-7f0a2b9b5000 rw-p 00017000 08:01 2752558                    /lib/x86_64-linux-gnu/libnsl-2.19.so
7f0a2b9b5000-7f0a2b9b7000 rw-p 00000000 00:00 0 
7f0a2b9b7000-7f0a2b9c0000 r-xp 00000000 08:01 2752557                    /lib/x86_64-linux-gnu/libnss_compat-2.19.so
7f0a2b9c0000-7f0a2bbbf000 ---p 00009000 08:01 2752557                    /lib/x86_64-linux-gnu/libnss_compat-2.19.so
7f0a2bbbf000-7f0a2bbc0000 r--p 00008000 08:01 2752557                    /lib/x86_64-linux-gnu/libnss_compat-2.19.so
7f0a2bbc0000-7f0a2bbc1000 rw-p 00009000 08:01 2752557                    /lib/x86_64-linux-gnu/libnss_compat-2.19.so
7f0a2bbc1000-7f0a2bbeb000 r-xp 00000000 08:01 3152636                    /usr/lib/jvm/java-7-openjdk-amd64/jre/lib/amd64/libjava.so
7f0a2bbeb000-7f0a2bdeb000 ---p 0002a000 08:01 3152636                    /usr/lib/jvm/java-7-openjdk-amd64/jre/lib/amd64/libjava.so
7f0a2bdeb000-7f0a2bdec000 r--p 0002a000 08:01 3152636                    /usr/lib/jvm/java-7-openjdk-amd64/jre/lib/amd64/libjava.so
7f0a2bdec000-7f0a2bdee000 rw-p 0002b000 08:01 3152636                    /usr/lib/jvm/java-7-openjdk-amd64/jre/lib/amd64/libjava.so
7f0a2bdee000-7f0a2bdfe000 r-xp 00000000 08:01 3155494                    /usr/lib/jvm/java-7-openjdk-amd64/jre/lib/amd64/libverify.so
7f0a2bdfe000-7f0a2bffd000 ---p 00010000 08:01 3155494                    /usr/lib/jvm/java-7-openjdk-amd64/jre/lib/amd64/libverify.so
7f0a2bffd000-7f0a2bfff000 r--p 0000f000 08:01 3155494                    /usr/lib/jvm/java-7-openjdk-amd64/jre/lib/amd64/libverify.so
7f0a2bfff000-7f0a2c000000 rw-p 00011000 08:01 3155494                    /usr/lib/jvm/java-7-openjdk-amd64/jre/lib/amd64/libverify.so
7f0a2c000000-7f0a2c23d000 rw-p 00000000 00:00 0 
7f0a2c23d000-7f0a30000000 ---p 00000000 00:00 0 
7f0a30000000-7f0a30033000 rw-p 00000000 00:00 0 
7f0a30033000-7f0a3007b000 rw-p 00000000 00:00 0 
7f0a3007b000-7f0a30082000 r-xp 00000000 08:01 2752566                    /lib/x86_64-linux-gnu/librt-2.19.so
7f0a30082000-7f0a30281000 ---p 00007000 08:01 2752566                    /lib/x86_64-linux-gnu/librt-2.19.so
7f0a30281000-7f0a30282000 r--p 00006000 08:01 2752566                    /lib/x86_64-linux-gnu/librt-2.19.so
7f0a30282000-7f0a30283000 rw-p 00007000 08:01 2752566                    /lib/x86_64-linux-gnu/librt-2.19.so
7f0a30283000-7f0a30299000 r-xp 00000000 08:01 2756650                    /lib/x86_64-linux-gnu/libgcc_s.so.1
7f0a30299000-7f0a30498000 ---p 00016000 08:01 2756650                    /lib/x86_64-linux-gnu/libgcc_s.so.1
7f0a30498000-7f0a30499000 rw-p 00015000 08:01 2756650                    /lib/x86_64-linux-gnu/libgcc_s.so.1
7f0a30499000-7f0a3059e000 r-xp 00000000 08:01 2752530                    /lib/x86_64-linux-gnu/libm-2.19.so
7f0a3059e000-7f0a3079d000 ---p 00105000 08:01 2752530                    /lib/x86_64-linux-gnu/libm-2.19.so
7f0a3079d000-7f0a3079e000 r--p 00104000 08:01 2752530                    /lib/x86_64-linux-gnu/libm-2.19.so
7f0a3079e000-7f0a3079f000 rw-p 00105000 08:01 2752530                    /lib/x86_64-linux-gnu/libm-2.19.so
7f0a3079f000-7f0a308a5000 r-xp 00000000 08:01 3147884                    /usr/lib/x86_64-linux-gnu/libstdc++.so.6.0.22
7f0a308a5000-7f0a30aa4000 ---p 00106000 08:01 3147884                    /usr/lib/x86_64-linux-gnu/libstdc++.so.6.0.22
7f0a30aa4000-7f0a30aac000 r--p 00105000 08:01 3147884                    /usr/lib/x86_64-linux-gnu/libstdc++.so.6.0.22
7f0a30aac000-7f0a30aae000 rw-p 0010d000 08:01 3147884                    /usr/lib/x86_64-linux-gnu/libstdc++.so.6.0.22
7f0a30aae000-7f0a30ab1000 rw-p 00000000 00:00 0 
7f0a30ab1000-7f0a315df000 r-xp 00000000 08:01 3154760                    /usr/lib/jvm/java-7-openjdk-amd64/jre/lib/amd64/server/libjvm.so
7f0a315df000-7f0a317df000 ---p 00b2e000 08:01 3154760                    /usr/lib/jvm/java-7-openjdk-amd64/jre/lib/amd64/server/libjvm.so
7f0a317df000-7f0a31879000 r--p 00b2e000 08:01 3154760                    /usr/lib/jvm/java-7-openjdk-amd64/jre/lib/amd64/server/libjvm.so
7f0a31879000-7f0a3189c000 rw-p 00bc8000 08:01 3154760                    /usr/lib/jvm/java-7-openjdk-amd64/jre/lib/amd64/server/libjvm.so
7f0a3189c000-7f0a318cb000 rw-p 00000000 00:00 0 
7f0a318cb000-7f0a318e3000 r-xp 00000000 08:01 2756797                    /lib/x86_64-linux-gnu/libz.so.1.2.8
7f0a318e3000-7f0a31ae2000 ---p 00018000 08:01 2756797                    /lib/x86_64-linux-gnu/libz.so.1.2.8
7f0a31ae2000-7f0a31ae3000 r--p 00017000 08:01 2756797                    /lib/x86_64-linux-gnu/libz.so.1.2.8
7f0a31ae3000-7f0a31ae4000 rw-p 00018000 08:01 2756797                    /lib/x86_64-linux-gnu/libz.so.1.2.8
7f0a31ae4000-7f0a31afd000 r-xp 00000000 08:01 2752559                    /lib/x86_64-linux-gnu/libpthread-2.19.so
7f0a31afd000-7f0a31cfc000 ---p 00019000 08:01 2752559                    /lib/x86_64-linux-gnu/libpthread-2.19.so
7f0a31cfc000-7f0a31cfd000 r--p 00018000 08:01 2752559                    /lib/x86_64-linux-gnu/libpthread-2.19.so
7f0a31cfd000-7f0a31cfe000 rw-p 00019000 08:01 2752559                    /lib/x86_64-linux-gnu/libpthread-2.19.so
7f0a31cfe000-7f0a31d02000 rw-p 00000000 00:00 0 
7f0a31d02000-7f0a31d05000 r-xp 00000000 08:01 2752539                    /lib/x86_64-linux-gnu/libdl-2.19.so
7f0a31d05000-7f0a31f04000 ---p 00003000 08:01 2752539                    /lib/x86_64-linux-gnu/libdl-2.19.so
7f0a31f04000-7f0a31f05000 r--p 00002000 08:01 2752539                    /lib/x86_64-linux-gnu/libdl-2.19.so
7f0a31f05000-7f0a31f06000 rw-p 00003000 08:01 2752539                    /lib/x86_64-linux-gnu/libdl-2.19.so
7f0a31f06000-7f0a320c0000 r-xp 00000000 08:01 2752567                    /lib/x86_64-linux-gnu/libc-2.19.so
7f0a320c0000-7f0a322c0000 ---p 001ba000 08:01 2752567                    /lib/x86_64-linux-gnu/libc-2.19.so
7f0a322c0000-7f0a322c4000 r--p 001ba000 08:01 2752567                    /lib/x86_64-linux-gnu/libc-2.19.so
7f0a322c4000-7f0a322c6000 rw-p 001be000 08:01 2752567                    /lib/x86_64-linux-gnu/libc-2.19.so
7f0a322c6000-7f0a322cb000 rw-p 00000000 00:00 0 
7f0a322cb000-7f0a322d8000 r-xp 00000000 08:01 3152640                    /usr/lib/jvm/java-7-openjdk-amd64/jre/lib/amd64/jli/libjli.so
7f0a322d8000-7f0a324d7000 ---p 0000d000 08:01 3152640                    /usr/lib/jvm/java-7-openjdk-amd64/jre/lib/amd64/jli/libjli.so
7f0a324d7000-7f0a324d8000 r--p 0000c000 08:01 3152640                    /usr/lib/jvm/java-7-openjdk-amd64/jre/lib/amd64/jli/libjli.so
7f0a324d8000-7f0a324d9000 rw-p 0000d000 08:01 3152640                    /usr/lib/jvm/java-7-openjdk-amd64/jre/lib/amd64/jli/libjli.so
7f0a324d9000-7f0a324fc000 r-xp 00000000 08:01 2752560                    /lib/x86_64-linux-gnu/ld-2.19.so
7f0a324fc000-7f0a324fe000 r--s 00009000 08:01 1449889                    /home/audreyazura/Documents/Project/libupsystem/lib/hamcrest/hamcrest-core-1.3.jar
7f0a324fe000-7f0a32501000 r--s 00013000 08:01 1449179                    /home/audreyazura/Documents/Project/libupsystem/lib/commonutils.portable1-0.jar
7f0a32501000-7f0a32504000 r--s 0003d000 08:01 3152622                    /usr/lib/jvm/java-7-openjdk-amd64/jre/lib/ext/sunpkcs11.jar
7f0a32504000-7f0a32522000 rw-p 00000000 00:00 0 
7f0a32522000-7f0a325d8000 rw-p 00000000 00:00 0 
7f0a325d8000-7f0a325db000 ---p 00000000 00:00 0 
7f0a325db000-7f0a326de000 rw-p 00000000 00:00 0                          [stack:7817]
7f0a326de000-7f0a326df000 r--s 00004000 08:01 1444752                    /home/audreyazura/Documents/Project/Tools/netbeans-8.1/extide/ant/lib/ant-launcher.jar
7f0a326df000-7f0a326e3000 r--s 00085000 08:01 3152619                    /usr/lib/jvm/java-7-openjdk-amd64/jre/lib/ext/localedata.jar
7f0a326e3000-7f0a326e4000 r--s 00002000 08:01 3152621                    /usr/lib/jvm/java-7-openjdk-amd64/jre/lib/ext/dnsns.jar
7f0a326e4000-7f0a326e6000 r--s 00006000 08:01 3283851                    /usr/share/java/java-atk-wrapper.jar
7f0a326e6000-7f0a326e8000 r--s 00012000 08:01 3152620                    /usr/lib/jvm/java-7-openjdk-amd64/jre/lib/ext/zipfs.jar
7f0a326e8000-7f0a326eb000 r--s 0000f000 08:01 3152623                    /usr/lib/jvm/java-7-openjdk-amd64/jre/lib/ext/icedtea-sound.jar
7f0a326eb000-7f0a326ef000 r--s 00034000 08:01 3152618                    /usr/lib/jvm/java-7-openjdk-amd64/jre/lib/ext/sunjce_provider.jar
7f0a326ef000-7f0a326f7000 rw-s 00000000 08:01 1835249                    /tmp/hsperfdata_audreyazura/7814
7f0a326f7000-7f0a326f8000 rw-p 00000000 00:00 0 
7f0a326f8000-7f0a326f9000 ---p 00000000 00:00 0 
7f0a326f9000-7f0a326fb000 rw-p 00000000 00:00 0 
7f0a326fb000-7f0a326fc000 r--p 00022000 08:01 2752560                    /lib/x86_64-linux-gnu/ld-2.19.so
7f0a326fc000-7f0a326fd000 rw-p 00023000 08:01 2752560                    /lib/x86_64-linux-gnu/ld-2.19.so
7f0a326fd000-7f0a326fe000 rw-p 00000000 00:00 0 
7ffc1c47d000-7ffc1c49e000 rw-p 00000000 00:00 0                          [stack]
7ffc1c5e5000-7ffc1c5e7000 r-xp 00000000 00:00 0                          [vdso]
7ffc1c5e7000-7ffc1c5e9000 r--p 00000000 00:00 0                          [vvar]
ffffffffff600000-ffffffffff601000 r-xp 00000000 00:00 0                  [vsyscall]

VM Arguments:
jvm_args: -ea 
java_command: org.apache.tools.ant.taskdefs.optional.junit.JUnitTestRunner org.duckdns.spacedock.upengine.libupsystem.PersoStatDegatsLegersTest skipNonTests=false filtertrace=true haltOnError=false haltOnFailure=false showoutput=true outputtoformatters=true logfailedtests=true threadid=0 logtestlistenerevents=true formatter=org.apache.tools.ant.taskdefs.optional.junit.BriefJUnitResultFormatter formatter=org.apache.tools.ant.taskdefs.optional.junit.XMLJUnitResultFormatter,/home/audreyazura/Documents/Project/libupsystem/build/test/results/TEST-org.duckdns.spacedock.upengine.libupsystem.PersoStatDegatsLegersTest.xml crashfile=/home/audreyazura/Documents/Project/libupsystem/build/junitvmwatcher2248553015312107007.properties propsfile=/home/audreyazura/Documents/Project/libupsystem/build/junit1763759827245948675.properties
Launcher Type: SUN_STANDARD

Environment Variables:
JAVA_HOME=/usr/lib/jvm/java-7-openjdk-amd64
PATH=/usr/local/sbin:/usr/local/bin:/usr/sbin:/usr/bin:/sbin:/bin:/usr/games:/usr/local/games:/usr/lib/jvm/java-7-openjdk-amd64/bin:/home/audreyazura/Documents/Project/Tools/netbeans-8.1/extide/ant/bin
LD_LIBRARY_PATH=/usr/lib/jvm/java-7-openjdk-amd64/jre/lib/amd64:/usr/lib/jvm/java-7-openjdk-amd64/jre/lib/i386:
SHELL=/bin/bash
DISPLAY=:0

Signal Handlers:
SIGSEGV: [libjvm.so+0x95e460], sa_mask[0]=0x7ffbfeff, sa_flags=0x10000004
SIGBUS: [libjvm.so+0x95e460], sa_mask[0]=0x7ffbfeff, sa_flags=0x10000004
SIGFPE: [libjvm.so+0x7d2030], sa_mask[0]=0x7ffbfeff, sa_flags=0x10000004
SIGPIPE: [libjvm.so+0x7d2030], sa_mask[0]=0x7ffbfeff, sa_flags=0x10000004
SIGXFSZ: [libjvm.so+0x7d2030], sa_mask[0]=0x7ffbfeff, sa_flags=0x10000004
SIGILL: [libjvm.so+0x7d2030], sa_mask[0]=0x7ffbfeff, sa_flags=0x10000004
SIGUSR1: SIG_DFL, sa_mask[0]=0x00000000, sa_flags=0x00000000
SIGUSR2: [libjvm.so+0x7d2160], sa_mask[0]=0x00000004, sa_flags=0x10000004
SIGHUP: [libjvm.so+0x7d20b0], sa_mask[0]=0x7ffbfeff, sa_flags=0x10000004
SIGINT: SIG_IGN, sa_mask[0]=0x00000000, sa_flags=0x00000000
SIGTERM: [libjvm.so+0x7d20b0], sa_mask[0]=0x7ffbfeff, sa_flags=0x10000004
SIGQUIT: [libjvm.so+0x7d20b0], sa_mask[0]=0x7ffbfeff, sa_flags=0x10000004
SIGTRAP: SIG_DFL, sa_mask[0]=0x00000000, sa_flags=0x00000000


---------------  S Y S T E M  ---------------

OS:Peppermint 6 (trusty)
uname:Linux 3.16.0-77-generic #99~14.04.1-Ubuntu SMP Tue Jun 28 19:17:10 UTC 2016 x86_64
libc:glibc 2.19 NPTL 2.19 
rlimit: STACK 8192k, CORE 0k, NPROC 13224, NOFILE 4096, AS infinity
load average:9,98 3,88 2,01

/proc/meminfo:
MemTotal:        3407836 kB
MemFree:           86668 kB
MemAvailable:      26064 kB
Buffers:             296 kB
Cached:            61352 kB
SwapCached:            0 kB
Active:          3056232 kB
Inactive:          56600 kB
Active(anon):    3054844 kB
Inactive(anon):    55044 kB
Active(file):       1388 kB
Inactive(file):     1556 kB
Unevictable:          64 kB
Mlocked:              64 kB
SwapTotal:             0 kB
SwapFree:              0 kB
Dirty:                 8 kB
Writeback:             0 kB
AnonPages:       3052000 kB
Mapped:            59736 kB
Shmem:             57952 kB
Slab:              77424 kB
SReclaimable:      44772 kB
SUnreclaim:        32652 kB
KernelStack:       10352 kB
PageTables:        32656 kB
NFS_Unstable:          0 kB
Bounce:                0 kB
WritebackTmp:          0 kB
CommitLimit:     1703916 kB
Committed_AS:    5700148 kB
VmallocTotal:   34359738367 kB
VmallocUsed:      291412 kB
VmallocChunk:   34359394656 kB
HardwareCorrupted:     0 kB
AnonHugePages:   1820672 kB
HugePages_Total:       0
HugePages_Free:        0
HugePages_Rsvd:        0
HugePages_Surp:        0
Hugepagesize:       2048 kB
DirectMap4k:      138324 kB
DirectMap2M:     3473408 kB
DirectMap1G:           0 kB


CPU:total 4 (4 cores per cpu, 1 threads per core) family 22 model 0 stepping 1, cmov, cx8, fxsr, mmx, sse, sse2, sse3, ssse3, sse4.1, sse4.2, popcnt, avx, aes, mmxext, 3dnowpref, lzcnt, sse4a, tsc, tscinvbit, tscinv

/proc/cpuinfo:
processor	: 0
vendor_id	: AuthenticAMD
cpu family	: 22
model		: 0
model name	: Quad-Core Processor (up to 1.4GHz)
stepping	: 1
microcode	: 0x7000106
cpu MHz		: 600.000
cache size	: 2048 KB
physical id	: 0
siblings	: 4
core id		: 0
cpu cores	: 4
apicid		: 0
initial apicid	: 0
fpu		: yes
fpu_exception	: yes
cpuid level	: 13
wp		: yes
flags		: fpu vme de pse tsc msr pae mce cx8 apic sep mtrr pge mca cmov pat pse36 clflush mmx fxsr sse sse2 ht syscall nx mmxext fxsr_opt pdpe1gb rdtscp lm constant_tsc rep_good nopl nonstop_tsc extd_apicid aperfmperf eagerfpu pni pclmulqdq monitor ssse3 cx16 sse4_1 sse4_2 movbe popcnt aes xsave avx f16c lahf_lm cmp_legacy svm extapic cr8_legacy abm sse4a misalignsse 3dnowprefetch osvw ibs skinit wdt topoext perfctr_nb perfctr_l2 arat cpb xsaveopt hw_pstate proc_feedback npt lbrv svm_lock nrip_save tsc_scale flushbyasid decodeassists pausefilter pfthreshold vmmcall bmi1
bogomips	: 1996.25
TLB size	: 1024 4K pages
clflush size	: 64
cache_alignment	: 64
address sizes	: 40 bits physical, 48 bits virtual
power management: ts ttp tm 100mhzsteps hwpstate cpb [11]

processor	: 1
vendor_id	: AuthenticAMD
cpu family	: 22
model		: 0
model name	: Quad-Core Processor (up to 1.4GHz)             
stepping	: 1
microcode	: 0x7000106
cpu MHz		: 600.000
cache size	: 2048 KB
physical id	: 0
siblings	: 4
core id		: 1
cpu cores	: 4
apicid		: 1
initial apicid	: 1
fpu		: yes
fpu_exception	: yes
cpuid level	: 13
wp		: yes
flags		: fpu vme de pse tsc msr pae mce cx8 apic sep mtrr pge mca cmov pat pse36 clflush mmx fxsr sse sse2 ht syscall nx mmxext fxsr_opt pdpe1gb rdtscp lm constant_tsc rep_good nopl nonstop_tsc extd_apicid aperfmperf eagerfpu pni pclmulqdq monitor ssse3 cx16 sse4_1 sse4_2 movbe popcnt aes xsave avx f16c lahf_lm cmp_legacy svm extapic cr8_legacy abm sse4a misalignsse 3dnowprefetch osvw ibs skinit wdt topoext perfctr_nb perfctr_l2 arat cpb xsaveopt hw_pstate proc_feedback npt lbrv svm_lock nrip_save tsc_scale flushbyasid decodeassists pausefilter pfthreshold vmmcall bmi1
bogomips	: 1996.25
TLB size	: 1024 4K pages
clflush size	: 64
cache_alignment	: 64
address sizes	: 40 bits physical, 48 bits virtual
power management: ts ttp tm 100mhzsteps hwpstate cpb [11]

processor	: 2
vendor_id	: AuthenticAMD
cpu family	: 22
model		: 0
model name	: Quad-Core Processor (up to 1.4GHz)             
stepping	: 1
microcode	: 0x7000106
cpu MHz		: 1000.000
cache size	: 2048 KB
physical id	: 0
siblings	: 4
core id		: 2
cpu cores	: 4
apicid		: 2
initial apicid	: 2
fpu		: yes
fpu_exception	: yes
cpuid level	: 13
wp		: yes
flags		: fpu vme de pse tsc msr pae mce cx8 apic sep mtrr pge mca cmov pat pse36 clflush mmx fxsr sse sse2 ht syscall nx mmxext fxsr_opt pdpe1gb rdtscp lm constant_tsc rep_good nopl nonstop_tsc extd_apicid aperfmperf eagerfpu pni pclmulqdq monitor ssse3 cx16 sse4_1 sse4_2 movbe popcnt aes xsave avx f16c lahf_lm cmp_legacy svm extapic cr8_legacy abm sse4a misalignsse 3dnowprefetch osvw ibs skinit wdt topoext perfctr_nb perfctr_l2 arat cpb xsaveopt hw_pstate proc_feedback npt lbrv svm_lock nrip_save tsc_scale flushbyasid decodeassists pausefilter pfthreshold vmmcall bmi1
bogomips	: 1996.25
TLB size	: 1024 4K pages
clflush size	: 64
cache_alignment	: 64
address sizes	: 40 bits physical, 48 bits virtual
power management: ts ttp tm 100mhzsteps hwpstate cpb [11]

processor	: 3
vendor_id	: AuthenticAMD
cpu family	: 22
model		: 0
model name	: Quad-Core Processor (up to 1.4GHz)             
stepping	: 1
microcode	: 0x7000106
cpu MHz		: 600.000
cache size	: 2048 KB
physical id	: 0
siblings	: 4
core id		: 3
cpu cores	: 4
apicid		: 3
initial apicid	: 3
fpu		: yes
fpu_exception	: yes
cpuid level	: 13
wp		: yes
flags		: fpu vme de pse tsc msr pae mce cx8 apic sep mtrr pge mca cmov pat pse36 clflush mmx fxsr sse sse2 ht syscall nx mmxext fxsr_opt pdpe1gb rdtscp lm constant_tsc rep_good nopl nonstop_tsc extd_apicid aperfmperf eagerfpu pni pclmulqdq monitor ssse3 cx16 sse4_1 sse4_2 movbe popcnt aes xsave avx f16c lahf_lm cmp_legacy svm extapic cr8_legacy abm sse4a misalignsse 3dnowprefetch osvw ibs skinit wdt topoext perfctr_nb perfctr_l2 arat cpb xsaveopt hw_pstate proc_feedback npt lbrv svm_lock nrip_save tsc_scale flushbyasid decodeassists pausefilter pfthreshold vmmcall bmi1
bogomips	: 1996.25
TLB size	: 1024 4K pages
clflush size	: 64
cache_alignment	: 64
address sizes	: 40 bits physical, 48 bits virtual
power management: ts ttp tm 100mhzsteps hwpstate cpb [11]



Memory: 4k page, physical 3407836k(86868k free), swap 0k(0k free)

vm_info: OpenJDK 64-Bit Server VM (24.121-b00) for linux-amd64 JRE (1.7.0_121-b00), built on Feb  7 2017 18:45:58 by "buildd" with gcc 4.8.4

time: Sat Mar 11 20:42:30 2017
elapsed time: 29 seconds

