#
# There is insufficient memory for the Java Runtime Environment to continue.
# Native memory allocation (malloc) failed to allocate 104333312 bytes for committing reserved memory.
# Possible reasons:
#   The system is out of physical RAM or swap space
#   In 32 bit mode, the process size limit was hit
# Possible solutions:
#   Reduce memory load on the system
#   Increase physical memory or swap space
#   Check if swap backing store is full
#   Use 64 bit Java on a 64 bit OS
#   Decrease Java heap size (-Xmx/-Xms)
#   Decrease number of Java threads
#   Decrease Java thread stack sizes (-Xss)
#   Set larger code cache with -XX:ReservedCodeCacheSize=
# This output file may be truncated or incomplete.
#
#  Out of Memory Error (os_linux.cpp:2827), pid=9584, tid=140674884466432
#
# JRE version: OpenJDK Runtime Environment (7.0_121) (build 1.7.0_121-b00)
# Java VM: OpenJDK 64-Bit Server VM (24.121-b00 mixed mode linux-amd64 compressed oops)
# Derivative: IcedTea 2.6.8
# Distribution: Ubuntu 14.04 LTS, package 7u121-2.6.8-1ubuntu0.14.04.3
# Failed to write core dump. Core dumps have been disabled. To enable core dumping, try "ulimit -c unlimited" before starting Java again
#

---------------  T H R E A D  ---------------

Current thread (0x00007ff168076000):  VMThread [stack: 0x00007ff16c747000,0x00007ff16c848000] [id=9592]

Stack: [0x00007ff16c747000,0x00007ff16c848000],  sp=0x00007ff16c846490,  free space=1021k
Native frames: (J=compiled Java code, j=interpreted, Vv=VM code, C=native code)
V  [libjvm.so+0x95d975]
V  [libjvm.so+0x497ad4]
V  [libjvm.so+0x7d6a6b]
V  [libjvm.so+0x7d142f]
V  [libjvm.so+0x84672b]
V  [libjvm.so+0x8475a0]
V  [libjvm.so+0x847c8b]
V  [libjvm.so+0x843678]
V  [libjvm.so+0x843ee8]
V  [libjvm.so+0x7f9583]
V  [libjvm.so+0x95f384]
V  [libjvm.so+0x963487]
V  [libjvm.so+0x961f48]
V  [libjvm.so+0x9623a9]
V  [libjvm.so+0x9627f2]
V  [libjvm.so+0x7d3862]

VM_Operation (0x00007ff171923880): ParallelGCFailedAllocation, mode: safepoint, requested by thread 0x00007ff16800a800


---------------  P R O C E S S  ---------------

Java Threads: ( => current thread )
  0x00007ff1680af800 JavaThread "Service Thread" daemon [_thread_blocked, id=9598, stack(0x00007ff16c141000,0x00007ff16c242000)]
  0x00007ff1680ad800 JavaThread "C2 CompilerThread1" daemon [_thread_blocked, id=9597, stack(0x00007ff16c242000,0x00007ff16c343000)]
  0x00007ff1680aa800 JavaThread "C2 CompilerThread0" daemon [_thread_blocked, id=9596, stack(0x00007ff16c343000,0x00007ff16c444000)]
  0x00007ff1680a8000 JavaThread "Signal Dispatcher" daemon [_thread_blocked, id=9595, stack(0x00007ff16c444000,0x00007ff16c545000)]
  0x00007ff16807c800 JavaThread "Finalizer" daemon [_thread_blocked, id=9594, stack(0x00007ff16c545000,0x00007ff16c646000)]
  0x00007ff16807a800 JavaThread "Reference Handler" daemon [_thread_blocked, id=9593, stack(0x00007ff16c646000,0x00007ff16c747000)]
  0x00007ff16800a800 JavaThread "main" [_thread_blocked, id=9587, stack(0x00007ff171825000,0x00007ff171926000)]

Other Threads:
=>0x00007ff168076000 VMThread [stack: 0x00007ff16c747000,0x00007ff16c848000] [id=9592]
  0x00007ff1680ba800 WatcherThread [stack: 0x00007ff16c040000,0x00007ff16c141000] [id=9599]

VM state:at safepoint (normal execution)

VM Mutex/Monitor currently owned by a thread:  ([mutex/lock_event])
[0x00007ff168006f80] Threads_lock - owner thread: 0x00007ff168076000
[0x00007ff168007480] Heap_lock - owner thread: 0x00007ff16800a800

Heap
 PSYoungGen      total 179712K, used 32K [0x00000000eea80000, 0x00000000f9c80000, 0x0000000100000000)
  eden space 177152K, 0% used [0x00000000eea80000,0x00000000eea80000,0x00000000f9780000)
  from space 2560K, 1% used [0x00000000f9780000,0x00000000f9788000,0x00000000f9a00000)
  to   space 2560K, 0% used [0x00000000f9a00000,0x00000000f9a00000,0x00000000f9c80000)
 ParOldGen       total 35328K, used 1407K [0x00000000cc000000, 0x00000000ce280000, 0x00000000eea80000)
  object space 35328K, 3% used [0x00000000cc000000,0x00000000cc15fc10,0x00000000ce280000)
 PSPermGen       total 21504K, used 7292K [0x00000000c1a00000, 0x00000000c2f00000, 0x00000000cc000000)
  object space 21504K, 33% used [0x00000000c1a00000,0x00000000c211f358,0x00000000c2f00000)

Card table byte_map: [0x00007ff16e251000,0x00007ff16e445000] byte_map_base: 0x00007ff16dc44000

Polling page: 0x00007ff171945000

Code Cache  [0x00007ff165000000, 0x00007ff165270000, 0x00007ff168000000)
 total_blobs=414 nmethods=146 adapters=223 free_code_cache=48476Kb largest_free_block=49620800

Compilation events (10 events):
Event: 3,809 Thread 0x00007ff1680aa800 nmethod 140 0x00007ff1650ac950 code [0x00007ff1650acae0, 0x00007ff1650acd08]
Event: 3,809 Thread 0x00007ff1680aa800  143             org.duckdns.spacedock.upengine.libupsystem.RollUtils$RollResult::<init> (20 bytes)
Event: 3,810 Thread 0x00007ff1680aa800 nmethod 143 0x00007ff1650a7a90 code [0x00007ff1650a7bc0, 0x00007ff1650a7c18]
Event: 3,810 Thread 0x00007ff1680aa800  144             org.duckdns.spacedock.upengine.libupsystem.RollUtils$RollResult::getScoreBrut (5 bytes)
Event: 3,811 Thread 0x00007ff1680aa800 nmethod 144 0x00007ff165078610 code [0x00007ff165078740, 0x00007ff165078798]
Event: 3,811 Thread 0x00007ff1680aa800  145             org.duckdns.spacedock.upengine.libupsystem.Perso::getBlessuresGraves (8 bytes)
Event: 3,811 Thread 0x00007ff1680ad800 nmethod 142 0x00007ff1650ac610 code [0x00007ff1650ac780, 0x00007ff1650ac878]
Event: 3,811 Thread 0x00007ff1680ad800  146             org.duckdns.spacedock.upengine.libupsystem.CoupleJauge::getRemplissage_interne (5 bytes)
Event: 3,812 Thread 0x00007ff1680aa800 nmethod 145 0x00007ff1650783d0 code [0x00007ff165078500, 0x00007ff165078578]
Event: 3,812 Thread 0x00007ff1680ad800 nmethod 146 0x00007ff1650781d0 code [0x00007ff165078300, 0x00007ff165078358]

GC Heap History (10 events):
Event: 2,414 GC heap after
Heap after GC invocations=6 (full 0):
 PSYoungGen      total 56832K, used 1344K [0x00000000eea80000, 0x00000000f2480000, 0x0000000100000000)
  eden space 55296K, 0% used [0x00000000eea80000,0x00000000eea80000,0x00000000f2080000)
  from space 1536K, 87% used [0x00000000f2300000,0x00000000f2450030,0x00000000f2480000)
  to   space 2048K, 0% used [0x00000000f2080000,0x00000000f2080000,0x00000000f2280000)
 ParOldGen       total 35328K, used 81K [0x00000000cc000000, 0x00000000ce280000, 0x00000000eea80000)
  object space 35328K, 0% used [0x00000000cc000000,0x00000000cc0144c0,0x00000000ce280000)
 PSPermGen       total 21504K, used 7276K [0x00000000c1a00000, 0x00000000c2f00000, 0x00000000cc000000)
  object space 21504K, 33% used [0x00000000c1a00000,0x00000000c211b330,0x00000000c2f00000)
}
Event: 2,669 GC heap before
{Heap before GC invocations=7 (full 0):
 PSYoungGen      total 56832K, used 56640K [0x00000000eea80000, 0x00000000f2480000, 0x0000000100000000)
  eden space 55296K, 100% used [0x00000000eea80000,0x00000000f2080000,0x00000000f2080000)
  from space 1536K, 87% used [0x00000000f2300000,0x00000000f2450030,0x00000000f2480000)
  to   space 2048K, 0% used [0x00000000f2080000,0x00000000f2080000,0x00000000f2280000)
 ParOldGen       total 35328K, used 81K [0x00000000cc000000, 0x00000000ce280000, 0x00000000eea80000)
  object space 35328K, 0% used [0x00000000cc000000,0x00000000cc0144c0,0x00000000ce280000)
 PSPermGen       total 21504K, used 7277K [0x00000000c1a00000, 0x00000000c2f00000, 0x00000000cc000000)
  object space 21504K, 33% used [0x00000000c1a00000,0x00000000c211b7f8,0x00000000c2f00000)
Event: 2,680 GC heap after
Heap after GC invocations=7 (full 0):
 PSYoungGen      total 57344K, used 96K [0x00000000eea80000, 0x00000000f5b80000, 0x0000000100000000)
  eden space 55296K, 0% used [0x00000000eea80000,0x00000000eea80000,0x00000000f2080000)
  from space 2048K, 4% used [0x00000000f2080000,0x00000000f2098000,0x00000000f2280000)
  to   space 2560K, 0% used [0x00000000f5900000,0x00000000f5900000,0x00000000f5b80000)
 ParOldGen       total 35328K, used 1343K [0x00000000cc000000, 0x00000000ce280000, 0x00000000eea80000)
  object space 35328K, 3% used [0x00000000cc000000,0x00000000cc14fc10,0x00000000ce280000)
 PSPermGen       total 21504K, used 7277K [0x00000000c1a00000, 0x00000000c2f00000, 0x00000000cc000000)
  object space 21504K, 33% used [0x00000000c1a00000,0x00000000c211b7f8,0x00000000c2f00000)
}
Event: 2,840 GC heap before
{Heap before GC invocations=8 (full 0):
 PSYoungGen      total 57344K, used 55392K [0x00000000eea80000, 0x00000000f5b80000, 0x0000000100000000)
  eden space 55296K, 100% used [0x00000000eea80000,0x00000000f2080000,0x00000000f2080000)
  from space 2048K, 4% used [0x00000000f2080000,0x00000000f2098000,0x00000000f2280000)
  to   space 2560K, 0% used [0x00000000f5900000,0x00000000f5900000,0x00000000f5b80000)
 ParOldGen       total 35328K, used 1343K [0x00000000cc000000, 0x00000000ce280000, 0x00000000eea80000)
  object space 35328K, 3% used [0x00000000cc000000,0x00000000cc14fc10,0x00000000ce280000)
 PSPermGen       total 21504K, used 7291K [0x00000000c1a00000, 0x00000000c2f00000, 0x00000000cc000000)
  object space 21504K, 33% used [0x00000000c1a00000,0x00000000c211ef30,0x00000000c2f00000)
Event: 2,863 GC heap after
Heap after GC invocations=8 (full 0):
 PSYoungGen      total 113152K, used 128K [0x00000000eea80000, 0x00000000f5b80000, 0x0000000100000000)
  eden space 110592K, 0% used [0x00000000eea80000,0x00000000eea80000,0x00000000f5680000)
  from space 2560K, 5% used [0x00000000f5900000,0x00000000f5920000,0x00000000f5b80000)
  to   space 2560K, 0% used [0x00000000f5680000,0x00000000f5680000,0x00000000f5900000)
 ParOldGen       total 35328K, used 1367K [0x00000000cc000000, 0x00000000ce280000, 0x00000000eea80000)
  object space 35328K, 3% used [0x00000000cc000000,0x00000000cc155c10,0x00000000ce280000)
 PSPermGen       total 21504K, used 7291K [0x00000000c1a00000, 0x00000000c2f00000, 0x00000000cc000000)
  object space 21504K, 33% used [0x00000000c1a00000,0x00000000c211ef30,0x00000000c2f00000)
}
Event: 3,308 GC heap before
{Heap before GC invocations=9 (full 0):
 PSYoungGen      total 113152K, used 110720K [0x00000000eea80000, 0x00000000f5b80000, 0x0000000100000000)
  eden space 110592K, 100% used [0x00000000eea80000,0x00000000f5680000,0x00000000f5680000)
  from space 2560K, 5% used [0x00000000f5900000,0x00000000f5920000,0x00000000f5b80000)
  to   space 2560K, 0% used [0x00000000f5680000,0x00000000f5680000,0x00000000f5900000)
 ParOldGen       total 35328K, used 1367K [0x00000000cc000000, 0x00000000ce280000, 0x00000000eea80000)
  object space 35328K, 3% used [0x00000000cc000000,0x00000000cc155c10,0x00000000ce280000)
 PSPermGen       total 21504K, used 7292K [0x00000000c1a00000, 0x00000000c2f00000, 0x00000000cc000000)
  object space 21504K, 33% used [0x00000000c1a00000,0x00000000c211f040,0x00000000c2f00000)
Event: 3,310 GC heap after
Heap after GC invocations=9 (full 0):
 PSYoungGen      total 113152K, used 96K [0x00000000eea80000, 0x00000000f9c80000, 0x0000000100000000)
  eden space 110592K, 0% used [0x00000000eea80000,0x00000000eea80000,0x00000000f5680000)
  from space 2560K, 3% used [0x00000000f5680000,0x00000000f5698000,0x00000000f5900000)
  to   space 2560K, 0% used [0x00000000f9a00000,0x00000000f9a00000,0x00000000f9c80000)
 ParOldGen       total 35328K, used 1383K [0x00000000cc000000, 0x00000000ce280000, 0x00000000eea80000)
  object space 35328K, 3% used [0x00000000cc000000,0x00000000cc159c10,0x00000000ce280000)
 PSPermGen       total 21504K, used 7292K [0x00000000c1a00000, 0x00000000c2f00000, 0x00000000cc000000)
  object space 21504K, 33% used [0x00000000c1a00000,0x00000000c211f040,0x00000000c2f00000)
}
Event: 3,562 GC heap before
{Heap before GC invocations=10 (full 0):
 PSYoungGen      total 113152K, used 110688K [0x00000000eea80000, 0x00000000f9c80000, 0x0000000100000000)
  eden space 110592K, 100% used [0x00000000eea80000,0x00000000f5680000,0x00000000f5680000)
  from space 2560K, 3% used [0x00000000f5680000,0x00000000f5698000,0x00000000f5900000)
  to   space 2560K, 0% used [0x00000000f9a00000,0x00000000f9a00000,0x00000000f9c80000)
 ParOldGen       total 35328K, used 1383K [0x00000000cc000000, 0x00000000ce280000, 0x00000000eea80000)
  object space 35328K, 3% used [0x00000000cc000000,0x00000000cc159c10,0x00000000ce280000)
 PSPermGen       total 21504K, used 7292K [0x00000000c1a00000, 0x00000000c2f00000, 0x00000000cc000000)
  object space 21504K, 33% used [0x00000000c1a00000,0x00000000c211f040,0x00000000c2f00000)
Event: 3,565 GC heap after
Heap after GC invocations=10 (full 0):
 PSYoungGen      total 179712K, used 96K [0x00000000eea80000, 0x00000000f9c80000, 0x0000000100000000)
  eden space 177152K, 0% used [0x00000000eea80000,0x00000000eea80000,0x00000000f9780000)
  from space 2560K, 3% used [0x00000000f9a00000,0x00000000f9a18000,0x00000000f9c80000)
  to   space 2560K, 0% used [0x00000000f9780000,0x00000000f9780000,0x00000000f9a00000)
 ParOldGen       total 35328K, used 1399K [0x00000000cc000000, 0x00000000ce280000, 0x00000000eea80000)
  object space 35328K, 3% used [0x00000000cc000000,0x00000000cc15dc10,0x00000000ce280000)
 PSPermGen       total 21504K, used 7292K [0x00000000c1a00000, 0x00000000c2f00000, 0x00000000cc000000)
  object space 21504K, 33% used [0x00000000c1a00000,0x00000000c211f040,0x00000000c2f00000)
}
Event: 4,068 GC heap before
{Heap before GC invocations=11 (full 0):
 PSYoungGen      total 179712K, used 177248K [0x00000000eea80000, 0x00000000f9c80000, 0x0000000100000000)
  eden space 177152K, 100% used [0x00000000eea80000,0x00000000f9780000,0x00000000f9780000)
  from space 2560K, 3% used [0x00000000f9a00000,0x00000000f9a18000,0x00000000f9c80000)
  to   space 2560K, 0% used [0x00000000f9780000,0x00000000f9780000,0x00000000f9a00000)
 ParOldGen       total 35328K, used 1399K [0x00000000cc000000, 0x00000000ce280000, 0x00000000eea80000)
  object space 35328K, 3% used [0x00000000cc000000,0x00000000cc15dc10,0x00000000ce280000)
 PSPermGen       total 21504K, used 7292K [0x00000000c1a00000, 0x00000000c2f00000, 0x00000000cc000000)
  object space 21504K, 33% used [0x00000000c1a00000,0x00000000c211f358,0x00000000c2f00000)

Deoptimization events (6 events):
Event: 0,301 Thread 0x00007ff16800a800 Uncommon trap: reason=unstable_if action=reinterpret pc=0x00007ff165060574 method=java.lang.String.indexOf(II)I @ 49
Event: 0,443 Thread 0x00007ff16800a800 Uncommon trap: reason=class_check action=maybe_recompile pc=0x00007ff165063040 method=java.util.Properties$LineReader.readLine()I @ 62
Event: 0,445 Thread 0x00007ff16800a800 Uncommon trap: reason=unstable_if action=reinterpret pc=0x00007ff165062f08 method=java.util.Properties$LineReader.readLine()I @ 263
Event: 0,522 Thread 0x00007ff16800a800 Uncommon trap: reason=unstable_if action=reinterpret pc=0x00007ff1650672f0 method=java.lang.String.indexOf([CII[CIII)I @ 123
Event: 0,950 Thread 0x00007ff16800a800 Uncommon trap: reason=unstable_if action=reinterpret pc=0x00007ff16506ac44 method=java.util.Properties$LineReader.readLine()I @ 369
Event: 1,164 Thread 0x00007ff16800a800 Uncommon trap: reason=unstable_if action=reinterpret pc=0x00007ff16506e62c method=sun.net.www.ParseUtil.encodePath(Ljava/lang/String;Z)Ljava/lang/String; @ 109

Internal exceptions (10 events):
Event: 1,267 Thread 0x00007ff16800a800 Threw 0x00000000ef12bbc0 at /build/openjdk-7-fqDl7t/openjdk-7-7u121-2.6.8/build/openjdk/hotspot/src/share/vm/prims/jvm.cpp:1322
Event: 1,268 Thread 0x00007ff16800a800 Threw 0x00000000ef12f6f0 at /build/openjdk-7-fqDl7t/openjdk-7-7u121-2.6.8/build/openjdk/hotspot/src/share/vm/prims/jvm.cpp:1322
Event: 1,355 Thread 0x00007ff16800a800 Threw 0x00000000ef15bb50 at /build/openjdk-7-fqDl7t/openjdk-7-7u121-2.6.8/build/openjdk/hotspot/src/share/vm/prims/jvm.cpp:1322
Event: 1,360 Thread 0x00007ff16800a800 Threw 0x00000000ef1609c0 at /build/openjdk-7-fqDl7t/openjdk-7-7u121-2.6.8/build/openjdk/hotspot/src/share/vm/prims/jvm.cpp:1322
Event: 1,362 Thread 0x00007ff16800a800 Threw 0x00000000ef164878 at /build/openjdk-7-fqDl7t/openjdk-7-7u121-2.6.8/build/openjdk/hotspot/src/share/vm/prims/jvm.cpp:1322
Event: 1,365 Thread 0x00007ff16800a800 Threw 0x00000000ef169500 at /build/openjdk-7-fqDl7t/openjdk-7-7u121-2.6.8/build/openjdk/hotspot/src/share/vm/prims/jvm.cpp:1322
Event: 1,386 Thread 0x00007ff16800a800 Threw 0x00000000ef188fc8 at /build/openjdk-7-fqDl7t/openjdk-7-7u121-2.6.8/build/openjdk/hotspot/src/share/vm/prims/jvm.cpp:1322
Event: 1,391 Thread 0x00007ff16800a800 Threw 0x00000000ef19c868 at /build/openjdk-7-fqDl7t/openjdk-7-7u121-2.6.8/build/openjdk/hotspot/src/share/vm/prims/jvm.cpp:1322
Event: 1,394 Thread 0x00007ff16800a800 Threw 0x00000000ef19fd50 at /build/openjdk-7-fqDl7t/openjdk-7-7u121-2.6.8/build/openjdk/hotspot/src/share/vm/prims/jvm.cpp:1322
Event: 1,400 Thread 0x00007ff16800a800 Threw 0x00000000ef1a39b8 at /build/openjdk-7-fqDl7t/openjdk-7-7u121-2.6.8/build/openjdk/hotspot/src/share/vm/prims/jvm.cpp:1322

Events (10 events):
Event: 2,680 Executing VM operation: ParallelGCFailedAllocation done
Event: 2,840 Executing VM operation: ParallelGCFailedAllocation
Event: 2,863 Executing VM operation: ParallelGCFailedAllocation done
Event: 3,308 Executing VM operation: ParallelGCFailedAllocation
Event: 3,310 Executing VM operation: ParallelGCFailedAllocation done
Event: 3,562 Executing VM operation: ParallelGCFailedAllocation
Event: 3,565 Executing VM operation: ParallelGCFailedAllocation done
Event: 3,691 loading class 0x00007ff16daa5320
Event: 3,691 loading class 0x00007ff16daa5320 done
Event: 4,068 Executing VM operation: ParallelGCFailedAllocation


Dynamic libraries:
00400000-00401000 r-xp 00000000 08:01 3155548                            /usr/lib/jvm/java-7-openjdk-amd64/jre/bin/java
00600000-00601000 r--p 00000000 08:01 3155548                            /usr/lib/jvm/java-7-openjdk-amd64/jre/bin/java
00601000-00602000 rw-p 00001000 08:01 3155548                            /usr/lib/jvm/java-7-openjdk-amd64/jre/bin/java
011de000-011ff000 rw-p 00000000 00:00 0                                  [heap]
c1a00000-c2f00000 rw-p 00000000 00:00 0 
c2f00000-cc000000 rw-p 00000000 00:00 0 
cc000000-ce280000 rw-p 00000000 00:00 0 
ce280000-eea80000 rw-p 00000000 00:00 0 
eea80000-f9c80000 rw-p 00000000 00:00 0 
7ff128000000-7ff128021000 rw-p 00000000 00:00 0 
7ff128021000-7ff12c000000 ---p 00000000 00:00 0 
7ff130000000-7ff130577000 rw-p 00000000 00:00 0 
7ff130577000-7ff134000000 ---p 00000000 00:00 0 
7ff134000000-7ff134021000 rw-p 00000000 00:00 0 
7ff134021000-7ff138000000 ---p 00000000 00:00 0 
7ff138000000-7ff138021000 rw-p 00000000 00:00 0 
7ff138021000-7ff13c000000 ---p 00000000 00:00 0 
7ff13c000000-7ff13c345000 rw-p 00000000 00:00 0 
7ff13c345000-7ff140000000 ---p 00000000 00:00 0 
7ff140000000-7ff140021000 rw-p 00000000 00:00 0 
7ff140021000-7ff144000000 ---p 00000000 00:00 0 
7ff144000000-7ff144021000 rw-p 00000000 00:00 0 
7ff144021000-7ff148000000 ---p 00000000 00:00 0 
7ff148000000-7ff148021000 rw-p 00000000 00:00 0 
7ff148021000-7ff14c000000 ---p 00000000 00:00 0 
7ff14c000000-7ff14c021000 rw-p 00000000 00:00 0 
7ff14c021000-7ff150000000 ---p 00000000 00:00 0 
7ff150000000-7ff150021000 rw-p 00000000 00:00 0 
7ff150021000-7ff154000000 ---p 00000000 00:00 0 
7ff158000000-7ff158021000 rw-p 00000000 00:00 0 
7ff158021000-7ff15c000000 ---p 00000000 00:00 0 
7ff15cfcd000-7ff15d00a000 r-xp 00000000 08:01 2756625                    /lib/x86_64-linux-gnu/libpcre.so.3.13.1
7ff15d00a000-7ff15d209000 ---p 0003d000 08:01 2756625                    /lib/x86_64-linux-gnu/libpcre.so.3.13.1
7ff15d209000-7ff15d20a000 r--p 0003c000 08:01 2756625                    /lib/x86_64-linux-gnu/libpcre.so.3.13.1
7ff15d20a000-7ff15d20b000 rw-p 0003d000 08:01 2756625                    /lib/x86_64-linux-gnu/libpcre.so.3.13.1
7ff15d20b000-7ff15d212000 r-xp 00000000 08:01 3146096                    /usr/lib/x86_64-linux-gnu/libffi.so.6.0.1
7ff15d212000-7ff15d411000 ---p 00007000 08:01 3146096                    /usr/lib/x86_64-linux-gnu/libffi.so.6.0.1
7ff15d411000-7ff15d412000 r--p 00006000 08:01 3146096                    /usr/lib/x86_64-linux-gnu/libffi.so.6.0.1
7ff15d412000-7ff15d413000 rw-p 00007000 08:01 3146096                    /usr/lib/x86_64-linux-gnu/libffi.so.6.0.1
7ff15d413000-7ff15d42a000 r-xp 00000000 08:01 2752516                    /lib/x86_64-linux-gnu/libresolv-2.19.so
7ff15d42a000-7ff15d62a000 ---p 00017000 08:01 2752516                    /lib/x86_64-linux-gnu/libresolv-2.19.so
7ff15d62a000-7ff15d62b000 r--p 00017000 08:01 2752516                    /lib/x86_64-linux-gnu/libresolv-2.19.so
7ff15d62b000-7ff15d62c000 rw-p 00018000 08:01 2752516                    /lib/x86_64-linux-gnu/libresolv-2.19.so
7ff15d62c000-7ff15d62e000 rw-p 00000000 00:00 0 
7ff15d62e000-7ff15d64e000 r-xp 00000000 08:01 2756767                    /lib/x86_64-linux-gnu/libselinux.so.1
7ff15d64e000-7ff15d84d000 ---p 00020000 08:01 2756767                    /lib/x86_64-linux-gnu/libselinux.so.1
7ff15d84d000-7ff15d84e000 r--p 0001f000 08:01 2756767                    /lib/x86_64-linux-gnu/libselinux.so.1
7ff15d84e000-7ff15d84f000 rw-p 00020000 08:01 2756767                    /lib/x86_64-linux-gnu/libselinux.so.1
7ff15d84f000-7ff15d851000 rw-p 00000000 00:00 0 
7ff15d851000-7ff15d854000 r-xp 00000000 08:01 3153259                    /usr/lib/x86_64-linux-gnu/libgmodule-2.0.so.0.4002.0
7ff15d854000-7ff15da53000 ---p 00003000 08:01 3153259                    /usr/lib/x86_64-linux-gnu/libgmodule-2.0.so.0.4002.0
7ff15da53000-7ff15da54000 r--p 00002000 08:01 3153259                    /usr/lib/x86_64-linux-gnu/libgmodule-2.0.so.0.4002.0
7ff15da54000-7ff15da55000 rw-p 00003000 08:01 3153259                    /usr/lib/x86_64-linux-gnu/libgmodule-2.0.so.0.4002.0
7ff15da55000-7ff15db5b000 r-xp 00000000 08:01 2756673                    /lib/x86_64-linux-gnu/libglib-2.0.so.0.4002.0
7ff15db5b000-7ff15dd5a000 ---p 00106000 08:01 2756673                    /lib/x86_64-linux-gnu/libglib-2.0.so.0.4002.0
7ff15dd5a000-7ff15dd5b000 r--p 00105000 08:01 2756673                    /lib/x86_64-linux-gnu/libglib-2.0.so.0.4002.0
7ff15dd5b000-7ff15dd5c000 rw-p 00106000 08:01 2756673                    /lib/x86_64-linux-gnu/libglib-2.0.so.0.4002.0
7ff15dd5c000-7ff15dd5d000 rw-p 00000000 00:00 0 
7ff15dd5d000-7ff15dec9000 r-xp 00000000 08:01 3153245                    /usr/lib/x86_64-linux-gnu/libgio-2.0.so.0.4002.0
7ff15dec9000-7ff15e0c8000 ---p 0016c000 08:01 3153245                    /usr/lib/x86_64-linux-gnu/libgio-2.0.so.0.4002.0
7ff15e0c8000-7ff15e0cc000 r--p 0016b000 08:01 3153245                    /usr/lib/x86_64-linux-gnu/libgio-2.0.so.0.4002.0
7ff15e0cc000-7ff15e0ce000 rw-p 0016f000 08:01 3153245                    /usr/lib/x86_64-linux-gnu/libgio-2.0.so.0.4002.0
7ff15e0ce000-7ff160000000 rw-p 00000000 00:00 0 
7ff160000000-7ff160021000 rw-p 00000000 00:00 0 
7ff160021000-7ff164000000 ---p 00000000 00:00 0 
7ff16405d000-7ff16408e000 rw-p 00000000 00:00 0 
7ff16408e000-7ff1640dd000 r-xp 00000000 08:01 3153275                    /usr/lib/x86_64-linux-gnu/libgobject-2.0.so.0.4002.0
7ff1640dd000-7ff1642dd000 ---p 0004f000 08:01 3153275                    /usr/lib/x86_64-linux-gnu/libgobject-2.0.so.0.4002.0
7ff1642dd000-7ff1642de000 r--p 0004f000 08:01 3153275                    /usr/lib/x86_64-linux-gnu/libgobject-2.0.so.0.4002.0
7ff1642de000-7ff1642df000 rw-p 00050000 08:01 3153275                    /usr/lib/x86_64-linux-gnu/libgobject-2.0.so.0.4002.0
7ff1642fa000-7ff164311000 r-xp 00000000 08:01 3155475                    /usr/lib/jvm/java-7-openjdk-amd64/jre/lib/amd64/libnet.so
7ff164311000-7ff164510000 ---p 00017000 08:01 3155475                    /usr/lib/jvm/java-7-openjdk-amd64/jre/lib/amd64/libnet.so
7ff164510000-7ff164511000 r--p 00016000 08:01 3155475                    /usr/lib/jvm/java-7-openjdk-amd64/jre/lib/amd64/libnet.so
7ff164511000-7ff164512000 rw-p 00017000 08:01 3155475                    /usr/lib/jvm/java-7-openjdk-amd64/jre/lib/amd64/libnet.so
7ff164512000-7ff164522000 r-xp 00000000 08:01 3152632                    /usr/lib/jvm/java-7-openjdk-amd64/jre/lib/amd64/libnio.so
7ff164522000-7ff164722000 ---p 00010000 08:01 3152632                    /usr/lib/jvm/java-7-openjdk-amd64/jre/lib/amd64/libnio.so
7ff164722000-7ff164723000 r--p 00010000 08:01 3152632                    /usr/lib/jvm/java-7-openjdk-amd64/jre/lib/amd64/libnio.so
7ff164723000-7ff164724000 rw-p 00011000 08:01 3152632                    /usr/lib/jvm/java-7-openjdk-amd64/jre/lib/amd64/libnio.so
7ff164724000-7ff165000000 r--p 00000000 08:01 3148861                    /usr/lib/locale/locale-archive
7ff165000000-7ff165270000 rwxp 00000000 00:00 0 
7ff165270000-7ff168235000 rw-p 00000000 00:00 0 
7ff168235000-7ff16c000000 ---p 00000000 00:00 0 
7ff16c009000-7ff16c00a000 rw-p 00000000 00:00 0 
7ff16c00a000-7ff16c014000 r--s 000ae000 08:01 3148563                    /usr/lib/jvm/java-7-openjdk-amd64/jre/lib/resources.jar
7ff16c014000-7ff16c016000 r--s 00002000 08:01 1444758                    /home/audreyazura/Documents/Project/Tools/netbeans-8.1/extide/ant/lib/ant-junit4.jar
7ff16c016000-7ff16c019000 r--s 0001a000 08:01 1444760                    /home/audreyazura/Documents/Project/Tools/netbeans-8.1/extide/ant/lib/ant-junit.jar
7ff16c019000-7ff16c037000 r--s 001c8000 08:01 1444773                    /home/audreyazura/Documents/Project/Tools/netbeans-8.1/extide/ant/lib/ant.jar
7ff16c037000-7ff16c040000 r--s 00044000 08:01 1449897                    /home/audreyazura/Documents/Project/libupsystem/lib/junit_4/junit-4.12.jar
7ff16c040000-7ff16c041000 ---p 00000000 00:00 0 
7ff16c041000-7ff16c141000 rw-p 00000000 00:00 0                          [stack:9599]
7ff16c141000-7ff16c144000 ---p 00000000 00:00 0 
7ff16c144000-7ff16c242000 rw-p 00000000 00:00 0                          [stack:9598]
7ff16c242000-7ff16c245000 ---p 00000000 00:00 0 
7ff16c245000-7ff16c343000 rw-p 00000000 00:00 0                          [stack:9597]
7ff16c343000-7ff16c346000 ---p 00000000 00:00 0 
7ff16c346000-7ff16c444000 rw-p 00000000 00:00 0                          [stack:9596]
7ff16c444000-7ff16c447000 ---p 00000000 00:00 0 
7ff16c447000-7ff16c545000 rw-p 00000000 00:00 0                          [stack:9595]
7ff16c545000-7ff16c548000 ---p 00000000 00:00 0 
7ff16c548000-7ff16c646000 rw-p 00000000 00:00 0                          [stack:9594]
7ff16c646000-7ff16c649000 ---p 00000000 00:00 0 
7ff16c649000-7ff16c747000 rw-p 00000000 00:00 0                          [stack:9593]
7ff16c747000-7ff16c748000 ---p 00000000 00:00 0 
7ff16c748000-7ff16d845000 rw-p 00000000 00:00 0                          [stack:9592]
7ff16d845000-7ff16d9f8000 r--s 01d49000 08:01 3155504                    /usr/lib/jvm/java-7-openjdk-amd64/jre/lib/rt.jar
7ff16d9f8000-7ff16dce4000 rw-p 00000000 00:00 0 
7ff16dce4000-7ff16dce5000 ---p 00000000 00:00 0 
7ff16dce5000-7ff16dde5000 rw-p 00000000 00:00 0                          [stack:9591]
7ff16dde5000-7ff16dde6000 ---p 00000000 00:00 0 
7ff16dde6000-7ff16dee6000 rw-p 00000000 00:00 0                          [stack:9590]
7ff16dee6000-7ff16dee7000 ---p 00000000 00:00 0 
7ff16dee7000-7ff16dfe7000 rw-p 00000000 00:00 0                          [stack:9589]
7ff16dfe7000-7ff16dfe8000 ---p 00000000 00:00 0 
7ff16dfe8000-7ff16e0f3000 rw-p 00000000 00:00 0                          [stack:9588]
7ff16e0f3000-7ff16e13b000 rw-p 00000000 00:00 0 
7ff16e13b000-7ff16e14d000 rw-p 00000000 00:00 0 
7ff16e14d000-7ff16e251000 rw-p 00000000 00:00 0 
7ff16e251000-7ff16e25c000 rw-p 00000000 00:00 0 
7ff16e25c000-7ff16e2a4000 rw-p 00000000 00:00 0 
7ff16e2a4000-7ff16e2b6000 rw-p 00000000 00:00 0 
7ff16e2b6000-7ff16e3b9000 rw-p 00000000 00:00 0 
7ff16e3b9000-7ff16e413000 rw-p 00000000 00:00 0 
7ff16e413000-7ff16e444000 rw-p 00000000 00:00 0 
7ff16e444000-7ff16e445000 rw-p 00000000 00:00 0 
7ff16e445000-7ff16e44d000 r-xp 00000000 08:01 3155066                    /usr/lib/jvm/java-7-openjdk-amd64/jre/lib/amd64/libzip.so
7ff16e44d000-7ff16e64c000 ---p 00008000 08:01 3155066                    /usr/lib/jvm/java-7-openjdk-amd64/jre/lib/amd64/libzip.so
7ff16e64c000-7ff16e64d000 r--p 00007000 08:01 3155066                    /usr/lib/jvm/java-7-openjdk-amd64/jre/lib/amd64/libzip.so
7ff16e64d000-7ff16e64e000 rw-p 00008000 08:01 3155066                    /usr/lib/jvm/java-7-openjdk-amd64/jre/lib/amd64/libzip.so
7ff16e64e000-7ff16e658000 r-xp 00000000 08:01 2752570                    /lib/x86_64-linux-gnu/libnss_files-2.19.so
7ff16e658000-7ff16e857000 ---p 0000a000 08:01 2752570                    /lib/x86_64-linux-gnu/libnss_files-2.19.so
7ff16e857000-7ff16e858000 r--p 00009000 08:01 2752570                    /lib/x86_64-linux-gnu/libnss_files-2.19.so
7ff16e858000-7ff16e859000 rw-p 0000a000 08:01 2752570                    /lib/x86_64-linux-gnu/libnss_files-2.19.so
7ff16e859000-7ff16e864000 r-xp 00000000 08:01 2752562                    /lib/x86_64-linux-gnu/libnss_nis-2.19.so
7ff16e864000-7ff16ea63000 ---p 0000b000 08:01 2752562                    /lib/x86_64-linux-gnu/libnss_nis-2.19.so
7ff16ea63000-7ff16ea64000 r--p 0000a000 08:01 2752562                    /lib/x86_64-linux-gnu/libnss_nis-2.19.so
7ff16ea64000-7ff16ea65000 rw-p 0000b000 08:01 2752562                    /lib/x86_64-linux-gnu/libnss_nis-2.19.so
7ff16ea65000-7ff16ea7c000 r-xp 00000000 08:01 2752558                    /lib/x86_64-linux-gnu/libnsl-2.19.so
7ff16ea7c000-7ff16ec7b000 ---p 00017000 08:01 2752558                    /lib/x86_64-linux-gnu/libnsl-2.19.so
7ff16ec7b000-7ff16ec7c000 r--p 00016000 08:01 2752558                    /lib/x86_64-linux-gnu/libnsl-2.19.so
7ff16ec7c000-7ff16ec7d000 rw-p 00017000 08:01 2752558                    /lib/x86_64-linux-gnu/libnsl-2.19.so
7ff16ec7d000-7ff16ec7f000 rw-p 00000000 00:00 0 
7ff16ec7f000-7ff16ec88000 r-xp 00000000 08:01 2752557                    /lib/x86_64-linux-gnu/libnss_compat-2.19.so
7ff16ec88000-7ff16ee87000 ---p 00009000 08:01 2752557                    /lib/x86_64-linux-gnu/libnss_compat-2.19.so
7ff16ee87000-7ff16ee88000 r--p 00008000 08:01 2752557                    /lib/x86_64-linux-gnu/libnss_compat-2.19.so
7ff16ee88000-7ff16ee89000 rw-p 00009000 08:01 2752557                    /lib/x86_64-linux-gnu/libnss_compat-2.19.so
7ff16ee89000-7ff16eeb3000 r-xp 00000000 08:01 3152636                    /usr/lib/jvm/java-7-openjdk-amd64/jre/lib/amd64/libjava.so
7ff16eeb3000-7ff16f0b3000 ---p 0002a000 08:01 3152636                    /usr/lib/jvm/java-7-openjdk-amd64/jre/lib/amd64/libjava.so
7ff16f0b3000-7ff16f0b4000 r--p 0002a000 08:01 3152636                    /usr/lib/jvm/java-7-openjdk-amd64/jre/lib/amd64/libjava.so
7ff16f0b4000-7ff16f0b6000 rw-p 0002b000 08:01 3152636                    /usr/lib/jvm/java-7-openjdk-amd64/jre/lib/amd64/libjava.so
7ff16f0b6000-7ff16f0c6000 r-xp 00000000 08:01 3155494                    /usr/lib/jvm/java-7-openjdk-amd64/jre/lib/amd64/libverify.so
7ff16f0c6000-7ff16f2c5000 ---p 00010000 08:01 3155494                    /usr/lib/jvm/java-7-openjdk-amd64/jre/lib/amd64/libverify.so
7ff16f2c5000-7ff16f2c7000 r--p 0000f000 08:01 3155494                    /usr/lib/jvm/java-7-openjdk-amd64/jre/lib/amd64/libverify.so
7ff16f2c7000-7ff16f2c8000 rw-p 00011000 08:01 3155494                    /usr/lib/jvm/java-7-openjdk-amd64/jre/lib/amd64/libverify.so
7ff16f2c8000-7ff16f2cf000 r-xp 00000000 08:01 2752566                    /lib/x86_64-linux-gnu/librt-2.19.so
7ff16f2cf000-7ff16f4ce000 ---p 00007000 08:01 2752566                    /lib/x86_64-linux-gnu/librt-2.19.so
7ff16f4ce000-7ff16f4cf000 r--p 00006000 08:01 2752566                    /lib/x86_64-linux-gnu/librt-2.19.so
7ff16f4cf000-7ff16f4d0000 rw-p 00007000 08:01 2752566                    /lib/x86_64-linux-gnu/librt-2.19.so
7ff16f4d0000-7ff16f4e6000 r-xp 00000000 08:01 2756650                    /lib/x86_64-linux-gnu/libgcc_s.so.1
7ff16f4e6000-7ff16f6e5000 ---p 00016000 08:01 2756650                    /lib/x86_64-linux-gnu/libgcc_s.so.1
7ff16f6e5000-7ff16f6e6000 rw-p 00015000 08:01 2756650                    /lib/x86_64-linux-gnu/libgcc_s.so.1
7ff16f6e6000-7ff16f7eb000 r-xp 00000000 08:01 2752530                    /lib/x86_64-linux-gnu/libm-2.19.so
7ff16f7eb000-7ff16f9ea000 ---p 00105000 08:01 2752530                    /lib/x86_64-linux-gnu/libm-2.19.so
7ff16f9ea000-7ff16f9eb000 r--p 00104000 08:01 2752530                    /lib/x86_64-linux-gnu/libm-2.19.so
7ff16f9eb000-7ff16f9ec000 rw-p 00105000 08:01 2752530                    /lib/x86_64-linux-gnu/libm-2.19.so
7ff16f9ec000-7ff16faf2000 r-xp 00000000 08:01 3147884                    /usr/lib/x86_64-linux-gnu/libstdc++.so.6.0.22
7ff16faf2000-7ff16fcf1000 ---p 00106000 08:01 3147884                    /usr/lib/x86_64-linux-gnu/libstdc++.so.6.0.22
7ff16fcf1000-7ff16fcf9000 r--p 00105000 08:01 3147884                    /usr/lib/x86_64-linux-gnu/libstdc++.so.6.0.22
7ff16fcf9000-7ff16fcfb000 rw-p 0010d000 08:01 3147884                    /usr/lib/x86_64-linux-gnu/libstdc++.so.6.0.22
7ff16fcfb000-7ff16fcfe000 rw-p 00000000 00:00 0 
7ff16fcfe000-7ff17082c000 r-xp 00000000 08:01 3154760                    /usr/lib/jvm/java-7-openjdk-amd64/jre/lib/amd64/server/libjvm.so
7ff17082c000-7ff170a2c000 ---p 00b2e000 08:01 3154760                    /usr/lib/jvm/java-7-openjdk-amd64/jre/lib/amd64/server/libjvm.so
7ff170a2c000-7ff170ac6000 r--p 00b2e000 08:01 3154760                    /usr/lib/jvm/java-7-openjdk-amd64/jre/lib/amd64/server/libjvm.so
7ff170ac6000-7ff170ae9000 rw-p 00bc8000 08:01 3154760                    /usr/lib/jvm/java-7-openjdk-amd64/jre/lib/amd64/server/libjvm.so
7ff170ae9000-7ff170b18000 rw-p 00000000 00:00 0 
7ff170b18000-7ff170b30000 r-xp 00000000 08:01 2756797                    /lib/x86_64-linux-gnu/libz.so.1.2.8
7ff170b30000-7ff170d2f000 ---p 00018000 08:01 2756797                    /lib/x86_64-linux-gnu/libz.so.1.2.8
7ff170d2f000-7ff170d30000 r--p 00017000 08:01 2756797                    /lib/x86_64-linux-gnu/libz.so.1.2.8
7ff170d30000-7ff170d31000 rw-p 00018000 08:01 2756797                    /lib/x86_64-linux-gnu/libz.so.1.2.8
7ff170d31000-7ff170d4a000 r-xp 00000000 08:01 2752559                    /lib/x86_64-linux-gnu/libpthread-2.19.so
7ff170d4a000-7ff170f49000 ---p 00019000 08:01 2752559                    /lib/x86_64-linux-gnu/libpthread-2.19.so
7ff170f49000-7ff170f4a000 r--p 00018000 08:01 2752559                    /lib/x86_64-linux-gnu/libpthread-2.19.so
7ff170f4a000-7ff170f4b000 rw-p 00019000 08:01 2752559                    /lib/x86_64-linux-gnu/libpthread-2.19.so
7ff170f4b000-7ff170f4f000 rw-p 00000000 00:00 0 
7ff170f4f000-7ff170f52000 r-xp 00000000 08:01 2752539                    /lib/x86_64-linux-gnu/libdl-2.19.so
7ff170f52000-7ff171151000 ---p 00003000 08:01 2752539                    /lib/x86_64-linux-gnu/libdl-2.19.so
7ff171151000-7ff171152000 r--p 00002000 08:01 2752539                    /lib/x86_64-linux-gnu/libdl-2.19.so
7ff171152000-7ff171153000 rw-p 00003000 08:01 2752539                    /lib/x86_64-linux-gnu/libdl-2.19.so
7ff171153000-7ff17130d000 r-xp 00000000 08:01 2752567                    /lib/x86_64-linux-gnu/libc-2.19.so
7ff17130d000-7ff17150d000 ---p 001ba000 08:01 2752567                    /lib/x86_64-linux-gnu/libc-2.19.so
7ff17150d000-7ff171511000 r--p 001ba000 08:01 2752567                    /lib/x86_64-linux-gnu/libc-2.19.so
7ff171511000-7ff171513000 rw-p 001be000 08:01 2752567                    /lib/x86_64-linux-gnu/libc-2.19.so
7ff171513000-7ff171518000 rw-p 00000000 00:00 0 
7ff171518000-7ff171525000 r-xp 00000000 08:01 3152640                    /usr/lib/jvm/java-7-openjdk-amd64/jre/lib/amd64/jli/libjli.so
7ff171525000-7ff171724000 ---p 0000d000 08:01 3152640                    /usr/lib/jvm/java-7-openjdk-amd64/jre/lib/amd64/jli/libjli.so
7ff171724000-7ff171725000 r--p 0000c000 08:01 3152640                    /usr/lib/jvm/java-7-openjdk-amd64/jre/lib/amd64/jli/libjli.so
7ff171725000-7ff171726000 rw-p 0000d000 08:01 3152640                    /usr/lib/jvm/java-7-openjdk-amd64/jre/lib/amd64/jli/libjli.so
7ff171726000-7ff171749000 r-xp 00000000 08:01 2752560                    /lib/x86_64-linux-gnu/ld-2.19.so
7ff171749000-7ff17174b000 r--s 00009000 08:01 1449889                    /home/audreyazura/Documents/Project/libupsystem/lib/hamcrest/hamcrest-core-1.3.jar
7ff17174b000-7ff17174e000 r--s 00013000 08:01 1449179                    /home/audreyazura/Documents/Project/libupsystem/lib/commonutils.portable1-0.jar
7ff17174e000-7ff171751000 r--s 0003d000 08:01 3152622                    /usr/lib/jvm/java-7-openjdk-amd64/jre/lib/ext/sunpkcs11.jar
7ff171751000-7ff17176f000 rw-p 00000000 00:00 0 
7ff17176f000-7ff171825000 rw-p 00000000 00:00 0 
7ff171825000-7ff171828000 ---p 00000000 00:00 0 
7ff171828000-7ff17192b000 rw-p 00000000 00:00 0                          [stack:9587]
7ff17192b000-7ff17192c000 r--s 00004000 08:01 1444752                    /home/audreyazura/Documents/Project/Tools/netbeans-8.1/extide/ant/lib/ant-launcher.jar
7ff17192c000-7ff171930000 r--s 00085000 08:01 3152619                    /usr/lib/jvm/java-7-openjdk-amd64/jre/lib/ext/localedata.jar
7ff171930000-7ff171931000 r--s 00002000 08:01 3152621                    /usr/lib/jvm/java-7-openjdk-amd64/jre/lib/ext/dnsns.jar
7ff171931000-7ff171933000 r--s 00006000 08:01 3283851                    /usr/share/java/java-atk-wrapper.jar
7ff171933000-7ff171935000 r--s 00012000 08:01 3152620                    /usr/lib/jvm/java-7-openjdk-amd64/jre/lib/ext/zipfs.jar
7ff171935000-7ff171938000 r--s 0000f000 08:01 3152623                    /usr/lib/jvm/java-7-openjdk-amd64/jre/lib/ext/icedtea-sound.jar
7ff171938000-7ff17193c000 r--s 00034000 08:01 3152618                    /usr/lib/jvm/java-7-openjdk-amd64/jre/lib/ext/sunjce_provider.jar
7ff17193c000-7ff171944000 rw-s 00000000 08:01 1835123                    /tmp/hsperfdata_audreyazura/9584
7ff171944000-7ff171945000 rw-p 00000000 00:00 0 
7ff171945000-7ff171946000 ---p 00000000 00:00 0 
7ff171946000-7ff171948000 rw-p 00000000 00:00 0 
7ff171948000-7ff171949000 r--p 00022000 08:01 2752560                    /lib/x86_64-linux-gnu/ld-2.19.so
7ff171949000-7ff17194a000 rw-p 00023000 08:01 2752560                    /lib/x86_64-linux-gnu/ld-2.19.so
7ff17194a000-7ff17194b000 rw-p 00000000 00:00 0 
7ffd456f8000-7ffd45719000 rw-p 00000000 00:00 0                          [stack]
7ffd45778000-7ffd4577a000 r-xp 00000000 00:00 0                          [vdso]
7ffd4577a000-7ffd4577c000 r--p 00000000 00:00 0                          [vvar]
ffffffffff600000-ffffffffff601000 r-xp 00000000 00:00 0                  [vsyscall]

VM Arguments:
jvm_args: -ea 
java_command: org.apache.tools.ant.taskdefs.optional.junit.JUnitTestRunner org.duckdns.spacedock.upengine.libupsystem.PersoStatDegatsLegersTest skipNonTests=false filtertrace=true haltOnError=false haltOnFailure=false showoutput=true outputtoformatters=true logfailedtests=true threadid=0 logtestlistenerevents=true formatter=org.apache.tools.ant.taskdefs.optional.junit.BriefJUnitResultFormatter formatter=org.apache.tools.ant.taskdefs.optional.junit.XMLJUnitResultFormatter,/home/audreyazura/Documents/Project/libupsystem/build/test/results/TEST-org.duckdns.spacedock.upengine.libupsystem.PersoStatDegatsLegersTest.xml crashfile=/home/audreyazura/Documents/Project/libupsystem/build/junitvmwatcher5599255629511348144.properties propsfile=/home/audreyazura/Documents/Project/libupsystem/build/junit6924416129941732.properties
Launcher Type: SUN_STANDARD

Environment Variables:
JAVA_HOME=/usr/lib/jvm/java-7-openjdk-amd64
PATH=/usr/local/sbin:/usr/local/bin:/usr/sbin:/usr/bin:/sbin:/bin:/usr/games:/usr/local/games:/usr/lib/jvm/java-7-openjdk-amd64/bin:/home/audreyazura/Documents/Project/Tools/netbeans-8.1/extide/ant/bin
LD_LIBRARY_PATH=/usr/lib/jvm/java-7-openjdk-amd64/jre/lib/amd64:/usr/lib/jvm/java-7-openjdk-amd64/jre/lib/i386:
SHELL=/bin/bash
DISPLAY=:0

Signal Handlers:
SIGSEGV: [libjvm.so+0x95e460], sa_mask[0]=0x7ffbfeff, sa_flags=0x10000004
SIGBUS: [libjvm.so+0x95e460], sa_mask[0]=0x7ffbfeff, sa_flags=0x10000004
SIGFPE: [libjvm.so+0x7d2030], sa_mask[0]=0x7ffbfeff, sa_flags=0x10000004
SIGPIPE: [libjvm.so+0x7d2030], sa_mask[0]=0x7ffbfeff, sa_flags=0x10000004
SIGXFSZ: [libjvm.so+0x7d2030], sa_mask[0]=0x7ffbfeff, sa_flags=0x10000004
SIGILL: [libjvm.so+0x7d2030], sa_mask[0]=0x7ffbfeff, sa_flags=0x10000004
SIGUSR1: SIG_DFL, sa_mask[0]=0x00000000, sa_flags=0x00000000
SIGUSR2: [libjvm.so+0x7d2160], sa_mask[0]=0x00000004, sa_flags=0x10000004
SIGHUP: [libjvm.so+0x7d20b0], sa_mask[0]=0x7ffbfeff, sa_flags=0x10000004
SIGINT: SIG_IGN, sa_mask[0]=0x00000000, sa_flags=0x00000000
SIGTERM: [libjvm.so+0x7d20b0], sa_mask[0]=0x7ffbfeff, sa_flags=0x10000004
SIGQUIT: [libjvm.so+0x7d20b0], sa_mask[0]=0x7ffbfeff, sa_flags=0x10000004
SIGTRAP: SIG_DFL, sa_mask[0]=0x00000000, sa_flags=0x00000000


---------------  S Y S T E M  ---------------

OS:Peppermint 6 (trusty)
uname:Linux 3.16.0-77-generic #99~14.04.1-Ubuntu SMP Tue Jun 28 19:17:10 UTC 2016 x86_64
libc:glibc 2.19 NPTL 2.19 
rlimit: STACK 8192k, CORE 0k, NPROC 13224, NOFILE 4096, AS infinity
load average:1,35 0,77 0,74

/proc/meminfo:
MemTotal:        3407836 kB
MemFree:          134876 kB
MemAvailable:      81492 kB
Buffers:             676 kB
Cached:            68100 kB
SwapCached:            0 kB
Active:          3011768 kB
Inactive:          57184 kB
Active(anon):    3003096 kB
Inactive(anon):    48920 kB
Active(file):       8672 kB
Inactive(file):     8264 kB
Unevictable:          64 kB
Mlocked:              64 kB
SwapTotal:             0 kB
SwapFree:              0 kB
Dirty:               212 kB
Writeback:             0 kB
AnonPages:       3000220 kB
Mapped:            65852 kB
Shmem:             51828 kB
Slab:              77464 kB
SReclaimable:      45220 kB
SUnreclaim:        32244 kB
KernelStack:       10208 kB
PageTables:        31928 kB
NFS_Unstable:          0 kB
Bounce:                0 kB
WritebackTmp:          0 kB
CommitLimit:     1703916 kB
Committed_AS:    5706468 kB
VmallocTotal:   34359738367 kB
VmallocUsed:      291412 kB
VmallocChunk:   34359367224 kB
HardwareCorrupted:     0 kB
AnonHugePages:   1927168 kB
HugePages_Total:       0
HugePages_Free:        0
HugePages_Rsvd:        0
HugePages_Surp:        0
Hugepagesize:       2048 kB
DirectMap4k:      138324 kB
DirectMap2M:     3473408 kB
DirectMap1G:           0 kB


CPU:total 4 (4 cores per cpu, 1 threads per core) family 22 model 0 stepping 1, cmov, cx8, fxsr, mmx, sse, sse2, sse3, ssse3, sse4.1, sse4.2, popcnt, avx, aes, mmxext, 3dnowpref, lzcnt, sse4a, tsc, tscinvbit, tscinv

/proc/cpuinfo:
processor	: 0
vendor_id	: AuthenticAMD
cpu family	: 22
model		: 0
model name	: Quad-Core Processor (up to 1.4GHz)
stepping	: 1
microcode	: 0x7000106
cpu MHz		: 900.000
cache size	: 2048 KB
physical id	: 0
siblings	: 4
core id		: 0
cpu cores	: 4
apicid		: 0
initial apicid	: 0
fpu		: yes
fpu_exception	: yes
cpuid level	: 13
wp		: yes
flags		: fpu vme de pse tsc msr pae mce cx8 apic sep mtrr pge mca cmov pat pse36 clflush mmx fxsr sse sse2 ht syscall nx mmxext fxsr_opt pdpe1gb rdtscp lm constant_tsc rep_good nopl nonstop_tsc extd_apicid aperfmperf eagerfpu pni pclmulqdq monitor ssse3 cx16 sse4_1 sse4_2 movbe popcnt aes xsave avx f16c lahf_lm cmp_legacy svm extapic cr8_legacy abm sse4a misalignsse 3dnowprefetch osvw ibs skinit wdt topoext perfctr_nb perfctr_l2 arat cpb xsaveopt hw_pstate proc_feedback npt lbrv svm_lock nrip_save tsc_scale flushbyasid decodeassists pausefilter pfthreshold vmmcall bmi1
bogomips	: 1996.25
TLB size	: 1024 4K pages
clflush size	: 64
cache_alignment	: 64
address sizes	: 40 bits physical, 48 bits virtual
power management: ts ttp tm 100mhzsteps hwpstate cpb [11]

processor	: 1
vendor_id	: AuthenticAMD
cpu family	: 22
model		: 0
model name	: Quad-Core Processor (up to 1.4GHz)             
stepping	: 1
microcode	: 0x7000106
cpu MHz		: 600.000
cache size	: 2048 KB
physical id	: 0
siblings	: 4
core id		: 1
cpu cores	: 4
apicid		: 1
initial apicid	: 1
fpu		: yes
fpu_exception	: yes
cpuid level	: 13
wp		: yes
flags		: fpu vme de pse tsc msr pae mce cx8 apic sep mtrr pge mca cmov pat pse36 clflush mmx fxsr sse sse2 ht syscall nx mmxext fxsr_opt pdpe1gb rdtscp lm constant_tsc rep_good nopl nonstop_tsc extd_apicid aperfmperf eagerfpu pni pclmulqdq monitor ssse3 cx16 sse4_1 sse4_2 movbe popcnt aes xsave avx f16c lahf_lm cmp_legacy svm extapic cr8_legacy abm sse4a misalignsse 3dnowprefetch osvw ibs skinit wdt topoext perfctr_nb perfctr_l2 arat cpb xsaveopt hw_pstate proc_feedback npt lbrv svm_lock nrip_save tsc_scale flushbyasid decodeassists pausefilter pfthreshold vmmcall bmi1
bogomips	: 1996.25
TLB size	: 1024 4K pages
clflush size	: 64
cache_alignment	: 64
address sizes	: 40 bits physical, 48 bits virtual
power management: ts ttp tm 100mhzsteps hwpstate cpb [11]

processor	: 2
vendor_id	: AuthenticAMD
cpu family	: 22
model		: 0
model name	: Quad-Core Processor (up to 1.4GHz)             
stepping	: 1
microcode	: 0x7000106
cpu MHz		: 900.000
cache size	: 2048 KB
physical id	: 0
siblings	: 4
core id		: 2
cpu cores	: 4
apicid		: 2
initial apicid	: 2
fpu		: yes
fpu_exception	: yes
cpuid level	: 13
wp		: yes
flags		: fpu vme de pse tsc msr pae mce cx8 apic sep mtrr pge mca cmov pat pse36 clflush mmx fxsr sse sse2 ht syscall nx mmxext fxsr_opt pdpe1gb rdtscp lm constant_tsc rep_good nopl nonstop_tsc extd_apicid aperfmperf eagerfpu pni pclmulqdq monitor ssse3 cx16 sse4_1 sse4_2 movbe popcnt aes xsave avx f16c lahf_lm cmp_legacy svm extapic cr8_legacy abm sse4a misalignsse 3dnowprefetch osvw ibs skinit wdt topoext perfctr_nb perfctr_l2 arat cpb xsaveopt hw_pstate proc_feedback npt lbrv svm_lock nrip_save tsc_scale flushbyasid decodeassists pausefilter pfthreshold vmmcall bmi1
bogomips	: 1996.25
TLB size	: 1024 4K pages
clflush size	: 64
cache_alignment	: 64
address sizes	: 40 bits physical, 48 bits virtual
power management: ts ttp tm 100mhzsteps hwpstate cpb [11]

processor	: 3
vendor_id	: AuthenticAMD
cpu family	: 22
model		: 0
model name	: Quad-Core Processor (up to 1.4GHz)             
stepping	: 1
microcode	: 0x7000106
cpu MHz		: 600.000
cache size	: 2048 KB
physical id	: 0
siblings	: 4
core id		: 3
cpu cores	: 4
apicid		: 3
initial apicid	: 3
fpu		: yes
fpu_exception	: yes
cpuid level	: 13
wp		: yes
flags		: fpu vme de pse tsc msr pae mce cx8 apic sep mtrr pge mca cmov pat pse36 clflush mmx fxsr sse sse2 ht syscall nx mmxext fxsr_opt pdpe1gb rdtscp lm constant_tsc rep_good nopl nonstop_tsc extd_apicid aperfmperf eagerfpu pni pclmulqdq monitor ssse3 cx16 sse4_1 sse4_2 movbe popcnt aes xsave avx f16c lahf_lm cmp_legacy svm extapic cr8_legacy abm sse4a misalignsse 3dnowprefetch osvw ibs skinit wdt topoext perfctr_nb perfctr_l2 arat cpb xsaveopt hw_pstate proc_feedback npt lbrv svm_lock nrip_save tsc_scale flushbyasid decodeassists pausefilter pfthreshold vmmcall bmi1
bogomips	: 1996.25
TLB size	: 1024 4K pages
clflush size	: 64
cache_alignment	: 64
address sizes	: 40 bits physical, 48 bits virtual
power management: ts ttp tm 100mhzsteps hwpstate cpb [11]



Memory: 4k page, physical 3407836k(134976k free), swap 0k(0k free)

vm_info: OpenJDK 64-Bit Server VM (24.121-b00) for linux-amd64 JRE (1.7.0_121-b00), built on Feb  7 2017 18:45:58 by "buildd" with gcc 4.8.4

time: Sat Mar 11 21:29:13 2017
elapsed time: 4 seconds

