#
# There is insufficient memory for the Java Runtime Environment to continue.
# Native memory allocation (malloc) failed to allocate 59244544 bytes for committing reserved memory.
# Possible reasons:
#   The system is out of physical RAM or swap space
#   In 32 bit mode, the process size limit was hit
# Possible solutions:
#   Reduce memory load on the system
#   Increase physical memory or swap space
#   Check if swap backing store is full
#   Use 64 bit Java on a 64 bit OS
#   Decrease Java heap size (-Xmx/-Xms)
#   Decrease number of Java threads
#   Decrease Java thread stack sizes (-Xss)
#   Set larger code cache with -XX:ReservedCodeCacheSize=
# This output file may be truncated or incomplete.
#
#  Out of Memory Error (os_linux.cpp:2827), pid=9954, tid=140205915883264
#
# JRE version: OpenJDK Runtime Environment (7.0_121) (build 1.7.0_121-b00)
# Java VM: OpenJDK 64-Bit Server VM (24.121-b00 mixed mode linux-amd64 compressed oops)
# Derivative: IcedTea 2.6.8
# Distribution: Ubuntu 14.04 LTS, package 7u121-2.6.8-1ubuntu0.14.04.3
# Failed to write core dump. Core dumps have been disabled. To enable core dumping, try "ulimit -c unlimited" before starting Java again
#

---------------  T H R E A D  ---------------

Current thread (0x00007f8444076000):  VMThread [stack: 0x00007f843bbfc000,0x00007f843bcfd000] [id=9962]

Stack: [0x00007f843bbfc000,0x00007f843bcfd000],  sp=0x00007f843bcfb490,  free space=1021k
Native frames: (J=compiled Java code, j=interpreted, Vv=VM code, C=native code)
V  [libjvm.so+0x95d975]
V  [libjvm.so+0x497ad4]
V  [libjvm.so+0x7d6a6b]
V  [libjvm.so+0x7d142f]
V  [libjvm.so+0x84672b]
V  [libjvm.so+0x8475a0]
V  [libjvm.so+0x847c8b]
V  [libjvm.so+0x843678]
V  [libjvm.so+0x843ee8]
V  [libjvm.so+0x7f9583]
V  [libjvm.so+0x95f384]
V  [libjvm.so+0x963487]
V  [libjvm.so+0x961f48]
V  [libjvm.so+0x9623a9]
V  [libjvm.so+0x9627f2]
V  [libjvm.so+0x7d3862]

VM_Operation (0x00007f844dd64880): ParallelGCFailedAllocation, mode: safepoint, requested by thread 0x00007f844400a800


---------------  P R O C E S S  ---------------

Java Threads: ( => current thread )
  0x00007f84440af800 JavaThread "Service Thread" daemon [_thread_blocked, id=9968, stack(0x00007f843ad1a000,0x00007f843ae1b000)]
  0x00007f84440ad000 JavaThread "C2 CompilerThread1" daemon [_thread_blocked, id=9967, stack(0x00007f843ae1b000,0x00007f843af1c000)]
  0x00007f84440aa000 JavaThread "C2 CompilerThread0" daemon [_thread_blocked, id=9966, stack(0x00007f843af1c000,0x00007f843b01d000)]
  0x00007f84440a8000 JavaThread "Signal Dispatcher" daemon [_thread_blocked, id=9965, stack(0x00007f843b01d000,0x00007f843b11e000)]
  0x00007f844407c800 JavaThread "Finalizer" daemon [_thread_blocked, id=9964, stack(0x00007f843b9fa000,0x00007f843bafb000)]
  0x00007f844407a800 JavaThread "Reference Handler" daemon [_thread_blocked, id=9963, stack(0x00007f843bafb000,0x00007f843bbfc000)]
  0x00007f844400a800 JavaThread "main" [_thread_blocked, id=9957, stack(0x00007f844dc66000,0x00007f844dd67000)]

Other Threads:
=>0x00007f8444076000 VMThread [stack: 0x00007f843bbfc000,0x00007f843bcfd000] [id=9962]
  0x00007f84440ba800 WatcherThread [stack: 0x00007f843ac19000,0x00007f843ad1a000] [id=9969]

VM state:at safepoint (normal execution)

VM Mutex/Monitor currently owned by a thread:  ([mutex/lock_event])
[0x00007f8444006f80] Threads_lock - owner thread: 0x00007f8444076000
[0x00007f8444007480] Heap_lock - owner thread: 0x00007f844400a800

Heap
 PSYoungGen      total 223744K, used 128K [0x00000000eea80000, 0x00000000fc780000, 0x0000000100000000)
  eden space 221184K, 0% used [0x00000000eea80000,0x00000000eea80000,0x00000000fc280000)
  from space 2560K, 5% used [0x00000000fc280000,0x00000000fc2a0000,0x00000000fc500000)
  to   space 2560K, 0% used [0x00000000fc500000,0x00000000fc500000,0x00000000fc780000)
 ParOldGen       total 35328K, used 1374K [0x00000000cc000000, 0x00000000ce280000, 0x00000000eea80000)
  object space 35328K, 3% used [0x00000000cc000000,0x00000000cc157b70,0x00000000ce280000)
 PSPermGen       total 21504K, used 7292K [0x00000000c1a00000, 0x00000000c2f00000, 0x00000000cc000000)
  object space 21504K, 33% used [0x00000000c1a00000,0x00000000c211f358,0x00000000c2f00000)

Card table byte_map: [0x00007f844a692000,0x00007f844a886000] byte_map_base: 0x00007f844a085000

Polling page: 0x00007f844dd86000

Code Cache  [0x00007f8441000000, 0x00007f8441270000, 0x00007f8444000000)
 total_blobs=416 nmethods=148 adapters=223 free_code_cache=48474Kb largest_free_block=49611968

Compilation events (10 events):
Event: 3,951 Thread 0x00007f84440aa000 nmethod 142 0x00007f8441084a10 code [0x00007f8441084ba0, 0x00007f8441084dc8]
Event: 3,951 Thread 0x00007f84440aa000  145             org.duckdns.spacedock.upengine.libupsystem.RollUtils$RollResult::<init> (20 bytes)
Event: 3,952 Thread 0x00007f84440aa000 nmethod 145 0x00007f8441084810 code [0x00007f8441084940, 0x00007f8441084998]
Event: 3,952 Thread 0x00007f84440aa000  146             org.duckdns.spacedock.upengine.libupsystem.RollUtils$RollResult::getScoreBrut (5 bytes)
Event: 3,952 Thread 0x00007f84440ad000 nmethod 144 0x00007f84410a9d90 code [0x00007f84410a9f00, 0x00007f84410a9ff8]
Event: 3,952 Thread 0x00007f84440ad000  147             org.duckdns.spacedock.upengine.libupsystem.Perso::getBlessuresGraves (8 bytes)
Event: 3,952 Thread 0x00007f84440aa000 nmethod 146 0x00007f84410a21d0 code [0x00007f84410a2300, 0x00007f84410a2358]
Event: 3,952 Thread 0x00007f84440aa000  148             org.duckdns.spacedock.upengine.libupsystem.CoupleJauge::getRemplissage_interne (5 bytes)
Event: 3,953 Thread 0x00007f84440aa000 nmethod 148 0x00007f84410a9b50 code [0x00007f84410a9c80, 0x00007f84410a9cd8]
Event: 3,953 Thread 0x00007f84440ad000 nmethod 147 0x00007f8441083e50 code [0x00007f8441083f80, 0x00007f8441083ff8]

GC Heap History (10 events):
Event: 2,512 GC heap after
Heap after GC invocations=4 (full 0):
 PSYoungGen      total 57344K, used 1360K [0x00000000eea80000, 0x00000000f2480000, 0x0000000100000000)
  eden space 55296K, 0% used [0x00000000eea80000,0x00000000eea80000,0x00000000f2080000)
  from space 2048K, 66% used [0x00000000f2280000,0x00000000f23d4040,0x00000000f2480000)
  to   space 2048K, 0% used [0x00000000f2080000,0x00000000f2080000,0x00000000f2280000)
 ParOldGen       total 35328K, used 81K [0x00000000cc000000, 0x00000000ce280000, 0x00000000eea80000)
  object space 35328K, 0% used [0x00000000cc000000,0x00000000cc0144c0,0x00000000ce280000)
 PSPermGen       total 21504K, used 7272K [0x00000000c1a00000, 0x00000000c2f00000, 0x00000000cc000000)
  object space 21504K, 33% used [0x00000000c1a00000,0x00000000c211a398,0x00000000c2f00000)
}
Event: 2,747 GC heap before
{Heap before GC invocations=5 (full 0):
 PSYoungGen      total 57344K, used 56656K [0x00000000eea80000, 0x00000000f2480000, 0x0000000100000000)
  eden space 55296K, 100% used [0x00000000eea80000,0x00000000f2080000,0x00000000f2080000)
  from space 2048K, 66% used [0x00000000f2280000,0x00000000f23d4040,0x00000000f2480000)
  to   space 2048K, 0% used [0x00000000f2080000,0x00000000f2080000,0x00000000f2280000)
 ParOldGen       total 35328K, used 81K [0x00000000cc000000, 0x00000000ce280000, 0x00000000eea80000)
  object space 35328K, 0% used [0x00000000cc000000,0x00000000cc0144c0,0x00000000ce280000)
 PSPermGen       total 21504K, used 7277K [0x00000000c1a00000, 0x00000000c2f00000, 0x00000000cc000000)
  object space 21504K, 33% used [0x00000000c1a00000,0x00000000c211b418,0x00000000c2f00000)
Event: 2,753 GC heap after
Heap after GC invocations=5 (full 0):
 PSYoungGen      total 57344K, used 1328K [0x00000000eea80000, 0x00000000f5b80000, 0x0000000100000000)
  eden space 55296K, 0% used [0x00000000eea80000,0x00000000eea80000,0x00000000f2080000)
  from space 2048K, 64% used [0x00000000f2080000,0x00000000f21cc020,0x00000000f2280000)
  to   space 2560K, 0% used [0x00000000f5900000,0x00000000f5900000,0x00000000f5b80000)
 ParOldGen       total 35328K, used 89K [0x00000000cc000000, 0x00000000ce280000, 0x00000000eea80000)
  object space 35328K, 0% used [0x00000000cc000000,0x00000000cc0164c0,0x00000000ce280000)
 PSPermGen       total 21504K, used 7277K [0x00000000c1a00000, 0x00000000c2f00000, 0x00000000cc000000)
  object space 21504K, 33% used [0x00000000c1a00000,0x00000000c211b418,0x00000000c2f00000)
}
Event: 2,919 GC heap before
{Heap before GC invocations=6 (full 0):
 PSYoungGen      total 57344K, used 56624K [0x00000000eea80000, 0x00000000f5b80000, 0x0000000100000000)
  eden space 55296K, 100% used [0x00000000eea80000,0x00000000f2080000,0x00000000f2080000)
  from space 2048K, 64% used [0x00000000f2080000,0x00000000f21cc020,0x00000000f2280000)
  to   space 2560K, 0% used [0x00000000f5900000,0x00000000f5900000,0x00000000f5b80000)
 ParOldGen       total 35328K, used 89K [0x00000000cc000000, 0x00000000ce280000, 0x00000000eea80000)
  object space 35328K, 0% used [0x00000000cc000000,0x00000000cc0164c0,0x00000000ce280000)
 PSPermGen       total 21504K, used 7292K [0x00000000c1a00000, 0x00000000c2f00000, 0x00000000cc000000)
  object space 21504K, 33% used [0x00000000c1a00000,0x00000000c211f040,0x00000000c2f00000)
Event: 2,931 GC heap after
Heap after GC invocations=6 (full 0):
 PSYoungGen      total 112128K, used 1328K [0x00000000eea80000, 0x00000000f5a80000, 0x0000000100000000)
  eden space 110592K, 0% used [0x00000000eea80000,0x00000000eea80000,0x00000000f5680000)
  from space 1536K, 86% used [0x00000000f5900000,0x00000000f5a4c040,0x00000000f5a80000)
  to   space 2048K, 0% used [0x00000000f5680000,0x00000000f5680000,0x00000000f5880000)
 ParOldGen       total 35328K, used 89K [0x00000000cc000000, 0x00000000ce280000, 0x00000000eea80000)
  object space 35328K, 0% used [0x00000000cc000000,0x00000000cc0164c0,0x00000000ce280000)
 PSPermGen       total 21504K, used 7292K [0x00000000c1a00000, 0x00000000c2f00000, 0x00000000cc000000)
  object space 21504K, 33% used [0x00000000c1a00000,0x00000000c211f040,0x00000000c2f00000)
}
Event: 3,376 GC heap before
{Heap before GC invocations=7 (full 0):
 PSYoungGen      total 112128K, used 111920K [0x00000000eea80000, 0x00000000f5a80000, 0x0000000100000000)
  eden space 110592K, 100% used [0x00000000eea80000,0x00000000f5680000,0x00000000f5680000)
  from space 1536K, 86% used [0x00000000f5900000,0x00000000f5a4c040,0x00000000f5a80000)
  to   space 2048K, 0% used [0x00000000f5680000,0x00000000f5680000,0x00000000f5880000)
 ParOldGen       total 35328K, used 89K [0x00000000cc000000, 0x00000000ce280000, 0x00000000eea80000)
  object space 35328K, 0% used [0x00000000cc000000,0x00000000cc0164c0,0x00000000ce280000)
 PSPermGen       total 21504K, used 7292K [0x00000000c1a00000, 0x00000000c2f00000, 0x00000000cc000000)
  object space 21504K, 33% used [0x00000000c1a00000,0x00000000c211f040,0x00000000c2f00000)
Event: 3,382 GC heap after
Heap after GC invocations=7 (full 0):
 PSYoungGen      total 112640K, used 128K [0x00000000eea80000, 0x00000000fc780000, 0x0000000100000000)
  eden space 110592K, 0% used [0x00000000eea80000,0x00000000eea80000,0x00000000f5680000)
  from space 2048K, 6% used [0x00000000f5680000,0x00000000f56a0000,0x00000000f5880000)
  to   space 2560K, 0% used [0x00000000fc500000,0x00000000fc500000,0x00000000fc780000)
 ParOldGen       total 35328K, used 1350K [0x00000000cc000000, 0x00000000ce280000, 0x00000000eea80000)
  object space 35328K, 3% used [0x00000000cc000000,0x00000000cc151b70,0x00000000ce280000)
 PSPermGen       total 21504K, used 7292K [0x00000000c1a00000, 0x00000000c2f00000, 0x00000000cc000000)
  object space 21504K, 33% used [0x00000000c1a00000,0x00000000c211f040,0x00000000c2f00000)
}
Event: 3,639 GC heap before
{Heap before GC invocations=8 (full 0):
 PSYoungGen      total 112640K, used 110720K [0x00000000eea80000, 0x00000000fc780000, 0x0000000100000000)
  eden space 110592K, 100% used [0x00000000eea80000,0x00000000f5680000,0x00000000f5680000)
  from space 2048K, 6% used [0x00000000f5680000,0x00000000f56a0000,0x00000000f5880000)
  to   space 2560K, 0% used [0x00000000fc500000,0x00000000fc500000,0x00000000fc780000)
 ParOldGen       total 35328K, used 1350K [0x00000000cc000000, 0x00000000ce280000, 0x00000000eea80000)
  object space 35328K, 3% used [0x00000000cc000000,0x00000000cc151b70,0x00000000ce280000)
 PSPermGen       total 21504K, used 7292K [0x00000000c1a00000, 0x00000000c2f00000, 0x00000000cc000000)
  object space 21504K, 33% used [0x00000000c1a00000,0x00000000c211f040,0x00000000c2f00000)
Event: 3,643 GC heap after
Heap after GC invocations=8 (full 0):
 PSYoungGen      total 223744K, used 128K [0x00000000eea80000, 0x00000000fc780000, 0x0000000100000000)
  eden space 221184K, 0% used [0x00000000eea80000,0x00000000eea80000,0x00000000fc280000)
  from space 2560K, 5% used [0x00000000fc500000,0x00000000fc520000,0x00000000fc780000)
  to   space 2560K, 0% used [0x00000000fc280000,0x00000000fc280000,0x00000000fc500000)
 ParOldGen       total 35328K, used 1366K [0x00000000cc000000, 0x00000000ce280000, 0x00000000eea80000)
  object space 35328K, 3% used [0x00000000cc000000,0x00000000cc155b70,0x00000000ce280000)
 PSPermGen       total 21504K, used 7292K [0x00000000c1a00000, 0x00000000c2f00000, 0x00000000cc000000)
  object space 21504K, 33% used [0x00000000c1a00000,0x00000000c211f040,0x00000000c2f00000)
}
Event: 4,346 GC heap before
{Heap before GC invocations=9 (full 0):
 PSYoungGen      total 223744K, used 221312K [0x00000000eea80000, 0x00000000fc780000, 0x0000000100000000)
  eden space 221184K, 100% used [0x00000000eea80000,0x00000000fc280000,0x00000000fc280000)
  from space 2560K, 5% used [0x00000000fc500000,0x00000000fc520000,0x00000000fc780000)
  to   space 2560K, 0% used [0x00000000fc280000,0x00000000fc280000,0x00000000fc500000)
 ParOldGen       total 35328K, used 1366K [0x00000000cc000000, 0x00000000ce280000, 0x00000000eea80000)
  object space 35328K, 3% used [0x00000000cc000000,0x00000000cc155b70,0x00000000ce280000)
 PSPermGen       total 21504K, used 7292K [0x00000000c1a00000, 0x00000000c2f00000, 0x00000000cc000000)
  object space 21504K, 33% used [0x00000000c1a00000,0x00000000c211f358,0x00000000c2f00000)

Deoptimization events (6 events):
Event: 0,377 Thread 0x00007f844400a800 Uncommon trap: reason=unstable_if action=reinterpret pc=0x00007f8441060574 method=java.lang.String.indexOf(II)I @ 49
Event: 0,535 Thread 0x00007f844400a800 Uncommon trap: reason=class_check action=maybe_recompile pc=0x00007f8441063040 method=java.util.Properties$LineReader.readLine()I @ 62
Event: 0,537 Thread 0x00007f844400a800 Uncommon trap: reason=unstable_if action=reinterpret pc=0x00007f8441062f08 method=java.util.Properties$LineReader.readLine()I @ 263
Event: 0,615 Thread 0x00007f844400a800 Uncommon trap: reason=unstable_if action=reinterpret pc=0x00007f8441064cb0 method=java.lang.String.indexOf([CII[CIII)I @ 123
Event: 1,082 Thread 0x00007f844400a800 Uncommon trap: reason=unstable_if action=reinterpret pc=0x00007f8441067ac4 method=java.util.Properties$LineReader.readLine()I @ 369
Event: 1,306 Thread 0x00007f844400a800 Uncommon trap: reason=unstable_if action=reinterpret pc=0x00007f844106b46c method=sun.net.www.ParseUtil.encodePath(Ljava/lang/String;Z)Ljava/lang/String; @ 109

Internal exceptions (10 events):
Event: 1,435 Thread 0x00007f844400a800 Threw 0x00000000ef12aae8 at /build/openjdk-7-fqDl7t/openjdk-7-7u121-2.6.8/build/openjdk/hotspot/src/share/vm/prims/jvm.cpp:1322
Event: 1,439 Thread 0x00007f844400a800 Threw 0x00000000ef12e618 at /build/openjdk-7-fqDl7t/openjdk-7-7u121-2.6.8/build/openjdk/hotspot/src/share/vm/prims/jvm.cpp:1322
Event: 1,528 Thread 0x00007f844400a800 Threw 0x00000000ef15aa78 at /build/openjdk-7-fqDl7t/openjdk-7-7u121-2.6.8/build/openjdk/hotspot/src/share/vm/prims/jvm.cpp:1322
Event: 1,533 Thread 0x00007f844400a800 Threw 0x00000000ef15f8e8 at /build/openjdk-7-fqDl7t/openjdk-7-7u121-2.6.8/build/openjdk/hotspot/src/share/vm/prims/jvm.cpp:1322
Event: 1,535 Thread 0x00007f844400a800 Threw 0x00000000ef1637a0 at /build/openjdk-7-fqDl7t/openjdk-7-7u121-2.6.8/build/openjdk/hotspot/src/share/vm/prims/jvm.cpp:1322
Event: 1,537 Thread 0x00007f844400a800 Threw 0x00000000ef168428 at /build/openjdk-7-fqDl7t/openjdk-7-7u121-2.6.8/build/openjdk/hotspot/src/share/vm/prims/jvm.cpp:1322
Event: 1,548 Thread 0x00007f844400a800 Threw 0x00000000ef187ef0 at /build/openjdk-7-fqDl7t/openjdk-7-7u121-2.6.8/build/openjdk/hotspot/src/share/vm/prims/jvm.cpp:1322
Event: 1,554 Thread 0x00007f844400a800 Threw 0x00000000ef19b790 at /build/openjdk-7-fqDl7t/openjdk-7-7u121-2.6.8/build/openjdk/hotspot/src/share/vm/prims/jvm.cpp:1322
Event: 1,556 Thread 0x00007f844400a800 Threw 0x00000000ef19ec78 at /build/openjdk-7-fqDl7t/openjdk-7-7u121-2.6.8/build/openjdk/hotspot/src/share/vm/prims/jvm.cpp:1322
Event: 1,561 Thread 0x00007f844400a800 Threw 0x00000000ef1a28e0 at /build/openjdk-7-fqDl7t/openjdk-7-7u121-2.6.8/build/openjdk/hotspot/src/share/vm/prims/jvm.cpp:1322

Events (10 events):
Event: 2,931 Executing VM operation: ParallelGCFailedAllocation done
Event: 3,376 Executing VM operation: ParallelGCFailedAllocation
Event: 3,383 Executing VM operation: ParallelGCFailedAllocation done
Event: 3,639 Executing VM operation: ParallelGCFailedAllocation
Event: 3,643 Executing VM operation: ParallelGCFailedAllocation done
Event: 3,830 loading class 0x00007f8440fb4320
Event: 3,830 loading class 0x00007f8440fb4320 done
Event: 4,312 Executing VM operation: EnableBiasedLocking
Event: 4,327 Executing VM operation: EnableBiasedLocking done
Event: 4,343 Executing VM operation: ParallelGCFailedAllocation


Dynamic libraries:
00400000-00401000 r-xp 00000000 08:01 3155548                            /usr/lib/jvm/java-7-openjdk-amd64/jre/bin/java
00600000-00601000 r--p 00000000 08:01 3155548                            /usr/lib/jvm/java-7-openjdk-amd64/jre/bin/java
00601000-00602000 rw-p 00001000 08:01 3155548                            /usr/lib/jvm/java-7-openjdk-amd64/jre/bin/java
01978000-01999000 rw-p 00000000 00:00 0                                  [heap]
c1a00000-c2f00000 rw-p 00000000 00:00 0 
c2f00000-cc000000 rw-p 00000000 00:00 0 
cc000000-ce280000 rw-p 00000000 00:00 0 
ce280000-eea80000 rw-p 00000000 00:00 0 
eea80000-fc780000 rw-p 00000000 00:00 0 
7f8404000000-7f8404021000 rw-p 00000000 00:00 0 
7f8404021000-7f8408000000 ---p 00000000 00:00 0 
7f840c000000-7f840c2f2000 rw-p 00000000 00:00 0 
7f840c2f2000-7f8410000000 ---p 00000000 00:00 0 
7f8410000000-7f8410021000 rw-p 00000000 00:00 0 
7f8410021000-7f8414000000 ---p 00000000 00:00 0 
7f8414000000-7f8414021000 rw-p 00000000 00:00 0 
7f8414021000-7f8418000000 ---p 00000000 00:00 0 
7f8418000000-7f8418599000 rw-p 00000000 00:00 0 
7f8418599000-7f841c000000 ---p 00000000 00:00 0 
7f841c000000-7f841c021000 rw-p 00000000 00:00 0 
7f841c021000-7f8420000000 ---p 00000000 00:00 0 
7f8420000000-7f8420021000 rw-p 00000000 00:00 0 
7f8420021000-7f8424000000 ---p 00000000 00:00 0 
7f8424000000-7f8424021000 rw-p 00000000 00:00 0 
7f8424021000-7f8428000000 ---p 00000000 00:00 0 
7f8428000000-7f8428021000 rw-p 00000000 00:00 0 
7f8428021000-7f842c000000 ---p 00000000 00:00 0 
7f842c000000-7f842c021000 rw-p 00000000 00:00 0 
7f842c021000-7f8430000000 ---p 00000000 00:00 0 
7f8434000000-7f8434021000 rw-p 00000000 00:00 0 
7f8434021000-7f8438000000 ---p 00000000 00:00 0 
7f843946a000-7f843949b000 rw-p 00000000 00:00 0 
7f843949b000-7f84394d8000 r-xp 00000000 08:01 2756625                    /lib/x86_64-linux-gnu/libpcre.so.3.13.1
7f84394d8000-7f84396d7000 ---p 0003d000 08:01 2756625                    /lib/x86_64-linux-gnu/libpcre.so.3.13.1
7f84396d7000-7f84396d8000 r--p 0003c000 08:01 2756625                    /lib/x86_64-linux-gnu/libpcre.so.3.13.1
7f84396d8000-7f84396d9000 rw-p 0003d000 08:01 2756625                    /lib/x86_64-linux-gnu/libpcre.so.3.13.1
7f84396d9000-7f84396e0000 r-xp 00000000 08:01 3146096                    /usr/lib/x86_64-linux-gnu/libffi.so.6.0.1
7f84396e0000-7f84398df000 ---p 00007000 08:01 3146096                    /usr/lib/x86_64-linux-gnu/libffi.so.6.0.1
7f84398df000-7f84398e0000 r--p 00006000 08:01 3146096                    /usr/lib/x86_64-linux-gnu/libffi.so.6.0.1
7f84398e0000-7f84398e1000 rw-p 00007000 08:01 3146096                    /usr/lib/x86_64-linux-gnu/libffi.so.6.0.1
7f84398e1000-7f84398f8000 r-xp 00000000 08:01 2752516                    /lib/x86_64-linux-gnu/libresolv-2.19.so
7f84398f8000-7f8439af8000 ---p 00017000 08:01 2752516                    /lib/x86_64-linux-gnu/libresolv-2.19.so
7f8439af8000-7f8439af9000 r--p 00017000 08:01 2752516                    /lib/x86_64-linux-gnu/libresolv-2.19.so
7f8439af9000-7f8439afa000 rw-p 00018000 08:01 2752516                    /lib/x86_64-linux-gnu/libresolv-2.19.so
7f8439afa000-7f8439afc000 rw-p 00000000 00:00 0 
7f8439afc000-7f8439b1c000 r-xp 00000000 08:01 2756767                    /lib/x86_64-linux-gnu/libselinux.so.1
7f8439b1c000-7f8439d1b000 ---p 00020000 08:01 2756767                    /lib/x86_64-linux-gnu/libselinux.so.1
7f8439d1b000-7f8439d1c000 r--p 0001f000 08:01 2756767                    /lib/x86_64-linux-gnu/libselinux.so.1
7f8439d1c000-7f8439d1d000 rw-p 00020000 08:01 2756767                    /lib/x86_64-linux-gnu/libselinux.so.1
7f8439d1d000-7f8439d1f000 rw-p 00000000 00:00 0 
7f8439d1f000-7f8439d22000 r-xp 00000000 08:01 3153259                    /usr/lib/x86_64-linux-gnu/libgmodule-2.0.so.0.4002.0
7f8439d22000-7f8439f21000 ---p 00003000 08:01 3153259                    /usr/lib/x86_64-linux-gnu/libgmodule-2.0.so.0.4002.0
7f8439f21000-7f8439f22000 r--p 00002000 08:01 3153259                    /usr/lib/x86_64-linux-gnu/libgmodule-2.0.so.0.4002.0
7f8439f22000-7f8439f23000 rw-p 00003000 08:01 3153259                    /usr/lib/x86_64-linux-gnu/libgmodule-2.0.so.0.4002.0
7f8439f23000-7f843a029000 r-xp 00000000 08:01 2756673                    /lib/x86_64-linux-gnu/libglib-2.0.so.0.4002.0
7f843a029000-7f843a228000 ---p 00106000 08:01 2756673                    /lib/x86_64-linux-gnu/libglib-2.0.so.0.4002.0
7f843a228000-7f843a229000 r--p 00105000 08:01 2756673                    /lib/x86_64-linux-gnu/libglib-2.0.so.0.4002.0
7f843a229000-7f843a22a000 rw-p 00106000 08:01 2756673                    /lib/x86_64-linux-gnu/libglib-2.0.so.0.4002.0
7f843a22a000-7f843a22b000 rw-p 00000000 00:00 0 
7f843a22b000-7f843a27a000 r-xp 00000000 08:01 3153275                    /usr/lib/x86_64-linux-gnu/libgobject-2.0.so.0.4002.0
7f843a27a000-7f843a47a000 ---p 0004f000 08:01 3153275                    /usr/lib/x86_64-linux-gnu/libgobject-2.0.so.0.4002.0
7f843a47a000-7f843a47b000 r--p 0004f000 08:01 3153275                    /usr/lib/x86_64-linux-gnu/libgobject-2.0.so.0.4002.0
7f843a47b000-7f843a47c000 rw-p 00050000 08:01 3153275                    /usr/lib/x86_64-linux-gnu/libgobject-2.0.so.0.4002.0
7f843a47c000-7f843a5e8000 r-xp 00000000 08:01 3153245                    /usr/lib/x86_64-linux-gnu/libgio-2.0.so.0.4002.0
7f843a5e8000-7f843a7e7000 ---p 0016c000 08:01 3153245                    /usr/lib/x86_64-linux-gnu/libgio-2.0.so.0.4002.0
7f843a7e7000-7f843a7eb000 r--p 0016b000 08:01 3153245                    /usr/lib/x86_64-linux-gnu/libgio-2.0.so.0.4002.0
7f843a7eb000-7f843a7ed000 rw-p 0016f000 08:01 3153245                    /usr/lib/x86_64-linux-gnu/libgio-2.0.so.0.4002.0
7f843a7ed000-7f843a7ef000 rw-p 00000000 00:00 0 
7f843a7ef000-7f843a806000 r-xp 00000000 08:01 3155475                    /usr/lib/jvm/java-7-openjdk-amd64/jre/lib/amd64/libnet.so
7f843a806000-7f843aa05000 ---p 00017000 08:01 3155475                    /usr/lib/jvm/java-7-openjdk-amd64/jre/lib/amd64/libnet.so
7f843aa05000-7f843aa06000 r--p 00016000 08:01 3155475                    /usr/lib/jvm/java-7-openjdk-amd64/jre/lib/amd64/libnet.so
7f843aa06000-7f843aa07000 rw-p 00017000 08:01 3155475                    /usr/lib/jvm/java-7-openjdk-amd64/jre/lib/amd64/libnet.so
7f843aa07000-7f843aa17000 r-xp 00000000 08:01 3152632                    /usr/lib/jvm/java-7-openjdk-amd64/jre/lib/amd64/libnio.so
7f843aa17000-7f843ac17000 ---p 00010000 08:01 3152632                    /usr/lib/jvm/java-7-openjdk-amd64/jre/lib/amd64/libnio.so
7f843ac17000-7f843ac18000 r--p 00010000 08:01 3152632                    /usr/lib/jvm/java-7-openjdk-amd64/jre/lib/amd64/libnio.so
7f843ac18000-7f843ac19000 rw-p 00011000 08:01 3152632                    /usr/lib/jvm/java-7-openjdk-amd64/jre/lib/amd64/libnio.so
7f843ac19000-7f843ac1a000 ---p 00000000 00:00 0 
7f843ac1a000-7f843ad1a000 rw-p 00000000 00:00 0                          [stack:9969]
7f843ad1a000-7f843ad1d000 ---p 00000000 00:00 0 
7f843ad1d000-7f843ae1b000 rw-p 00000000 00:00 0                          [stack:9968]
7f843ae1b000-7f843ae1e000 ---p 00000000 00:00 0 
7f843ae1e000-7f843af1c000 rw-p 00000000 00:00 0                          [stack:9967]
7f843af1c000-7f843af1f000 ---p 00000000 00:00 0 
7f843af1f000-7f843b01d000 rw-p 00000000 00:00 0                          [stack:9966]
7f843b01d000-7f843b020000 ---p 00000000 00:00 0 
7f843b020000-7f843b11e000 rw-p 00000000 00:00 0                          [stack:9965]
7f843b11e000-7f843b9fa000 r--p 00000000 08:01 3148861                    /usr/lib/locale/locale-archive
7f843b9fa000-7f843b9fd000 ---p 00000000 00:00 0 
7f843b9fd000-7f843bafb000 rw-p 00000000 00:00 0                          [stack:9964]
7f843bafb000-7f843bafe000 ---p 00000000 00:00 0 
7f843bafe000-7f843bbfc000 rw-p 00000000 00:00 0                          [stack:9963]
7f843bbfc000-7f843bbfd000 ---p 00000000 00:00 0 
7f843bbfd000-7f843c000000 rw-p 00000000 00:00 0                          [stack:9962]
7f843c000000-7f843c021000 rw-p 00000000 00:00 0 
7f843c021000-7f8440000000 ---p 00000000 00:00 0 
7f8440025000-7f8440026000 rw-p 00000000 00:00 0 
7f8440026000-7f8440030000 r--s 000ae000 08:01 3148563                    /usr/lib/jvm/java-7-openjdk-amd64/jre/lib/resources.jar
7f8440030000-7f8440033000 r--s 0001a000 08:01 1444760                    /home/audreyazura/Documents/Project/Tools/netbeans-8.1/extide/ant/lib/ant-junit.jar
7f8440033000-7f8440051000 r--s 001c8000 08:01 1444773                    /home/audreyazura/Documents/Project/Tools/netbeans-8.1/extide/ant/lib/ant.jar
7f8440051000-7f844005a000 r--s 00044000 08:01 1449897                    /home/audreyazura/Documents/Project/libupsystem/lib/junit_4/junit-4.12.jar
7f844005a000-7f8440d54000 rw-p 00000000 00:00 0 
7f8440d54000-7f8440f07000 r--s 01d49000 08:01 3155504                    /usr/lib/jvm/java-7-openjdk-amd64/jre/lib/rt.jar
7f8440f07000-7f8441000000 rw-p 00000000 00:00 0 
7f8441000000-7f8441270000 rwxp 00000000 00:00 0 
7f8441270000-7f844423d000 rw-p 00000000 00:00 0 
7f844423d000-7f8448000000 ---p 00000000 00:00 0 
7f8448000000-7f8448002000 r--s 00002000 08:01 1444758                    /home/audreyazura/Documents/Project/Tools/netbeans-8.1/extide/ant/lib/ant-junit4.jar
7f8448002000-7f844a125000 rw-p 00000000 00:00 0 
7f844a125000-7f844a126000 ---p 00000000 00:00 0 
7f844a126000-7f844a226000 rw-p 00000000 00:00 0                          [stack:9961]
7f844a226000-7f844a227000 ---p 00000000 00:00 0 
7f844a227000-7f844a327000 rw-p 00000000 00:00 0                          [stack:9960]
7f844a327000-7f844a328000 ---p 00000000 00:00 0 
7f844a328000-7f844a428000 rw-p 00000000 00:00 0                          [stack:9959]
7f844a428000-7f844a429000 ---p 00000000 00:00 0 
7f844a429000-7f844a534000 rw-p 00000000 00:00 0                          [stack:9958]
7f844a534000-7f844a57c000 rw-p 00000000 00:00 0 
7f844a57c000-7f844a58e000 rw-p 00000000 00:00 0 
7f844a58e000-7f844a692000 rw-p 00000000 00:00 0 
7f844a692000-7f844a69d000 rw-p 00000000 00:00 0 
7f844a69d000-7f844a6e5000 rw-p 00000000 00:00 0 
7f844a6e5000-7f844a6f7000 rw-p 00000000 00:00 0 
7f844a6f7000-7f844a7fa000 rw-p 00000000 00:00 0 
7f844a7fa000-7f844a869000 rw-p 00000000 00:00 0 
7f844a869000-7f844a885000 rw-p 00000000 00:00 0 
7f844a885000-7f844a886000 rw-p 00000000 00:00 0 
7f844a886000-7f844a88e000 r-xp 00000000 08:01 3155066                    /usr/lib/jvm/java-7-openjdk-amd64/jre/lib/amd64/libzip.so
7f844a88e000-7f844aa8d000 ---p 00008000 08:01 3155066                    /usr/lib/jvm/java-7-openjdk-amd64/jre/lib/amd64/libzip.so
7f844aa8d000-7f844aa8e000 r--p 00007000 08:01 3155066                    /usr/lib/jvm/java-7-openjdk-amd64/jre/lib/amd64/libzip.so
7f844aa8e000-7f844aa8f000 rw-p 00008000 08:01 3155066                    /usr/lib/jvm/java-7-openjdk-amd64/jre/lib/amd64/libzip.so
7f844aa8f000-7f844aa99000 r-xp 00000000 08:01 2752570                    /lib/x86_64-linux-gnu/libnss_files-2.19.so
7f844aa99000-7f844ac98000 ---p 0000a000 08:01 2752570                    /lib/x86_64-linux-gnu/libnss_files-2.19.so
7f844ac98000-7f844ac99000 r--p 00009000 08:01 2752570                    /lib/x86_64-linux-gnu/libnss_files-2.19.so
7f844ac99000-7f844ac9a000 rw-p 0000a000 08:01 2752570                    /lib/x86_64-linux-gnu/libnss_files-2.19.so
7f844ac9a000-7f844aca5000 r-xp 00000000 08:01 2752562                    /lib/x86_64-linux-gnu/libnss_nis-2.19.so
7f844aca5000-7f844aea4000 ---p 0000b000 08:01 2752562                    /lib/x86_64-linux-gnu/libnss_nis-2.19.so
7f844aea4000-7f844aea5000 r--p 0000a000 08:01 2752562                    /lib/x86_64-linux-gnu/libnss_nis-2.19.so
7f844aea5000-7f844aea6000 rw-p 0000b000 08:01 2752562                    /lib/x86_64-linux-gnu/libnss_nis-2.19.so
7f844aea6000-7f844aebd000 r-xp 00000000 08:01 2752558                    /lib/x86_64-linux-gnu/libnsl-2.19.so
7f844aebd000-7f844b0bc000 ---p 00017000 08:01 2752558                    /lib/x86_64-linux-gnu/libnsl-2.19.so
7f844b0bc000-7f844b0bd000 r--p 00016000 08:01 2752558                    /lib/x86_64-linux-gnu/libnsl-2.19.so
7f844b0bd000-7f844b0be000 rw-p 00017000 08:01 2752558                    /lib/x86_64-linux-gnu/libnsl-2.19.so
7f844b0be000-7f844b0c0000 rw-p 00000000 00:00 0 
7f844b0c0000-7f844b0c9000 r-xp 00000000 08:01 2752557                    /lib/x86_64-linux-gnu/libnss_compat-2.19.so
7f844b0c9000-7f844b2c8000 ---p 00009000 08:01 2752557                    /lib/x86_64-linux-gnu/libnss_compat-2.19.so
7f844b2c8000-7f844b2c9000 r--p 00008000 08:01 2752557                    /lib/x86_64-linux-gnu/libnss_compat-2.19.so
7f844b2c9000-7f844b2ca000 rw-p 00009000 08:01 2752557                    /lib/x86_64-linux-gnu/libnss_compat-2.19.so
7f844b2ca000-7f844b2f4000 r-xp 00000000 08:01 3152636                    /usr/lib/jvm/java-7-openjdk-amd64/jre/lib/amd64/libjava.so
7f844b2f4000-7f844b4f4000 ---p 0002a000 08:01 3152636                    /usr/lib/jvm/java-7-openjdk-amd64/jre/lib/amd64/libjava.so
7f844b4f4000-7f844b4f5000 r--p 0002a000 08:01 3152636                    /usr/lib/jvm/java-7-openjdk-amd64/jre/lib/amd64/libjava.so
7f844b4f5000-7f844b4f7000 rw-p 0002b000 08:01 3152636                    /usr/lib/jvm/java-7-openjdk-amd64/jre/lib/amd64/libjava.so
7f844b4f7000-7f844b507000 r-xp 00000000 08:01 3155494                    /usr/lib/jvm/java-7-openjdk-amd64/jre/lib/amd64/libverify.so
7f844b507000-7f844b706000 ---p 00010000 08:01 3155494                    /usr/lib/jvm/java-7-openjdk-amd64/jre/lib/amd64/libverify.so
7f844b706000-7f844b708000 r--p 0000f000 08:01 3155494                    /usr/lib/jvm/java-7-openjdk-amd64/jre/lib/amd64/libverify.so
7f844b708000-7f844b709000 rw-p 00011000 08:01 3155494                    /usr/lib/jvm/java-7-openjdk-amd64/jre/lib/amd64/libverify.so
7f844b709000-7f844b710000 r-xp 00000000 08:01 2752566                    /lib/x86_64-linux-gnu/librt-2.19.so
7f844b710000-7f844b90f000 ---p 00007000 08:01 2752566                    /lib/x86_64-linux-gnu/librt-2.19.so
7f844b90f000-7f844b910000 r--p 00006000 08:01 2752566                    /lib/x86_64-linux-gnu/librt-2.19.so
7f844b910000-7f844b911000 rw-p 00007000 08:01 2752566                    /lib/x86_64-linux-gnu/librt-2.19.so
7f844b911000-7f844b927000 r-xp 00000000 08:01 2756650                    /lib/x86_64-linux-gnu/libgcc_s.so.1
7f844b927000-7f844bb26000 ---p 00016000 08:01 2756650                    /lib/x86_64-linux-gnu/libgcc_s.so.1
7f844bb26000-7f844bb27000 rw-p 00015000 08:01 2756650                    /lib/x86_64-linux-gnu/libgcc_s.so.1
7f844bb27000-7f844bc2c000 r-xp 00000000 08:01 2752530                    /lib/x86_64-linux-gnu/libm-2.19.so
7f844bc2c000-7f844be2b000 ---p 00105000 08:01 2752530                    /lib/x86_64-linux-gnu/libm-2.19.so
7f844be2b000-7f844be2c000 r--p 00104000 08:01 2752530                    /lib/x86_64-linux-gnu/libm-2.19.so
7f844be2c000-7f844be2d000 rw-p 00105000 08:01 2752530                    /lib/x86_64-linux-gnu/libm-2.19.so
7f844be2d000-7f844bf33000 r-xp 00000000 08:01 3147884                    /usr/lib/x86_64-linux-gnu/libstdc++.so.6.0.22
7f844bf33000-7f844c132000 ---p 00106000 08:01 3147884                    /usr/lib/x86_64-linux-gnu/libstdc++.so.6.0.22
7f844c132000-7f844c13a000 r--p 00105000 08:01 3147884                    /usr/lib/x86_64-linux-gnu/libstdc++.so.6.0.22
7f844c13a000-7f844c13c000 rw-p 0010d000 08:01 3147884                    /usr/lib/x86_64-linux-gnu/libstdc++.so.6.0.22
7f844c13c000-7f844c13f000 rw-p 00000000 00:00 0 
7f844c13f000-7f844cc6d000 r-xp 00000000 08:01 3154760                    /usr/lib/jvm/java-7-openjdk-amd64/jre/lib/amd64/server/libjvm.so
7f844cc6d000-7f844ce6d000 ---p 00b2e000 08:01 3154760                    /usr/lib/jvm/java-7-openjdk-amd64/jre/lib/amd64/server/libjvm.so
7f844ce6d000-7f844cf07000 r--p 00b2e000 08:01 3154760                    /usr/lib/jvm/java-7-openjdk-amd64/jre/lib/amd64/server/libjvm.so
7f844cf07000-7f844cf2a000 rw-p 00bc8000 08:01 3154760                    /usr/lib/jvm/java-7-openjdk-amd64/jre/lib/amd64/server/libjvm.so
7f844cf2a000-7f844cf59000 rw-p 00000000 00:00 0 
7f844cf59000-7f844cf71000 r-xp 00000000 08:01 2756797                    /lib/x86_64-linux-gnu/libz.so.1.2.8
7f844cf71000-7f844d170000 ---p 00018000 08:01 2756797                    /lib/x86_64-linux-gnu/libz.so.1.2.8
7f844d170000-7f844d171000 r--p 00017000 08:01 2756797                    /lib/x86_64-linux-gnu/libz.so.1.2.8
7f844d171000-7f844d172000 rw-p 00018000 08:01 2756797                    /lib/x86_64-linux-gnu/libz.so.1.2.8
7f844d172000-7f844d18b000 r-xp 00000000 08:01 2752559                    /lib/x86_64-linux-gnu/libpthread-2.19.so
7f844d18b000-7f844d38a000 ---p 00019000 08:01 2752559                    /lib/x86_64-linux-gnu/libpthread-2.19.so
7f844d38a000-7f844d38b000 r--p 00018000 08:01 2752559                    /lib/x86_64-linux-gnu/libpthread-2.19.so
7f844d38b000-7f844d38c000 rw-p 00019000 08:01 2752559                    /lib/x86_64-linux-gnu/libpthread-2.19.so
7f844d38c000-7f844d390000 rw-p 00000000 00:00 0 
7f844d390000-7f844d393000 r-xp 00000000 08:01 2752539                    /lib/x86_64-linux-gnu/libdl-2.19.so
7f844d393000-7f844d592000 ---p 00003000 08:01 2752539                    /lib/x86_64-linux-gnu/libdl-2.19.so
7f844d592000-7f844d593000 r--p 00002000 08:01 2752539                    /lib/x86_64-linux-gnu/libdl-2.19.so
7f844d593000-7f844d594000 rw-p 00003000 08:01 2752539                    /lib/x86_64-linux-gnu/libdl-2.19.so
7f844d594000-7f844d74e000 r-xp 00000000 08:01 2752567                    /lib/x86_64-linux-gnu/libc-2.19.so
7f844d74e000-7f844d94e000 ---p 001ba000 08:01 2752567                    /lib/x86_64-linux-gnu/libc-2.19.so
7f844d94e000-7f844d952000 r--p 001ba000 08:01 2752567                    /lib/x86_64-linux-gnu/libc-2.19.so
7f844d952000-7f844d954000 rw-p 001be000 08:01 2752567                    /lib/x86_64-linux-gnu/libc-2.19.so
7f844d954000-7f844d959000 rw-p 00000000 00:00 0 
7f844d959000-7f844d966000 r-xp 00000000 08:01 3152640                    /usr/lib/jvm/java-7-openjdk-amd64/jre/lib/amd64/jli/libjli.so
7f844d966000-7f844db65000 ---p 0000d000 08:01 3152640                    /usr/lib/jvm/java-7-openjdk-amd64/jre/lib/amd64/jli/libjli.so
7f844db65000-7f844db66000 r--p 0000c000 08:01 3152640                    /usr/lib/jvm/java-7-openjdk-amd64/jre/lib/amd64/jli/libjli.so
7f844db66000-7f844db67000 rw-p 0000d000 08:01 3152640                    /usr/lib/jvm/java-7-openjdk-amd64/jre/lib/amd64/jli/libjli.so
7f844db67000-7f844db8a000 r-xp 00000000 08:01 2752560                    /lib/x86_64-linux-gnu/ld-2.19.so
7f844db8a000-7f844db8c000 r--s 00009000 08:01 1449889                    /home/audreyazura/Documents/Project/libupsystem/lib/hamcrest/hamcrest-core-1.3.jar
7f844db8c000-7f844db8f000 r--s 00013000 08:01 1449179                    /home/audreyazura/Documents/Project/libupsystem/lib/commonutils.portable1-0.jar
7f844db8f000-7f844db92000 r--s 0003d000 08:01 3152622                    /usr/lib/jvm/java-7-openjdk-amd64/jre/lib/ext/sunpkcs11.jar
7f844db92000-7f844dbb0000 rw-p 00000000 00:00 0 
7f844dbb0000-7f844dc66000 rw-p 00000000 00:00 0 
7f844dc66000-7f844dc69000 ---p 00000000 00:00 0 
7f844dc69000-7f844dd6c000 rw-p 00000000 00:00 0                          [stack:9957]
7f844dd6c000-7f844dd6d000 r--s 00004000 08:01 1444752                    /home/audreyazura/Documents/Project/Tools/netbeans-8.1/extide/ant/lib/ant-launcher.jar
7f844dd6d000-7f844dd71000 r--s 00085000 08:01 3152619                    /usr/lib/jvm/java-7-openjdk-amd64/jre/lib/ext/localedata.jar
7f844dd71000-7f844dd72000 r--s 00002000 08:01 3152621                    /usr/lib/jvm/java-7-openjdk-amd64/jre/lib/ext/dnsns.jar
7f844dd72000-7f844dd74000 r--s 00006000 08:01 3283851                    /usr/share/java/java-atk-wrapper.jar
7f844dd74000-7f844dd76000 r--s 00012000 08:01 3152620                    /usr/lib/jvm/java-7-openjdk-amd64/jre/lib/ext/zipfs.jar
7f844dd76000-7f844dd79000 r--s 0000f000 08:01 3152623                    /usr/lib/jvm/java-7-openjdk-amd64/jre/lib/ext/icedtea-sound.jar
7f844dd79000-7f844dd7d000 r--s 00034000 08:01 3152618                    /usr/lib/jvm/java-7-openjdk-amd64/jre/lib/ext/sunjce_provider.jar
7f844dd7d000-7f844dd85000 rw-s 00000000 08:01 1835249                    /tmp/hsperfdata_audreyazura/9954
7f844dd85000-7f844dd86000 rw-p 00000000 00:00 0 
7f844dd86000-7f844dd87000 ---p 00000000 00:00 0 
7f844dd87000-7f844dd89000 rw-p 00000000 00:00 0 
7f844dd89000-7f844dd8a000 r--p 00022000 08:01 2752560                    /lib/x86_64-linux-gnu/ld-2.19.so
7f844dd8a000-7f844dd8b000 rw-p 00023000 08:01 2752560                    /lib/x86_64-linux-gnu/ld-2.19.so
7f844dd8b000-7f844dd8c000 rw-p 00000000 00:00 0 
7fffe9a6c000-7fffe9a8d000 rw-p 00000000 00:00 0                          [stack]
7fffe9aeb000-7fffe9aed000 r-xp 00000000 00:00 0                          [vdso]
7fffe9aed000-7fffe9aef000 r--p 00000000 00:00 0                          [vvar]
ffffffffff600000-ffffffffff601000 r-xp 00000000 00:00 0                  [vsyscall]

VM Arguments:
jvm_args: -ea 
java_command: org.apache.tools.ant.taskdefs.optional.junit.JUnitTestRunner org.duckdns.spacedock.upengine.libupsystem.PersoStatDegatsLegersTest skipNonTests=false filtertrace=true haltOnError=false haltOnFailure=false showoutput=true outputtoformatters=true logfailedtests=true threadid=0 logtestlistenerevents=true formatter=org.apache.tools.ant.taskdefs.optional.junit.BriefJUnitResultFormatter formatter=org.apache.tools.ant.taskdefs.optional.junit.XMLJUnitResultFormatter,/home/audreyazura/Documents/Project/libupsystem/build/test/results/TEST-org.duckdns.spacedock.upengine.libupsystem.PersoStatDegatsLegersTest.xml crashfile=/home/audreyazura/Documents/Project/libupsystem/build/junitvmwatcher2794045460574024102.properties propsfile=/home/audreyazura/Documents/Project/libupsystem/build/junit6918597684738535840.properties
Launcher Type: SUN_STANDARD

Environment Variables:
JAVA_HOME=/usr/lib/jvm/java-7-openjdk-amd64
PATH=/usr/local/sbin:/usr/local/bin:/usr/sbin:/usr/bin:/sbin:/bin:/usr/games:/usr/local/games:/usr/lib/jvm/java-7-openjdk-amd64/bin:/home/audreyazura/Documents/Project/Tools/netbeans-8.1/extide/ant/bin
LD_LIBRARY_PATH=/usr/lib/jvm/java-7-openjdk-amd64/jre/lib/amd64:/usr/lib/jvm/java-7-openjdk-amd64/jre/lib/i386:
SHELL=/bin/bash
DISPLAY=:0

Signal Handlers:
SIGSEGV: [libjvm.so+0x95e460], sa_mask[0]=0x7ffbfeff, sa_flags=0x10000004
SIGBUS: [libjvm.so+0x95e460], sa_mask[0]=0x7ffbfeff, sa_flags=0x10000004
SIGFPE: [libjvm.so+0x7d2030], sa_mask[0]=0x7ffbfeff, sa_flags=0x10000004
SIGPIPE: [libjvm.so+0x7d2030], sa_mask[0]=0x7ffbfeff, sa_flags=0x10000004
SIGXFSZ: [libjvm.so+0x7d2030], sa_mask[0]=0x7ffbfeff, sa_flags=0x10000004
SIGILL: [libjvm.so+0x7d2030], sa_mask[0]=0x7ffbfeff, sa_flags=0x10000004
SIGUSR1: SIG_DFL, sa_mask[0]=0x00000000, sa_flags=0x00000000
SIGUSR2: [libjvm.so+0x7d2160], sa_mask[0]=0x00000004, sa_flags=0x10000004
SIGHUP: [libjvm.so+0x7d20b0], sa_mask[0]=0x7ffbfeff, sa_flags=0x10000004
SIGINT: SIG_IGN, sa_mask[0]=0x00000000, sa_flags=0x00000000
SIGTERM: [libjvm.so+0x7d20b0], sa_mask[0]=0x7ffbfeff, sa_flags=0x10000004
SIGQUIT: [libjvm.so+0x7d20b0], sa_mask[0]=0x7ffbfeff, sa_flags=0x10000004
SIGTRAP: SIG_DFL, sa_mask[0]=0x00000000, sa_flags=0x00000000


---------------  S Y S T E M  ---------------

OS:Peppermint 6 (trusty)
uname:Linux 3.16.0-77-generic #99~14.04.1-Ubuntu SMP Tue Jun 28 19:17:10 UTC 2016 x86_64
libc:glibc 2.19 NPTL 2.19 
rlimit: STACK 8192k, CORE 0k, NPROC 13224, NOFILE 4096, AS infinity
load average:1,40 0,88 0,75

/proc/meminfo:
MemTotal:        3407836 kB
MemFree:           89600 kB
MemAvailable:      34016 kB
Buffers:             952 kB
Cached:            64960 kB
SwapCached:            0 kB
Active:          3057240 kB
Inactive:          55528 kB
Active(anon):    3050688 kB
Inactive(anon):    48928 kB
Active(file):       6552 kB
Inactive(file):     6600 kB
Unevictable:          64 kB
Mlocked:              64 kB
SwapTotal:             0 kB
SwapFree:              0 kB
Dirty:                 4 kB
Writeback:             0 kB
AnonPages:       3047800 kB
Mapped:            61544 kB
Shmem:             51836 kB
Slab:              77084 kB
SReclaimable:      44608 kB
SUnreclaim:        32476 kB
KernelStack:       10192 kB
PageTables:        31916 kB
NFS_Unstable:          0 kB
Bounce:                0 kB
WritebackTmp:          0 kB
CommitLimit:     1703916 kB
Committed_AS:    5740220 kB
VmallocTotal:   34359738367 kB
VmallocUsed:      291412 kB
VmallocChunk:   34359394656 kB
HardwareCorrupted:     0 kB
AnonHugePages:   1972224 kB
HugePages_Total:       0
HugePages_Free:        0
HugePages_Rsvd:        0
HugePages_Surp:        0
Hugepagesize:       2048 kB
DirectMap4k:      138324 kB
DirectMap2M:     3473408 kB
DirectMap1G:           0 kB


CPU:total 4 (4 cores per cpu, 1 threads per core) family 22 model 0 stepping 1, cmov, cx8, fxsr, mmx, sse, sse2, sse3, ssse3, sse4.1, sse4.2, popcnt, avx, aes, mmxext, 3dnowpref, lzcnt, sse4a, tsc, tscinvbit, tscinv

/proc/cpuinfo:
processor	: 0
vendor_id	: AuthenticAMD
cpu family	: 22
model		: 0
model name	: Quad-Core Processor (up to 1.4GHz)
stepping	: 1
microcode	: 0x7000106
cpu MHz		: 600.000
cache size	: 2048 KB
physical id	: 0
siblings	: 4
core id		: 0
cpu cores	: 4
apicid		: 0
initial apicid	: 0
fpu		: yes
fpu_exception	: yes
cpuid level	: 13
wp		: yes
flags		: fpu vme de pse tsc msr pae mce cx8 apic sep mtrr pge mca cmov pat pse36 clflush mmx fxsr sse sse2 ht syscall nx mmxext fxsr_opt pdpe1gb rdtscp lm constant_tsc rep_good nopl nonstop_tsc extd_apicid aperfmperf eagerfpu pni pclmulqdq monitor ssse3 cx16 sse4_1 sse4_2 movbe popcnt aes xsave avx f16c lahf_lm cmp_legacy svm extapic cr8_legacy abm sse4a misalignsse 3dnowprefetch osvw ibs skinit wdt topoext perfctr_nb perfctr_l2 arat cpb xsaveopt hw_pstate proc_feedback npt lbrv svm_lock nrip_save tsc_scale flushbyasid decodeassists pausefilter pfthreshold vmmcall bmi1
bogomips	: 1996.25
TLB size	: 1024 4K pages
clflush size	: 64
cache_alignment	: 64
address sizes	: 40 bits physical, 48 bits virtual
power management: ts ttp tm 100mhzsteps hwpstate cpb [11]

processor	: 1
vendor_id	: AuthenticAMD
cpu family	: 22
model		: 0
model name	: Quad-Core Processor (up to 1.4GHz)             
stepping	: 1
microcode	: 0x7000106
cpu MHz		: 1000.000
cache size	: 2048 KB
physical id	: 0
siblings	: 4
core id		: 1
cpu cores	: 4
apicid		: 1
initial apicid	: 1
fpu		: yes
fpu_exception	: yes
cpuid level	: 13
wp		: yes
flags		: fpu vme de pse tsc msr pae mce cx8 apic sep mtrr pge mca cmov pat pse36 clflush mmx fxsr sse sse2 ht syscall nx mmxext fxsr_opt pdpe1gb rdtscp lm constant_tsc rep_good nopl nonstop_tsc extd_apicid aperfmperf eagerfpu pni pclmulqdq monitor ssse3 cx16 sse4_1 sse4_2 movbe popcnt aes xsave avx f16c lahf_lm cmp_legacy svm extapic cr8_legacy abm sse4a misalignsse 3dnowprefetch osvw ibs skinit wdt topoext perfctr_nb perfctr_l2 arat cpb xsaveopt hw_pstate proc_feedback npt lbrv svm_lock nrip_save tsc_scale flushbyasid decodeassists pausefilter pfthreshold vmmcall bmi1
bogomips	: 1996.25
TLB size	: 1024 4K pages
clflush size	: 64
cache_alignment	: 64
address sizes	: 40 bits physical, 48 bits virtual
power management: ts ttp tm 100mhzsteps hwpstate cpb [11]

processor	: 2
vendor_id	: AuthenticAMD
cpu family	: 22
model		: 0
model name	: Quad-Core Processor (up to 1.4GHz)             
stepping	: 1
microcode	: 0x7000106
cpu MHz		: 600.000
cache size	: 2048 KB
physical id	: 0
siblings	: 4
core id		: 2
cpu cores	: 4
apicid		: 2
initial apicid	: 2
fpu		: yes
fpu_exception	: yes
cpuid level	: 13
wp		: yes
flags		: fpu vme de pse tsc msr pae mce cx8 apic sep mtrr pge mca cmov pat pse36 clflush mmx fxsr sse sse2 ht syscall nx mmxext fxsr_opt pdpe1gb rdtscp lm constant_tsc rep_good nopl nonstop_tsc extd_apicid aperfmperf eagerfpu pni pclmulqdq monitor ssse3 cx16 sse4_1 sse4_2 movbe popcnt aes xsave avx f16c lahf_lm cmp_legacy svm extapic cr8_legacy abm sse4a misalignsse 3dnowprefetch osvw ibs skinit wdt topoext perfctr_nb perfctr_l2 arat cpb xsaveopt hw_pstate proc_feedback npt lbrv svm_lock nrip_save tsc_scale flushbyasid decodeassists pausefilter pfthreshold vmmcall bmi1
bogomips	: 1996.25
TLB size	: 1024 4K pages
clflush size	: 64
cache_alignment	: 64
address sizes	: 40 bits physical, 48 bits virtual
power management: ts ttp tm 100mhzsteps hwpstate cpb [11]

processor	: 3
vendor_id	: AuthenticAMD
cpu family	: 22
model		: 0
model name	: Quad-Core Processor (up to 1.4GHz)             
stepping	: 1
microcode	: 0x7000106
cpu MHz		: 1000.000
cache size	: 2048 KB
physical id	: 0
siblings	: 4
core id		: 3
cpu cores	: 4
apicid		: 3
initial apicid	: 3
fpu		: yes
fpu_exception	: yes
cpuid level	: 13
wp		: yes
flags		: fpu vme de pse tsc msr pae mce cx8 apic sep mtrr pge mca cmov pat pse36 clflush mmx fxsr sse sse2 ht syscall nx mmxext fxsr_opt pdpe1gb rdtscp lm constant_tsc rep_good nopl nonstop_tsc extd_apicid aperfmperf eagerfpu pni pclmulqdq monitor ssse3 cx16 sse4_1 sse4_2 movbe popcnt aes xsave avx f16c lahf_lm cmp_legacy svm extapic cr8_legacy abm sse4a misalignsse 3dnowprefetch osvw ibs skinit wdt topoext perfctr_nb perfctr_l2 arat cpb xsaveopt hw_pstate proc_feedback npt lbrv svm_lock nrip_save tsc_scale flushbyasid decodeassists pausefilter pfthreshold vmmcall bmi1
bogomips	: 1996.25
TLB size	: 1024 4K pages
clflush size	: 64
cache_alignment	: 64
address sizes	: 40 bits physical, 48 bits virtual
power management: ts ttp tm 100mhzsteps hwpstate cpb [11]



Memory: 4k page, physical 3407836k(90616k free), swap 0k(0k free)

vm_info: OpenJDK 64-Bit Server VM (24.121-b00) for linux-amd64 JRE (1.7.0_121-b00), built on Feb  7 2017 18:45:58 by "buildd" with gcc 4.8.4

time: Sat Mar 11 21:40:36 2017
elapsed time: 4 seconds

