#
# There is insufficient memory for the Java Runtime Environment to continue.
# Native memory allocation (malloc) failed to allocate 104333312 bytes for committing reserved memory.
# Possible reasons:
#   The system is out of physical RAM or swap space
#   In 32 bit mode, the process size limit was hit
# Possible solutions:
#   Reduce memory load on the system
#   Increase physical memory or swap space
#   Check if swap backing store is full
#   Use 64 bit Java on a 64 bit OS
#   Decrease Java heap size (-Xmx/-Xms)
#   Decrease number of Java threads
#   Decrease Java thread stack sizes (-Xss)
#   Set larger code cache with -XX:ReservedCodeCacheSize=
# This output file may be truncated or incomplete.
#
#  Out of Memory Error (os_linux.cpp:2827), pid=10278, tid=140431487657728
#
# JRE version: OpenJDK Runtime Environment (7.0_121) (build 1.7.0_121-b00)
# Java VM: OpenJDK 64-Bit Server VM (24.121-b00 mixed mode linux-amd64 compressed oops)
# Derivative: IcedTea 2.6.8
# Distribution: Ubuntu 14.04 LTS, package 7u121-2.6.8-1ubuntu0.14.04.3
# Failed to write core dump. Core dumps have been disabled. To enable core dumping, try "ulimit -c unlimited" before starting Java again
#

---------------  T H R E A D  ---------------

Current thread (0x00007fb8c4076000):  VMThread [stack: 0x00007fb8c0dfe000,0x00007fb8c0eff000] [id=10286]

Stack: [0x00007fb8c0dfe000,0x00007fb8c0eff000],  sp=0x00007fb8c0efd490,  free space=1021k
Native frames: (J=compiled Java code, j=interpreted, Vv=VM code, C=native code)
V  [libjvm.so+0x95d975]
V  [libjvm.so+0x497ad4]
V  [libjvm.so+0x7d6a6b]
V  [libjvm.so+0x7d142f]
V  [libjvm.so+0x84672b]
V  [libjvm.so+0x8475a0]
V  [libjvm.so+0x847c8b]
V  [libjvm.so+0x843678]
V  [libjvm.so+0x843ee8]
V  [libjvm.so+0x7f9583]
V  [libjvm.so+0x95f384]
V  [libjvm.so+0x963487]
V  [libjvm.so+0x961f48]
V  [libjvm.so+0x9623a9]
V  [libjvm.so+0x9627f2]
V  [libjvm.so+0x7d3862]

VM_Operation (0x00007fb8cd0518a0): ParallelGCFailedAllocation, mode: safepoint, requested by thread 0x00007fb8c400a800


---------------  P R O C E S S  ---------------

Java Threads: ( => current thread )
  0x00007fb8c40af800 JavaThread "Service Thread" daemon [_thread_blocked, id=10292, stack(0x00007fb8b9fcf000,0x00007fb8ba0d0000)]
  0x00007fb8c40ad000 JavaThread "C2 CompilerThread1" daemon [_thread_blocked, id=10291, stack(0x00007fb8c001d000,0x00007fb8c011e000)]
  0x00007fb8c40aa000 JavaThread "C2 CompilerThread0" daemon [_thread_blocked, id=10290, stack(0x00007fb8c011e000,0x00007fb8c021f000)]
  0x00007fb8c40a8000 JavaThread "Signal Dispatcher" daemon [_thread_blocked, id=10289, stack(0x00007fb8c021f000,0x00007fb8c0320000)]
  0x00007fb8c407c800 JavaThread "Finalizer" daemon [_thread_blocked, id=10288, stack(0x00007fb8c0bfc000,0x00007fb8c0cfd000)]
  0x00007fb8c407a800 JavaThread "Reference Handler" daemon [_thread_blocked, id=10287, stack(0x00007fb8c0cfd000,0x00007fb8c0dfe000)]
  0x00007fb8c400a800 JavaThread "main" [_thread_blocked, id=10281, stack(0x00007fb8ccf53000,0x00007fb8cd054000)]

Other Threads:
=>0x00007fb8c4076000 VMThread [stack: 0x00007fb8c0dfe000,0x00007fb8c0eff000] [id=10286]
  0x00007fb8c40ba800 WatcherThread [stack: 0x00007fb8b9ece000,0x00007fb8b9fcf000] [id=10293]

VM state:at safepoint (normal execution)

VM Mutex/Monitor currently owned by a thread:  ([mutex/lock_event])
[0x00007fb8c4006f80] Threads_lock - owner thread: 0x00007fb8c4076000
[0x00007fb8c4007480] Heap_lock - owner thread: 0x00007fb8c400a800

Heap
 PSYoungGen      total 179712K, used 64K [0x00000000eea80000, 0x00000000f9c80000, 0x0000000100000000)
  eden space 177152K, 0% used [0x00000000eea80000,0x00000000eea80000,0x00000000f9780000)
  from space 2560K, 2% used [0x00000000f9780000,0x00000000f9790000,0x00000000f9a00000)
  to   space 2560K, 0% used [0x00000000f9a00000,0x00000000f9a00000,0x00000000f9c80000)
 ParOldGen       total 35328K, used 1395K [0x00000000cc000000, 0x00000000ce280000, 0x00000000eea80000)
  object space 35328K, 3% used [0x00000000cc000000,0x00000000cc15cdd8,0x00000000ce280000)
 PSPermGen       total 21504K, used 7294K [0x00000000c1a00000, 0x00000000c2f00000, 0x00000000cc000000)
  object space 21504K, 33% used [0x00000000c1a00000,0x00000000c211fa58,0x00000000c2f00000)

Card table byte_map: [0x00007fb8c997f000,0x00007fb8c9b73000] byte_map_base: 0x00007fb8c9372000

Polling page: 0x00007fb8cd073000

Code Cache  [0x00007fb8c1000000, 0x00007fb8c1270000, 0x00007fb8c4000000)
 total_blobs=425 nmethods=157 adapters=223 free_code_cache=48463Kb largest_free_block=49601792

Compilation events (10 events):
Event: 4,460 Thread 0x00007fb8c40ad000 nmethod 151 0x00007fb8c10b01d0 code [0x00007fb8c10b0360, 0x00007fb8c10b0568]
Event: 4,461 Thread 0x00007fb8c40ad000  154             org.duckdns.spacedock.upengine.libupsystem.RollUtils$RollResult::<init> (20 bytes)
Event: 4,461 Thread 0x00007fb8c40aa000 nmethod 153 0x00007fb8c10a2e50 code [0x00007fb8c10a2fc0, 0x00007fb8c10a30b8]
Event: 4,461 Thread 0x00007fb8c40aa000  155             org.duckdns.spacedock.upengine.libupsystem.RollUtils$RollResult::getScoreBrut (5 bytes)
Event: 4,461 Thread 0x00007fb8c40aa000 nmethod 155 0x00007fb8c10a37d0 code [0x00007fb8c10a3900, 0x00007fb8c10a3958]
Event: 4,461 Thread 0x00007fb8c40aa000  156             org.duckdns.spacedock.upengine.libupsystem.Perso::getBlessuresGraves (8 bytes)
Event: 4,461 Thread 0x00007fb8c40ad000 nmethod 154 0x00007fb8c10b0bd0 code [0x00007fb8c10b0d00, 0x00007fb8c10b0d58]
Event: 4,461 Thread 0x00007fb8c40ad000  157             org.duckdns.spacedock.upengine.libupsystem.CoupleJauge::getRemplissage_interne (5 bytes)
Event: 4,462 Thread 0x00007fb8c40ad000 nmethod 157 0x00007fb8c10a35d0 code [0x00007fb8c10a3700, 0x00007fb8c10a3758]
Event: 4,462 Thread 0x00007fb8c40aa000 nmethod 156 0x00007fb8c10a3390 code [0x00007fb8c10a34c0, 0x00007fb8c10a3538]

GC Heap History (10 events):
Event: 3,248 GC heap after
Heap after GC invocations=6 (full 0):
 PSYoungGen      total 56832K, used 1296K [0x00000000eea80000, 0x00000000f2480000, 0x0000000100000000)
  eden space 55296K, 0% used [0x00000000eea80000,0x00000000eea80000,0x00000000f2080000)
  from space 1536K, 84% used [0x00000000f2300000,0x00000000f2444040,0x00000000f2480000)
  to   space 2048K, 0% used [0x00000000f2080000,0x00000000f2080000,0x00000000f2280000)
 ParOldGen       total 35328K, used 77K [0x00000000cc000000, 0x00000000ce280000, 0x00000000eea80000)
  object space 35328K, 0% used [0x00000000cc000000,0x00000000cc013688,0x00000000ce280000)
 PSPermGen       total 21504K, used 7279K [0x00000000c1a00000, 0x00000000c2f00000, 0x00000000cc000000)
  object space 21504K, 33% used [0x00000000c1a00000,0x00000000c211bfe0,0x00000000c2f00000)
}
Event: 3,408 GC heap before
{Heap before GC invocations=7 (full 0):
 PSYoungGen      total 56832K, used 56592K [0x00000000eea80000, 0x00000000f2480000, 0x0000000100000000)
  eden space 55296K, 100% used [0x00000000eea80000,0x00000000f2080000,0x00000000f2080000)
  from space 1536K, 84% used [0x00000000f2300000,0x00000000f2444040,0x00000000f2480000)
  to   space 2048K, 0% used [0x00000000f2080000,0x00000000f2080000,0x00000000f2280000)
 ParOldGen       total 35328K, used 77K [0x00000000cc000000, 0x00000000ce280000, 0x00000000eea80000)
  object space 35328K, 0% used [0x00000000cc000000,0x00000000cc013688,0x00000000ce280000)
 PSPermGen       total 21504K, used 7281K [0x00000000c1a00000, 0x00000000c2f00000, 0x00000000cc000000)
  object space 21504K, 33% used [0x00000000c1a00000,0x00000000c211c6c8,0x00000000c2f00000)
Event: 3,415 GC heap after
Heap after GC invocations=7 (full 0):
 PSYoungGen      total 57344K, used 128K [0x00000000eea80000, 0x00000000f5b80000, 0x0000000100000000)
  eden space 55296K, 0% used [0x00000000eea80000,0x00000000eea80000,0x00000000f2080000)
  from space 2048K, 6% used [0x00000000f2080000,0x00000000f20a0000,0x00000000f2280000)
  to   space 2560K, 0% used [0x00000000f5900000,0x00000000f5900000,0x00000000f5b80000)
 ParOldGen       total 35328K, used 1355K [0x00000000cc000000, 0x00000000ce280000, 0x00000000eea80000)
  object space 35328K, 3% used [0x00000000cc000000,0x00000000cc152dd8,0x00000000ce280000)
 PSPermGen       total 21504K, used 7281K [0x00000000c1a00000, 0x00000000c2f00000, 0x00000000cc000000)
  object space 21504K, 33% used [0x00000000c1a00000,0x00000000c211c6c8,0x00000000c2f00000)
}
Event: 3,557 GC heap before
{Heap before GC invocations=8 (full 0):
 PSYoungGen      total 57344K, used 55424K [0x00000000eea80000, 0x00000000f5b80000, 0x0000000100000000)
  eden space 55296K, 100% used [0x00000000eea80000,0x00000000f2080000,0x00000000f2080000)
  from space 2048K, 6% used [0x00000000f2080000,0x00000000f20a0000,0x00000000f2280000)
  to   space 2560K, 0% used [0x00000000f5900000,0x00000000f5900000,0x00000000f5b80000)
 ParOldGen       total 35328K, used 1355K [0x00000000cc000000, 0x00000000ce280000, 0x00000000eea80000)
  object space 35328K, 3% used [0x00000000cc000000,0x00000000cc152dd8,0x00000000ce280000)
 PSPermGen       total 21504K, used 7293K [0x00000000c1a00000, 0x00000000c2f00000, 0x00000000cc000000)
  object space 21504K, 33% used [0x00000000c1a00000,0x00000000c211f740,0x00000000c2f00000)
Event: 3,562 GC heap after
Heap after GC invocations=8 (full 0):
 PSYoungGen      total 113152K, used 128K [0x00000000eea80000, 0x00000000f5b80000, 0x0000000100000000)
  eden space 110592K, 0% used [0x00000000eea80000,0x00000000eea80000,0x00000000f5680000)
  from space 2560K, 5% used [0x00000000f5900000,0x00000000f5920000,0x00000000f5b80000)
  to   space 2560K, 0% used [0x00000000f5680000,0x00000000f5680000,0x00000000f5900000)
 ParOldGen       total 35328K, used 1363K [0x00000000cc000000, 0x00000000ce280000, 0x00000000eea80000)
  object space 35328K, 3% used [0x00000000cc000000,0x00000000cc154dd8,0x00000000ce280000)
 PSPermGen       total 21504K, used 7293K [0x00000000c1a00000, 0x00000000c2f00000, 0x00000000cc000000)
  object space 21504K, 33% used [0x00000000c1a00000,0x00000000c211f740,0x00000000c2f00000)
}
Event: 3,907 GC heap before
{Heap before GC invocations=9 (full 0):
 PSYoungGen      total 113152K, used 110720K [0x00000000eea80000, 0x00000000f5b80000, 0x0000000100000000)
  eden space 110592K, 100% used [0x00000000eea80000,0x00000000f5680000,0x00000000f5680000)
  from space 2560K, 5% used [0x00000000f5900000,0x00000000f5920000,0x00000000f5b80000)
  to   space 2560K, 0% used [0x00000000f5680000,0x00000000f5680000,0x00000000f5900000)
 ParOldGen       total 35328K, used 1363K [0x00000000cc000000, 0x00000000ce280000, 0x00000000eea80000)
  object space 35328K, 3% used [0x00000000cc000000,0x00000000cc154dd8,0x00000000ce280000)
 PSPermGen       total 21504K, used 7293K [0x00000000c1a00000, 0x00000000c2f00000, 0x00000000cc000000)
  object space 21504K, 33% used [0x00000000c1a00000,0x00000000c211f740,0x00000000c2f00000)
Event: 3,909 GC heap after
Heap after GC invocations=9 (full 0):
 PSYoungGen      total 113152K, used 128K [0x00000000eea80000, 0x00000000f9c80000, 0x0000000100000000)
  eden space 110592K, 0% used [0x00000000eea80000,0x00000000eea80000,0x00000000f5680000)
  from space 2560K, 5% used [0x00000000f5680000,0x00000000f56a0000,0x00000000f5900000)
  to   space 2560K, 0% used [0x00000000f9a00000,0x00000000f9a00000,0x00000000f9c80000)
 ParOldGen       total 35328K, used 1379K [0x00000000cc000000, 0x00000000ce280000, 0x00000000eea80000)
  object space 35328K, 3% used [0x00000000cc000000,0x00000000cc158dd8,0x00000000ce280000)
 PSPermGen       total 21504K, used 7293K [0x00000000c1a00000, 0x00000000c2f00000, 0x00000000cc000000)
  object space 21504K, 33% used [0x00000000c1a00000,0x00000000c211f740,0x00000000c2f00000)
}
Event: 4,183 GC heap before
{Heap before GC invocations=10 (full 0):
 PSYoungGen      total 113152K, used 110720K [0x00000000eea80000, 0x00000000f9c80000, 0x0000000100000000)
  eden space 110592K, 100% used [0x00000000eea80000,0x00000000f5680000,0x00000000f5680000)
  from space 2560K, 5% used [0x00000000f5680000,0x00000000f56a0000,0x00000000f5900000)
  to   space 2560K, 0% used [0x00000000f9a00000,0x00000000f9a00000,0x00000000f9c80000)
 ParOldGen       total 35328K, used 1379K [0x00000000cc000000, 0x00000000ce280000, 0x00000000eea80000)
  object space 35328K, 3% used [0x00000000cc000000,0x00000000cc158dd8,0x00000000ce280000)
 PSPermGen       total 21504K, used 7293K [0x00000000c1a00000, 0x00000000c2f00000, 0x00000000cc000000)
  object space 21504K, 33% used [0x00000000c1a00000,0x00000000c211f740,0x00000000c2f00000)
Event: 4,198 GC heap after
Heap after GC invocations=10 (full 0):
 PSYoungGen      total 179712K, used 128K [0x00000000eea80000, 0x00000000f9c80000, 0x0000000100000000)
  eden space 177152K, 0% used [0x00000000eea80000,0x00000000eea80000,0x00000000f9780000)
  from space 2560K, 5% used [0x00000000f9a00000,0x00000000f9a20000,0x00000000f9c80000)
  to   space 2560K, 0% used [0x00000000f9780000,0x00000000f9780000,0x00000000f9a00000)
 ParOldGen       total 35328K, used 1387K [0x00000000cc000000, 0x00000000ce280000, 0x00000000eea80000)
  object space 35328K, 3% used [0x00000000cc000000,0x00000000cc15add8,0x00000000ce280000)
 PSPermGen       total 21504K, used 7293K [0x00000000c1a00000, 0x00000000c2f00000, 0x00000000cc000000)
  object space 21504K, 33% used [0x00000000c1a00000,0x00000000c211f740,0x00000000c2f00000)
}
Event: 4,694 GC heap before
{Heap before GC invocations=11 (full 0):
 PSYoungGen      total 179712K, used 177280K [0x00000000eea80000, 0x00000000f9c80000, 0x0000000100000000)
  eden space 177152K, 100% used [0x00000000eea80000,0x00000000f9780000,0x00000000f9780000)
  from space 2560K, 5% used [0x00000000f9a00000,0x00000000f9a20000,0x00000000f9c80000)
  to   space 2560K, 0% used [0x00000000f9780000,0x00000000f9780000,0x00000000f9a00000)
 ParOldGen       total 35328K, used 1387K [0x00000000cc000000, 0x00000000ce280000, 0x00000000eea80000)
  object space 35328K, 3% used [0x00000000cc000000,0x00000000cc15add8,0x00000000ce280000)
 PSPermGen       total 21504K, used 7294K [0x00000000c1a00000, 0x00000000c2f00000, 0x00000000cc000000)
  object space 21504K, 33% used [0x00000000c1a00000,0x00000000c211fa58,0x00000000c2f00000)

Deoptimization events (6 events):
Event: 0,536 Thread 0x00007fb8c400a800 Uncommon trap: reason=unstable_if action=reinterpret pc=0x00007fb8c1060834 method=java.lang.String.indexOf(II)I @ 49
Event: 0,726 Thread 0x00007fb8c400a800 Uncommon trap: reason=class_check action=maybe_recompile pc=0x00007fb8c105fd80 method=java.util.Properties$LineReader.readLine()I @ 62
Event: 0,728 Thread 0x00007fb8c400a800 Uncommon trap: reason=unstable_if action=reinterpret pc=0x00007fb8c105fc48 method=java.util.Properties$LineReader.readLine()I @ 263
Event: 0,834 Thread 0x00007fb8c400a800 Uncommon trap: reason=unstable_if action=reinterpret pc=0x00007fb8c1065130 method=java.lang.String.indexOf([CII[CIII)I @ 123
Event: 1,430 Thread 0x00007fb8c400a800 Uncommon trap: reason=unstable_if action=reinterpret pc=0x00007fb8c106b3c4 method=java.util.Properties$LineReader.readLine()I @ 369
Event: 1,773 Thread 0x00007fb8c400a800 Uncommon trap: reason=unstable_if action=reinterpret pc=0x00007fb8c106c5ec method=sun.net.www.ParseUtil.encodePath(Ljava/lang/String;Z)Ljava/lang/String; @ 109

Internal exceptions (10 events):
Event: 1,984 Thread 0x00007fb8c400a800 Threw 0x00000000ef12b968 at /build/openjdk-7-fqDl7t/openjdk-7-7u121-2.6.8/build/openjdk/hotspot/src/share/vm/prims/jvm.cpp:1322
Event: 1,988 Thread 0x00007fb8c400a800 Threw 0x00000000ef12f498 at /build/openjdk-7-fqDl7t/openjdk-7-7u121-2.6.8/build/openjdk/hotspot/src/share/vm/prims/jvm.cpp:1322
Event: 2,074 Thread 0x00007fb8c400a800 Threw 0x00000000ef15b8e0 at /build/openjdk-7-fqDl7t/openjdk-7-7u121-2.6.8/build/openjdk/hotspot/src/share/vm/prims/jvm.cpp:1322
Event: 2,080 Thread 0x00007fb8c400a800 Threw 0x00000000ef160df8 at /build/openjdk-7-fqDl7t/openjdk-7-7u121-2.6.8/build/openjdk/hotspot/src/share/vm/prims/jvm.cpp:1322
Event: 2,083 Thread 0x00007fb8c400a800 Threw 0x00000000ef164cb0 at /build/openjdk-7-fqDl7t/openjdk-7-7u121-2.6.8/build/openjdk/hotspot/src/share/vm/prims/jvm.cpp:1322
Event: 2,086 Thread 0x00007fb8c400a800 Threw 0x00000000ef169938 at /build/openjdk-7-fqDl7t/openjdk-7-7u121-2.6.8/build/openjdk/hotspot/src/share/vm/prims/jvm.cpp:1322
Event: 2,105 Thread 0x00007fb8c400a800 Threw 0x00000000ef189400 at /build/openjdk-7-fqDl7t/openjdk-7-7u121-2.6.8/build/openjdk/hotspot/src/share/vm/prims/jvm.cpp:1322
Event: 2,113 Thread 0x00007fb8c400a800 Threw 0x00000000ef19cca0 at /build/openjdk-7-fqDl7t/openjdk-7-7u121-2.6.8/build/openjdk/hotspot/src/share/vm/prims/jvm.cpp:1322
Event: 2,116 Thread 0x00007fb8c400a800 Threw 0x00000000ef1a0130 at /build/openjdk-7-fqDl7t/openjdk-7-7u121-2.6.8/build/openjdk/hotspot/src/share/vm/prims/jvm.cpp:1322
Event: 2,127 Thread 0x00007fb8c400a800 Threw 0x00000000ef1a3e18 at /build/openjdk-7-fqDl7t/openjdk-7-7u121-2.6.8/build/openjdk/hotspot/src/share/vm/prims/jvm.cpp:1322

Events (10 events):
Event: 3,562 Executing VM operation: ParallelGCFailedAllocation done
Event: 3,907 Executing VM operation: ParallelGCFailedAllocation
Event: 3,909 Executing VM operation: ParallelGCFailedAllocation done
Event: 4,183 Executing VM operation: ParallelGCFailedAllocation
Event: 4,198 Executing VM operation: ParallelGCFailedAllocation done
Event: 4,339 loading class 0x00007fb8c91d3320
Event: 4,339 loading class 0x00007fb8c91d3320 done
Event: 4,370 Executing VM operation: EnableBiasedLocking
Event: 4,371 Executing VM operation: EnableBiasedLocking done
Event: 4,693 Executing VM operation: ParallelGCFailedAllocation


Dynamic libraries:
00400000-00401000 r-xp 00000000 08:01 3155548                            /usr/lib/jvm/java-7-openjdk-amd64/jre/bin/java
00600000-00601000 r--p 00000000 08:01 3155548                            /usr/lib/jvm/java-7-openjdk-amd64/jre/bin/java
00601000-00602000 rw-p 00001000 08:01 3155548                            /usr/lib/jvm/java-7-openjdk-amd64/jre/bin/java
0129b000-012bc000 rw-p 00000000 00:00 0                                  [heap]
c1a00000-c2f00000 rw-p 00000000 00:00 0 
c2f00000-cc000000 rw-p 00000000 00:00 0 
cc000000-ce280000 rw-p 00000000 00:00 0 
ce280000-eea80000 rw-p 00000000 00:00 0 
eea80000-f9c80000 rw-p 00000000 00:00 0 
7fb88c000000-7fb88c021000 rw-p 00000000 00:00 0 
7fb88c021000-7fb890000000 ---p 00000000 00:00 0 
7fb890000000-7fb890021000 rw-p 00000000 00:00 0 
7fb890021000-7fb894000000 ---p 00000000 00:00 0 
7fb894000000-7fb894458000 rw-p 00000000 00:00 0 
7fb894458000-7fb898000000 ---p 00000000 00:00 0 
7fb898000000-7fb8983ca000 rw-p 00000000 00:00 0 
7fb8983ca000-7fb89c000000 ---p 00000000 00:00 0 
7fb89c000000-7fb89c021000 rw-p 00000000 00:00 0 
7fb89c021000-7fb8a0000000 ---p 00000000 00:00 0 
7fb8a0000000-7fb8a0021000 rw-p 00000000 00:00 0 
7fb8a0021000-7fb8a4000000 ---p 00000000 00:00 0 
7fb8a4000000-7fb8a4021000 rw-p 00000000 00:00 0 
7fb8a4021000-7fb8a8000000 ---p 00000000 00:00 0 
7fb8a8000000-7fb8a8021000 rw-p 00000000 00:00 0 
7fb8a8021000-7fb8ac000000 ---p 00000000 00:00 0 
7fb8ac000000-7fb8ac021000 rw-p 00000000 00:00 0 
7fb8ac021000-7fb8b0000000 ---p 00000000 00:00 0 
7fb8b0000000-7fb8b0021000 rw-p 00000000 00:00 0 
7fb8b0021000-7fb8b4000000 ---p 00000000 00:00 0 
7fb8b4000000-7fb8b4021000 rw-p 00000000 00:00 0 
7fb8b4021000-7fb8b8000000 ---p 00000000 00:00 0 
7fb8b871f000-7fb8b8750000 rw-p 00000000 00:00 0 
7fb8b8750000-7fb8b878d000 r-xp 00000000 08:01 2756625                    /lib/x86_64-linux-gnu/libpcre.so.3.13.1
7fb8b878d000-7fb8b898c000 ---p 0003d000 08:01 2756625                    /lib/x86_64-linux-gnu/libpcre.so.3.13.1
7fb8b898c000-7fb8b898d000 r--p 0003c000 08:01 2756625                    /lib/x86_64-linux-gnu/libpcre.so.3.13.1
7fb8b898d000-7fb8b898e000 rw-p 0003d000 08:01 2756625                    /lib/x86_64-linux-gnu/libpcre.so.3.13.1
7fb8b898e000-7fb8b8995000 r-xp 00000000 08:01 3146096                    /usr/lib/x86_64-linux-gnu/libffi.so.6.0.1
7fb8b8995000-7fb8b8b94000 ---p 00007000 08:01 3146096                    /usr/lib/x86_64-linux-gnu/libffi.so.6.0.1
7fb8b8b94000-7fb8b8b95000 r--p 00006000 08:01 3146096                    /usr/lib/x86_64-linux-gnu/libffi.so.6.0.1
7fb8b8b95000-7fb8b8b96000 rw-p 00007000 08:01 3146096                    /usr/lib/x86_64-linux-gnu/libffi.so.6.0.1
7fb8b8b96000-7fb8b8bad000 r-xp 00000000 08:01 2752516                    /lib/x86_64-linux-gnu/libresolv-2.19.so
7fb8b8bad000-7fb8b8dad000 ---p 00017000 08:01 2752516                    /lib/x86_64-linux-gnu/libresolv-2.19.so
7fb8b8dad000-7fb8b8dae000 r--p 00017000 08:01 2752516                    /lib/x86_64-linux-gnu/libresolv-2.19.so
7fb8b8dae000-7fb8b8daf000 rw-p 00018000 08:01 2752516                    /lib/x86_64-linux-gnu/libresolv-2.19.so
7fb8b8daf000-7fb8b8db1000 rw-p 00000000 00:00 0 
7fb8b8db1000-7fb8b8dd1000 r-xp 00000000 08:01 2756767                    /lib/x86_64-linux-gnu/libselinux.so.1
7fb8b8dd1000-7fb8b8fd0000 ---p 00020000 08:01 2756767                    /lib/x86_64-linux-gnu/libselinux.so.1
7fb8b8fd0000-7fb8b8fd1000 r--p 0001f000 08:01 2756767                    /lib/x86_64-linux-gnu/libselinux.so.1
7fb8b8fd1000-7fb8b8fd2000 rw-p 00020000 08:01 2756767                    /lib/x86_64-linux-gnu/libselinux.so.1
7fb8b8fd2000-7fb8b8fd4000 rw-p 00000000 00:00 0 
7fb8b8fd4000-7fb8b8fd7000 r-xp 00000000 08:01 3153259                    /usr/lib/x86_64-linux-gnu/libgmodule-2.0.so.0.4002.0
7fb8b8fd7000-7fb8b91d6000 ---p 00003000 08:01 3153259                    /usr/lib/x86_64-linux-gnu/libgmodule-2.0.so.0.4002.0
7fb8b91d6000-7fb8b91d7000 r--p 00002000 08:01 3153259                    /usr/lib/x86_64-linux-gnu/libgmodule-2.0.so.0.4002.0
7fb8b91d7000-7fb8b91d8000 rw-p 00003000 08:01 3153259                    /usr/lib/x86_64-linux-gnu/libgmodule-2.0.so.0.4002.0
7fb8b91d8000-7fb8b92de000 r-xp 00000000 08:01 2756673                    /lib/x86_64-linux-gnu/libglib-2.0.so.0.4002.0
7fb8b92de000-7fb8b94dd000 ---p 00106000 08:01 2756673                    /lib/x86_64-linux-gnu/libglib-2.0.so.0.4002.0
7fb8b94dd000-7fb8b94de000 r--p 00105000 08:01 2756673                    /lib/x86_64-linux-gnu/libglib-2.0.so.0.4002.0
7fb8b94de000-7fb8b94df000 rw-p 00106000 08:01 2756673                    /lib/x86_64-linux-gnu/libglib-2.0.so.0.4002.0
7fb8b94df000-7fb8b94e0000 rw-p 00000000 00:00 0 
7fb8b94e0000-7fb8b952f000 r-xp 00000000 08:01 3153275                    /usr/lib/x86_64-linux-gnu/libgobject-2.0.so.0.4002.0
7fb8b952f000-7fb8b972f000 ---p 0004f000 08:01 3153275                    /usr/lib/x86_64-linux-gnu/libgobject-2.0.so.0.4002.0
7fb8b972f000-7fb8b9730000 r--p 0004f000 08:01 3153275                    /usr/lib/x86_64-linux-gnu/libgobject-2.0.so.0.4002.0
7fb8b9730000-7fb8b9731000 rw-p 00050000 08:01 3153275                    /usr/lib/x86_64-linux-gnu/libgobject-2.0.so.0.4002.0
7fb8b9731000-7fb8b989d000 r-xp 00000000 08:01 3153245                    /usr/lib/x86_64-linux-gnu/libgio-2.0.so.0.4002.0
7fb8b989d000-7fb8b9a9c000 ---p 0016c000 08:01 3153245                    /usr/lib/x86_64-linux-gnu/libgio-2.0.so.0.4002.0
7fb8b9a9c000-7fb8b9aa0000 r--p 0016b000 08:01 3153245                    /usr/lib/x86_64-linux-gnu/libgio-2.0.so.0.4002.0
7fb8b9aa0000-7fb8b9aa2000 rw-p 0016f000 08:01 3153245                    /usr/lib/x86_64-linux-gnu/libgio-2.0.so.0.4002.0
7fb8b9aa2000-7fb8b9aa4000 rw-p 00000000 00:00 0 
7fb8b9aa4000-7fb8b9abb000 r-xp 00000000 08:01 3155475                    /usr/lib/jvm/java-7-openjdk-amd64/jre/lib/amd64/libnet.so
7fb8b9abb000-7fb8b9cba000 ---p 00017000 08:01 3155475                    /usr/lib/jvm/java-7-openjdk-amd64/jre/lib/amd64/libnet.so
7fb8b9cba000-7fb8b9cbb000 r--p 00016000 08:01 3155475                    /usr/lib/jvm/java-7-openjdk-amd64/jre/lib/amd64/libnet.so
7fb8b9cbb000-7fb8b9cbc000 rw-p 00017000 08:01 3155475                    /usr/lib/jvm/java-7-openjdk-amd64/jre/lib/amd64/libnet.so
7fb8b9cbc000-7fb8b9ccc000 r-xp 00000000 08:01 3152632                    /usr/lib/jvm/java-7-openjdk-amd64/jre/lib/amd64/libnio.so
7fb8b9ccc000-7fb8b9ecc000 ---p 00010000 08:01 3152632                    /usr/lib/jvm/java-7-openjdk-amd64/jre/lib/amd64/libnio.so
7fb8b9ecc000-7fb8b9ecd000 r--p 00010000 08:01 3152632                    /usr/lib/jvm/java-7-openjdk-amd64/jre/lib/amd64/libnio.so
7fb8b9ecd000-7fb8b9ece000 rw-p 00011000 08:01 3152632                    /usr/lib/jvm/java-7-openjdk-amd64/jre/lib/amd64/libnio.so
7fb8b9ece000-7fb8b9ecf000 ---p 00000000 00:00 0 
7fb8b9ecf000-7fb8b9fcf000 rw-p 00000000 00:00 0                          [stack:10293]
7fb8b9fcf000-7fb8b9fd2000 ---p 00000000 00:00 0 
7fb8b9fd2000-7fb8bc000000 rw-p 00000000 00:00 0                          [stack:10292]
7fb8bc000000-7fb8bc021000 rw-p 00000000 00:00 0 
7fb8bc021000-7fb8c0000000 ---p 00000000 00:00 0 
7fb8c001d000-7fb8c0020000 ---p 00000000 00:00 0 
7fb8c0020000-7fb8c011e000 rw-p 00000000 00:00 0                          [stack:10291]
7fb8c011e000-7fb8c0121000 ---p 00000000 00:00 0 
7fb8c0121000-7fb8c021f000 rw-p 00000000 00:00 0                          [stack:10290]
7fb8c021f000-7fb8c0222000 ---p 00000000 00:00 0 
7fb8c0222000-7fb8c0320000 rw-p 00000000 00:00 0                          [stack:10289]
7fb8c0320000-7fb8c0bfc000 r--p 00000000 08:01 3148861                    /usr/lib/locale/locale-archive
7fb8c0bfc000-7fb8c0bff000 ---p 00000000 00:00 0 
7fb8c0bff000-7fb8c0cfd000 rw-p 00000000 00:00 0                          [stack:10288]
7fb8c0cfd000-7fb8c0d00000 ---p 00000000 00:00 0 
7fb8c0d00000-7fb8c0dfe000 rw-p 00000000 00:00 0                          [stack:10287]
7fb8c0dfe000-7fb8c0dff000 ---p 00000000 00:00 0 
7fb8c0dff000-7fb8c1000000 rw-p 00000000 00:00 0                          [stack:10286]
7fb8c1000000-7fb8c1270000 rwxp 00000000 00:00 0 
7fb8c1270000-7fb8c423d000 rw-p 00000000 00:00 0 
7fb8c423d000-7fb8c8000000 ---p 00000000 00:00 0 
7fb8c8040000-7fb8c8041000 rw-p 00000000 00:00 0 
7fb8c8041000-7fb8c804b000 r--s 000ae000 08:01 3148563                    /usr/lib/jvm/java-7-openjdk-amd64/jre/lib/resources.jar
7fb8c804b000-7fb8c804d000 r--s 00002000 08:01 1444758                    /home/audreyazura/Documents/Project/Tools/netbeans-8.1/extide/ant/lib/ant-junit4.jar
7fb8c804d000-7fb8c8050000 r--s 0001a000 08:01 1444760                    /home/audreyazura/Documents/Project/Tools/netbeans-8.1/extide/ant/lib/ant-junit.jar
7fb8c8050000-7fb8c806e000 r--s 001c8000 08:01 1444773                    /home/audreyazura/Documents/Project/Tools/netbeans-8.1/extide/ant/lib/ant.jar
7fb8c806e000-7fb8c8077000 r--s 00044000 08:01 1449897                    /home/audreyazura/Documents/Project/libupsystem/lib/junit_4/junit-4.12.jar
7fb8c8077000-7fb8c8f73000 rw-p 00000000 00:00 0 
7fb8c8f73000-7fb8c9126000 r--s 01d49000 08:01 3155504                    /usr/lib/jvm/java-7-openjdk-amd64/jre/lib/rt.jar
7fb8c9126000-7fb8c9412000 rw-p 00000000 00:00 0 
7fb8c9412000-7fb8c9413000 ---p 00000000 00:00 0 
7fb8c9413000-7fb8c9513000 rw-p 00000000 00:00 0                          [stack:10285]
7fb8c9513000-7fb8c9514000 ---p 00000000 00:00 0 
7fb8c9514000-7fb8c9614000 rw-p 00000000 00:00 0                          [stack:10284]
7fb8c9614000-7fb8c9615000 ---p 00000000 00:00 0 
7fb8c9615000-7fb8c9715000 rw-p 00000000 00:00 0                          [stack:10283]
7fb8c9715000-7fb8c9716000 ---p 00000000 00:00 0 
7fb8c9716000-7fb8c9821000 rw-p 00000000 00:00 0                          [stack:10282]
7fb8c9821000-7fb8c9869000 rw-p 00000000 00:00 0 
7fb8c9869000-7fb8c987b000 rw-p 00000000 00:00 0 
7fb8c987b000-7fb8c997f000 rw-p 00000000 00:00 0 
7fb8c997f000-7fb8c998a000 rw-p 00000000 00:00 0 
7fb8c998a000-7fb8c99d2000 rw-p 00000000 00:00 0 
7fb8c99d2000-7fb8c99e4000 rw-p 00000000 00:00 0 
7fb8c99e4000-7fb8c9ae7000 rw-p 00000000 00:00 0 
7fb8c9ae7000-7fb8c9b41000 rw-p 00000000 00:00 0 
7fb8c9b41000-7fb8c9b72000 rw-p 00000000 00:00 0 
7fb8c9b72000-7fb8c9b73000 rw-p 00000000 00:00 0 
7fb8c9b73000-7fb8c9b7b000 r-xp 00000000 08:01 3155066                    /usr/lib/jvm/java-7-openjdk-amd64/jre/lib/amd64/libzip.so
7fb8c9b7b000-7fb8c9d7a000 ---p 00008000 08:01 3155066                    /usr/lib/jvm/java-7-openjdk-amd64/jre/lib/amd64/libzip.so
7fb8c9d7a000-7fb8c9d7b000 r--p 00007000 08:01 3155066                    /usr/lib/jvm/java-7-openjdk-amd64/jre/lib/amd64/libzip.so
7fb8c9d7b000-7fb8c9d7c000 rw-p 00008000 08:01 3155066                    /usr/lib/jvm/java-7-openjdk-amd64/jre/lib/amd64/libzip.so
7fb8c9d7c000-7fb8c9d86000 r-xp 00000000 08:01 2752570                    /lib/x86_64-linux-gnu/libnss_files-2.19.so
7fb8c9d86000-7fb8c9f85000 ---p 0000a000 08:01 2752570                    /lib/x86_64-linux-gnu/libnss_files-2.19.so
7fb8c9f85000-7fb8c9f86000 r--p 00009000 08:01 2752570                    /lib/x86_64-linux-gnu/libnss_files-2.19.so
7fb8c9f86000-7fb8c9f87000 rw-p 0000a000 08:01 2752570                    /lib/x86_64-linux-gnu/libnss_files-2.19.so
7fb8c9f87000-7fb8c9f92000 r-xp 00000000 08:01 2752562                    /lib/x86_64-linux-gnu/libnss_nis-2.19.so
7fb8c9f92000-7fb8ca191000 ---p 0000b000 08:01 2752562                    /lib/x86_64-linux-gnu/libnss_nis-2.19.so
7fb8ca191000-7fb8ca192000 r--p 0000a000 08:01 2752562                    /lib/x86_64-linux-gnu/libnss_nis-2.19.so
7fb8ca192000-7fb8ca193000 rw-p 0000b000 08:01 2752562                    /lib/x86_64-linux-gnu/libnss_nis-2.19.so
7fb8ca193000-7fb8ca1aa000 r-xp 00000000 08:01 2752558                    /lib/x86_64-linux-gnu/libnsl-2.19.so
7fb8ca1aa000-7fb8ca3a9000 ---p 00017000 08:01 2752558                    /lib/x86_64-linux-gnu/libnsl-2.19.so
7fb8ca3a9000-7fb8ca3aa000 r--p 00016000 08:01 2752558                    /lib/x86_64-linux-gnu/libnsl-2.19.so
7fb8ca3aa000-7fb8ca3ab000 rw-p 00017000 08:01 2752558                    /lib/x86_64-linux-gnu/libnsl-2.19.so
7fb8ca3ab000-7fb8ca3ad000 rw-p 00000000 00:00 0 
7fb8ca3ad000-7fb8ca3b6000 r-xp 00000000 08:01 2752557                    /lib/x86_64-linux-gnu/libnss_compat-2.19.so
7fb8ca3b6000-7fb8ca5b5000 ---p 00009000 08:01 2752557                    /lib/x86_64-linux-gnu/libnss_compat-2.19.so
7fb8ca5b5000-7fb8ca5b6000 r--p 00008000 08:01 2752557                    /lib/x86_64-linux-gnu/libnss_compat-2.19.so
7fb8ca5b6000-7fb8ca5b7000 rw-p 00009000 08:01 2752557                    /lib/x86_64-linux-gnu/libnss_compat-2.19.so
7fb8ca5b7000-7fb8ca5e1000 r-xp 00000000 08:01 3152636                    /usr/lib/jvm/java-7-openjdk-amd64/jre/lib/amd64/libjava.so
7fb8ca5e1000-7fb8ca7e1000 ---p 0002a000 08:01 3152636                    /usr/lib/jvm/java-7-openjdk-amd64/jre/lib/amd64/libjava.so
7fb8ca7e1000-7fb8ca7e2000 r--p 0002a000 08:01 3152636                    /usr/lib/jvm/java-7-openjdk-amd64/jre/lib/amd64/libjava.so
7fb8ca7e2000-7fb8ca7e4000 rw-p 0002b000 08:01 3152636                    /usr/lib/jvm/java-7-openjdk-amd64/jre/lib/amd64/libjava.so
7fb8ca7e4000-7fb8ca7f4000 r-xp 00000000 08:01 3155494                    /usr/lib/jvm/java-7-openjdk-amd64/jre/lib/amd64/libverify.so
7fb8ca7f4000-7fb8ca9f3000 ---p 00010000 08:01 3155494                    /usr/lib/jvm/java-7-openjdk-amd64/jre/lib/amd64/libverify.so
7fb8ca9f3000-7fb8ca9f5000 r--p 0000f000 08:01 3155494                    /usr/lib/jvm/java-7-openjdk-amd64/jre/lib/amd64/libverify.so
7fb8ca9f5000-7fb8ca9f6000 rw-p 00011000 08:01 3155494                    /usr/lib/jvm/java-7-openjdk-amd64/jre/lib/amd64/libverify.so
7fb8ca9f6000-7fb8ca9fd000 r-xp 00000000 08:01 2752566                    /lib/x86_64-linux-gnu/librt-2.19.so
7fb8ca9fd000-7fb8cabfc000 ---p 00007000 08:01 2752566                    /lib/x86_64-linux-gnu/librt-2.19.so
7fb8cabfc000-7fb8cabfd000 r--p 00006000 08:01 2752566                    /lib/x86_64-linux-gnu/librt-2.19.so
7fb8cabfd000-7fb8cabfe000 rw-p 00007000 08:01 2752566                    /lib/x86_64-linux-gnu/librt-2.19.so
7fb8cabfe000-7fb8cac14000 r-xp 00000000 08:01 2756650                    /lib/x86_64-linux-gnu/libgcc_s.so.1
7fb8cac14000-7fb8cae13000 ---p 00016000 08:01 2756650                    /lib/x86_64-linux-gnu/libgcc_s.so.1
7fb8cae13000-7fb8cae14000 rw-p 00015000 08:01 2756650                    /lib/x86_64-linux-gnu/libgcc_s.so.1
7fb8cae14000-7fb8caf19000 r-xp 00000000 08:01 2752530                    /lib/x86_64-linux-gnu/libm-2.19.so
7fb8caf19000-7fb8cb118000 ---p 00105000 08:01 2752530                    /lib/x86_64-linux-gnu/libm-2.19.so
7fb8cb118000-7fb8cb119000 r--p 00104000 08:01 2752530                    /lib/x86_64-linux-gnu/libm-2.19.so
7fb8cb119000-7fb8cb11a000 rw-p 00105000 08:01 2752530                    /lib/x86_64-linux-gnu/libm-2.19.so
7fb8cb11a000-7fb8cb220000 r-xp 00000000 08:01 3147884                    /usr/lib/x86_64-linux-gnu/libstdc++.so.6.0.22
7fb8cb220000-7fb8cb41f000 ---p 00106000 08:01 3147884                    /usr/lib/x86_64-linux-gnu/libstdc++.so.6.0.22
7fb8cb41f000-7fb8cb427000 r--p 00105000 08:01 3147884                    /usr/lib/x86_64-linux-gnu/libstdc++.so.6.0.22
7fb8cb427000-7fb8cb429000 rw-p 0010d000 08:01 3147884                    /usr/lib/x86_64-linux-gnu/libstdc++.so.6.0.22
7fb8cb429000-7fb8cb42c000 rw-p 00000000 00:00 0 
7fb8cb42c000-7fb8cbf5a000 r-xp 00000000 08:01 3154760                    /usr/lib/jvm/java-7-openjdk-amd64/jre/lib/amd64/server/libjvm.so
7fb8cbf5a000-7fb8cc15a000 ---p 00b2e000 08:01 3154760                    /usr/lib/jvm/java-7-openjdk-amd64/jre/lib/amd64/server/libjvm.so
7fb8cc15a000-7fb8cc1f4000 r--p 00b2e000 08:01 3154760                    /usr/lib/jvm/java-7-openjdk-amd64/jre/lib/amd64/server/libjvm.so
7fb8cc1f4000-7fb8cc217000 rw-p 00bc8000 08:01 3154760                    /usr/lib/jvm/java-7-openjdk-amd64/jre/lib/amd64/server/libjvm.so
7fb8cc217000-7fb8cc246000 rw-p 00000000 00:00 0 
7fb8cc246000-7fb8cc25e000 r-xp 00000000 08:01 2756797                    /lib/x86_64-linux-gnu/libz.so.1.2.8
7fb8cc25e000-7fb8cc45d000 ---p 00018000 08:01 2756797                    /lib/x86_64-linux-gnu/libz.so.1.2.8
7fb8cc45d000-7fb8cc45e000 r--p 00017000 08:01 2756797                    /lib/x86_64-linux-gnu/libz.so.1.2.8
7fb8cc45e000-7fb8cc45f000 rw-p 00018000 08:01 2756797                    /lib/x86_64-linux-gnu/libz.so.1.2.8
7fb8cc45f000-7fb8cc478000 r-xp 00000000 08:01 2752559                    /lib/x86_64-linux-gnu/libpthread-2.19.so
7fb8cc478000-7fb8cc677000 ---p 00019000 08:01 2752559                    /lib/x86_64-linux-gnu/libpthread-2.19.so
7fb8cc677000-7fb8cc678000 r--p 00018000 08:01 2752559                    /lib/x86_64-linux-gnu/libpthread-2.19.so
7fb8cc678000-7fb8cc679000 rw-p 00019000 08:01 2752559                    /lib/x86_64-linux-gnu/libpthread-2.19.so
7fb8cc679000-7fb8cc67d000 rw-p 00000000 00:00 0 
7fb8cc67d000-7fb8cc680000 r-xp 00000000 08:01 2752539                    /lib/x86_64-linux-gnu/libdl-2.19.so
7fb8cc680000-7fb8cc87f000 ---p 00003000 08:01 2752539                    /lib/x86_64-linux-gnu/libdl-2.19.so
7fb8cc87f000-7fb8cc880000 r--p 00002000 08:01 2752539                    /lib/x86_64-linux-gnu/libdl-2.19.so
7fb8cc880000-7fb8cc881000 rw-p 00003000 08:01 2752539                    /lib/x86_64-linux-gnu/libdl-2.19.so
7fb8cc881000-7fb8cca3b000 r-xp 00000000 08:01 2752567                    /lib/x86_64-linux-gnu/libc-2.19.so
7fb8cca3b000-7fb8ccc3b000 ---p 001ba000 08:01 2752567                    /lib/x86_64-linux-gnu/libc-2.19.so
7fb8ccc3b000-7fb8ccc3f000 r--p 001ba000 08:01 2752567                    /lib/x86_64-linux-gnu/libc-2.19.so
7fb8ccc3f000-7fb8ccc41000 rw-p 001be000 08:01 2752567                    /lib/x86_64-linux-gnu/libc-2.19.so
7fb8ccc41000-7fb8ccc46000 rw-p 00000000 00:00 0 
7fb8ccc46000-7fb8ccc53000 r-xp 00000000 08:01 3152640                    /usr/lib/jvm/java-7-openjdk-amd64/jre/lib/amd64/jli/libjli.so
7fb8ccc53000-7fb8cce52000 ---p 0000d000 08:01 3152640                    /usr/lib/jvm/java-7-openjdk-amd64/jre/lib/amd64/jli/libjli.so
7fb8cce52000-7fb8cce53000 r--p 0000c000 08:01 3152640                    /usr/lib/jvm/java-7-openjdk-amd64/jre/lib/amd64/jli/libjli.so
7fb8cce53000-7fb8cce54000 rw-p 0000d000 08:01 3152640                    /usr/lib/jvm/java-7-openjdk-amd64/jre/lib/amd64/jli/libjli.so
7fb8cce54000-7fb8cce77000 r-xp 00000000 08:01 2752560                    /lib/x86_64-linux-gnu/ld-2.19.so
7fb8cce77000-7fb8cce79000 r--s 00009000 08:01 1449889                    /home/audreyazura/Documents/Project/libupsystem/lib/hamcrest/hamcrest-core-1.3.jar
7fb8cce79000-7fb8cce7c000 r--s 00013000 08:01 1449179                    /home/audreyazura/Documents/Project/libupsystem/lib/commonutils.portable1-0.jar
7fb8cce7c000-7fb8cce7f000 r--s 0003d000 08:01 3152622                    /usr/lib/jvm/java-7-openjdk-amd64/jre/lib/ext/sunpkcs11.jar
7fb8cce7f000-7fb8cce9d000 rw-p 00000000 00:00 0 
7fb8cce9d000-7fb8ccf53000 rw-p 00000000 00:00 0 
7fb8ccf53000-7fb8ccf56000 ---p 00000000 00:00 0 
7fb8ccf56000-7fb8cd059000 rw-p 00000000 00:00 0                          [stack:10281]
7fb8cd059000-7fb8cd05a000 r--s 00004000 08:01 1444752                    /home/audreyazura/Documents/Project/Tools/netbeans-8.1/extide/ant/lib/ant-launcher.jar
7fb8cd05a000-7fb8cd05e000 r--s 00085000 08:01 3152619                    /usr/lib/jvm/java-7-openjdk-amd64/jre/lib/ext/localedata.jar
7fb8cd05e000-7fb8cd05f000 r--s 00002000 08:01 3152621                    /usr/lib/jvm/java-7-openjdk-amd64/jre/lib/ext/dnsns.jar
7fb8cd05f000-7fb8cd061000 r--s 00006000 08:01 3283851                    /usr/share/java/java-atk-wrapper.jar
7fb8cd061000-7fb8cd063000 r--s 00012000 08:01 3152620                    /usr/lib/jvm/java-7-openjdk-amd64/jre/lib/ext/zipfs.jar
7fb8cd063000-7fb8cd066000 r--s 0000f000 08:01 3152623                    /usr/lib/jvm/java-7-openjdk-amd64/jre/lib/ext/icedtea-sound.jar
7fb8cd066000-7fb8cd06a000 r--s 00034000 08:01 3152618                    /usr/lib/jvm/java-7-openjdk-amd64/jre/lib/ext/sunjce_provider.jar
7fb8cd06a000-7fb8cd072000 rw-s 00000000 08:01 1835123                    /tmp/hsperfdata_audreyazura/10278
7fb8cd072000-7fb8cd073000 rw-p 00000000 00:00 0 
7fb8cd073000-7fb8cd074000 ---p 00000000 00:00 0 
7fb8cd074000-7fb8cd076000 rw-p 00000000 00:00 0 
7fb8cd076000-7fb8cd077000 r--p 00022000 08:01 2752560                    /lib/x86_64-linux-gnu/ld-2.19.so
7fb8cd077000-7fb8cd078000 rw-p 00023000 08:01 2752560                    /lib/x86_64-linux-gnu/ld-2.19.so
7fb8cd078000-7fb8cd079000 rw-p 00000000 00:00 0 
7ffcd73df000-7ffcd7400000 rw-p 00000000 00:00 0                          [stack]
7ffcd7588000-7ffcd758a000 r-xp 00000000 00:00 0                          [vdso]
7ffcd758a000-7ffcd758c000 r--p 00000000 00:00 0                          [vvar]
ffffffffff600000-ffffffffff601000 r-xp 00000000 00:00 0                  [vsyscall]

VM Arguments:
jvm_args: -ea 
java_command: org.apache.tools.ant.taskdefs.optional.junit.JUnitTestRunner org.duckdns.spacedock.upengine.libupsystem.PersoStatDegatsLourdsTest skipNonTests=false filtertrace=true haltOnError=false haltOnFailure=false showoutput=true outputtoformatters=true logfailedtests=true threadid=0 logtestlistenerevents=true formatter=org.apache.tools.ant.taskdefs.optional.junit.BriefJUnitResultFormatter formatter=org.apache.tools.ant.taskdefs.optional.junit.XMLJUnitResultFormatter,/home/audreyazura/Documents/Project/libupsystem/build/test/results/TEST-org.duckdns.spacedock.upengine.libupsystem.PersoStatDegatsLourdsTest.xml crashfile=/home/audreyazura/Documents/Project/libupsystem/build/junitvmwatcher2256973370628021720.properties propsfile=/home/audreyazura/Documents/Project/libupsystem/build/junit1062511866493434176.properties
Launcher Type: SUN_STANDARD

Environment Variables:
JAVA_HOME=/usr/lib/jvm/java-7-openjdk-amd64
PATH=/usr/local/sbin:/usr/local/bin:/usr/sbin:/usr/bin:/sbin:/bin:/usr/games:/usr/local/games:/usr/lib/jvm/java-7-openjdk-amd64/bin:/home/audreyazura/Documents/Project/Tools/netbeans-8.1/extide/ant/bin
LD_LIBRARY_PATH=/usr/lib/jvm/java-7-openjdk-amd64/jre/lib/amd64:/usr/lib/jvm/java-7-openjdk-amd64/jre/lib/i386:
SHELL=/bin/bash
DISPLAY=:0

Signal Handlers:
SIGSEGV: [libjvm.so+0x95e460], sa_mask[0]=0x7ffbfeff, sa_flags=0x10000004
SIGBUS: [libjvm.so+0x95e460], sa_mask[0]=0x7ffbfeff, sa_flags=0x10000004
SIGFPE: [libjvm.so+0x7d2030], sa_mask[0]=0x7ffbfeff, sa_flags=0x10000004
SIGPIPE: [libjvm.so+0x7d2030], sa_mask[0]=0x7ffbfeff, sa_flags=0x10000004
SIGXFSZ: [libjvm.so+0x7d2030], sa_mask[0]=0x7ffbfeff, sa_flags=0x10000004
SIGILL: [libjvm.so+0x7d2030], sa_mask[0]=0x7ffbfeff, sa_flags=0x10000004
SIGUSR1: SIG_DFL, sa_mask[0]=0x00000000, sa_flags=0x00000000
SIGUSR2: [libjvm.so+0x7d2160], sa_mask[0]=0x00000004, sa_flags=0x10000004
SIGHUP: [libjvm.so+0x7d20b0], sa_mask[0]=0x7ffbfeff, sa_flags=0x10000004
SIGINT: SIG_IGN, sa_mask[0]=0x00000000, sa_flags=0x00000000
SIGTERM: [libjvm.so+0x7d20b0], sa_mask[0]=0x7ffbfeff, sa_flags=0x10000004
SIGQUIT: [libjvm.so+0x7d20b0], sa_mask[0]=0x7ffbfeff, sa_flags=0x10000004
SIGTRAP: SIG_DFL, sa_mask[0]=0x00000000, sa_flags=0x00000000


---------------  S Y S T E M  ---------------

OS:Peppermint 6 (trusty)
uname:Linux 3.16.0-77-generic #99~14.04.1-Ubuntu SMP Tue Jun 28 19:17:10 UTC 2016 x86_64
libc:glibc 2.19 NPTL 2.19 
rlimit: STACK 8192k, CORE 0k, NPROC 13224, NOFILE 4096, AS infinity
load average:1,20 0,86 0,77

/proc/meminfo:
MemTotal:        3407836 kB
MemFree:          104692 kB
MemAvailable:      60612 kB
Buffers:             368 kB
Cached:            88384 kB
SwapCached:            0 kB
Active:          3032028 kB
Inactive:          66232 kB
Active(anon):    3013096 kB
Inactive(anon):    48976 kB
Active(file):      18932 kB
Inactive(file):    17256 kB
Unevictable:          64 kB
Mlocked:              64 kB
SwapTotal:             0 kB
SwapFree:              0 kB
Dirty:               264 kB
Writeback:             0 kB
AnonPages:       3010300 kB
Mapped:            86384 kB
Shmem:             51884 kB
Slab:              76932 kB
SReclaimable:      44572 kB
SUnreclaim:        32360 kB
KernelStack:       10192 kB
PageTables:        31944 kB
NFS_Unstable:          0 kB
Bounce:                0 kB
WritebackTmp:          0 kB
CommitLimit:     1703916 kB
Committed_AS:    5699476 kB
VmallocTotal:   34359738367 kB
VmallocUsed:      291412 kB
VmallocChunk:   34359394656 kB
HardwareCorrupted:     0 kB
AnonHugePages:   1992704 kB
HugePages_Total:       0
HugePages_Free:        0
HugePages_Rsvd:        0
HugePages_Surp:        0
Hugepagesize:       2048 kB
DirectMap4k:      138324 kB
DirectMap2M:     3473408 kB
DirectMap1G:           0 kB


CPU:total 4 (4 cores per cpu, 1 threads per core) family 22 model 0 stepping 1, cmov, cx8, fxsr, mmx, sse, sse2, sse3, ssse3, sse4.1, sse4.2, popcnt, avx, aes, mmxext, 3dnowpref, lzcnt, sse4a, tsc, tscinvbit, tscinv

/proc/cpuinfo:
processor	: 0
vendor_id	: AuthenticAMD
cpu family	: 22
model		: 0
model name	: Quad-Core Processor (up to 1.4GHz)
stepping	: 1
microcode	: 0x7000106
cpu MHz		: 1000.000
cache size	: 2048 KB
physical id	: 0
siblings	: 4
core id		: 0
cpu cores	: 4
apicid		: 0
initial apicid	: 0
fpu		: yes
fpu_exception	: yes
cpuid level	: 13
wp		: yes
flags		: fpu vme de pse tsc msr pae mce cx8 apic sep mtrr pge mca cmov pat pse36 clflush mmx fxsr sse sse2 ht syscall nx mmxext fxsr_opt pdpe1gb rdtscp lm constant_tsc rep_good nopl nonstop_tsc extd_apicid aperfmperf eagerfpu pni pclmulqdq monitor ssse3 cx16 sse4_1 sse4_2 movbe popcnt aes xsave avx f16c lahf_lm cmp_legacy svm extapic cr8_legacy abm sse4a misalignsse 3dnowprefetch osvw ibs skinit wdt topoext perfctr_nb perfctr_l2 arat cpb xsaveopt hw_pstate proc_feedback npt lbrv svm_lock nrip_save tsc_scale flushbyasid decodeassists pausefilter pfthreshold vmmcall bmi1
bogomips	: 1996.25
TLB size	: 1024 4K pages
clflush size	: 64
cache_alignment	: 64
address sizes	: 40 bits physical, 48 bits virtual
power management: ts ttp tm 100mhzsteps hwpstate cpb [11]

processor	: 1
vendor_id	: AuthenticAMD
cpu family	: 22
model		: 0
model name	: Quad-Core Processor (up to 1.4GHz)             
stepping	: 1
microcode	: 0x7000106
cpu MHz		: 900.000
cache size	: 2048 KB
physical id	: 0
siblings	: 4
core id		: 1
cpu cores	: 4
apicid		: 1
initial apicid	: 1
fpu		: yes
fpu_exception	: yes
cpuid level	: 13
wp		: yes
flags		: fpu vme de pse tsc msr pae mce cx8 apic sep mtrr pge mca cmov pat pse36 clflush mmx fxsr sse sse2 ht syscall nx mmxext fxsr_opt pdpe1gb rdtscp lm constant_tsc rep_good nopl nonstop_tsc extd_apicid aperfmperf eagerfpu pni pclmulqdq monitor ssse3 cx16 sse4_1 sse4_2 movbe popcnt aes xsave avx f16c lahf_lm cmp_legacy svm extapic cr8_legacy abm sse4a misalignsse 3dnowprefetch osvw ibs skinit wdt topoext perfctr_nb perfctr_l2 arat cpb xsaveopt hw_pstate proc_feedback npt lbrv svm_lock nrip_save tsc_scale flushbyasid decodeassists pausefilter pfthreshold vmmcall bmi1
bogomips	: 1996.25
TLB size	: 1024 4K pages
clflush size	: 64
cache_alignment	: 64
address sizes	: 40 bits physical, 48 bits virtual
power management: ts ttp tm 100mhzsteps hwpstate cpb [11]

processor	: 2
vendor_id	: AuthenticAMD
cpu family	: 22
model		: 0
model name	: Quad-Core Processor (up to 1.4GHz)             
stepping	: 1
microcode	: 0x7000106
cpu MHz		: 600.000
cache size	: 2048 KB
physical id	: 0
siblings	: 4
core id		: 2
cpu cores	: 4
apicid		: 2
initial apicid	: 2
fpu		: yes
fpu_exception	: yes
cpuid level	: 13
wp		: yes
flags		: fpu vme de pse tsc msr pae mce cx8 apic sep mtrr pge mca cmov pat pse36 clflush mmx fxsr sse sse2 ht syscall nx mmxext fxsr_opt pdpe1gb rdtscp lm constant_tsc rep_good nopl nonstop_tsc extd_apicid aperfmperf eagerfpu pni pclmulqdq monitor ssse3 cx16 sse4_1 sse4_2 movbe popcnt aes xsave avx f16c lahf_lm cmp_legacy svm extapic cr8_legacy abm sse4a misalignsse 3dnowprefetch osvw ibs skinit wdt topoext perfctr_nb perfctr_l2 arat cpb xsaveopt hw_pstate proc_feedback npt lbrv svm_lock nrip_save tsc_scale flushbyasid decodeassists pausefilter pfthreshold vmmcall bmi1
bogomips	: 1996.25
TLB size	: 1024 4K pages
clflush size	: 64
cache_alignment	: 64
address sizes	: 40 bits physical, 48 bits virtual
power management: ts ttp tm 100mhzsteps hwpstate cpb [11]

processor	: 3
vendor_id	: AuthenticAMD
cpu family	: 22
model		: 0
model name	: Quad-Core Processor (up to 1.4GHz)             
stepping	: 1
microcode	: 0x7000106
cpu MHz		: 1000.000
cache size	: 2048 KB
physical id	: 0
siblings	: 4
core id		: 3
cpu cores	: 4
apicid		: 3
initial apicid	: 3
fpu		: yes
fpu_exception	: yes
cpuid level	: 13
wp		: yes
flags		: fpu vme de pse tsc msr pae mce cx8 apic sep mtrr pge mca cmov pat pse36 clflush mmx fxsr sse sse2 ht syscall nx mmxext fxsr_opt pdpe1gb rdtscp lm constant_tsc rep_good nopl nonstop_tsc extd_apicid aperfmperf eagerfpu pni pclmulqdq monitor ssse3 cx16 sse4_1 sse4_2 movbe popcnt aes xsave avx f16c lahf_lm cmp_legacy svm extapic cr8_legacy abm sse4a misalignsse 3dnowprefetch osvw ibs skinit wdt topoext perfctr_nb perfctr_l2 arat cpb xsaveopt hw_pstate proc_feedback npt lbrv svm_lock nrip_save tsc_scale flushbyasid decodeassists pausefilter pfthreshold vmmcall bmi1
bogomips	: 1996.25
TLB size	: 1024 4K pages
clflush size	: 64
cache_alignment	: 64
address sizes	: 40 bits physical, 48 bits virtual
power management: ts ttp tm 100mhzsteps hwpstate cpb [11]



Memory: 4k page, physical 3407836k(104960k free), swap 0k(0k free)

vm_info: OpenJDK 64-Bit Server VM (24.121-b00) for linux-amd64 JRE (1.7.0_121-b00), built on Feb  7 2017 18:45:58 by "buildd" with gcc 4.8.4

time: Sat Mar 11 21:46:40 2017
elapsed time: 4 seconds

