#
# There is insufficient memory for the Java Runtime Environment to continue.
# Native memory allocation (malloc) failed to allocate 57671680 bytes for committing reserved memory.
# Possible reasons:
#   The system is out of physical RAM or swap space
#   In 32 bit mode, the process size limit was hit
# Possible solutions:
#   Reduce memory load on the system
#   Increase physical memory or swap space
#   Check if swap backing store is full
#   Use 64 bit Java on a 64 bit OS
#   Decrease Java heap size (-Xmx/-Xms)
#   Decrease number of Java threads
#   Decrease Java thread stack sizes (-Xss)
#   Set larger code cache with -XX:ReservedCodeCacheSize=
# This output file may be truncated or incomplete.
#
#  Out of Memory Error (os_linux.cpp:2827), pid=7319, tid=140356246771456
#
# JRE version: OpenJDK Runtime Environment (7.0_121) (build 1.7.0_121-b00)
# Java VM: OpenJDK 64-Bit Server VM (24.121-b00 mixed mode linux-amd64 compressed oops)
# Derivative: IcedTea 2.6.8
# Distribution: Ubuntu 14.04 LTS, package 7u121-2.6.8-1ubuntu0.14.04.3
# Failed to write core dump. Core dumps have been disabled. To enable core dumping, try "ulimit -c unlimited" before starting Java again
#

---------------  T H R E A D  ---------------

Current thread (0x00007fa740076000):  VMThread [stack: 0x00007fa73c2b1000,0x00007fa73c3b2000] [id=7327]

Stack: [0x00007fa73c2b1000,0x00007fa73c3b2000],  sp=0x00007fa73c3b0490,  free space=1021k
Native frames: (J=compiled Java code, j=interpreted, Vv=VM code, C=native code)
V  [libjvm.so+0x95d975]
V  [libjvm.so+0x497ad4]
V  [libjvm.so+0x7d6a6b]
V  [libjvm.so+0x7d142f]
V  [libjvm.so+0x84672b]
V  [libjvm.so+0x8475a0]
V  [libjvm.so+0x847c8b]
V  [libjvm.so+0x843678]
V  [libjvm.so+0x843ee8]
V  [libjvm.so+0x7f9583]
V  [libjvm.so+0x95f384]
V  [libjvm.so+0x963487]
V  [libjvm.so+0x961f48]
V  [libjvm.so+0x9623a9]
V  [libjvm.so+0x9627f2]
V  [libjvm.so+0x7d3862]

VM_Operation (0x00007fa7484a78a0): ParallelGCFailedAllocation, mode: safepoint, requested by thread 0x00007fa74000a800


---------------  P R O C E S S  ---------------

Java Threads: ( => current thread )
  0x00007fa7400af800 JavaThread "Service Thread" daemon [_thread_blocked, id=7333, stack(0x00007fa7353f0000,0x00007fa7354f1000)]
  0x00007fa7400ad800 JavaThread "C2 CompilerThread1" daemon [_thread_blocked, id=7332, stack(0x00007fa7354f1000,0x00007fa7355f2000)]
  0x00007fa7400aa800 JavaThread "C2 CompilerThread0" daemon [_thread_blocked, id=7331, stack(0x00007fa7355f2000,0x00007fa7356f3000)]
  0x00007fa7400a8000 JavaThread "Signal Dispatcher" daemon [_thread_blocked, id=7330, stack(0x00007fa7356f3000,0x00007fa7357f4000)]
  0x00007fa74007c800 JavaThread "Finalizer" daemon [_thread_blocked, id=7329, stack(0x00007fa73c0af000,0x00007fa73c1b0000)]
  0x00007fa74007a800 JavaThread "Reference Handler" daemon [_thread_blocked, id=7328, stack(0x00007fa73c1b0000,0x00007fa73c2b1000)]
  0x00007fa74000a800 JavaThread "main" [_thread_blocked, id=7322, stack(0x00007fa7483a9000,0x00007fa7484aa000)]

Other Threads:
=>0x00007fa740076000 VMThread [stack: 0x00007fa73c2b1000,0x00007fa73c3b2000] [id=7327]
  0x00007fa7400ba800 WatcherThread [stack: 0x00007fa7352ef000,0x00007fa7353f0000] [id=7334]

VM state:at safepoint (normal execution)

VM Mutex/Monitor currently owned by a thread:  ([mutex/lock_event])
[0x00007fa740006f80] Threads_lock - owner thread: 0x00007fa740076000
[0x00007fa740007480] Heap_lock - owner thread: 0x00007fa74000a800

Heap
 PSYoungGen      total 57344K, used 96K [0x00000000eea80000, 0x00000000f2480000, 0x0000000100000000)
  eden space 55296K, 0% used [0x00000000eea80000,0x00000000eea80000,0x00000000f2080000)
  from space 2048K, 4% used [0x00000000f2080000,0x00000000f2098000,0x00000000f2280000)
  to   space 1536K, 0% used [0x00000000f2300000,0x00000000f2300000,0x00000000f2480000)
 ParOldGen       total 35328K, used 1375K [0x00000000cc000000, 0x00000000ce280000, 0x00000000eea80000)
  object space 35328K, 3% used [0x00000000cc000000,0x00000000cc157d88,0x00000000ce280000)
 PSPermGen       total 21504K, used 7281K [0x00000000c1a00000, 0x00000000c2f00000, 0x00000000cc000000)
  object space 21504K, 33% used [0x00000000c1a00000,0x00000000c211c790,0x00000000c2f00000)

Card table byte_map: [0x00007fa744dd5000,0x00007fa744fc9000] byte_map_base: 0x00007fa7447c8000

Polling page: 0x00007fa7484c9000

Code Cache  [0x00007fa73d000000, 0x00007fa73d270000, 0x00007fa740000000)
 total_blobs=372 nmethods=104 adapters=223 free_code_cache=48543Kb largest_free_block=49682496

Compilation events (10 events):
Event: 3,318 Thread 0x00007fa7400ad800  100             org.duckdns.spacedock.upengine.libupsystem.Perso::initJauges (101 bytes)
Event: 3,340 Thread 0x00007fa7400ad800 nmethod 100 0x00007fa73d099d50 code [0x00007fa73d099ee0, 0x00007fa73d09a2d8]
Event: 3,402 Thread 0x00007fa7400aa800  101             org.glassfish.json.JsonArrayBuilderImpl$JsonArrayImpl::getJsonNumber (14 bytes)
Event: 3,402 Thread 0x00007fa7400ad800  102             org.duckdns.spacedock.upengine.libupsystem.Perso::genInit (62 bytes)
Event: 3,407 Thread 0x00007fa7400aa800 nmethod 101 0x00007fa73d099810 code [0x00007fa73d099980, 0x00007fa73d099ad8]
Event: 3,407 Thread 0x00007fa7400aa800  103             java.util.Collections::sort (52 bytes)
Event: 3,470 Thread 0x00007fa7400aa800 nmethod 103 0x00007fa73d097ed0 code [0x00007fa73d098080, 0x00007fa73d098758]
Event: 3,473 Thread 0x00007fa7400aa800  104             org.duckdns.spacedock.upengine.libupsystem.Domaine::setRang (48 bytes)
Event: 3,475 Thread 0x00007fa7400aa800 nmethod 104 0x00007fa73d09aa90 code [0x00007fa73d09abc0, 0x00007fa73d09ac38]
Event: 3,513 Thread 0x00007fa7400ad800 nmethod 102 0x00007fa73d09acd0 code [0x00007fa73d09aec0, 0x00007fa73d09baf0]

GC Heap History (10 events):
Event: 2,536 GC heap after
Heap after GC invocations=2 (full 0):
 PSYoungGen      total 15872K, used 1360K [0x00000000eea80000, 0x00000000f0980000, 0x0000000100000000)
  eden space 13824K, 0% used [0x00000000eea80000,0x00000000eea80000,0x00000000ef800000)
  from space 2048K, 66% used [0x00000000efa00000,0x00000000efb54020,0x00000000efc00000)
  to   space 2048K, 0% used [0x00000000ef800000,0x00000000ef800000,0x00000000efa00000)
 ParOldGen       total 35328K, used 69K [0x00000000cc000000, 0x00000000ce280000, 0x00000000eea80000)
  object space 35328K, 0% used [0x00000000cc000000,0x00000000cc011688,0x00000000ce280000)
 PSPermGen       total 21504K, used 7264K [0x00000000c1a00000, 0x00000000c2f00000, 0x00000000cc000000)
  object space 21504K, 33% used [0x00000000c1a00000,0x00000000c21182d8,0x00000000c2f00000)
}
Event: 2,757 GC heap before
{Heap before GC invocations=3 (full 0):
 PSYoungGen      total 15872K, used 15184K [0x00000000eea80000, 0x00000000f0980000, 0x0000000100000000)
  eden space 13824K, 100% used [0x00000000eea80000,0x00000000ef800000,0x00000000ef800000)
  from space 2048K, 66% used [0x00000000efa00000,0x00000000efb54020,0x00000000efc00000)
  to   space 2048K, 0% used [0x00000000ef800000,0x00000000ef800000,0x00000000efa00000)
 ParOldGen       total 35328K, used 69K [0x00000000cc000000, 0x00000000ce280000, 0x00000000eea80000)
  object space 35328K, 0% used [0x00000000cc000000,0x00000000cc011688,0x00000000ce280000)
 PSPermGen       total 21504K, used 7271K [0x00000000c1a00000, 0x00000000c2f00000, 0x00000000cc000000)
  object space 21504K, 33% used [0x00000000c1a00000,0x00000000c2119cf8,0x00000000c2f00000)
Event: 2,768 GC heap after
Heap after GC invocations=3 (full 0):
 PSYoungGen      total 15872K, used 1376K [0x00000000eea80000, 0x00000000f0980000, 0x0000000100000000)
  eden space 13824K, 0% used [0x00000000eea80000,0x00000000eea80000,0x00000000ef800000)
  from space 2048K, 67% used [0x00000000ef800000,0x00000000ef958030,0x00000000efa00000)
  to   space 2048K, 0% used [0x00000000f0780000,0x00000000f0780000,0x00000000f0980000)
 ParOldGen       total 35328K, used 77K [0x00000000cc000000, 0x00000000ce280000, 0x00000000eea80000)
  object space 35328K, 0% used [0x00000000cc000000,0x00000000cc013688,0x00000000ce280000)
 PSPermGen       total 21504K, used 7271K [0x00000000c1a00000, 0x00000000c2f00000, 0x00000000cc000000)
  object space 21504K, 33% used [0x00000000c1a00000,0x00000000c2119cf8,0x00000000c2f00000)
}
Event: 2,926 GC heap before
{Heap before GC invocations=4 (full 0):
 PSYoungGen      total 15872K, used 15200K [0x00000000eea80000, 0x00000000f0980000, 0x0000000100000000)
  eden space 13824K, 100% used [0x00000000eea80000,0x00000000ef800000,0x00000000ef800000)
  from space 2048K, 67% used [0x00000000ef800000,0x00000000ef958030,0x00000000efa00000)
  to   space 2048K, 0% used [0x00000000f0780000,0x00000000f0780000,0x00000000f0980000)
 ParOldGen       total 35328K, used 77K [0x00000000cc000000, 0x00000000ce280000, 0x00000000eea80000)
  object space 35328K, 0% used [0x00000000cc000000,0x00000000cc013688,0x00000000ce280000)
 PSPermGen       total 21504K, used 7272K [0x00000000c1a00000, 0x00000000c2f00000, 0x00000000cc000000)
  object space 21504K, 33% used [0x00000000c1a00000,0x00000000c211a1e0,0x00000000c2f00000)
Event: 2,937 GC heap after
Heap after GC invocations=4 (full 0):
 PSYoungGen      total 29696K, used 1408K [0x00000000eea80000, 0x00000000f0980000, 0x0000000100000000)
  eden space 27648K, 0% used [0x00000000eea80000,0x00000000eea80000,0x00000000f0580000)
  from space 2048K, 68% used [0x00000000f0780000,0x00000000f08e0030,0x00000000f0980000)
  to   space 2048K, 0% used [0x00000000f0580000,0x00000000f0580000,0x00000000f0780000)
 ParOldGen       total 35328K, used 77K [0x00000000cc000000, 0x00000000ce280000, 0x00000000eea80000)
  object space 35328K, 0% used [0x00000000cc000000,0x00000000cc013688,0x00000000ce280000)
 PSPermGen       total 21504K, used 7272K [0x00000000c1a00000, 0x00000000c2f00000, 0x00000000cc000000)
  object space 21504K, 33% used [0x00000000c1a00000,0x00000000c211a1e0,0x00000000c2f00000)
}
Event: 3,160 GC heap before
{Heap before GC invocations=5 (full 0):
 PSYoungGen      total 29696K, used 29056K [0x00000000eea80000, 0x00000000f0980000, 0x0000000100000000)
  eden space 27648K, 100% used [0x00000000eea80000,0x00000000f0580000,0x00000000f0580000)
  from space 2048K, 68% used [0x00000000f0780000,0x00000000f08e0030,0x00000000f0980000)
  to   space 2048K, 0% used [0x00000000f0580000,0x00000000f0580000,0x00000000f0780000)
 ParOldGen       total 35328K, used 77K [0x00000000cc000000, 0x00000000ce280000, 0x00000000eea80000)
  object space 35328K, 0% used [0x00000000cc000000,0x00000000cc013688,0x00000000ce280000)
 PSPermGen       total 21504K, used 7277K [0x00000000c1a00000, 0x00000000c2f00000, 0x00000000cc000000)
  object space 21504K, 33% used [0x00000000c1a00000,0x00000000c211b698,0x00000000c2f00000)
Event: 3,186 GC heap after
Heap after GC invocations=5 (full 0):
 PSYoungGen      total 29696K, used 1344K [0x00000000eea80000, 0x00000000f2580000, 0x0000000100000000)
  eden space 27648K, 0% used [0x00000000eea80000,0x00000000eea80000,0x00000000f0580000)
  from space 2048K, 65% used [0x00000000f0580000,0x00000000f06d0030,0x00000000f0780000)
  to   space 2560K, 0% used [0x00000000f2300000,0x00000000f2300000,0x00000000f2580000)
 ParOldGen       total 35328K, used 85K [0x00000000cc000000, 0x00000000ce280000, 0x00000000eea80000)
  object space 35328K, 0% used [0x00000000cc000000,0x00000000cc015688,0x00000000ce280000)
 PSPermGen       total 21504K, used 7277K [0x00000000c1a00000, 0x00000000c2f00000, 0x00000000cc000000)
  object space 21504K, 33% used [0x00000000c1a00000,0x00000000c211b698,0x00000000c2f00000)
}
Event: 3,295 GC heap before
{Heap before GC invocations=6 (full 0):
 PSYoungGen      total 29696K, used 28992K [0x00000000eea80000, 0x00000000f2580000, 0x0000000100000000)
  eden space 27648K, 100% used [0x00000000eea80000,0x00000000f0580000,0x00000000f0580000)
  from space 2048K, 65% used [0x00000000f0580000,0x00000000f06d0030,0x00000000f0780000)
  to   space 2560K, 0% used [0x00000000f2300000,0x00000000f2300000,0x00000000f2580000)
 ParOldGen       total 35328K, used 85K [0x00000000cc000000, 0x00000000ce280000, 0x00000000eea80000)
  object space 35328K, 0% used [0x00000000cc000000,0x00000000cc015688,0x00000000ce280000)
 PSPermGen       total 21504K, used 7280K [0x00000000c1a00000, 0x00000000c2f00000, 0x00000000cc000000)
  object space 21504K, 33% used [0x00000000c1a00000,0x00000000c211c0a8,0x00000000c2f00000)
Event: 3,304 GC heap after
Heap after GC invocations=6 (full 0):
 PSYoungGen      total 56832K, used 1360K [0x00000000eea80000, 0x00000000f2480000, 0x0000000100000000)
  eden space 55296K, 0% used [0x00000000eea80000,0x00000000eea80000,0x00000000f2080000)
  from space 1536K, 88% used [0x00000000f2300000,0x00000000f2454020,0x00000000f2480000)
  to   space 2048K, 0% used [0x00000000f2080000,0x00000000f2080000,0x00000000f2280000)
 ParOldGen       total 35328K, used 93K [0x00000000cc000000, 0x00000000ce280000, 0x00000000eea80000)
  object space 35328K, 0% used [0x00000000cc000000,0x00000000cc017688,0x00000000ce280000)
 PSPermGen       total 21504K, used 7280K [0x00000000c1a00000, 0x00000000c2f00000, 0x00000000cc000000)
  object space 21504K, 33% used [0x00000000c1a00000,0x00000000c211c0a8,0x00000000c2f00000)
}
Event: 3,611 GC heap before
{Heap before GC invocations=7 (full 0):
 PSYoungGen      total 56832K, used 56656K [0x00000000eea80000, 0x00000000f2480000, 0x0000000100000000)
  eden space 55296K, 100% used [0x00000000eea80000,0x00000000f2080000,0x00000000f2080000)
  from space 1536K, 88% used [0x00000000f2300000,0x00000000f2454020,0x00000000f2480000)
  to   space 2048K, 0% used [0x00000000f2080000,0x00000000f2080000,0x00000000f2280000)
 ParOldGen       total 35328K, used 93K [0x00000000cc000000, 0x00000000ce280000, 0x00000000eea80000)
  object space 35328K, 0% used [0x00000000cc000000,0x00000000cc017688,0x00000000ce280000)
 PSPermGen       total 21504K, used 7281K [0x00000000c1a00000, 0x00000000c2f00000, 0x00000000cc000000)
  object space 21504K, 33% used [0x00000000c1a00000,0x00000000c211c790,0x00000000c2f00000)

Deoptimization events (6 events):
Event: 0,486 Thread 0x00007fa74000a800 Uncommon trap: reason=unstable_if action=reinterpret pc=0x00007fa73d060574 method=java.lang.String.indexOf(II)I @ 49
Event: 0,663 Thread 0x00007fa74000a800 Uncommon trap: reason=class_check action=maybe_recompile pc=0x00007fa73d063074 method=java.util.Properties$LineReader.readLine()I @ 62
Event: 0,665 Thread 0x00007fa74000a800 Uncommon trap: reason=unstable_if action=reinterpret pc=0x00007fa73d062f3c method=java.util.Properties$LineReader.readLine()I @ 263
Event: 0,747 Thread 0x00007fa74000a800 Uncommon trap: reason=unstable_if action=reinterpret pc=0x00007fa73d064370 method=java.lang.String.indexOf([CII[CIII)I @ 123
Event: 1,319 Thread 0x00007fa74000a800 Uncommon trap: reason=unstable_if action=reinterpret pc=0x00007fa73d067c20 method=java.util.Properties$LineReader.readLine()I @ 369
Event: 1,688 Thread 0x00007fa74000a800 Uncommon trap: reason=unstable_if action=reinterpret pc=0x00007fa73d06b5ec method=sun.net.www.ParseUtil.encodePath(Ljava/lang/String;Z)Ljava/lang/String; @ 109

Internal exceptions (10 events):
Event: 1,858 Thread 0x00007fa74000a800 Threw 0x00000000ef12bbf8 at /build/openjdk-7-fqDl7t/openjdk-7-7u121-2.6.8/build/openjdk/hotspot/src/share/vm/prims/jvm.cpp:1322
Event: 1,862 Thread 0x00007fa74000a800 Threw 0x00000000ef12f728 at /build/openjdk-7-fqDl7t/openjdk-7-7u121-2.6.8/build/openjdk/hotspot/src/share/vm/prims/jvm.cpp:1322
Event: 1,942 Thread 0x00007fa74000a800 Threw 0x00000000ef15bb88 at /build/openjdk-7-fqDl7t/openjdk-7-7u121-2.6.8/build/openjdk/hotspot/src/share/vm/prims/jvm.cpp:1322
Event: 1,950 Thread 0x00007fa74000a800 Threw 0x00000000ef160aa0 at /build/openjdk-7-fqDl7t/openjdk-7-7u121-2.6.8/build/openjdk/hotspot/src/share/vm/prims/jvm.cpp:1322
Event: 1,954 Thread 0x00007fa74000a800 Threw 0x00000000ef164958 at /build/openjdk-7-fqDl7t/openjdk-7-7u121-2.6.8/build/openjdk/hotspot/src/share/vm/prims/jvm.cpp:1322
Event: 1,957 Thread 0x00007fa74000a800 Threw 0x00000000ef1695e0 at /build/openjdk-7-fqDl7t/openjdk-7-7u121-2.6.8/build/openjdk/hotspot/src/share/vm/prims/jvm.cpp:1322
Event: 1,980 Thread 0x00007fa74000a800 Threw 0x00000000ef1890a8 at /build/openjdk-7-fqDl7t/openjdk-7-7u121-2.6.8/build/openjdk/hotspot/src/share/vm/prims/jvm.cpp:1322
Event: 1,992 Thread 0x00007fa74000a800 Threw 0x00000000ef19c948 at /build/openjdk-7-fqDl7t/openjdk-7-7u121-2.6.8/build/openjdk/hotspot/src/share/vm/prims/jvm.cpp:1322
Event: 1,996 Thread 0x00007fa74000a800 Threw 0x00000000ef19fe30 at /build/openjdk-7-fqDl7t/openjdk-7-7u121-2.6.8/build/openjdk/hotspot/src/share/vm/prims/jvm.cpp:1322
Event: 2,009 Thread 0x00007fa74000a800 Threw 0x00000000ef1a3aa0 at /build/openjdk-7-fqDl7t/openjdk-7-7u121-2.6.8/build/openjdk/hotspot/src/share/vm/prims/jvm.cpp:1322

Events (10 events):
Event: 2,768 Executing VM operation: ParallelGCFailedAllocation done
Event: 2,834 loading class 0x00007fa744644d30
Event: 2,839 loading class 0x00007fa744644d30 done
Event: 2,926 Executing VM operation: ParallelGCFailedAllocation
Event: 2,938 Executing VM operation: ParallelGCFailedAllocation done
Event: 3,160 Executing VM operation: ParallelGCFailedAllocation
Event: 3,186 Executing VM operation: ParallelGCFailedAllocation done
Event: 3,295 Executing VM operation: ParallelGCFailedAllocation
Event: 3,305 Executing VM operation: ParallelGCFailedAllocation done
Event: 3,580 Executing VM operation: ParallelGCFailedAllocation


Dynamic libraries:
00400000-00401000 r-xp 00000000 08:01 3155548                            /usr/lib/jvm/java-7-openjdk-amd64/jre/bin/java
00600000-00601000 r--p 00000000 08:01 3155548                            /usr/lib/jvm/java-7-openjdk-amd64/jre/bin/java
00601000-00602000 rw-p 00001000 08:01 3155548                            /usr/lib/jvm/java-7-openjdk-amd64/jre/bin/java
0125a000-0127b000 rw-p 00000000 00:00 0                                  [heap]
c1a00000-c2f00000 rw-p 00000000 00:00 0 
c2f00000-cc000000 rw-p 00000000 00:00 0 
cc000000-ce280000 rw-p 00000000 00:00 0 
ce280000-eea80000 rw-p 00000000 00:00 0 
eea80000-f2480000 rw-p 00000000 00:00 0 
f5b80000-100000000 rw-p 00000000 00:00 0 
7fa700000000-7fa700021000 rw-p 00000000 00:00 0 
7fa700021000-7fa704000000 ---p 00000000 00:00 0 
7fa708000000-7fa708254000 rw-p 00000000 00:00 0 
7fa708254000-7fa70c000000 ---p 00000000 00:00 0 
7fa70c000000-7fa70c021000 rw-p 00000000 00:00 0 
7fa70c021000-7fa710000000 ---p 00000000 00:00 0 
7fa710000000-7fa710021000 rw-p 00000000 00:00 0 
7fa710021000-7fa714000000 ---p 00000000 00:00 0 
7fa714000000-7fa714654000 rw-p 00000000 00:00 0 
7fa714654000-7fa718000000 ---p 00000000 00:00 0 
7fa718000000-7fa718021000 rw-p 00000000 00:00 0 
7fa718021000-7fa71c000000 ---p 00000000 00:00 0 
7fa71c000000-7fa71c021000 rw-p 00000000 00:00 0 
7fa71c021000-7fa720000000 ---p 00000000 00:00 0 
7fa720000000-7fa720021000 rw-p 00000000 00:00 0 
7fa720021000-7fa724000000 ---p 00000000 00:00 0 
7fa724000000-7fa724021000 rw-p 00000000 00:00 0 
7fa724021000-7fa728000000 ---p 00000000 00:00 0 
7fa728000000-7fa728021000 rw-p 00000000 00:00 0 
7fa728021000-7fa72c000000 ---p 00000000 00:00 0 
7fa72f99f000-7fa72f9dc000 r-xp 00000000 08:01 2756625                    /lib/x86_64-linux-gnu/libpcre.so.3.13.1
7fa72f9dc000-7fa72fbdb000 ---p 0003d000 08:01 2756625                    /lib/x86_64-linux-gnu/libpcre.so.3.13.1
7fa72fbdb000-7fa72fbdc000 r--p 0003c000 08:01 2756625                    /lib/x86_64-linux-gnu/libpcre.so.3.13.1
7fa72fbdc000-7fa72fbdd000 rw-p 0003d000 08:01 2756625                    /lib/x86_64-linux-gnu/libpcre.so.3.13.1
7fa72fbdd000-7fa72fbe4000 r-xp 00000000 08:01 3146096                    /usr/lib/x86_64-linux-gnu/libffi.so.6.0.1
7fa72fbe4000-7fa72fde3000 ---p 00007000 08:01 3146096                    /usr/lib/x86_64-linux-gnu/libffi.so.6.0.1
7fa72fde3000-7fa72fde4000 r--p 00006000 08:01 3146096                    /usr/lib/x86_64-linux-gnu/libffi.so.6.0.1
7fa72fde4000-7fa72fde5000 rw-p 00007000 08:01 3146096                    /usr/lib/x86_64-linux-gnu/libffi.so.6.0.1
7fa72fde5000-7fa72fdfc000 r-xp 00000000 08:01 2752516                    /lib/x86_64-linux-gnu/libresolv-2.19.so
7fa72fdfc000-7fa72fffc000 ---p 00017000 08:01 2752516                    /lib/x86_64-linux-gnu/libresolv-2.19.so
7fa72fffc000-7fa72fffd000 r--p 00017000 08:01 2752516                    /lib/x86_64-linux-gnu/libresolv-2.19.so
7fa72fffd000-7fa72fffe000 rw-p 00018000 08:01 2752516                    /lib/x86_64-linux-gnu/libresolv-2.19.so
7fa72fffe000-7fa730000000 rw-p 00000000 00:00 0 
7fa730000000-7fa730021000 rw-p 00000000 00:00 0 
7fa730021000-7fa734000000 ---p 00000000 00:00 0 
7fa7341d2000-7fa7341f2000 r-xp 00000000 08:01 2756767                    /lib/x86_64-linux-gnu/libselinux.so.1
7fa7341f2000-7fa7343f1000 ---p 00020000 08:01 2756767                    /lib/x86_64-linux-gnu/libselinux.so.1
7fa7343f1000-7fa7343f2000 r--p 0001f000 08:01 2756767                    /lib/x86_64-linux-gnu/libselinux.so.1
7fa7343f2000-7fa7343f3000 rw-p 00020000 08:01 2756767                    /lib/x86_64-linux-gnu/libselinux.so.1
7fa7343f3000-7fa7343f5000 rw-p 00000000 00:00 0 
7fa7343f5000-7fa7343f8000 r-xp 00000000 08:01 3153259                    /usr/lib/x86_64-linux-gnu/libgmodule-2.0.so.0.4002.0
7fa7343f8000-7fa7345f7000 ---p 00003000 08:01 3153259                    /usr/lib/x86_64-linux-gnu/libgmodule-2.0.so.0.4002.0
7fa7345f7000-7fa7345f8000 r--p 00002000 08:01 3153259                    /usr/lib/x86_64-linux-gnu/libgmodule-2.0.so.0.4002.0
7fa7345f8000-7fa7345f9000 rw-p 00003000 08:01 3153259                    /usr/lib/x86_64-linux-gnu/libgmodule-2.0.so.0.4002.0
7fa7345f9000-7fa7346ff000 r-xp 00000000 08:01 2756673                    /lib/x86_64-linux-gnu/libglib-2.0.so.0.4002.0
7fa7346ff000-7fa7348fe000 ---p 00106000 08:01 2756673                    /lib/x86_64-linux-gnu/libglib-2.0.so.0.4002.0
7fa7348fe000-7fa7348ff000 r--p 00105000 08:01 2756673                    /lib/x86_64-linux-gnu/libglib-2.0.so.0.4002.0
7fa7348ff000-7fa734900000 rw-p 00106000 08:01 2756673                    /lib/x86_64-linux-gnu/libglib-2.0.so.0.4002.0
7fa734900000-7fa734901000 rw-p 00000000 00:00 0 
7fa734901000-7fa734950000 r-xp 00000000 08:01 3153275                    /usr/lib/x86_64-linux-gnu/libgobject-2.0.so.0.4002.0
7fa734950000-7fa734b50000 ---p 0004f000 08:01 3153275                    /usr/lib/x86_64-linux-gnu/libgobject-2.0.so.0.4002.0
7fa734b50000-7fa734b51000 r--p 0004f000 08:01 3153275                    /usr/lib/x86_64-linux-gnu/libgobject-2.0.so.0.4002.0
7fa734b51000-7fa734b52000 rw-p 00050000 08:01 3153275                    /usr/lib/x86_64-linux-gnu/libgobject-2.0.so.0.4002.0
7fa734b52000-7fa734cbe000 r-xp 00000000 08:01 3153245                    /usr/lib/x86_64-linux-gnu/libgio-2.0.so.0.4002.0
7fa734cbe000-7fa734ebd000 ---p 0016c000 08:01 3153245                    /usr/lib/x86_64-linux-gnu/libgio-2.0.so.0.4002.0
7fa734ebd000-7fa734ec1000 r--p 0016b000 08:01 3153245                    /usr/lib/x86_64-linux-gnu/libgio-2.0.so.0.4002.0
7fa734ec1000-7fa734ec3000 rw-p 0016f000 08:01 3153245                    /usr/lib/x86_64-linux-gnu/libgio-2.0.so.0.4002.0
7fa734ec3000-7fa734ec5000 rw-p 00000000 00:00 0 
7fa734ec5000-7fa734edc000 r-xp 00000000 08:01 3155475                    /usr/lib/jvm/java-7-openjdk-amd64/jre/lib/amd64/libnet.so
7fa734edc000-7fa7350db000 ---p 00017000 08:01 3155475                    /usr/lib/jvm/java-7-openjdk-amd64/jre/lib/amd64/libnet.so
7fa7350db000-7fa7350dc000 r--p 00016000 08:01 3155475                    /usr/lib/jvm/java-7-openjdk-amd64/jre/lib/amd64/libnet.so
7fa7350dc000-7fa7350dd000 rw-p 00017000 08:01 3155475                    /usr/lib/jvm/java-7-openjdk-amd64/jre/lib/amd64/libnet.so
7fa7350dd000-7fa7350ed000 r-xp 00000000 08:01 3152632                    /usr/lib/jvm/java-7-openjdk-amd64/jre/lib/amd64/libnio.so
7fa7350ed000-7fa7352ed000 ---p 00010000 08:01 3152632                    /usr/lib/jvm/java-7-openjdk-amd64/jre/lib/amd64/libnio.so
7fa7352ed000-7fa7352ee000 r--p 00010000 08:01 3152632                    /usr/lib/jvm/java-7-openjdk-amd64/jre/lib/amd64/libnio.so
7fa7352ee000-7fa7352ef000 rw-p 00011000 08:01 3152632                    /usr/lib/jvm/java-7-openjdk-amd64/jre/lib/amd64/libnio.so
7fa7352ef000-7fa7352f0000 ---p 00000000 00:00 0 
7fa7352f0000-7fa7353f0000 rw-p 00000000 00:00 0                          [stack:7334]
7fa7353f0000-7fa7353f3000 ---p 00000000 00:00 0 
7fa7353f3000-7fa7354f1000 rw-p 00000000 00:00 0                          [stack:7333]
7fa7354f1000-7fa7354f4000 ---p 00000000 00:00 0 
7fa7354f4000-7fa7355f2000 rw-p 00000000 00:00 0                          [stack:7332]
7fa7355f2000-7fa7355f5000 ---p 00000000 00:00 0 
7fa7355f5000-7fa7356f3000 rw-p 00000000 00:00 0                          [stack:7331]
7fa7356f3000-7fa7356f6000 ---p 00000000 00:00 0 
7fa7356f6000-7fa7357f4000 rw-p 00000000 00:00 0                          [stack:7330]
7fa7357f4000-7fa7360d0000 r--p 00000000 08:01 3148861                    /usr/lib/locale/locale-archive
7fa7360d0000-7fa738000000 rw-p 00000000 00:00 0 
7fa738000000-7fa738021000 rw-p 00000000 00:00 0 
7fa738021000-7fa73c000000 ---p 00000000 00:00 0 
7fa73c045000-7fa73c076000 rw-p 00000000 00:00 0 
7fa73c091000-7fa73c0af000 r--s 001c8000 08:01 1444773                    /home/audreyazura/Documents/Project/Tools/netbeans-8.1/extide/ant/lib/ant.jar
7fa73c0af000-7fa73c0b2000 ---p 00000000 00:00 0 
7fa73c0b2000-7fa73c1b0000 rw-p 00000000 00:00 0                          [stack:7329]
7fa73c1b0000-7fa73c1b3000 ---p 00000000 00:00 0 
7fa73c1b3000-7fa73c2b1000 rw-p 00000000 00:00 0                          [stack:7328]
7fa73c2b1000-7fa73c2b2000 ---p 00000000 00:00 0 
7fa73c2b2000-7fa73d000000 rw-p 00000000 00:00 0                          [stack:7327]
7fa73d000000-7fa73d270000 rwxp 00000000 00:00 0 
7fa73d270000-7fa74022d000 rw-p 00000000 00:00 0 
7fa74022d000-7fa744000000 ---p 00000000 00:00 0 
7fa744001000-7fa744002000 rw-p 00000000 00:00 0 
7fa744002000-7fa74400c000 r--s 000ae000 08:01 3148563                    /usr/lib/jvm/java-7-openjdk-amd64/jre/lib/resources.jar
7fa74400c000-7fa74400e000 r--s 00002000 08:01 1444758                    /home/audreyazura/Documents/Project/Tools/netbeans-8.1/extide/ant/lib/ant-junit4.jar
7fa74400e000-7fa744011000 r--s 0001a000 08:01 1444760                    /home/audreyazura/Documents/Project/Tools/netbeans-8.1/extide/ant/lib/ant-junit.jar
7fa744011000-7fa74401a000 r--s 00044000 08:01 1449897                    /home/audreyazura/Documents/Project/libupsystem/lib/junit_4/junit-4.12.jar
7fa74401a000-7fa7443c9000 rw-p 00000000 00:00 0 
7fa7443c9000-7fa74457c000 r--s 01d49000 08:01 3155504                    /usr/lib/jvm/java-7-openjdk-amd64/jre/lib/rt.jar
7fa74457c000-7fa744868000 rw-p 00000000 00:00 0 
7fa744868000-7fa744869000 ---p 00000000 00:00 0 
7fa744869000-7fa744969000 rw-p 00000000 00:00 0                          [stack:7326]
7fa744969000-7fa74496a000 ---p 00000000 00:00 0 
7fa74496a000-7fa744a6a000 rw-p 00000000 00:00 0                          [stack:7325]
7fa744a6a000-7fa744a6b000 ---p 00000000 00:00 0 
7fa744a6b000-7fa744b6b000 rw-p 00000000 00:00 0                          [stack:7324]
7fa744b6b000-7fa744b6c000 ---p 00000000 00:00 0 
7fa744b6c000-7fa744c77000 rw-p 00000000 00:00 0                          [stack:7323]
7fa744c77000-7fa744cbf000 rw-p 00000000 00:00 0 
7fa744cbf000-7fa744cd1000 rw-p 00000000 00:00 0 
7fa744cd1000-7fa744dd5000 rw-p 00000000 00:00 0 
7fa744dd5000-7fa744de0000 rw-p 00000000 00:00 0 
7fa744de0000-7fa744e28000 rw-p 00000000 00:00 0 
7fa744e28000-7fa744e3a000 rw-p 00000000 00:00 0 
7fa744e3a000-7fa744f3d000 rw-p 00000000 00:00 0 
7fa744f3d000-7fa744f5b000 rw-p 00000000 00:00 0 
7fa744f5b000-7fa744fc8000 rw-p 00000000 00:00 0 
7fa744fc8000-7fa744fc9000 rw-p 00000000 00:00 0 
7fa744fc9000-7fa744fd1000 r-xp 00000000 08:01 3155066                    /usr/lib/jvm/java-7-openjdk-amd64/jre/lib/amd64/libzip.so
7fa744fd1000-7fa7451d0000 ---p 00008000 08:01 3155066                    /usr/lib/jvm/java-7-openjdk-amd64/jre/lib/amd64/libzip.so
7fa7451d0000-7fa7451d1000 r--p 00007000 08:01 3155066                    /usr/lib/jvm/java-7-openjdk-amd64/jre/lib/amd64/libzip.so
7fa7451d1000-7fa7451d2000 rw-p 00008000 08:01 3155066                    /usr/lib/jvm/java-7-openjdk-amd64/jre/lib/amd64/libzip.so
7fa7451d2000-7fa7451dc000 r-xp 00000000 08:01 2752570                    /lib/x86_64-linux-gnu/libnss_files-2.19.so
7fa7451dc000-7fa7453db000 ---p 0000a000 08:01 2752570                    /lib/x86_64-linux-gnu/libnss_files-2.19.so
7fa7453db000-7fa7453dc000 r--p 00009000 08:01 2752570                    /lib/x86_64-linux-gnu/libnss_files-2.19.so
7fa7453dc000-7fa7453dd000 rw-p 0000a000 08:01 2752570                    /lib/x86_64-linux-gnu/libnss_files-2.19.so
7fa7453dd000-7fa7453e8000 r-xp 00000000 08:01 2752562                    /lib/x86_64-linux-gnu/libnss_nis-2.19.so
7fa7453e8000-7fa7455e7000 ---p 0000b000 08:01 2752562                    /lib/x86_64-linux-gnu/libnss_nis-2.19.so
7fa7455e7000-7fa7455e8000 r--p 0000a000 08:01 2752562                    /lib/x86_64-linux-gnu/libnss_nis-2.19.so
7fa7455e8000-7fa7455e9000 rw-p 0000b000 08:01 2752562                    /lib/x86_64-linux-gnu/libnss_nis-2.19.so
7fa7455e9000-7fa745600000 r-xp 00000000 08:01 2752558                    /lib/x86_64-linux-gnu/libnsl-2.19.so
7fa745600000-7fa7457ff000 ---p 00017000 08:01 2752558                    /lib/x86_64-linux-gnu/libnsl-2.19.so
7fa7457ff000-7fa745800000 r--p 00016000 08:01 2752558                    /lib/x86_64-linux-gnu/libnsl-2.19.so
7fa745800000-7fa745801000 rw-p 00017000 08:01 2752558                    /lib/x86_64-linux-gnu/libnsl-2.19.so
7fa745801000-7fa745803000 rw-p 00000000 00:00 0 
7fa745803000-7fa74580c000 r-xp 00000000 08:01 2752557                    /lib/x86_64-linux-gnu/libnss_compat-2.19.so
7fa74580c000-7fa745a0b000 ---p 00009000 08:01 2752557                    /lib/x86_64-linux-gnu/libnss_compat-2.19.so
7fa745a0b000-7fa745a0c000 r--p 00008000 08:01 2752557                    /lib/x86_64-linux-gnu/libnss_compat-2.19.so
7fa745a0c000-7fa745a0d000 rw-p 00009000 08:01 2752557                    /lib/x86_64-linux-gnu/libnss_compat-2.19.so
7fa745a0d000-7fa745a37000 r-xp 00000000 08:01 3152636                    /usr/lib/jvm/java-7-openjdk-amd64/jre/lib/amd64/libjava.so
7fa745a37000-7fa745c37000 ---p 0002a000 08:01 3152636                    /usr/lib/jvm/java-7-openjdk-amd64/jre/lib/amd64/libjava.so
7fa745c37000-7fa745c38000 r--p 0002a000 08:01 3152636                    /usr/lib/jvm/java-7-openjdk-amd64/jre/lib/amd64/libjava.so
7fa745c38000-7fa745c3a000 rw-p 0002b000 08:01 3152636                    /usr/lib/jvm/java-7-openjdk-amd64/jre/lib/amd64/libjava.so
7fa745c3a000-7fa745c4a000 r-xp 00000000 08:01 3155494                    /usr/lib/jvm/java-7-openjdk-amd64/jre/lib/amd64/libverify.so
7fa745c4a000-7fa745e49000 ---p 00010000 08:01 3155494                    /usr/lib/jvm/java-7-openjdk-amd64/jre/lib/amd64/libverify.so
7fa745e49000-7fa745e4b000 r--p 0000f000 08:01 3155494                    /usr/lib/jvm/java-7-openjdk-amd64/jre/lib/amd64/libverify.so
7fa745e4b000-7fa745e4c000 rw-p 00011000 08:01 3155494                    /usr/lib/jvm/java-7-openjdk-amd64/jre/lib/amd64/libverify.so
7fa745e4c000-7fa745e53000 r-xp 00000000 08:01 2752566                    /lib/x86_64-linux-gnu/librt-2.19.so
7fa745e53000-7fa746052000 ---p 00007000 08:01 2752566                    /lib/x86_64-linux-gnu/librt-2.19.so
7fa746052000-7fa746053000 r--p 00006000 08:01 2752566                    /lib/x86_64-linux-gnu/librt-2.19.so
7fa746053000-7fa746054000 rw-p 00007000 08:01 2752566                    /lib/x86_64-linux-gnu/librt-2.19.so
7fa746054000-7fa74606a000 r-xp 00000000 08:01 2756650                    /lib/x86_64-linux-gnu/libgcc_s.so.1
7fa74606a000-7fa746269000 ---p 00016000 08:01 2756650                    /lib/x86_64-linux-gnu/libgcc_s.so.1
7fa746269000-7fa74626a000 rw-p 00015000 08:01 2756650                    /lib/x86_64-linux-gnu/libgcc_s.so.1
7fa74626a000-7fa74636f000 r-xp 00000000 08:01 2752530                    /lib/x86_64-linux-gnu/libm-2.19.so
7fa74636f000-7fa74656e000 ---p 00105000 08:01 2752530                    /lib/x86_64-linux-gnu/libm-2.19.so
7fa74656e000-7fa74656f000 r--p 00104000 08:01 2752530                    /lib/x86_64-linux-gnu/libm-2.19.so
7fa74656f000-7fa746570000 rw-p 00105000 08:01 2752530                    /lib/x86_64-linux-gnu/libm-2.19.so
7fa746570000-7fa746676000 r-xp 00000000 08:01 3147884                    /usr/lib/x86_64-linux-gnu/libstdc++.so.6.0.22
7fa746676000-7fa746875000 ---p 00106000 08:01 3147884                    /usr/lib/x86_64-linux-gnu/libstdc++.so.6.0.22
7fa746875000-7fa74687d000 r--p 00105000 08:01 3147884                    /usr/lib/x86_64-linux-gnu/libstdc++.so.6.0.22
7fa74687d000-7fa74687f000 rw-p 0010d000 08:01 3147884                    /usr/lib/x86_64-linux-gnu/libstdc++.so.6.0.22
7fa74687f000-7fa746882000 rw-p 00000000 00:00 0 
7fa746882000-7fa7473b0000 r-xp 00000000 08:01 3154760                    /usr/lib/jvm/java-7-openjdk-amd64/jre/lib/amd64/server/libjvm.so
7fa7473b0000-7fa7475b0000 ---p 00b2e000 08:01 3154760                    /usr/lib/jvm/java-7-openjdk-amd64/jre/lib/amd64/server/libjvm.so
7fa7475b0000-7fa74764a000 r--p 00b2e000 08:01 3154760                    /usr/lib/jvm/java-7-openjdk-amd64/jre/lib/amd64/server/libjvm.so
7fa74764a000-7fa74766d000 rw-p 00bc8000 08:01 3154760                    /usr/lib/jvm/java-7-openjdk-amd64/jre/lib/amd64/server/libjvm.so
7fa74766d000-7fa74769c000 rw-p 00000000 00:00 0 
7fa74769c000-7fa7476b4000 r-xp 00000000 08:01 2756797                    /lib/x86_64-linux-gnu/libz.so.1.2.8
7fa7476b4000-7fa7478b3000 ---p 00018000 08:01 2756797                    /lib/x86_64-linux-gnu/libz.so.1.2.8
7fa7478b3000-7fa7478b4000 r--p 00017000 08:01 2756797                    /lib/x86_64-linux-gnu/libz.so.1.2.8
7fa7478b4000-7fa7478b5000 rw-p 00018000 08:01 2756797                    /lib/x86_64-linux-gnu/libz.so.1.2.8
7fa7478b5000-7fa7478ce000 r-xp 00000000 08:01 2752559                    /lib/x86_64-linux-gnu/libpthread-2.19.so
7fa7478ce000-7fa747acd000 ---p 00019000 08:01 2752559                    /lib/x86_64-linux-gnu/libpthread-2.19.so
7fa747acd000-7fa747ace000 r--p 00018000 08:01 2752559                    /lib/x86_64-linux-gnu/libpthread-2.19.so
7fa747ace000-7fa747acf000 rw-p 00019000 08:01 2752559                    /lib/x86_64-linux-gnu/libpthread-2.19.so
7fa747acf000-7fa747ad3000 rw-p 00000000 00:00 0 
7fa747ad3000-7fa747ad6000 r-xp 00000000 08:01 2752539                    /lib/x86_64-linux-gnu/libdl-2.19.so
7fa747ad6000-7fa747cd5000 ---p 00003000 08:01 2752539                    /lib/x86_64-linux-gnu/libdl-2.19.so
7fa747cd5000-7fa747cd6000 r--p 00002000 08:01 2752539                    /lib/x86_64-linux-gnu/libdl-2.19.so
7fa747cd6000-7fa747cd7000 rw-p 00003000 08:01 2752539                    /lib/x86_64-linux-gnu/libdl-2.19.so
7fa747cd7000-7fa747e91000 r-xp 00000000 08:01 2752567                    /lib/x86_64-linux-gnu/libc-2.19.so
7fa747e91000-7fa748091000 ---p 001ba000 08:01 2752567                    /lib/x86_64-linux-gnu/libc-2.19.so
7fa748091000-7fa748095000 r--p 001ba000 08:01 2752567                    /lib/x86_64-linux-gnu/libc-2.19.so
7fa748095000-7fa748097000 rw-p 001be000 08:01 2752567                    /lib/x86_64-linux-gnu/libc-2.19.so
7fa748097000-7fa74809c000 rw-p 00000000 00:00 0 
7fa74809c000-7fa7480a9000 r-xp 00000000 08:01 3152640                    /usr/lib/jvm/java-7-openjdk-amd64/jre/lib/amd64/jli/libjli.so
7fa7480a9000-7fa7482a8000 ---p 0000d000 08:01 3152640                    /usr/lib/jvm/java-7-openjdk-amd64/jre/lib/amd64/jli/libjli.so
7fa7482a8000-7fa7482a9000 r--p 0000c000 08:01 3152640                    /usr/lib/jvm/java-7-openjdk-amd64/jre/lib/amd64/jli/libjli.so
7fa7482a9000-7fa7482aa000 rw-p 0000d000 08:01 3152640                    /usr/lib/jvm/java-7-openjdk-amd64/jre/lib/amd64/jli/libjli.so
7fa7482aa000-7fa7482cd000 r-xp 00000000 08:01 2752560                    /lib/x86_64-linux-gnu/ld-2.19.so
7fa7482cd000-7fa7482cf000 r--s 00009000 08:01 1449889                    /home/audreyazura/Documents/Project/libupsystem/lib/hamcrest/hamcrest-core-1.3.jar
7fa7482cf000-7fa7482d2000 r--s 00013000 08:01 1449179                    /home/audreyazura/Documents/Project/libupsystem/lib/commonutils.portable1-0.jar
7fa7482d2000-7fa7482d5000 r--s 0003d000 08:01 3152622                    /usr/lib/jvm/java-7-openjdk-amd64/jre/lib/ext/sunpkcs11.jar
7fa7482d5000-7fa7482f3000 rw-p 00000000 00:00 0 
7fa7482f3000-7fa7483a9000 rw-p 00000000 00:00 0 
7fa7483a9000-7fa7483ac000 ---p 00000000 00:00 0 
7fa7483ac000-7fa7484af000 rw-p 00000000 00:00 0                          [stack:7322]
7fa7484af000-7fa7484b0000 r--s 00004000 08:01 1444752                    /home/audreyazura/Documents/Project/Tools/netbeans-8.1/extide/ant/lib/ant-launcher.jar
7fa7484b0000-7fa7484b4000 r--s 00085000 08:01 3152619                    /usr/lib/jvm/java-7-openjdk-amd64/jre/lib/ext/localedata.jar
7fa7484b4000-7fa7484b5000 r--s 00002000 08:01 3152621                    /usr/lib/jvm/java-7-openjdk-amd64/jre/lib/ext/dnsns.jar
7fa7484b5000-7fa7484b7000 r--s 00006000 08:01 3283851                    /usr/share/java/java-atk-wrapper.jar
7fa7484b7000-7fa7484b9000 r--s 00012000 08:01 3152620                    /usr/lib/jvm/java-7-openjdk-amd64/jre/lib/ext/zipfs.jar
7fa7484b9000-7fa7484bc000 r--s 0000f000 08:01 3152623                    /usr/lib/jvm/java-7-openjdk-amd64/jre/lib/ext/icedtea-sound.jar
7fa7484bc000-7fa7484c0000 r--s 00034000 08:01 3152618                    /usr/lib/jvm/java-7-openjdk-amd64/jre/lib/ext/sunjce_provider.jar
7fa7484c0000-7fa7484c8000 rw-s 00000000 08:01 1835249                    /tmp/hsperfdata_audreyazura/7319
7fa7484c8000-7fa7484c9000 rw-p 00000000 00:00 0 
7fa7484c9000-7fa7484ca000 ---p 00000000 00:00 0 
7fa7484ca000-7fa7484cc000 rw-p 00000000 00:00 0 
7fa7484cc000-7fa7484cd000 r--p 00022000 08:01 2752560                    /lib/x86_64-linux-gnu/ld-2.19.so
7fa7484cd000-7fa7484ce000 rw-p 00023000 08:01 2752560                    /lib/x86_64-linux-gnu/ld-2.19.so
7fa7484ce000-7fa7484cf000 rw-p 00000000 00:00 0 
7ffc7fdf6000-7ffc7fe17000 rw-p 00000000 00:00 0                          [stack]
7ffc7fe35000-7ffc7fe37000 r-xp 00000000 00:00 0                          [vdso]
7ffc7fe37000-7ffc7fe39000 r--p 00000000 00:00 0                          [vvar]
ffffffffff600000-ffffffffff601000 r-xp 00000000 00:00 0                  [vsyscall]

VM Arguments:
jvm_args: -ea 
java_command: org.apache.tools.ant.taskdefs.optional.junit.JUnitTestRunner org.duckdns.spacedock.upengine.libupsystem.PersoStatDegatsMoyensTest skipNonTests=false filtertrace=true haltOnError=false haltOnFailure=false showoutput=true outputtoformatters=true logfailedtests=true threadid=0 logtestlistenerevents=true formatter=org.apache.tools.ant.taskdefs.optional.junit.BriefJUnitResultFormatter formatter=org.apache.tools.ant.taskdefs.optional.junit.XMLJUnitResultFormatter,/home/audreyazura/Documents/Project/libupsystem/build/test/results/TEST-org.duckdns.spacedock.upengine.libupsystem.PersoStatDegatsMoyensTest.xml crashfile=/home/audreyazura/Documents/Project/libupsystem/build/junitvmwatcher4239572284568027971.properties propsfile=/home/audreyazura/Documents/Project/libupsystem/build/junit8403170261222058328.properties
Launcher Type: SUN_STANDARD

Environment Variables:
JAVA_HOME=/usr/lib/jvm/java-7-openjdk-amd64
PATH=/usr/local/sbin:/usr/local/bin:/usr/sbin:/usr/bin:/sbin:/bin:/usr/games:/usr/local/games:/usr/lib/jvm/java-7-openjdk-amd64/bin:/home/audreyazura/Documents/Project/Tools/netbeans-8.1/extide/ant/bin
LD_LIBRARY_PATH=/usr/lib/jvm/java-7-openjdk-amd64/jre/lib/amd64:/usr/lib/jvm/java-7-openjdk-amd64/jre/lib/i386:
SHELL=/bin/bash
DISPLAY=:0

Signal Handlers:
SIGSEGV: [libjvm.so+0x95e460], sa_mask[0]=0x7ffbfeff, sa_flags=0x10000004
SIGBUS: [libjvm.so+0x95e460], sa_mask[0]=0x7ffbfeff, sa_flags=0x10000004
SIGFPE: [libjvm.so+0x7d2030], sa_mask[0]=0x7ffbfeff, sa_flags=0x10000004
SIGPIPE: [libjvm.so+0x7d2030], sa_mask[0]=0x7ffbfeff, sa_flags=0x10000004
SIGXFSZ: [libjvm.so+0x7d2030], sa_mask[0]=0x7ffbfeff, sa_flags=0x10000004
SIGILL: [libjvm.so+0x7d2030], sa_mask[0]=0x7ffbfeff, sa_flags=0x10000004
SIGUSR1: SIG_DFL, sa_mask[0]=0x00000000, sa_flags=0x00000000
SIGUSR2: [libjvm.so+0x7d2160], sa_mask[0]=0x00000004, sa_flags=0x10000004
SIGHUP: [libjvm.so+0x7d20b0], sa_mask[0]=0x7ffbfeff, sa_flags=0x10000004
SIGINT: SIG_IGN, sa_mask[0]=0x00000000, sa_flags=0x00000000
SIGTERM: [libjvm.so+0x7d20b0], sa_mask[0]=0x7ffbfeff, sa_flags=0x10000004
SIGQUIT: [libjvm.so+0x7d20b0], sa_mask[0]=0x7ffbfeff, sa_flags=0x10000004
SIGTRAP: SIG_DFL, sa_mask[0]=0x00000000, sa_flags=0x00000000


---------------  S Y S T E M  ---------------

OS:Peppermint 6 (trusty)
uname:Linux 3.16.0-77-generic #99~14.04.1-Ubuntu SMP Tue Jun 28 19:17:10 UTC 2016 x86_64
libc:glibc 2.19 NPTL 2.19 
rlimit: STACK 8192k, CORE 0k, NPROC 13224, NOFILE 4096, AS infinity
load average:2,22 1,24 1,02

/proc/meminfo:
MemTotal:        3407836 kB
MemFree:           90424 kB
MemAvailable:      37296 kB
Buffers:             348 kB
Cached:            74936 kB
SwapCached:            0 kB
Active:          3048036 kB
Inactive:          62616 kB
Active(anon):    3038624 kB
Inactive(anon):    54008 kB
Active(file):       9412 kB
Inactive(file):     8608 kB
Unevictable:          64 kB
Mlocked:              64 kB
SwapTotal:             0 kB
SwapFree:              0 kB
Dirty:               284 kB
Writeback:             0 kB
AnonPages:       3035800 kB
Mapped:            71468 kB
Shmem:             56920 kB
Slab:              77024 kB
SReclaimable:      44644 kB
SUnreclaim:        32380 kB
KernelStack:       10336 kB
PageTables:        32584 kB
NFS_Unstable:          0 kB
Bounce:                0 kB
WritebackTmp:          0 kB
CommitLimit:     1703916 kB
Committed_AS:    5696220 kB
VmallocTotal:   34359738367 kB
VmallocUsed:      291412 kB
VmallocChunk:   34359353784 kB
HardwareCorrupted:     0 kB
AnonHugePages:   1810432 kB
HugePages_Total:       0
HugePages_Free:        0
HugePages_Rsvd:        0
HugePages_Surp:        0
Hugepagesize:       2048 kB
DirectMap4k:      138324 kB
DirectMap2M:     3473408 kB
DirectMap1G:           0 kB


CPU:total 4 (4 cores per cpu, 1 threads per core) family 22 model 0 stepping 1, cmov, cx8, fxsr, mmx, sse, sse2, sse3, ssse3, sse4.1, sse4.2, popcnt, avx, aes, mmxext, 3dnowpref, lzcnt, sse4a, tsc, tscinvbit, tscinv

/proc/cpuinfo:
processor	: 0
vendor_id	: AuthenticAMD
cpu family	: 22
model		: 0
model name	: Quad-Core Processor (up to 1.4GHz)
stepping	: 1
microcode	: 0x7000106
cpu MHz		: 1000.000
cache size	: 2048 KB
physical id	: 0
siblings	: 4
core id		: 0
cpu cores	: 4
apicid		: 0
initial apicid	: 0
fpu		: yes
fpu_exception	: yes
cpuid level	: 13
wp		: yes
flags		: fpu vme de pse tsc msr pae mce cx8 apic sep mtrr pge mca cmov pat pse36 clflush mmx fxsr sse sse2 ht syscall nx mmxext fxsr_opt pdpe1gb rdtscp lm constant_tsc rep_good nopl nonstop_tsc extd_apicid aperfmperf eagerfpu pni pclmulqdq monitor ssse3 cx16 sse4_1 sse4_2 movbe popcnt aes xsave avx f16c lahf_lm cmp_legacy svm extapic cr8_legacy abm sse4a misalignsse 3dnowprefetch osvw ibs skinit wdt topoext perfctr_nb perfctr_l2 arat cpb xsaveopt hw_pstate proc_feedback npt lbrv svm_lock nrip_save tsc_scale flushbyasid decodeassists pausefilter pfthreshold vmmcall bmi1
bogomips	: 1996.25
TLB size	: 1024 4K pages
clflush size	: 64
cache_alignment	: 64
address sizes	: 40 bits physical, 48 bits virtual
power management: ts ttp tm 100mhzsteps hwpstate cpb [11]

processor	: 1
vendor_id	: AuthenticAMD
cpu family	: 22
model		: 0
model name	: Quad-Core Processor (up to 1.4GHz)             
stepping	: 1
microcode	: 0x7000106
cpu MHz		: 1000.000
cache size	: 2048 KB
physical id	: 0
siblings	: 4
core id		: 1
cpu cores	: 4
apicid		: 1
initial apicid	: 1
fpu		: yes
fpu_exception	: yes
cpuid level	: 13
wp		: yes
flags		: fpu vme de pse tsc msr pae mce cx8 apic sep mtrr pge mca cmov pat pse36 clflush mmx fxsr sse sse2 ht syscall nx mmxext fxsr_opt pdpe1gb rdtscp lm constant_tsc rep_good nopl nonstop_tsc extd_apicid aperfmperf eagerfpu pni pclmulqdq monitor ssse3 cx16 sse4_1 sse4_2 movbe popcnt aes xsave avx f16c lahf_lm cmp_legacy svm extapic cr8_legacy abm sse4a misalignsse 3dnowprefetch osvw ibs skinit wdt topoext perfctr_nb perfctr_l2 arat cpb xsaveopt hw_pstate proc_feedback npt lbrv svm_lock nrip_save tsc_scale flushbyasid decodeassists pausefilter pfthreshold vmmcall bmi1
bogomips	: 1996.25
TLB size	: 1024 4K pages
clflush size	: 64
cache_alignment	: 64
address sizes	: 40 bits physical, 48 bits virtual
power management: ts ttp tm 100mhzsteps hwpstate cpb [11]

processor	: 2
vendor_id	: AuthenticAMD
cpu family	: 22
model		: 0
model name	: Quad-Core Processor (up to 1.4GHz)             
stepping	: 1
microcode	: 0x7000106
cpu MHz		: 600.000
cache size	: 2048 KB
physical id	: 0
siblings	: 4
core id		: 2
cpu cores	: 4
apicid		: 2
initial apicid	: 2
fpu		: yes
fpu_exception	: yes
cpuid level	: 13
wp		: yes
flags		: fpu vme de pse tsc msr pae mce cx8 apic sep mtrr pge mca cmov pat pse36 clflush mmx fxsr sse sse2 ht syscall nx mmxext fxsr_opt pdpe1gb rdtscp lm constant_tsc rep_good nopl nonstop_tsc extd_apicid aperfmperf eagerfpu pni pclmulqdq monitor ssse3 cx16 sse4_1 sse4_2 movbe popcnt aes xsave avx f16c lahf_lm cmp_legacy svm extapic cr8_legacy abm sse4a misalignsse 3dnowprefetch osvw ibs skinit wdt topoext perfctr_nb perfctr_l2 arat cpb xsaveopt hw_pstate proc_feedback npt lbrv svm_lock nrip_save tsc_scale flushbyasid decodeassists pausefilter pfthreshold vmmcall bmi1
bogomips	: 1996.25
TLB size	: 1024 4K pages
clflush size	: 64
cache_alignment	: 64
address sizes	: 40 bits physical, 48 bits virtual
power management: ts ttp tm 100mhzsteps hwpstate cpb [11]

processor	: 3
vendor_id	: AuthenticAMD
cpu family	: 22
model		: 0
model name	: Quad-Core Processor (up to 1.4GHz)             
stepping	: 1
microcode	: 0x7000106
cpu MHz		: 600.000
cache size	: 2048 KB
physical id	: 0
siblings	: 4
core id		: 3
cpu cores	: 4
apicid		: 3
initial apicid	: 3
fpu		: yes
fpu_exception	: yes
cpuid level	: 13
wp		: yes
flags		: fpu vme de pse tsc msr pae mce cx8 apic sep mtrr pge mca cmov pat pse36 clflush mmx fxsr sse sse2 ht syscall nx mmxext fxsr_opt pdpe1gb rdtscp lm constant_tsc rep_good nopl nonstop_tsc extd_apicid aperfmperf eagerfpu pni pclmulqdq monitor ssse3 cx16 sse4_1 sse4_2 movbe popcnt aes xsave avx f16c lahf_lm cmp_legacy svm extapic cr8_legacy abm sse4a misalignsse 3dnowprefetch osvw ibs skinit wdt topoext perfctr_nb perfctr_l2 arat cpb xsaveopt hw_pstate proc_feedback npt lbrv svm_lock nrip_save tsc_scale flushbyasid decodeassists pausefilter pfthreshold vmmcall bmi1
bogomips	: 1996.25
TLB size	: 1024 4K pages
clflush size	: 64
cache_alignment	: 64
address sizes	: 40 bits physical, 48 bits virtual
power management: ts ttp tm 100mhzsteps hwpstate cpb [11]



Memory: 4k page, physical 3407836k(91564k free), swap 0k(0k free)

vm_info: OpenJDK 64-Bit Server VM (24.121-b00) for linux-amd64 JRE (1.7.0_121-b00), built on Feb  7 2017 18:45:58 by "buildd" with gcc 4.8.4

time: Sat Mar 11 20:37:57 2017
elapsed time: 3 seconds

