#
# There is insufficient memory for the Java Runtime Environment to continue.
# Native memory allocation (malloc) failed to allocate 68157440 bytes for committing reserved memory.
# Possible reasons:
#   The system is out of physical RAM or swap space
#   In 32 bit mode, the process size limit was hit
# Possible solutions:
#   Reduce memory load on the system
#   Increase physical memory or swap space
#   Check if swap backing store is full
#   Use 64 bit Java on a 64 bit OS
#   Decrease Java heap size (-Xmx/-Xms)
#   Decrease number of Java threads
#   Decrease Java thread stack sizes (-Xss)
#   Set larger code cache with -XX:ReservedCodeCacheSize=
# This output file may be truncated or incomplete.
#
#  Out of Memory Error (os_linux.cpp:2827), pid=6570, tid=140062103693056
#
# JRE version: OpenJDK Runtime Environment (7.0_121) (build 1.7.0_121-b00)
# Java VM: OpenJDK 64-Bit Server VM (24.121-b00 mixed mode linux-amd64 compressed oops)
# Derivative: IcedTea 2.6.8
# Distribution: Ubuntu 14.04 LTS, package 7u121-2.6.8-1ubuntu0.14.04.3
# Failed to write core dump. Core dumps have been disabled. To enable core dumping, try "ulimit -c unlimited" before starting Java again
#

---------------  T H R E A D  ---------------

Current thread (0x00007f62c8076000):  VMThread [stack: 0x00007f62bfdfe000,0x00007f62bfeff000] [id=6578]

Stack: [0x00007f62bfdfe000,0x00007f62bfeff000],  sp=0x00007f62bfefd490,  free space=1021k
Native frames: (J=compiled Java code, j=interpreted, Vv=VM code, C=native code)
V  [libjvm.so+0x95d975]
V  [libjvm.so+0x497ad4]
V  [libjvm.so+0x7d6a6b]
V  [libjvm.so+0x7d142f]
V  [libjvm.so+0x84672b]
V  [libjvm.so+0x8475a0]
V  [libjvm.so+0x847c8b]
V  [libjvm.so+0x843678]
V  [libjvm.so+0x843ee8]
V  [libjvm.so+0x7f9583]
V  [libjvm.so+0x95f384]
V  [libjvm.so+0x963487]
V  [libjvm.so+0x961f48]
V  [libjvm.so+0x9623a9]
V  [libjvm.so+0x9627f2]
V  [libjvm.so+0x7d3862]

VM_Operation (0x00007f62d1f33890): ParallelGCFailedAllocation, mode: safepoint, requested by thread 0x00007f62c800a800


---------------  P R O C E S S  ---------------

Java Threads: ( => current thread )
  0x00007f62c80af800 JavaThread "Service Thread" daemon [_thread_blocked, id=6584, stack(0x00007f62bef1c000,0x00007f62bf01d000)]
  0x00007f62c80ad000 JavaThread "C2 CompilerThread1" daemon [_thread_blocked, id=6583, stack(0x00007f62bf01d000,0x00007f62bf11e000)]
  0x00007f62c80aa000 JavaThread "C2 CompilerThread0" daemon [_thread_blocked, id=6582, stack(0x00007f62bf11e000,0x00007f62bf21f000)]
  0x00007f62c80a8000 JavaThread "Signal Dispatcher" daemon [_thread_blocked, id=6581, stack(0x00007f62bf21f000,0x00007f62bf320000)]
  0x00007f62c807c800 JavaThread "Finalizer" daemon [_thread_blocked, id=6580, stack(0x00007f62bfbfc000,0x00007f62bfcfd000)]
  0x00007f62c807a800 JavaThread "Reference Handler" daemon [_thread_blocked, id=6579, stack(0x00007f62bfcfd000,0x00007f62bfdfe000)]
  0x00007f62c800a800 JavaThread "main" [_thread_blocked, id=6573, stack(0x00007f62d1e35000,0x00007f62d1f36000)]

Other Threads:
=>0x00007f62c8076000 VMThread [stack: 0x00007f62bfdfe000,0x00007f62bfeff000] [id=6578]
  0x00007f62c80ba800 WatcherThread [stack: 0x00007f62bee1b000,0x00007f62bef1c000] [id=6585]

VM state:at safepoint (normal execution)

VM Mutex/Monitor currently owned by a thread:  ([mutex/lock_event])
[0x00007f62c8006f80] Threads_lock - owner thread: 0x00007f62c8076000
[0x00007f62c8007480] Heap_lock - owner thread: 0x00007f62c800a800

Heap
 PSYoungGen      total 113152K, used 96K [0x00000000eea80000, 0x00000000f5b80000, 0x0000000100000000)
  eden space 110592K, 0% used [0x00000000eea80000,0x00000000eea80000,0x00000000f5680000)
  from space 2560K, 3% used [0x00000000f5680000,0x00000000f5698000,0x00000000f5900000)
  to   space 2560K, 0% used [0x00000000f5900000,0x00000000f5900000,0x00000000f5b80000)
 ParOldGen       total 35328K, used 1399K [0x00000000cc000000, 0x00000000ce280000, 0x00000000eea80000)
  object space 35328K, 3% used [0x00000000cc000000,0x00000000cc15dc10,0x00000000ce280000)
 PSPermGen       total 21504K, used 7293K [0x00000000c1a00000, 0x00000000c2f00000, 0x00000000cc000000)
  object space 21504K, 33% used [0x00000000c1a00000,0x00000000c211f750,0x00000000c2f00000)

Card table byte_map: [0x00007f62ce861000,0x00007f62cea55000] byte_map_base: 0x00007f62ce254000

Polling page: 0x00007f62d1f55000

Code Cache  [0x00007f62c5000000, 0x00007f62c5270000, 0x00007f62c8000000)
 total_blobs=383 nmethods=115 adapters=223 free_code_cache=48530Kb largest_free_block=49672896

Compilation events (10 events):
Event: 3,122 Thread 0x00007f62c80ad000  111             java.util.ComparableTimSort::binarySort (223 bytes)
Event: 3,152 Thread 0x00007f62c80ad000 nmethod 111 0x00007f62c5099f90 code [0x00007f62c509a100, 0x00007f62c509a698]
Event: 3,294 Thread 0x00007f62c80aa000  112             java.lang.Boolean::valueOf (14 bytes)
Event: 3,295 Thread 0x00007f62c80ad000  113             java.lang.Boolean::booleanValue (5 bytes)
Event: 3,295 Thread 0x00007f62c80aa000 nmethod 112 0x00007f62c509ad50 code [0x00007f62c509ae80, 0x00007f62c509aed8]
Event: 3,296 Thread 0x00007f62c80aa000  114             org.duckdns.spacedock.upengine.libupsystem.Arme$Degats::getQuantite (5 bytes)
Event: 3,296 Thread 0x00007f62c80aa000 nmethod 114 0x00007f62c509ab50 code [0x00007f62c509ac80, 0x00007f62c509acd8]
Event: 3,296 Thread 0x00007f62c80aa000  115             org.duckdns.spacedock.upengine.libupsystem.CoupleJauge::isSonne (20 bytes)
Event: 3,296 Thread 0x00007f62c80ad000 nmethod 113 0x00007f62c50982d0 code [0x00007f62c5098400, 0x00007f62c5098458]
Event: 3,298 Thread 0x00007f62c80aa000 nmethod 115 0x00007f62c509af50 code [0x00007f62c509b080, 0x00007f62c509b0f8]

GC Heap History (10 events):
Event: 2,543 GC heap after
Heap after GC invocations=4 (full 0):
 PSYoungGen      total 29696K, used 1296K [0x00000000eea80000, 0x00000000f0980000, 0x0000000100000000)
  eden space 27648K, 0% used [0x00000000eea80000,0x00000000eea80000,0x00000000f0580000)
  from space 2048K, 63% used [0x00000000f0780000,0x00000000f08c4040,0x00000000f0980000)
  to   space 2048K, 0% used [0x00000000f0580000,0x00000000f0580000,0x00000000f0780000)
 ParOldGen       total 35328K, used 81K [0x00000000cc000000, 0x00000000ce280000, 0x00000000eea80000)
  object space 35328K, 0% used [0x00000000cc000000,0x00000000cc0144c0,0x00000000ce280000)
 PSPermGen       total 21504K, used 7272K [0x00000000c1a00000, 0x00000000c2f00000, 0x00000000cc000000)
  object space 21504K, 33% used [0x00000000c1a00000,0x00000000c211a128,0x00000000c2f00000)
}
Event: 2,703 GC heap before
{Heap before GC invocations=5 (full 0):
 PSYoungGen      total 29696K, used 28944K [0x00000000eea80000, 0x00000000f0980000, 0x0000000100000000)
  eden space 27648K, 100% used [0x00000000eea80000,0x00000000f0580000,0x00000000f0580000)
  from space 2048K, 63% used [0x00000000f0780000,0x00000000f08c4040,0x00000000f0980000)
  to   space 2048K, 0% used [0x00000000f0580000,0x00000000f0580000,0x00000000f0780000)
 ParOldGen       total 35328K, used 81K [0x00000000cc000000, 0x00000000ce280000, 0x00000000eea80000)
  object space 35328K, 0% used [0x00000000cc000000,0x00000000cc0144c0,0x00000000ce280000)
 PSPermGen       total 21504K, used 7277K [0x00000000c1a00000, 0x00000000c2f00000, 0x00000000cc000000)
  object space 21504K, 33% used [0x00000000c1a00000,0x00000000c211b5e0,0x00000000c2f00000)
Event: 2,709 GC heap after
Heap after GC invocations=5 (full 0):
 PSYoungGen      total 29696K, used 1376K [0x00000000eea80000, 0x00000000f2580000, 0x0000000100000000)
  eden space 27648K, 0% used [0x00000000eea80000,0x00000000eea80000,0x00000000f0580000)
  from space 2048K, 67% used [0x00000000f0580000,0x00000000f06d8050,0x00000000f0780000)
  to   space 2560K, 0% used [0x00000000f2300000,0x00000000f2300000,0x00000000f2580000)
 ParOldGen       total 35328K, used 89K [0x00000000cc000000, 0x00000000ce280000, 0x00000000eea80000)
  object space 35328K, 0% used [0x00000000cc000000,0x00000000cc0164c0,0x00000000ce280000)
 PSPermGen       total 21504K, used 7277K [0x00000000c1a00000, 0x00000000c2f00000, 0x00000000cc000000)
  object space 21504K, 33% used [0x00000000c1a00000,0x00000000c211b5e0,0x00000000c2f00000)
}
Event: 2,800 GC heap before
{Heap before GC invocations=6 (full 0):
 PSYoungGen      total 29696K, used 29024K [0x00000000eea80000, 0x00000000f2580000, 0x0000000100000000)
  eden space 27648K, 100% used [0x00000000eea80000,0x00000000f0580000,0x00000000f0580000)
  from space 2048K, 67% used [0x00000000f0580000,0x00000000f06d8050,0x00000000f0780000)
  to   space 2560K, 0% used [0x00000000f2300000,0x00000000f2300000,0x00000000f2580000)
 ParOldGen       total 35328K, used 89K [0x00000000cc000000, 0x00000000ce280000, 0x00000000eea80000)
  object space 35328K, 0% used [0x00000000cc000000,0x00000000cc0164c0,0x00000000ce280000)
 PSPermGen       total 21504K, used 7279K [0x00000000c1a00000, 0x00000000c2f00000, 0x00000000cc000000)
  object space 21504K, 33% used [0x00000000c1a00000,0x00000000c211bff0,0x00000000c2f00000)
Event: 2,810 GC heap after
Heap after GC invocations=6 (full 0):
 PSYoungGen      total 56832K, used 1376K [0x00000000eea80000, 0x00000000f2480000, 0x0000000100000000)
  eden space 55296K, 0% used [0x00000000eea80000,0x00000000eea80000,0x00000000f2080000)
  from space 1536K, 89% used [0x00000000f2300000,0x00000000f2458030,0x00000000f2480000)
  to   space 2048K, 0% used [0x00000000f2080000,0x00000000f2080000,0x00000000f2280000)
 ParOldGen       total 35328K, used 97K [0x00000000cc000000, 0x00000000ce280000, 0x00000000eea80000)
  object space 35328K, 0% used [0x00000000cc000000,0x00000000cc0184c0,0x00000000ce280000)
 PSPermGen       total 21504K, used 7279K [0x00000000c1a00000, 0x00000000c2f00000, 0x00000000cc000000)
  object space 21504K, 33% used [0x00000000c1a00000,0x00000000c211bff0,0x00000000c2f00000)
}
Event: 3,028 GC heap before
{Heap before GC invocations=7 (full 0):
 PSYoungGen      total 56832K, used 56672K [0x00000000eea80000, 0x00000000f2480000, 0x0000000100000000)
  eden space 55296K, 100% used [0x00000000eea80000,0x00000000f2080000,0x00000000f2080000)
  from space 1536K, 89% used [0x00000000f2300000,0x00000000f2458030,0x00000000f2480000)
  to   space 2048K, 0% used [0x00000000f2080000,0x00000000f2080000,0x00000000f2280000)
 ParOldGen       total 35328K, used 97K [0x00000000cc000000, 0x00000000ce280000, 0x00000000eea80000)
  object space 35328K, 0% used [0x00000000cc000000,0x00000000cc0184c0,0x00000000ce280000)
 PSPermGen       total 21504K, used 7281K [0x00000000c1a00000, 0x00000000c2f00000, 0x00000000cc000000)
  object space 21504K, 33% used [0x00000000c1a00000,0x00000000c211c558,0x00000000c2f00000)
Event: 3,037 GC heap after
Heap after GC invocations=7 (full 0):
 PSYoungGen      total 57344K, used 96K [0x00000000eea80000, 0x00000000f5b80000, 0x0000000100000000)
  eden space 55296K, 0% used [0x00000000eea80000,0x00000000eea80000,0x00000000f2080000)
  from space 2048K, 4% used [0x00000000f2080000,0x00000000f2098000,0x00000000f2280000)
  to   space 2560K, 0% used [0x00000000f5900000,0x00000000f5900000,0x00000000f5b80000)
 ParOldGen       total 35328K, used 1367K [0x00000000cc000000, 0x00000000ce280000, 0x00000000eea80000)
  object space 35328K, 3% used [0x00000000cc000000,0x00000000cc155c10,0x00000000ce280000)
 PSPermGen       total 21504K, used 7281K [0x00000000c1a00000, 0x00000000c2f00000, 0x00000000cc000000)
  object space 21504K, 33% used [0x00000000c1a00000,0x00000000c211c558,0x00000000c2f00000)
}
Event: 3,186 GC heap before
{Heap before GC invocations=8 (full 0):
 PSYoungGen      total 57344K, used 55392K [0x00000000eea80000, 0x00000000f5b80000, 0x0000000100000000)
  eden space 55296K, 100% used [0x00000000eea80000,0x00000000f2080000,0x00000000f2080000)
  from space 2048K, 4% used [0x00000000f2080000,0x00000000f2098000,0x00000000f2280000)
  to   space 2560K, 0% used [0x00000000f5900000,0x00000000f5900000,0x00000000f5b80000)
 ParOldGen       total 35328K, used 1367K [0x00000000cc000000, 0x00000000ce280000, 0x00000000eea80000)
  object space 35328K, 3% used [0x00000000cc000000,0x00000000cc155c10,0x00000000ce280000)
 PSPermGen       total 21504K, used 7293K [0x00000000c1a00000, 0x00000000c2f00000, 0x00000000cc000000)
  object space 21504K, 33% used [0x00000000c1a00000,0x00000000c211f750,0x00000000c2f00000)
Event: 3,201 GC heap after
Heap after GC invocations=8 (full 0):
 PSYoungGen      total 113152K, used 128K [0x00000000eea80000, 0x00000000f5b80000, 0x0000000100000000)
  eden space 110592K, 0% used [0x00000000eea80000,0x00000000eea80000,0x00000000f5680000)
  from space 2560K, 5% used [0x00000000f5900000,0x00000000f5920000,0x00000000f5b80000)
  to   space 2560K, 0% used [0x00000000f5680000,0x00000000f5680000,0x00000000f5900000)
 ParOldGen       total 35328K, used 1391K [0x00000000cc000000, 0x00000000ce280000, 0x00000000eea80000)
  object space 35328K, 3% used [0x00000000cc000000,0x00000000cc15bc10,0x00000000ce280000)
 PSPermGen       total 21504K, used 7293K [0x00000000c1a00000, 0x00000000c2f00000, 0x00000000cc000000)
  object space 21504K, 33% used [0x00000000c1a00000,0x00000000c211f750,0x00000000c2f00000)
}
Event: 3,595 GC heap before
{Heap before GC invocations=9 (full 0):
 PSYoungGen      total 113152K, used 110720K [0x00000000eea80000, 0x00000000f5b80000, 0x0000000100000000)
  eden space 110592K, 100% used [0x00000000eea80000,0x00000000f5680000,0x00000000f5680000)
  from space 2560K, 5% used [0x00000000f5900000,0x00000000f5920000,0x00000000f5b80000)
  to   space 2560K, 0% used [0x00000000f5680000,0x00000000f5680000,0x00000000f5900000)
 ParOldGen       total 35328K, used 1391K [0x00000000cc000000, 0x00000000ce280000, 0x00000000eea80000)
  object space 35328K, 3% used [0x00000000cc000000,0x00000000cc15bc10,0x00000000ce280000)
 PSPermGen       total 21504K, used 7293K [0x00000000c1a00000, 0x00000000c2f00000, 0x00000000cc000000)
  object space 21504K, 33% used [0x00000000c1a00000,0x00000000c211f750,0x00000000c2f00000)

Deoptimization events (6 events):
Event: 0,465 Thread 0x00007f62c800a800 Uncommon trap: reason=unstable_if action=reinterpret pc=0x00007f62c5060474 method=java.lang.String.indexOf(II)I @ 49
Event: 0,645 Thread 0x00007f62c800a800 Uncommon trap: reason=class_check action=maybe_recompile pc=0x00007f62c5062f74 method=java.util.Properties$LineReader.readLine()I @ 62
Event: 0,646 Thread 0x00007f62c800a800 Uncommon trap: reason=unstable_if action=reinterpret pc=0x00007f62c5062e3c method=java.util.Properties$LineReader.readLine()I @ 263
Event: 0,721 Thread 0x00007f62c800a800 Uncommon trap: reason=unstable_if action=reinterpret pc=0x00007f62c5061030 method=java.lang.String.indexOf([CII[CIII)I @ 123
Event: 1,288 Thread 0x00007f62c800a800 Uncommon trap: reason=unstable_if action=reinterpret pc=0x00007f62c506afdc method=java.util.Properties$LineReader.readLine()I @ 369
Event: 1,567 Thread 0x00007f62c800a800 Uncommon trap: reason=unstable_if action=reinterpret pc=0x00007f62c506cdec method=sun.net.www.ParseUtil.encodePath(Ljava/lang/String;Z)Ljava/lang/String; @ 109

Internal exceptions (10 events):
Event: 1,682 Thread 0x00007f62c800a800 Threw 0x00000000ef12bac8 at /build/openjdk-7-fqDl7t/openjdk-7-7u121-2.6.8/build/openjdk/hotspot/src/share/vm/prims/jvm.cpp:1322
Event: 1,684 Thread 0x00007f62c800a800 Threw 0x00000000ef12f5f8 at /build/openjdk-7-fqDl7t/openjdk-7-7u121-2.6.8/build/openjdk/hotspot/src/share/vm/prims/jvm.cpp:1322
Event: 1,738 Thread 0x00007f62c800a800 Threw 0x00000000ef15ba58 at /build/openjdk-7-fqDl7t/openjdk-7-7u121-2.6.8/build/openjdk/hotspot/src/share/vm/prims/jvm.cpp:1322
Event: 1,744 Thread 0x00007f62c800a800 Threw 0x00000000ef160970 at /build/openjdk-7-fqDl7t/openjdk-7-7u121-2.6.8/build/openjdk/hotspot/src/share/vm/prims/jvm.cpp:1322
Event: 1,746 Thread 0x00007f62c800a800 Threw 0x00000000ef164828 at /build/openjdk-7-fqDl7t/openjdk-7-7u121-2.6.8/build/openjdk/hotspot/src/share/vm/prims/jvm.cpp:1322
Event: 1,749 Thread 0x00007f62c800a800 Threw 0x00000000ef1694b0 at /build/openjdk-7-fqDl7t/openjdk-7-7u121-2.6.8/build/openjdk/hotspot/src/share/vm/prims/jvm.cpp:1322
Event: 1,763 Thread 0x00007f62c800a800 Threw 0x00000000ef188f78 at /build/openjdk-7-fqDl7t/openjdk-7-7u121-2.6.8/build/openjdk/hotspot/src/share/vm/prims/jvm.cpp:1322
Event: 1,769 Thread 0x00007f62c800a800 Threw 0x00000000ef19c818 at /build/openjdk-7-fqDl7t/openjdk-7-7u121-2.6.8/build/openjdk/hotspot/src/share/vm/prims/jvm.cpp:1322
Event: 1,771 Thread 0x00007f62c800a800 Threw 0x00000000ef19fd00 at /build/openjdk-7-fqDl7t/openjdk-7-7u121-2.6.8/build/openjdk/hotspot/src/share/vm/prims/jvm.cpp:1322
Event: 1,777 Thread 0x00007f62c800a800 Threw 0x00000000ef1a3970 at /build/openjdk-7-fqDl7t/openjdk-7-7u121-2.6.8/build/openjdk/hotspot/src/share/vm/prims/jvm.cpp:1322

Events (10 events):
Event: 2,543 Executing VM operation: ParallelGCFailedAllocation done
Event: 2,703 Executing VM operation: ParallelGCFailedAllocation
Event: 2,709 Executing VM operation: ParallelGCFailedAllocation done
Event: 2,800 Executing VM operation: ParallelGCFailedAllocation
Event: 2,810 Executing VM operation: ParallelGCFailedAllocation done
Event: 3,028 Executing VM operation: ParallelGCFailedAllocation
Event: 3,037 Executing VM operation: ParallelGCFailedAllocation done
Event: 3,185 Executing VM operation: ParallelGCFailedAllocation
Event: 3,201 Executing VM operation: ParallelGCFailedAllocation done
Event: 3,581 Executing VM operation: ParallelGCFailedAllocation


Dynamic libraries:
00400000-00401000 r-xp 00000000 08:01 3155548                            /usr/lib/jvm/java-7-openjdk-amd64/jre/bin/java
00600000-00601000 r--p 00000000 08:01 3155548                            /usr/lib/jvm/java-7-openjdk-amd64/jre/bin/java
00601000-00602000 rw-p 00001000 08:01 3155548                            /usr/lib/jvm/java-7-openjdk-amd64/jre/bin/java
00e31000-00e52000 rw-p 00000000 00:00 0                                  [heap]
c1a00000-c2f00000 rw-p 00000000 00:00 0 
c2f00000-cc000000 rw-p 00000000 00:00 0 
cc000000-ce280000 rw-p 00000000 00:00 0 
ce280000-eea80000 rw-p 00000000 00:00 0 
eea80000-f5b80000 rw-p 00000000 00:00 0 
f9c80000-100000000 rw-p 00000000 00:00 0 
7f6288000000-7f6288021000 rw-p 00000000 00:00 0 
7f6288021000-7f628c000000 ---p 00000000 00:00 0 
7f6290000000-7f6290426000 rw-p 00000000 00:00 0 
7f6290426000-7f6294000000 ---p 00000000 00:00 0 
7f6294000000-7f6294021000 rw-p 00000000 00:00 0 
7f6294021000-7f6298000000 ---p 00000000 00:00 0 
7f6298000000-7f6298021000 rw-p 00000000 00:00 0 
7f6298021000-7f629c000000 ---p 00000000 00:00 0 
7f629c000000-7f629c469000 rw-p 00000000 00:00 0 
7f629c469000-7f62a0000000 ---p 00000000 00:00 0 
7f62a0000000-7f62a0021000 rw-p 00000000 00:00 0 
7f62a0021000-7f62a4000000 ---p 00000000 00:00 0 
7f62a4000000-7f62a4021000 rw-p 00000000 00:00 0 
7f62a4021000-7f62a8000000 ---p 00000000 00:00 0 
7f62a8000000-7f62a8021000 rw-p 00000000 00:00 0 
7f62a8021000-7f62ac000000 ---p 00000000 00:00 0 
7f62ac000000-7f62ac021000 rw-p 00000000 00:00 0 
7f62ac021000-7f62b0000000 ---p 00000000 00:00 0 
7f62b0000000-7f62b0021000 rw-p 00000000 00:00 0 
7f62b0021000-7f62b4000000 ---p 00000000 00:00 0 
7f62b8000000-7f62b8021000 rw-p 00000000 00:00 0 
7f62b8021000-7f62bc000000 ---p 00000000 00:00 0 
7f62bd644000-7f62bd675000 rw-p 00000000 00:00 0 
7f62bd675000-7f62bd6b2000 r-xp 00000000 08:01 2756625                    /lib/x86_64-linux-gnu/libpcre.so.3.13.1
7f62bd6b2000-7f62bd8b1000 ---p 0003d000 08:01 2756625                    /lib/x86_64-linux-gnu/libpcre.so.3.13.1
7f62bd8b1000-7f62bd8b2000 r--p 0003c000 08:01 2756625                    /lib/x86_64-linux-gnu/libpcre.so.3.13.1
7f62bd8b2000-7f62bd8b3000 rw-p 0003d000 08:01 2756625                    /lib/x86_64-linux-gnu/libpcre.so.3.13.1
7f62bd8b3000-7f62bd8ba000 r-xp 00000000 08:01 3146096                    /usr/lib/x86_64-linux-gnu/libffi.so.6.0.1
7f62bd8ba000-7f62bdab9000 ---p 00007000 08:01 3146096                    /usr/lib/x86_64-linux-gnu/libffi.so.6.0.1
7f62bdab9000-7f62bdaba000 r--p 00006000 08:01 3146096                    /usr/lib/x86_64-linux-gnu/libffi.so.6.0.1
7f62bdaba000-7f62bdabb000 rw-p 00007000 08:01 3146096                    /usr/lib/x86_64-linux-gnu/libffi.so.6.0.1
7f62bdabb000-7f62bdad2000 r-xp 00000000 08:01 2752516                    /lib/x86_64-linux-gnu/libresolv-2.19.so
7f62bdad2000-7f62bdcd2000 ---p 00017000 08:01 2752516                    /lib/x86_64-linux-gnu/libresolv-2.19.so
7f62bdcd2000-7f62bdcd3000 r--p 00017000 08:01 2752516                    /lib/x86_64-linux-gnu/libresolv-2.19.so
7f62bdcd3000-7f62bdcd4000 rw-p 00018000 08:01 2752516                    /lib/x86_64-linux-gnu/libresolv-2.19.so
7f62bdcd4000-7f62bdcd6000 rw-p 00000000 00:00 0 
7f62bdcd6000-7f62bdcf6000 r-xp 00000000 08:01 2756767                    /lib/x86_64-linux-gnu/libselinux.so.1
7f62bdcf6000-7f62bdef5000 ---p 00020000 08:01 2756767                    /lib/x86_64-linux-gnu/libselinux.so.1
7f62bdef5000-7f62bdef6000 r--p 0001f000 08:01 2756767                    /lib/x86_64-linux-gnu/libselinux.so.1
7f62bdef6000-7f62bdef7000 rw-p 00020000 08:01 2756767                    /lib/x86_64-linux-gnu/libselinux.so.1
7f62bdef7000-7f62bdef9000 rw-p 00000000 00:00 0 
7f62bdef9000-7f62bdefc000 r-xp 00000000 08:01 3153259                    /usr/lib/x86_64-linux-gnu/libgmodule-2.0.so.0.4002.0
7f62bdefc000-7f62be0fb000 ---p 00003000 08:01 3153259                    /usr/lib/x86_64-linux-gnu/libgmodule-2.0.so.0.4002.0
7f62be0fb000-7f62be0fc000 r--p 00002000 08:01 3153259                    /usr/lib/x86_64-linux-gnu/libgmodule-2.0.so.0.4002.0
7f62be0fc000-7f62be0fd000 rw-p 00003000 08:01 3153259                    /usr/lib/x86_64-linux-gnu/libgmodule-2.0.so.0.4002.0
7f62be0fd000-7f62be203000 r-xp 00000000 08:01 2756673                    /lib/x86_64-linux-gnu/libglib-2.0.so.0.4002.0
7f62be203000-7f62be402000 ---p 00106000 08:01 2756673                    /lib/x86_64-linux-gnu/libglib-2.0.so.0.4002.0
7f62be402000-7f62be403000 r--p 00105000 08:01 2756673                    /lib/x86_64-linux-gnu/libglib-2.0.so.0.4002.0
7f62be403000-7f62be404000 rw-p 00106000 08:01 2756673                    /lib/x86_64-linux-gnu/libglib-2.0.so.0.4002.0
7f62be404000-7f62be405000 rw-p 00000000 00:00 0 
7f62be405000-7f62be454000 r-xp 00000000 08:01 3153275                    /usr/lib/x86_64-linux-gnu/libgobject-2.0.so.0.4002.0
7f62be454000-7f62be654000 ---p 0004f000 08:01 3153275                    /usr/lib/x86_64-linux-gnu/libgobject-2.0.so.0.4002.0
7f62be654000-7f62be655000 r--p 0004f000 08:01 3153275                    /usr/lib/x86_64-linux-gnu/libgobject-2.0.so.0.4002.0
7f62be655000-7f62be656000 rw-p 00050000 08:01 3153275                    /usr/lib/x86_64-linux-gnu/libgobject-2.0.so.0.4002.0
7f62be656000-7f62be7c2000 r-xp 00000000 08:01 3153245                    /usr/lib/x86_64-linux-gnu/libgio-2.0.so.0.4002.0
7f62be7c2000-7f62be9c1000 ---p 0016c000 08:01 3153245                    /usr/lib/x86_64-linux-gnu/libgio-2.0.so.0.4002.0
7f62be9c1000-7f62be9c5000 r--p 0016b000 08:01 3153245                    /usr/lib/x86_64-linux-gnu/libgio-2.0.so.0.4002.0
7f62be9c5000-7f62be9c7000 rw-p 0016f000 08:01 3153245                    /usr/lib/x86_64-linux-gnu/libgio-2.0.so.0.4002.0
7f62be9c7000-7f62be9c9000 rw-p 00000000 00:00 0 
7f62be9e3000-7f62be9e4000 rw-p 00000000 00:00 0 
7f62be9e4000-7f62be9fb000 r-xp 00000000 08:01 3155475                    /usr/lib/jvm/java-7-openjdk-amd64/jre/lib/amd64/libnet.so
7f62be9fb000-7f62bebfa000 ---p 00017000 08:01 3155475                    /usr/lib/jvm/java-7-openjdk-amd64/jre/lib/amd64/libnet.so
7f62bebfa000-7f62bebfb000 r--p 00016000 08:01 3155475                    /usr/lib/jvm/java-7-openjdk-amd64/jre/lib/amd64/libnet.so
7f62bebfb000-7f62bebfc000 rw-p 00017000 08:01 3155475                    /usr/lib/jvm/java-7-openjdk-amd64/jre/lib/amd64/libnet.so
7f62bebfc000-7f62bec0c000 r-xp 00000000 08:01 3152632                    /usr/lib/jvm/java-7-openjdk-amd64/jre/lib/amd64/libnio.so
7f62bec0c000-7f62bee0c000 ---p 00010000 08:01 3152632                    /usr/lib/jvm/java-7-openjdk-amd64/jre/lib/amd64/libnio.so
7f62bee0c000-7f62bee0d000 r--p 00010000 08:01 3152632                    /usr/lib/jvm/java-7-openjdk-amd64/jre/lib/amd64/libnio.so
7f62bee0d000-7f62bee0e000 rw-p 00011000 08:01 3152632                    /usr/lib/jvm/java-7-openjdk-amd64/jre/lib/amd64/libnio.so
7f62bee0e000-7f62bee18000 r--s 000ae000 08:01 3148563                    /usr/lib/jvm/java-7-openjdk-amd64/jre/lib/resources.jar
7f62bee18000-7f62bee1b000 r--s 0001a000 08:01 1444760                    /home/audreyazura/Documents/Project/Tools/netbeans-8.1/extide/ant/lib/ant-junit.jar
7f62bee1b000-7f62bee1c000 ---p 00000000 00:00 0 
7f62bee1c000-7f62bef1c000 rw-p 00000000 00:00 0                          [stack:6585]
7f62bef1c000-7f62bef1f000 ---p 00000000 00:00 0 
7f62bef1f000-7f62bf01d000 rw-p 00000000 00:00 0                          [stack:6584]
7f62bf01d000-7f62bf020000 ---p 00000000 00:00 0 
7f62bf020000-7f62bf11e000 rw-p 00000000 00:00 0                          [stack:6583]
7f62bf11e000-7f62bf121000 ---p 00000000 00:00 0 
7f62bf121000-7f62bf21f000 rw-p 00000000 00:00 0                          [stack:6582]
7f62bf21f000-7f62bf222000 ---p 00000000 00:00 0 
7f62bf222000-7f62bf320000 rw-p 00000000 00:00 0                          [stack:6581]
7f62bf320000-7f62bfbfc000 r--p 00000000 08:01 3148861                    /usr/lib/locale/locale-archive
7f62bfbfc000-7f62bfbff000 ---p 00000000 00:00 0 
7f62bfbff000-7f62bfcfd000 rw-p 00000000 00:00 0                          [stack:6580]
7f62bfcfd000-7f62bfd00000 ---p 00000000 00:00 0 
7f62bfd00000-7f62bfdfe000 rw-p 00000000 00:00 0                          [stack:6579]
7f62bfdfe000-7f62bfdff000 ---p 00000000 00:00 0 
7f62bfdff000-7f62c0000000 rw-p 00000000 00:00 0                          [stack:6578]
7f62c0000000-7f62c0021000 rw-p 00000000 00:00 0 
7f62c0021000-7f62c4000000 ---p 00000000 00:00 0 
7f62c4000000-7f62c401e000 r--s 001c8000 08:01 1444773                    /home/audreyazura/Documents/Project/Tools/netbeans-8.1/extide/ant/lib/ant.jar
7f62c401e000-7f62c4e4d000 rw-p 00000000 00:00 0 
7f62c4e4d000-7f62c5000000 r--s 01d49000 08:01 3155504                    /usr/lib/jvm/java-7-openjdk-amd64/jre/lib/rt.jar
7f62c5000000-7f62c5270000 rwxp 00000000 00:00 0 
7f62c5270000-7f62c822d000 rw-p 00000000 00:00 0 
7f62c822d000-7f62cc000000 ---p 00000000 00:00 0 
7f62cc000000-7f62cc002000 r--s 00002000 08:01 1444758                    /home/audreyazura/Documents/Project/Tools/netbeans-8.1/extide/ant/lib/ant-junit4.jar
7f62cc002000-7f62cc00b000 r--s 00044000 08:01 1449897                    /home/audreyazura/Documents/Project/libupsystem/lib/junit_4/junit-4.12.jar
7f62cc00b000-7f62ce2f4000 rw-p 00000000 00:00 0 
7f62ce2f4000-7f62ce2f5000 ---p 00000000 00:00 0 
7f62ce2f5000-7f62ce3f5000 rw-p 00000000 00:00 0                          [stack:6577]
7f62ce3f5000-7f62ce3f6000 ---p 00000000 00:00 0 
7f62ce3f6000-7f62ce4f6000 rw-p 00000000 00:00 0                          [stack:6576]
7f62ce4f6000-7f62ce4f7000 ---p 00000000 00:00 0 
7f62ce4f7000-7f62ce5f7000 rw-p 00000000 00:00 0                          [stack:6575]
7f62ce5f7000-7f62ce5f8000 ---p 00000000 00:00 0 
7f62ce5f8000-7f62ce703000 rw-p 00000000 00:00 0                          [stack:6574]
7f62ce703000-7f62ce74b000 rw-p 00000000 00:00 0 
7f62ce74b000-7f62ce75d000 rw-p 00000000 00:00 0 
7f62ce75d000-7f62ce861000 rw-p 00000000 00:00 0 
7f62ce861000-7f62ce86c000 rw-p 00000000 00:00 0 
7f62ce86c000-7f62ce8b4000 rw-p 00000000 00:00 0 
7f62ce8b4000-7f62ce8c6000 rw-p 00000000 00:00 0 
7f62ce8c6000-7f62ce9c9000 rw-p 00000000 00:00 0 
7f62ce9c9000-7f62cea02000 rw-p 00000000 00:00 0 
7f62cea02000-7f62cea54000 rw-p 00000000 00:00 0 
7f62cea54000-7f62cea55000 rw-p 00000000 00:00 0 
7f62cea55000-7f62cea5d000 r-xp 00000000 08:01 3155066                    /usr/lib/jvm/java-7-openjdk-amd64/jre/lib/amd64/libzip.so
7f62cea5d000-7f62cec5c000 ---p 00008000 08:01 3155066                    /usr/lib/jvm/java-7-openjdk-amd64/jre/lib/amd64/libzip.so
7f62cec5c000-7f62cec5d000 r--p 00007000 08:01 3155066                    /usr/lib/jvm/java-7-openjdk-amd64/jre/lib/amd64/libzip.so
7f62cec5d000-7f62cec5e000 rw-p 00008000 08:01 3155066                    /usr/lib/jvm/java-7-openjdk-amd64/jre/lib/amd64/libzip.so
7f62cec5e000-7f62cec68000 r-xp 00000000 08:01 2752570                    /lib/x86_64-linux-gnu/libnss_files-2.19.so
7f62cec68000-7f62cee67000 ---p 0000a000 08:01 2752570                    /lib/x86_64-linux-gnu/libnss_files-2.19.so
7f62cee67000-7f62cee68000 r--p 00009000 08:01 2752570                    /lib/x86_64-linux-gnu/libnss_files-2.19.so
7f62cee68000-7f62cee69000 rw-p 0000a000 08:01 2752570                    /lib/x86_64-linux-gnu/libnss_files-2.19.so
7f62cee69000-7f62cee74000 r-xp 00000000 08:01 2752562                    /lib/x86_64-linux-gnu/libnss_nis-2.19.so
7f62cee74000-7f62cf073000 ---p 0000b000 08:01 2752562                    /lib/x86_64-linux-gnu/libnss_nis-2.19.so
7f62cf073000-7f62cf074000 r--p 0000a000 08:01 2752562                    /lib/x86_64-linux-gnu/libnss_nis-2.19.so
7f62cf074000-7f62cf075000 rw-p 0000b000 08:01 2752562                    /lib/x86_64-linux-gnu/libnss_nis-2.19.so
7f62cf075000-7f62cf08c000 r-xp 00000000 08:01 2752558                    /lib/x86_64-linux-gnu/libnsl-2.19.so
7f62cf08c000-7f62cf28b000 ---p 00017000 08:01 2752558                    /lib/x86_64-linux-gnu/libnsl-2.19.so
7f62cf28b000-7f62cf28c000 r--p 00016000 08:01 2752558                    /lib/x86_64-linux-gnu/libnsl-2.19.so
7f62cf28c000-7f62cf28d000 rw-p 00017000 08:01 2752558                    /lib/x86_64-linux-gnu/libnsl-2.19.so
7f62cf28d000-7f62cf28f000 rw-p 00000000 00:00 0 
7f62cf28f000-7f62cf298000 r-xp 00000000 08:01 2752557                    /lib/x86_64-linux-gnu/libnss_compat-2.19.so
7f62cf298000-7f62cf497000 ---p 00009000 08:01 2752557                    /lib/x86_64-linux-gnu/libnss_compat-2.19.so
7f62cf497000-7f62cf498000 r--p 00008000 08:01 2752557                    /lib/x86_64-linux-gnu/libnss_compat-2.19.so
7f62cf498000-7f62cf499000 rw-p 00009000 08:01 2752557                    /lib/x86_64-linux-gnu/libnss_compat-2.19.so
7f62cf499000-7f62cf4c3000 r-xp 00000000 08:01 3152636                    /usr/lib/jvm/java-7-openjdk-amd64/jre/lib/amd64/libjava.so
7f62cf4c3000-7f62cf6c3000 ---p 0002a000 08:01 3152636                    /usr/lib/jvm/java-7-openjdk-amd64/jre/lib/amd64/libjava.so
7f62cf6c3000-7f62cf6c4000 r--p 0002a000 08:01 3152636                    /usr/lib/jvm/java-7-openjdk-amd64/jre/lib/amd64/libjava.so
7f62cf6c4000-7f62cf6c6000 rw-p 0002b000 08:01 3152636                    /usr/lib/jvm/java-7-openjdk-amd64/jre/lib/amd64/libjava.so
7f62cf6c6000-7f62cf6d6000 r-xp 00000000 08:01 3155494                    /usr/lib/jvm/java-7-openjdk-amd64/jre/lib/amd64/libverify.so
7f62cf6d6000-7f62cf8d5000 ---p 00010000 08:01 3155494                    /usr/lib/jvm/java-7-openjdk-amd64/jre/lib/amd64/libverify.so
7f62cf8d5000-7f62cf8d7000 r--p 0000f000 08:01 3155494                    /usr/lib/jvm/java-7-openjdk-amd64/jre/lib/amd64/libverify.so
7f62cf8d7000-7f62cf8d8000 rw-p 00011000 08:01 3155494                    /usr/lib/jvm/java-7-openjdk-amd64/jre/lib/amd64/libverify.so
7f62cf8d8000-7f62cf8df000 r-xp 00000000 08:01 2752566                    /lib/x86_64-linux-gnu/librt-2.19.so
7f62cf8df000-7f62cfade000 ---p 00007000 08:01 2752566                    /lib/x86_64-linux-gnu/librt-2.19.so
7f62cfade000-7f62cfadf000 r--p 00006000 08:01 2752566                    /lib/x86_64-linux-gnu/librt-2.19.so
7f62cfadf000-7f62cfae0000 rw-p 00007000 08:01 2752566                    /lib/x86_64-linux-gnu/librt-2.19.so
7f62cfae0000-7f62cfaf6000 r-xp 00000000 08:01 2756650                    /lib/x86_64-linux-gnu/libgcc_s.so.1
7f62cfaf6000-7f62cfcf5000 ---p 00016000 08:01 2756650                    /lib/x86_64-linux-gnu/libgcc_s.so.1
7f62cfcf5000-7f62cfcf6000 rw-p 00015000 08:01 2756650                    /lib/x86_64-linux-gnu/libgcc_s.so.1
7f62cfcf6000-7f62cfdfb000 r-xp 00000000 08:01 2752530                    /lib/x86_64-linux-gnu/libm-2.19.so
7f62cfdfb000-7f62cfffa000 ---p 00105000 08:01 2752530                    /lib/x86_64-linux-gnu/libm-2.19.so
7f62cfffa000-7f62cfffb000 r--p 00104000 08:01 2752530                    /lib/x86_64-linux-gnu/libm-2.19.so
7f62cfffb000-7f62cfffc000 rw-p 00105000 08:01 2752530                    /lib/x86_64-linux-gnu/libm-2.19.so
7f62cfffc000-7f62d0102000 r-xp 00000000 08:01 3147884                    /usr/lib/x86_64-linux-gnu/libstdc++.so.6.0.22
7f62d0102000-7f62d0301000 ---p 00106000 08:01 3147884                    /usr/lib/x86_64-linux-gnu/libstdc++.so.6.0.22
7f62d0301000-7f62d0309000 r--p 00105000 08:01 3147884                    /usr/lib/x86_64-linux-gnu/libstdc++.so.6.0.22
7f62d0309000-7f62d030b000 rw-p 0010d000 08:01 3147884                    /usr/lib/x86_64-linux-gnu/libstdc++.so.6.0.22
7f62d030b000-7f62d030e000 rw-p 00000000 00:00 0 
7f62d030e000-7f62d0e3c000 r-xp 00000000 08:01 3154760                    /usr/lib/jvm/java-7-openjdk-amd64/jre/lib/amd64/server/libjvm.so
7f62d0e3c000-7f62d103c000 ---p 00b2e000 08:01 3154760                    /usr/lib/jvm/java-7-openjdk-amd64/jre/lib/amd64/server/libjvm.so
7f62d103c000-7f62d10d6000 r--p 00b2e000 08:01 3154760                    /usr/lib/jvm/java-7-openjdk-amd64/jre/lib/amd64/server/libjvm.so
7f62d10d6000-7f62d10f9000 rw-p 00bc8000 08:01 3154760                    /usr/lib/jvm/java-7-openjdk-amd64/jre/lib/amd64/server/libjvm.so
7f62d10f9000-7f62d1128000 rw-p 00000000 00:00 0 
7f62d1128000-7f62d1140000 r-xp 00000000 08:01 2756797                    /lib/x86_64-linux-gnu/libz.so.1.2.8
7f62d1140000-7f62d133f000 ---p 00018000 08:01 2756797                    /lib/x86_64-linux-gnu/libz.so.1.2.8
7f62d133f000-7f62d1340000 r--p 00017000 08:01 2756797                    /lib/x86_64-linux-gnu/libz.so.1.2.8
7f62d1340000-7f62d1341000 rw-p 00018000 08:01 2756797                    /lib/x86_64-linux-gnu/libz.so.1.2.8
7f62d1341000-7f62d135a000 r-xp 00000000 08:01 2752559                    /lib/x86_64-linux-gnu/libpthread-2.19.so
7f62d135a000-7f62d1559000 ---p 00019000 08:01 2752559                    /lib/x86_64-linux-gnu/libpthread-2.19.so
7f62d1559000-7f62d155a000 r--p 00018000 08:01 2752559                    /lib/x86_64-linux-gnu/libpthread-2.19.so
7f62d155a000-7f62d155b000 rw-p 00019000 08:01 2752559                    /lib/x86_64-linux-gnu/libpthread-2.19.so
7f62d155b000-7f62d155f000 rw-p 00000000 00:00 0 
7f62d155f000-7f62d1562000 r-xp 00000000 08:01 2752539                    /lib/x86_64-linux-gnu/libdl-2.19.so
7f62d1562000-7f62d1761000 ---p 00003000 08:01 2752539                    /lib/x86_64-linux-gnu/libdl-2.19.so
7f62d1761000-7f62d1762000 r--p 00002000 08:01 2752539                    /lib/x86_64-linux-gnu/libdl-2.19.so
7f62d1762000-7f62d1763000 rw-p 00003000 08:01 2752539                    /lib/x86_64-linux-gnu/libdl-2.19.so
7f62d1763000-7f62d191d000 r-xp 00000000 08:01 2752567                    /lib/x86_64-linux-gnu/libc-2.19.so
7f62d191d000-7f62d1b1d000 ---p 001ba000 08:01 2752567                    /lib/x86_64-linux-gnu/libc-2.19.so
7f62d1b1d000-7f62d1b21000 r--p 001ba000 08:01 2752567                    /lib/x86_64-linux-gnu/libc-2.19.so
7f62d1b21000-7f62d1b23000 rw-p 001be000 08:01 2752567                    /lib/x86_64-linux-gnu/libc-2.19.so
7f62d1b23000-7f62d1b28000 rw-p 00000000 00:00 0 
7f62d1b28000-7f62d1b35000 r-xp 00000000 08:01 3152640                    /usr/lib/jvm/java-7-openjdk-amd64/jre/lib/amd64/jli/libjli.so
7f62d1b35000-7f62d1d34000 ---p 0000d000 08:01 3152640                    /usr/lib/jvm/java-7-openjdk-amd64/jre/lib/amd64/jli/libjli.so
7f62d1d34000-7f62d1d35000 r--p 0000c000 08:01 3152640                    /usr/lib/jvm/java-7-openjdk-amd64/jre/lib/amd64/jli/libjli.so
7f62d1d35000-7f62d1d36000 rw-p 0000d000 08:01 3152640                    /usr/lib/jvm/java-7-openjdk-amd64/jre/lib/amd64/jli/libjli.so
7f62d1d36000-7f62d1d59000 r-xp 00000000 08:01 2752560                    /lib/x86_64-linux-gnu/ld-2.19.so
7f62d1d59000-7f62d1d5b000 r--s 00009000 08:01 1449889                    /home/audreyazura/Documents/Project/libupsystem/lib/hamcrest/hamcrest-core-1.3.jar
7f62d1d5b000-7f62d1d5e000 r--s 00013000 08:01 1449179                    /home/audreyazura/Documents/Project/libupsystem/lib/commonutils.portable1-0.jar
7f62d1d5e000-7f62d1d61000 r--s 0003d000 08:01 3152622                    /usr/lib/jvm/java-7-openjdk-amd64/jre/lib/ext/sunpkcs11.jar
7f62d1d61000-7f62d1d7f000 rw-p 00000000 00:00 0 
7f62d1d7f000-7f62d1e35000 rw-p 00000000 00:00 0 
7f62d1e35000-7f62d1e38000 ---p 00000000 00:00 0 
7f62d1e38000-7f62d1f3b000 rw-p 00000000 00:00 0                          [stack:6573]
7f62d1f3b000-7f62d1f3c000 r--s 00004000 08:01 1444752                    /home/audreyazura/Documents/Project/Tools/netbeans-8.1/extide/ant/lib/ant-launcher.jar
7f62d1f3c000-7f62d1f40000 r--s 00085000 08:01 3152619                    /usr/lib/jvm/java-7-openjdk-amd64/jre/lib/ext/localedata.jar
7f62d1f40000-7f62d1f41000 r--s 00002000 08:01 3152621                    /usr/lib/jvm/java-7-openjdk-amd64/jre/lib/ext/dnsns.jar
7f62d1f41000-7f62d1f43000 r--s 00006000 08:01 3283851                    /usr/share/java/java-atk-wrapper.jar
7f62d1f43000-7f62d1f45000 r--s 00012000 08:01 3152620                    /usr/lib/jvm/java-7-openjdk-amd64/jre/lib/ext/zipfs.jar
7f62d1f45000-7f62d1f48000 r--s 0000f000 08:01 3152623                    /usr/lib/jvm/java-7-openjdk-amd64/jre/lib/ext/icedtea-sound.jar
7f62d1f48000-7f62d1f4c000 r--s 00034000 08:01 3152618                    /usr/lib/jvm/java-7-openjdk-amd64/jre/lib/ext/sunjce_provider.jar
7f62d1f4c000-7f62d1f54000 rw-s 00000000 08:01 1835123                    /tmp/hsperfdata_audreyazura/6570
7f62d1f54000-7f62d1f55000 rw-p 00000000 00:00 0 
7f62d1f55000-7f62d1f56000 ---p 00000000 00:00 0 
7f62d1f56000-7f62d1f58000 rw-p 00000000 00:00 0 
7f62d1f58000-7f62d1f59000 r--p 00022000 08:01 2752560                    /lib/x86_64-linux-gnu/ld-2.19.so
7f62d1f59000-7f62d1f5a000 rw-p 00023000 08:01 2752560                    /lib/x86_64-linux-gnu/ld-2.19.so
7f62d1f5a000-7f62d1f5b000 rw-p 00000000 00:00 0 
7ffcee9d3000-7ffcee9f4000 rw-p 00000000 00:00 0                          [stack]
7ffcee9f6000-7ffcee9f8000 r-xp 00000000 00:00 0                          [vdso]
7ffcee9f8000-7ffcee9fa000 r--p 00000000 00:00 0                          [vvar]
ffffffffff600000-ffffffffff601000 r-xp 00000000 00:00 0                  [vsyscall]

VM Arguments:
jvm_args: -ea 
java_command: org.apache.tools.ant.taskdefs.optional.junit.JUnitTestRunner org.duckdns.spacedock.upengine.libupsystem.PersoStatDegatsMoyensTest skipNonTests=false filtertrace=true haltOnError=false haltOnFailure=false showoutput=true outputtoformatters=true logfailedtests=true threadid=0 logtestlistenerevents=true formatter=org.apache.tools.ant.taskdefs.optional.junit.BriefJUnitResultFormatter formatter=org.apache.tools.ant.taskdefs.optional.junit.XMLJUnitResultFormatter,/home/audreyazura/Documents/Project/libupsystem/build/test/results/TEST-org.duckdns.spacedock.upengine.libupsystem.PersoStatDegatsMoyensTest.xml crashfile=/home/audreyazura/Documents/Project/libupsystem/build/junitvmwatcher1627216212443472818.properties propsfile=/home/audreyazura/Documents/Project/libupsystem/build/junit8344431618598440328.properties
Launcher Type: SUN_STANDARD

Environment Variables:
JAVA_HOME=/usr/lib/jvm/java-7-openjdk-amd64
PATH=/usr/local/sbin:/usr/local/bin:/usr/sbin:/usr/bin:/sbin:/bin:/usr/games:/usr/local/games:/usr/lib/jvm/java-7-openjdk-amd64/bin:/home/audreyazura/Documents/Project/Tools/netbeans-8.1/extide/ant/bin
LD_LIBRARY_PATH=/usr/lib/jvm/java-7-openjdk-amd64/jre/lib/amd64:/usr/lib/jvm/java-7-openjdk-amd64/jre/lib/i386:
SHELL=/bin/bash
DISPLAY=:0

Signal Handlers:
SIGSEGV: [libjvm.so+0x95e460], sa_mask[0]=0x7ffbfeff, sa_flags=0x10000004
SIGBUS: [libjvm.so+0x95e460], sa_mask[0]=0x7ffbfeff, sa_flags=0x10000004
SIGFPE: [libjvm.so+0x7d2030], sa_mask[0]=0x7ffbfeff, sa_flags=0x10000004
SIGPIPE: [libjvm.so+0x7d2030], sa_mask[0]=0x7ffbfeff, sa_flags=0x10000004
SIGXFSZ: [libjvm.so+0x7d2030], sa_mask[0]=0x7ffbfeff, sa_flags=0x10000004
SIGILL: [libjvm.so+0x7d2030], sa_mask[0]=0x7ffbfeff, sa_flags=0x10000004
SIGUSR1: SIG_DFL, sa_mask[0]=0x00000000, sa_flags=0x00000000
SIGUSR2: [libjvm.so+0x7d2160], sa_mask[0]=0x00000004, sa_flags=0x10000004
SIGHUP: [libjvm.so+0x7d20b0], sa_mask[0]=0x7ffbfeff, sa_flags=0x10000004
SIGINT: SIG_IGN, sa_mask[0]=0x00000000, sa_flags=0x00000000
SIGTERM: [libjvm.so+0x7d20b0], sa_mask[0]=0x7ffbfeff, sa_flags=0x10000004
SIGQUIT: [libjvm.so+0x7d20b0], sa_mask[0]=0x7ffbfeff, sa_flags=0x10000004
SIGTRAP: SIG_DFL, sa_mask[0]=0x00000000, sa_flags=0x00000000


---------------  S Y S T E M  ---------------

OS:Peppermint 6 (trusty)
uname:Linux 3.16.0-77-generic #99~14.04.1-Ubuntu SMP Tue Jun 28 19:17:10 UTC 2016 x86_64
libc:glibc 2.19 NPTL 2.19 
rlimit: STACK 8192k, CORE 0k, NPROC 13224, NOFILE 4096, AS infinity
load average:1,68 1,18 1,25

/proc/meminfo:
MemTotal:        3407836 kB
MemFree:           92780 kB
MemAvailable:      39508 kB
Buffers:             576 kB
Cached:            74120 kB
SwapCached:            0 kB
Active:          3045912 kB
Inactive:          61916 kB
Active(anon):    3036428 kB
Inactive(anon):    53796 kB
Active(file):       9484 kB
Inactive(file):     8120 kB
Unevictable:          64 kB
Mlocked:              64 kB
SwapTotal:             0 kB
SwapFree:              0 kB
Dirty:               164 kB
Writeback:            96 kB
AnonPages:       3033580 kB
Mapped:            70128 kB
Shmem:             56700 kB
Slab:              77136 kB
SReclaimable:      44772 kB
SUnreclaim:        32364 kB
KernelStack:       10496 kB
PageTables:        32624 kB
NFS_Unstable:          0 kB
Bounce:                0 kB
WritebackTmp:          0 kB
CommitLimit:     1703916 kB
Committed_AS:    5744840 kB
VmallocTotal:   34359738367 kB
VmallocUsed:      291412 kB
VmallocChunk:   34359394656 kB
HardwareCorrupted:     0 kB
AnonHugePages:   1761280 kB
HugePages_Total:       0
HugePages_Free:        0
HugePages_Rsvd:        0
HugePages_Surp:        0
Hugepagesize:       2048 kB
DirectMap4k:      138324 kB
DirectMap2M:     3473408 kB
DirectMap1G:           0 kB


CPU:total 4 (4 cores per cpu, 1 threads per core) family 22 model 0 stepping 1, cmov, cx8, fxsr, mmx, sse, sse2, sse3, ssse3, sse4.1, sse4.2, popcnt, avx, aes, mmxext, 3dnowpref, lzcnt, sse4a, tsc, tscinvbit, tscinv

/proc/cpuinfo:
processor	: 0
vendor_id	: AuthenticAMD
cpu family	: 22
model		: 0
model name	: Quad-Core Processor (up to 1.4GHz)
stepping	: 1
microcode	: 0x7000106
cpu MHz		: 600.000
cache size	: 2048 KB
physical id	: 0
siblings	: 4
core id		: 0
cpu cores	: 4
apicid		: 0
initial apicid	: 0
fpu		: yes
fpu_exception	: yes
cpuid level	: 13
wp		: yes
flags		: fpu vme de pse tsc msr pae mce cx8 apic sep mtrr pge mca cmov pat pse36 clflush mmx fxsr sse sse2 ht syscall nx mmxext fxsr_opt pdpe1gb rdtscp lm constant_tsc rep_good nopl nonstop_tsc extd_apicid aperfmperf eagerfpu pni pclmulqdq monitor ssse3 cx16 sse4_1 sse4_2 movbe popcnt aes xsave avx f16c lahf_lm cmp_legacy svm extapic cr8_legacy abm sse4a misalignsse 3dnowprefetch osvw ibs skinit wdt topoext perfctr_nb perfctr_l2 arat cpb xsaveopt hw_pstate proc_feedback npt lbrv svm_lock nrip_save tsc_scale flushbyasid decodeassists pausefilter pfthreshold vmmcall bmi1
bogomips	: 1996.25
TLB size	: 1024 4K pages
clflush size	: 64
cache_alignment	: 64
address sizes	: 40 bits physical, 48 bits virtual
power management: ts ttp tm 100mhzsteps hwpstate cpb [11]

processor	: 1
vendor_id	: AuthenticAMD
cpu family	: 22
model		: 0
model name	: Quad-Core Processor (up to 1.4GHz)             
stepping	: 1
microcode	: 0x7000106
cpu MHz		: 1000.000
cache size	: 2048 KB
physical id	: 0
siblings	: 4
core id		: 1
cpu cores	: 4
apicid		: 1
initial apicid	: 1
fpu		: yes
fpu_exception	: yes
cpuid level	: 13
wp		: yes
flags		: fpu vme de pse tsc msr pae mce cx8 apic sep mtrr pge mca cmov pat pse36 clflush mmx fxsr sse sse2 ht syscall nx mmxext fxsr_opt pdpe1gb rdtscp lm constant_tsc rep_good nopl nonstop_tsc extd_apicid aperfmperf eagerfpu pni pclmulqdq monitor ssse3 cx16 sse4_1 sse4_2 movbe popcnt aes xsave avx f16c lahf_lm cmp_legacy svm extapic cr8_legacy abm sse4a misalignsse 3dnowprefetch osvw ibs skinit wdt topoext perfctr_nb perfctr_l2 arat cpb xsaveopt hw_pstate proc_feedback npt lbrv svm_lock nrip_save tsc_scale flushbyasid decodeassists pausefilter pfthreshold vmmcall bmi1
bogomips	: 1996.25
TLB size	: 1024 4K pages
clflush size	: 64
cache_alignment	: 64
address sizes	: 40 bits physical, 48 bits virtual
power management: ts ttp tm 100mhzsteps hwpstate cpb [11]

processor	: 2
vendor_id	: AuthenticAMD
cpu family	: 22
model		: 0
model name	: Quad-Core Processor (up to 1.4GHz)             
stepping	: 1
microcode	: 0x7000106
cpu MHz		: 600.000
cache size	: 2048 KB
physical id	: 0
siblings	: 4
core id		: 2
cpu cores	: 4
apicid		: 2
initial apicid	: 2
fpu		: yes
fpu_exception	: yes
cpuid level	: 13
wp		: yes
flags		: fpu vme de pse tsc msr pae mce cx8 apic sep mtrr pge mca cmov pat pse36 clflush mmx fxsr sse sse2 ht syscall nx mmxext fxsr_opt pdpe1gb rdtscp lm constant_tsc rep_good nopl nonstop_tsc extd_apicid aperfmperf eagerfpu pni pclmulqdq monitor ssse3 cx16 sse4_1 sse4_2 movbe popcnt aes xsave avx f16c lahf_lm cmp_legacy svm extapic cr8_legacy abm sse4a misalignsse 3dnowprefetch osvw ibs skinit wdt topoext perfctr_nb perfctr_l2 arat cpb xsaveopt hw_pstate proc_feedback npt lbrv svm_lock nrip_save tsc_scale flushbyasid decodeassists pausefilter pfthreshold vmmcall bmi1
bogomips	: 1996.25
TLB size	: 1024 4K pages
clflush size	: 64
cache_alignment	: 64
address sizes	: 40 bits physical, 48 bits virtual
power management: ts ttp tm 100mhzsteps hwpstate cpb [11]

processor	: 3
vendor_id	: AuthenticAMD
cpu family	: 22
model		: 0
model name	: Quad-Core Processor (up to 1.4GHz)             
stepping	: 1
microcode	: 0x7000106
cpu MHz		: 600.000
cache size	: 2048 KB
physical id	: 0
siblings	: 4
core id		: 3
cpu cores	: 4
apicid		: 3
initial apicid	: 3
fpu		: yes
fpu_exception	: yes
cpuid level	: 13
wp		: yes
flags		: fpu vme de pse tsc msr pae mce cx8 apic sep mtrr pge mca cmov pat pse36 clflush mmx fxsr sse sse2 ht syscall nx mmxext fxsr_opt pdpe1gb rdtscp lm constant_tsc rep_good nopl nonstop_tsc extd_apicid aperfmperf eagerfpu pni pclmulqdq monitor ssse3 cx16 sse4_1 sse4_2 movbe popcnt aes xsave avx f16c lahf_lm cmp_legacy svm extapic cr8_legacy abm sse4a misalignsse 3dnowprefetch osvw ibs skinit wdt topoext perfctr_nb perfctr_l2 arat cpb xsaveopt hw_pstate proc_feedback npt lbrv svm_lock nrip_save tsc_scale flushbyasid decodeassists pausefilter pfthreshold vmmcall bmi1
bogomips	: 1996.25
TLB size	: 1024 4K pages
clflush size	: 64
cache_alignment	: 64
address sizes	: 40 bits physical, 48 bits virtual
power management: ts ttp tm 100mhzsteps hwpstate cpb [11]



Memory: 4k page, physical 3407836k(93196k free), swap 0k(0k free)

vm_info: OpenJDK 64-Bit Server VM (24.121-b00) for linux-amd64 JRE (1.7.0_121-b00), built on Feb  7 2017 18:45:58 by "buildd" with gcc 4.8.4

time: Sat Mar 11 20:19:04 2017
elapsed time: 3 seconds

