#
# There is insufficient memory for the Java Runtime Environment to continue.
# Native memory allocation (malloc) failed to allocate 57671680 bytes for committing reserved memory.
# Possible reasons:
#   The system is out of physical RAM or swap space
#   In 32 bit mode, the process size limit was hit
# Possible solutions:
#   Reduce memory load on the system
#   Increase physical memory or swap space
#   Check if swap backing store is full
#   Use 64 bit Java on a 64 bit OS
#   Decrease Java heap size (-Xmx/-Xms)
#   Decrease number of Java threads
#   Decrease Java thread stack sizes (-Xss)
#   Set larger code cache with -XX:ReservedCodeCacheSize=
# This output file may be truncated or incomplete.
#
#  Out of Memory Error (os_linux.cpp:2827), pid=7548, tid=140221217756928
#
# JRE version: OpenJDK Runtime Environment (7.0_121) (build 1.7.0_121-b00)
# Java VM: OpenJDK 64-Bit Server VM (24.121-b00 mixed mode linux-amd64 compressed oops)
# Derivative: IcedTea 2.6.8
# Distribution: Ubuntu 14.04 LTS, package 7u121-2.6.8-1ubuntu0.14.04.3
# Failed to write core dump. Core dumps have been disabled. To enable core dumping, try "ulimit -c unlimited" before starting Java again
#

---------------  T H R E A D  ---------------

Current thread (0x00007f87d4076000):  VMThread [stack: 0x00007f87cbcfd000,0x00007f87cbdfe000] [id=7556]

Stack: [0x00007f87cbcfd000,0x00007f87cbdfe000],  sp=0x00007f87cbdfc490,  free space=1021k
Native frames: (J=compiled Java code, j=interpreted, Vv=VM code, C=native code)
V  [libjvm.so+0x95d975]
V  [libjvm.so+0x497ad4]
V  [libjvm.so+0x7d6a6b]
V  [libjvm.so+0x7d142f]
V  [libjvm.so+0x84672b]
V  [libjvm.so+0x8475a0]
V  [libjvm.so+0x847c8b]
V  [libjvm.so+0x843678]
V  [libjvm.so+0x843ee8]
V  [libjvm.so+0x7f9583]
V  [libjvm.so+0x95f384]
V  [libjvm.so+0x963487]
V  [libjvm.so+0x961f48]
V  [libjvm.so+0x9623a9]
V  [libjvm.so+0x9627f2]
V  [libjvm.so+0x7d3862]

VM_Operation (0x00007f87dde798a0): ParallelGCFailedAllocation, mode: safepoint, requested by thread 0x00007f87d400a800


---------------  P R O C E S S  ---------------

Java Threads: ( => current thread )
  0x00007f87d40af800 JavaThread "Service Thread" daemon [_thread_blocked, id=7562, stack(0x00007f87cae1b000,0x00007f87caf1c000)]
  0x00007f87d40ad800 JavaThread "C2 CompilerThread1" daemon [_thread_blocked, id=7561, stack(0x00007f87caf1c000,0x00007f87cb01d000)]
  0x00007f87d40aa800 JavaThread "C2 CompilerThread0" daemon [_thread_blocked, id=7560, stack(0x00007f87cb01d000,0x00007f87cb11e000)]
  0x00007f87d40a8800 JavaThread "Signal Dispatcher" daemon [_thread_blocked, id=7559, stack(0x00007f87cb11e000,0x00007f87cb21f000)]
  0x00007f87d407c800 JavaThread "Finalizer" daemon [_thread_blocked, id=7558, stack(0x00007f87cbafb000,0x00007f87cbbfc000)]
  0x00007f87d407a800 JavaThread "Reference Handler" daemon [_thread_blocked, id=7557, stack(0x00007f87cbbfc000,0x00007f87cbcfd000)]
  0x00007f87d400a800 JavaThread "main" [_thread_blocked, id=7551, stack(0x00007f87ddd7b000,0x00007f87dde7c000)]

Other Threads:
=>0x00007f87d4076000 VMThread [stack: 0x00007f87cbcfd000,0x00007f87cbdfe000] [id=7556]
  0x00007f87d40ba800 WatcherThread [stack: 0x00007f87cad1a000,0x00007f87cae1b000] [id=7563]

VM state:at safepoint (normal execution)

VM Mutex/Monitor currently owned by a thread:  ([mutex/lock_event])
[0x00007f87d4006f80] Threads_lock - owner thread: 0x00007f87d4076000
[0x00007f87d4007480] Heap_lock - owner thread: 0x00007f87d400a800

Heap
 PSYoungGen      total 57344K, used 128K [0x00000000eea80000, 0x00000000f2480000, 0x0000000100000000)
  eden space 55296K, 0% used [0x00000000eea80000,0x00000000eea80000,0x00000000f2080000)
  from space 2048K, 6% used [0x00000000f2080000,0x00000000f20a0000,0x00000000f2280000)
  to   space 1536K, 0% used [0x00000000f2300000,0x00000000f2300000,0x00000000f2480000)
 ParOldGen       total 35328K, used 1395K [0x00000000cc000000, 0x00000000ce280000, 0x00000000eea80000)
  object space 35328K, 3% used [0x00000000cc000000,0x00000000cc15ce98,0x00000000ce280000)
 PSPermGen       total 21504K, used 7277K [0x00000000c1a00000, 0x00000000c2f00000, 0x00000000cc000000)
  object space 21504K, 33% used [0x00000000c1a00000,0x00000000c211b7f8,0x00000000c2f00000)

Card table byte_map: [0x00007f87da7a7000,0x00007f87da99b000] byte_map_base: 0x00007f87da19a000

Polling page: 0x00007f87dde9b000

Code Cache  [0x00007f87d1000000, 0x00007f87d1270000, 0x00007f87d4000000)
 total_blobs=364 nmethods=96 adapters=223 free_code_cache=48556Kb largest_free_block=49695168

Compilation events (10 events):
Event: 2,937 Thread 0x00007f87d40aa800 nmethod 92 0x00007f87d108c490 code [0x00007f87d108c5e0, 0x00007f87d108c6a8]
Event: 2,937 Thread 0x00007f87d40ad800 nmethod 90 0x00007f87d1096650 code [0x00007f87d1096880, 0x00007f87d10970b8]
Event: 2,937 Thread 0x00007f87d40aa800   93             org.glassfish.json.JsonObjectBuilderImpl$JsonObjectImpl::getJsonString (9 bytes)
Event: 2,939 Thread 0x00007f87d40aa800 nmethod 93 0x00007f87d1098050 code [0x00007f87d10981a0, 0x00007f87d1098248]
Event: 3,092 Thread 0x00007f87d40ad800   94             org.duckdns.spacedock.upengine.libupsystem.Perso::initJauges (101 bytes)
Event: 3,111 Thread 0x00007f87d40ad800 nmethod 94 0x00007f87d1095cd0 code [0x00007f87d1095e60, 0x00007f87d1096258]
Event: 3,175 Thread 0x00007f87d40aa800   95             org.glassfish.json.JsonArrayBuilderImpl$JsonArrayImpl::getJsonNumber (14 bytes)
Event: 3,180 Thread 0x00007f87d40aa800 nmethod 95 0x00007f87d108d7d0 code [0x00007f87d108d940, 0x00007f87d108da98]
Event: 3,220 Thread 0x00007f87d40ad800   96             org.duckdns.spacedock.upengine.libupsystem.Domaine::setRang (48 bytes)
Event: 3,221 Thread 0x00007f87d40ad800 nmethod 96 0x00007f87d1097e10 code [0x00007f87d1097f40, 0x00007f87d1097fb8]

GC Heap History (10 events):
Event: 2,496 GC heap after
Heap after GC invocations=2 (full 0):
 PSYoungGen      total 15872K, used 1312K [0x00000000eea80000, 0x00000000f0980000, 0x0000000100000000)
  eden space 13824K, 0% used [0x00000000eea80000,0x00000000eea80000,0x00000000ef800000)
  from space 2048K, 64% used [0x00000000efa00000,0x00000000efb48030,0x00000000efc00000)
  to   space 2048K, 0% used [0x00000000ef800000,0x00000000ef800000,0x00000000efa00000)
 ParOldGen       total 35328K, used 103K [0x00000000cc000000, 0x00000000ce280000, 0x00000000eea80000)
  object space 35328K, 0% used [0x00000000cc000000,0x00000000cc019c20,0x00000000ce280000)
 PSPermGen       total 21504K, used 7263K [0x00000000c1a00000, 0x00000000c2f00000, 0x00000000cc000000)
  object space 21504K, 33% used [0x00000000c1a00000,0x00000000c2117ca8,0x00000000c2f00000)
}
Event: 2,677 GC heap before
{Heap before GC invocations=3 (full 0):
 PSYoungGen      total 15872K, used 15136K [0x00000000eea80000, 0x00000000f0980000, 0x0000000100000000)
  eden space 13824K, 100% used [0x00000000eea80000,0x00000000ef800000,0x00000000ef800000)
  from space 2048K, 64% used [0x00000000efa00000,0x00000000efb48030,0x00000000efc00000)
  to   space 2048K, 0% used [0x00000000ef800000,0x00000000ef800000,0x00000000efa00000)
 ParOldGen       total 35328K, used 103K [0x00000000cc000000, 0x00000000ce280000, 0x00000000eea80000)
  object space 35328K, 0% used [0x00000000cc000000,0x00000000cc019c20,0x00000000ce280000)
 PSPermGen       total 21504K, used 7270K [0x00000000c1a00000, 0x00000000c2f00000, 0x00000000cc000000)
  object space 21504K, 33% used [0x00000000c1a00000,0x00000000c2119888,0x00000000c2f00000)
Event: 2,684 GC heap after
Heap after GC invocations=3 (full 0):
 PSYoungGen      total 15872K, used 1360K [0x00000000eea80000, 0x00000000f0980000, 0x0000000100000000)
  eden space 13824K, 0% used [0x00000000eea80000,0x00000000eea80000,0x00000000ef800000)
  from space 2048K, 66% used [0x00000000ef800000,0x00000000ef954020,0x00000000efa00000)
  to   space 2048K, 0% used [0x00000000f0780000,0x00000000f0780000,0x00000000f0980000)
 ParOldGen       total 35328K, used 111K [0x00000000cc000000, 0x00000000ce280000, 0x00000000eea80000)
  object space 35328K, 0% used [0x00000000cc000000,0x00000000cc01bc20,0x00000000ce280000)
 PSPermGen       total 21504K, used 7270K [0x00000000c1a00000, 0x00000000c2f00000, 0x00000000cc000000)
  object space 21504K, 33% used [0x00000000c1a00000,0x00000000c2119888,0x00000000c2f00000)
}
Event: 2,794 GC heap before
{Heap before GC invocations=4 (full 0):
 PSYoungGen      total 15872K, used 15184K [0x00000000eea80000, 0x00000000f0980000, 0x0000000100000000)
  eden space 13824K, 100% used [0x00000000eea80000,0x00000000ef800000,0x00000000ef800000)
  from space 2048K, 66% used [0x00000000ef800000,0x00000000ef954020,0x00000000efa00000)
  to   space 2048K, 0% used [0x00000000f0780000,0x00000000f0780000,0x00000000f0980000)
 ParOldGen       total 35328K, used 111K [0x00000000cc000000, 0x00000000ce280000, 0x00000000eea80000)
  object space 35328K, 0% used [0x00000000cc000000,0x00000000cc01bc20,0x00000000ce280000)
 PSPermGen       total 21504K, used 7271K [0x00000000c1a00000, 0x00000000c2f00000, 0x00000000cc000000)
  object space 21504K, 33% used [0x00000000c1a00000,0x00000000c2119d80,0x00000000c2f00000)
Event: 2,805 GC heap after
Heap after GC invocations=4 (full 0):
 PSYoungGen      total 29696K, used 1344K [0x00000000eea80000, 0x00000000f0980000, 0x0000000100000000)
  eden space 27648K, 0% used [0x00000000eea80000,0x00000000eea80000,0x00000000f0580000)
  from space 2048K, 65% used [0x00000000f0780000,0x00000000f08d0030,0x00000000f0980000)
  to   space 2048K, 0% used [0x00000000f0580000,0x00000000f0580000,0x00000000f0780000)
 ParOldGen       total 35328K, used 111K [0x00000000cc000000, 0x00000000ce280000, 0x00000000eea80000)
  object space 35328K, 0% used [0x00000000cc000000,0x00000000cc01bc20,0x00000000ce280000)
 PSPermGen       total 21504K, used 7271K [0x00000000c1a00000, 0x00000000c2f00000, 0x00000000cc000000)
  object space 21504K, 33% used [0x00000000c1a00000,0x00000000c2119d80,0x00000000c2f00000)
}
Event: 2,961 GC heap before
{Heap before GC invocations=5 (full 0):
 PSYoungGen      total 29696K, used 28992K [0x00000000eea80000, 0x00000000f0980000, 0x0000000100000000)
  eden space 27648K, 100% used [0x00000000eea80000,0x00000000f0580000,0x00000000f0580000)
  from space 2048K, 65% used [0x00000000f0780000,0x00000000f08d0030,0x00000000f0980000)
  to   space 2048K, 0% used [0x00000000f0580000,0x00000000f0580000,0x00000000f0780000)
 ParOldGen       total 35328K, used 111K [0x00000000cc000000, 0x00000000ce280000, 0x00000000eea80000)
  object space 35328K, 0% used [0x00000000cc000000,0x00000000cc01bc20,0x00000000ce280000)
 PSPermGen       total 21504K, used 7272K [0x00000000c1a00000, 0x00000000c2f00000, 0x00000000cc000000)
  object space 21504K, 33% used [0x00000000c1a00000,0x00000000c211a398,0x00000000c2f00000)
Event: 2,976 GC heap after
Heap after GC invocations=5 (full 0):
 PSYoungGen      total 29696K, used 1344K [0x00000000eea80000, 0x00000000f2580000, 0x0000000100000000)
  eden space 27648K, 0% used [0x00000000eea80000,0x00000000eea80000,0x00000000f0580000)
  from space 2048K, 65% used [0x00000000f0580000,0x00000000f06d0030,0x00000000f0780000)
  to   space 2560K, 0% used [0x00000000f2300000,0x00000000f2300000,0x00000000f2580000)
 ParOldGen       total 35328K, used 119K [0x00000000cc000000, 0x00000000ce280000, 0x00000000eea80000)
  object space 35328K, 0% used [0x00000000cc000000,0x00000000cc01dc20,0x00000000ce280000)
 PSPermGen       total 21504K, used 7272K [0x00000000c1a00000, 0x00000000c2f00000, 0x00000000cc000000)
  object space 21504K, 33% used [0x00000000c1a00000,0x00000000c211a398,0x00000000c2f00000)
}
Event: 3,060 GC heap before
{Heap before GC invocations=6 (full 0):
 PSYoungGen      total 29696K, used 28992K [0x00000000eea80000, 0x00000000f2580000, 0x0000000100000000)
  eden space 27648K, 100% used [0x00000000eea80000,0x00000000f0580000,0x00000000f0580000)
  from space 2048K, 65% used [0x00000000f0580000,0x00000000f06d0030,0x00000000f0780000)
  to   space 2560K, 0% used [0x00000000f2300000,0x00000000f2300000,0x00000000f2580000)
 ParOldGen       total 35328K, used 119K [0x00000000cc000000, 0x00000000ce280000, 0x00000000eea80000)
  object space 35328K, 0% used [0x00000000cc000000,0x00000000cc01dc20,0x00000000ce280000)
 PSPermGen       total 21504K, used 7276K [0x00000000c1a00000, 0x00000000c2f00000, 0x00000000cc000000)
  object space 21504K, 33% used [0x00000000c1a00000,0x00000000c211b330,0x00000000c2f00000)
Event: 3,077 GC heap after
Heap after GC invocations=6 (full 0):
 PSYoungGen      total 56832K, used 1392K [0x00000000eea80000, 0x00000000f2480000, 0x0000000100000000)
  eden space 55296K, 0% used [0x00000000eea80000,0x00000000eea80000,0x00000000f2080000)
  from space 1536K, 90% used [0x00000000f2300000,0x00000000f245c040,0x00000000f2480000)
  to   space 2048K, 0% used [0x00000000f2080000,0x00000000f2080000,0x00000000f2280000)
 ParOldGen       total 35328K, used 127K [0x00000000cc000000, 0x00000000ce280000, 0x00000000eea80000)
  object space 35328K, 0% used [0x00000000cc000000,0x00000000cc01fc20,0x00000000ce280000)
 PSPermGen       total 21504K, used 7276K [0x00000000c1a00000, 0x00000000c2f00000, 0x00000000cc000000)
  object space 21504K, 33% used [0x00000000c1a00000,0x00000000c211b330,0x00000000c2f00000)
}
Event: 3,315 GC heap before
{Heap before GC invocations=7 (full 0):
 PSYoungGen      total 56832K, used 56688K [0x00000000eea80000, 0x00000000f2480000, 0x0000000100000000)
  eden space 55296K, 100% used [0x00000000eea80000,0x00000000f2080000,0x00000000f2080000)
  from space 1536K, 90% used [0x00000000f2300000,0x00000000f245c040,0x00000000f2480000)
  to   space 2048K, 0% used [0x00000000f2080000,0x00000000f2080000,0x00000000f2280000)
 ParOldGen       total 35328K, used 127K [0x00000000cc000000, 0x00000000ce280000, 0x00000000eea80000)
  object space 35328K, 0% used [0x00000000cc000000,0x00000000cc01fc20,0x00000000ce280000)
 PSPermGen       total 21504K, used 7277K [0x00000000c1a00000, 0x00000000c2f00000, 0x00000000cc000000)
  object space 21504K, 33% used [0x00000000c1a00000,0x00000000c211b7f8,0x00000000c2f00000)

Deoptimization events (6 events):
Event: 0,465 Thread 0x00007f87d400a800 Uncommon trap: reason=unstable_if action=reinterpret pc=0x00007f87d1060634 method=java.lang.String.indexOf(II)I @ 49
Event: 0,656 Thread 0x00007f87d400a800 Uncommon trap: reason=class_check action=maybe_recompile pc=0x00007f87d1063140 method=java.util.Properties$LineReader.readLine()I @ 62
Event: 0,658 Thread 0x00007f87d400a800 Uncommon trap: reason=unstable_if action=reinterpret pc=0x00007f87d1063008 method=java.util.Properties$LineReader.readLine()I @ 263
Event: 0,741 Thread 0x00007f87d400a800 Uncommon trap: reason=unstable_if action=reinterpret pc=0x00007f87d1064670 method=java.lang.String.indexOf([CII[CIII)I @ 123
Event: 1,374 Thread 0x00007f87d400a800 Uncommon trap: reason=unstable_if action=reinterpret pc=0x00007f87d106b1a0 method=java.util.Properties$LineReader.readLine()I @ 369
Event: 1,687 Thread 0x00007f87d400a800 Uncommon trap: reason=unstable_if action=reinterpret pc=0x00007f87d106c3ec method=sun.net.www.ParseUtil.encodePath(Ljava/lang/String;Z)Ljava/lang/String; @ 109

Internal exceptions (10 events):
Event: 1,883 Thread 0x00007f87d400a800 Threw 0x00000000ef12bb58 at /build/openjdk-7-fqDl7t/openjdk-7-7u121-2.6.8/build/openjdk/hotspot/src/share/vm/prims/jvm.cpp:1322
Event: 1,885 Thread 0x00007f87d400a800 Threw 0x00000000ef12f688 at /build/openjdk-7-fqDl7t/openjdk-7-7u121-2.6.8/build/openjdk/hotspot/src/share/vm/prims/jvm.cpp:1322
Event: 1,941 Thread 0x00007f87d400a800 Threw 0x00000000ef15bad0 at /build/openjdk-7-fqDl7t/openjdk-7-7u121-2.6.8/build/openjdk/hotspot/src/share/vm/prims/jvm.cpp:1322
Event: 1,947 Thread 0x00007f87d400a800 Threw 0x00000000ef160e98 at /build/openjdk-7-fqDl7t/openjdk-7-7u121-2.6.8/build/openjdk/hotspot/src/share/vm/prims/jvm.cpp:1322
Event: 1,950 Thread 0x00007f87d400a800 Threw 0x00000000ef164d50 at /build/openjdk-7-fqDl7t/openjdk-7-7u121-2.6.8/build/openjdk/hotspot/src/share/vm/prims/jvm.cpp:1322
Event: 1,952 Thread 0x00007f87d400a800 Threw 0x00000000ef1699d8 at /build/openjdk-7-fqDl7t/openjdk-7-7u121-2.6.8/build/openjdk/hotspot/src/share/vm/prims/jvm.cpp:1322
Event: 1,973 Thread 0x00007f87d400a800 Threw 0x00000000ef1894a0 at /build/openjdk-7-fqDl7t/openjdk-7-7u121-2.6.8/build/openjdk/hotspot/src/share/vm/prims/jvm.cpp:1322
Event: 1,980 Thread 0x00007f87d400a800 Threw 0x00000000ef19cd40 at /build/openjdk-7-fqDl7t/openjdk-7-7u121-2.6.8/build/openjdk/hotspot/src/share/vm/prims/jvm.cpp:1322
Event: 1,982 Thread 0x00007f87d400a800 Threw 0x00000000ef1a01d0 at /build/openjdk-7-fqDl7t/openjdk-7-7u121-2.6.8/build/openjdk/hotspot/src/share/vm/prims/jvm.cpp:1322
Event: 1,993 Thread 0x00007f87d400a800 Threw 0x00000000ef1a3ed0 at /build/openjdk-7-fqDl7t/openjdk-7-7u121-2.6.8/build/openjdk/hotspot/src/share/vm/prims/jvm.cpp:1322

Events (10 events):
Event: 2,684 Executing VM operation: ParallelGCFailedAllocation done
Event: 2,726 loading class 0x00007f87d80e6d30
Event: 2,727 loading class 0x00007f87d80e6d30 done
Event: 2,794 Executing VM operation: ParallelGCFailedAllocation
Event: 2,805 Executing VM operation: ParallelGCFailedAllocation done
Event: 2,961 Executing VM operation: ParallelGCFailedAllocation
Event: 2,976 Executing VM operation: ParallelGCFailedAllocation done
Event: 3,059 Executing VM operation: ParallelGCFailedAllocation
Event: 3,077 Executing VM operation: ParallelGCFailedAllocation done
Event: 3,310 Executing VM operation: ParallelGCFailedAllocation


Dynamic libraries:
00400000-00401000 r-xp 00000000 08:01 3155548                            /usr/lib/jvm/java-7-openjdk-amd64/jre/bin/java
00600000-00601000 r--p 00000000 08:01 3155548                            /usr/lib/jvm/java-7-openjdk-amd64/jre/bin/java
00601000-00602000 rw-p 00001000 08:01 3155548                            /usr/lib/jvm/java-7-openjdk-amd64/jre/bin/java
00d66000-00d87000 rw-p 00000000 00:00 0                                  [heap]
c1a00000-c2f00000 rw-p 00000000 00:00 0 
c2f00000-cc000000 rw-p 00000000 00:00 0 
cc000000-ce280000 rw-p 00000000 00:00 0 
ce280000-eea80000 rw-p 00000000 00:00 0 
eea80000-f2480000 rw-p 00000000 00:00 0 
f5b80000-100000000 rw-p 00000000 00:00 0 
7f8798000000-7f8798021000 rw-p 00000000 00:00 0 
7f8798021000-7f879c000000 ---p 00000000 00:00 0 
7f879c000000-7f879c021000 rw-p 00000000 00:00 0 
7f879c021000-7f87a0000000 ---p 00000000 00:00 0 
7f87a0000000-7f87a05cb000 rw-p 00000000 00:00 0 
7f87a05cb000-7f87a4000000 ---p 00000000 00:00 0 
7f87a4000000-7f87a42d3000 rw-p 00000000 00:00 0 
7f87a42d3000-7f87a8000000 ---p 00000000 00:00 0 
7f87a8000000-7f87a8021000 rw-p 00000000 00:00 0 
7f87a8021000-7f87ac000000 ---p 00000000 00:00 0 
7f87ac000000-7f87ac021000 rw-p 00000000 00:00 0 
7f87ac021000-7f87b0000000 ---p 00000000 00:00 0 
7f87b0000000-7f87b0021000 rw-p 00000000 00:00 0 
7f87b0021000-7f87b4000000 ---p 00000000 00:00 0 
7f87b4000000-7f87b4021000 rw-p 00000000 00:00 0 
7f87b4021000-7f87b8000000 ---p 00000000 00:00 0 
7f87b8000000-7f87b8021000 rw-p 00000000 00:00 0 
7f87b8021000-7f87bc000000 ---p 00000000 00:00 0 
7f87bc000000-7f87bc021000 rw-p 00000000 00:00 0 
7f87bc021000-7f87c0000000 ---p 00000000 00:00 0 
7f87c4000000-7f87c4021000 rw-p 00000000 00:00 0 
7f87c4021000-7f87c8000000 ---p 00000000 00:00 0 
7f87c956b000-7f87c959c000 rw-p 00000000 00:00 0 
7f87c959c000-7f87c95d9000 r-xp 00000000 08:01 2756625                    /lib/x86_64-linux-gnu/libpcre.so.3.13.1
7f87c95d9000-7f87c97d8000 ---p 0003d000 08:01 2756625                    /lib/x86_64-linux-gnu/libpcre.so.3.13.1
7f87c97d8000-7f87c97d9000 r--p 0003c000 08:01 2756625                    /lib/x86_64-linux-gnu/libpcre.so.3.13.1
7f87c97d9000-7f87c97da000 rw-p 0003d000 08:01 2756625                    /lib/x86_64-linux-gnu/libpcre.so.3.13.1
7f87c97da000-7f87c97e1000 r-xp 00000000 08:01 3146096                    /usr/lib/x86_64-linux-gnu/libffi.so.6.0.1
7f87c97e1000-7f87c99e0000 ---p 00007000 08:01 3146096                    /usr/lib/x86_64-linux-gnu/libffi.so.6.0.1
7f87c99e0000-7f87c99e1000 r--p 00006000 08:01 3146096                    /usr/lib/x86_64-linux-gnu/libffi.so.6.0.1
7f87c99e1000-7f87c99e2000 rw-p 00007000 08:01 3146096                    /usr/lib/x86_64-linux-gnu/libffi.so.6.0.1
7f87c99e2000-7f87c99f9000 r-xp 00000000 08:01 2752516                    /lib/x86_64-linux-gnu/libresolv-2.19.so
7f87c99f9000-7f87c9bf9000 ---p 00017000 08:01 2752516                    /lib/x86_64-linux-gnu/libresolv-2.19.so
7f87c9bf9000-7f87c9bfa000 r--p 00017000 08:01 2752516                    /lib/x86_64-linux-gnu/libresolv-2.19.so
7f87c9bfa000-7f87c9bfb000 rw-p 00018000 08:01 2752516                    /lib/x86_64-linux-gnu/libresolv-2.19.so
7f87c9bfb000-7f87c9bfd000 rw-p 00000000 00:00 0 
7f87c9bfd000-7f87c9c1d000 r-xp 00000000 08:01 2756767                    /lib/x86_64-linux-gnu/libselinux.so.1
7f87c9c1d000-7f87c9e1c000 ---p 00020000 08:01 2756767                    /lib/x86_64-linux-gnu/libselinux.so.1
7f87c9e1c000-7f87c9e1d000 r--p 0001f000 08:01 2756767                    /lib/x86_64-linux-gnu/libselinux.so.1
7f87c9e1d000-7f87c9e1e000 rw-p 00020000 08:01 2756767                    /lib/x86_64-linux-gnu/libselinux.so.1
7f87c9e1e000-7f87c9e20000 rw-p 00000000 00:00 0 
7f87c9e20000-7f87c9e23000 r-xp 00000000 08:01 3153259                    /usr/lib/x86_64-linux-gnu/libgmodule-2.0.so.0.4002.0
7f87c9e23000-7f87ca022000 ---p 00003000 08:01 3153259                    /usr/lib/x86_64-linux-gnu/libgmodule-2.0.so.0.4002.0
7f87ca022000-7f87ca023000 r--p 00002000 08:01 3153259                    /usr/lib/x86_64-linux-gnu/libgmodule-2.0.so.0.4002.0
7f87ca023000-7f87ca024000 rw-p 00003000 08:01 3153259                    /usr/lib/x86_64-linux-gnu/libgmodule-2.0.so.0.4002.0
7f87ca024000-7f87ca12a000 r-xp 00000000 08:01 2756673                    /lib/x86_64-linux-gnu/libglib-2.0.so.0.4002.0
7f87ca12a000-7f87ca329000 ---p 00106000 08:01 2756673                    /lib/x86_64-linux-gnu/libglib-2.0.so.0.4002.0
7f87ca329000-7f87ca32a000 r--p 00105000 08:01 2756673                    /lib/x86_64-linux-gnu/libglib-2.0.so.0.4002.0
7f87ca32a000-7f87ca32b000 rw-p 00106000 08:01 2756673                    /lib/x86_64-linux-gnu/libglib-2.0.so.0.4002.0
7f87ca32b000-7f87ca32c000 rw-p 00000000 00:00 0 
7f87ca32c000-7f87ca37b000 r-xp 00000000 08:01 3153275                    /usr/lib/x86_64-linux-gnu/libgobject-2.0.so.0.4002.0
7f87ca37b000-7f87ca57b000 ---p 0004f000 08:01 3153275                    /usr/lib/x86_64-linux-gnu/libgobject-2.0.so.0.4002.0
7f87ca57b000-7f87ca57c000 r--p 0004f000 08:01 3153275                    /usr/lib/x86_64-linux-gnu/libgobject-2.0.so.0.4002.0
7f87ca57c000-7f87ca57d000 rw-p 00050000 08:01 3153275                    /usr/lib/x86_64-linux-gnu/libgobject-2.0.so.0.4002.0
7f87ca57d000-7f87ca6e9000 r-xp 00000000 08:01 3153245                    /usr/lib/x86_64-linux-gnu/libgio-2.0.so.0.4002.0
7f87ca6e9000-7f87ca8e8000 ---p 0016c000 08:01 3153245                    /usr/lib/x86_64-linux-gnu/libgio-2.0.so.0.4002.0
7f87ca8e8000-7f87ca8ec000 r--p 0016b000 08:01 3153245                    /usr/lib/x86_64-linux-gnu/libgio-2.0.so.0.4002.0
7f87ca8ec000-7f87ca8ee000 rw-p 0016f000 08:01 3153245                    /usr/lib/x86_64-linux-gnu/libgio-2.0.so.0.4002.0
7f87ca8ee000-7f87ca8f0000 rw-p 00000000 00:00 0 
7f87ca8f0000-7f87ca907000 r-xp 00000000 08:01 3155475                    /usr/lib/jvm/java-7-openjdk-amd64/jre/lib/amd64/libnet.so
7f87ca907000-7f87cab06000 ---p 00017000 08:01 3155475                    /usr/lib/jvm/java-7-openjdk-amd64/jre/lib/amd64/libnet.so
7f87cab06000-7f87cab07000 r--p 00016000 08:01 3155475                    /usr/lib/jvm/java-7-openjdk-amd64/jre/lib/amd64/libnet.so
7f87cab07000-7f87cab08000 rw-p 00017000 08:01 3155475                    /usr/lib/jvm/java-7-openjdk-amd64/jre/lib/amd64/libnet.so
7f87cab08000-7f87cab18000 r-xp 00000000 08:01 3152632                    /usr/lib/jvm/java-7-openjdk-amd64/jre/lib/amd64/libnio.so
7f87cab18000-7f87cad18000 ---p 00010000 08:01 3152632                    /usr/lib/jvm/java-7-openjdk-amd64/jre/lib/amd64/libnio.so
7f87cad18000-7f87cad19000 r--p 00010000 08:01 3152632                    /usr/lib/jvm/java-7-openjdk-amd64/jre/lib/amd64/libnio.so
7f87cad19000-7f87cad1a000 rw-p 00011000 08:01 3152632                    /usr/lib/jvm/java-7-openjdk-amd64/jre/lib/amd64/libnio.so
7f87cad1a000-7f87cad1b000 ---p 00000000 00:00 0 
7f87cad1b000-7f87cae1b000 rw-p 00000000 00:00 0                          [stack:7563]
7f87cae1b000-7f87cae1e000 ---p 00000000 00:00 0 
7f87cae1e000-7f87caf1c000 rw-p 00000000 00:00 0                          [stack:7562]
7f87caf1c000-7f87caf1f000 ---p 00000000 00:00 0 
7f87caf1f000-7f87cb01d000 rw-p 00000000 00:00 0                          [stack:7561]
7f87cb01d000-7f87cb020000 ---p 00000000 00:00 0 
7f87cb020000-7f87cb11e000 rw-p 00000000 00:00 0                          [stack:7560]
7f87cb11e000-7f87cb121000 ---p 00000000 00:00 0 
7f87cb121000-7f87cb21f000 rw-p 00000000 00:00 0                          [stack:7559]
7f87cb21f000-7f87cbafb000 r--p 00000000 08:01 3148861                    /usr/lib/locale/locale-archive
7f87cbafb000-7f87cbafe000 ---p 00000000 00:00 0 
7f87cbafe000-7f87cbbfc000 rw-p 00000000 00:00 0                          [stack:7558]
7f87cbbfc000-7f87cbbff000 ---p 00000000 00:00 0 
7f87cbbff000-7f87cbcfd000 rw-p 00000000 00:00 0                          [stack:7557]
7f87cbcfd000-7f87cbcfe000 ---p 00000000 00:00 0 
7f87cbcfe000-7f87cc000000 rw-p 00000000 00:00 0                          [stack:7556]
7f87cc000000-7f87cc021000 rw-p 00000000 00:00 0 
7f87cc021000-7f87d0000000 ---p 00000000 00:00 0 
7f87d0034000-7f87d0052000 r--s 001c8000 08:01 1444773                    /home/audreyazura/Documents/Project/Tools/netbeans-8.1/extide/ant/lib/ant.jar
7f87d0052000-7f87d0e4d000 rw-p 00000000 00:00 0 
7f87d0e4d000-7f87d1000000 r--s 01d49000 08:01 3155504                    /usr/lib/jvm/java-7-openjdk-amd64/jre/lib/rt.jar
7f87d1000000-7f87d1270000 rwxp 00000000 00:00 0 
7f87d1270000-7f87d422d000 rw-p 00000000 00:00 0 
7f87d422d000-7f87d8000000 ---p 00000000 00:00 0 
7f87d8005000-7f87d8006000 rw-p 00000000 00:00 0 
7f87d8006000-7f87d8010000 r--s 000ae000 08:01 3148563                    /usr/lib/jvm/java-7-openjdk-amd64/jre/lib/resources.jar
7f87d8010000-7f87d8012000 r--s 00002000 08:01 1444758                    /home/audreyazura/Documents/Project/Tools/netbeans-8.1/extide/ant/lib/ant-junit4.jar
7f87d8012000-7f87d8015000 r--s 0001a000 08:01 1444760                    /home/audreyazura/Documents/Project/Tools/netbeans-8.1/extide/ant/lib/ant-junit.jar
7f87d8015000-7f87d801e000 r--s 00044000 08:01 1449897                    /home/audreyazura/Documents/Project/libupsystem/lib/junit_4/junit-4.12.jar
7f87d801e000-7f87da23a000 rw-p 00000000 00:00 0 
7f87da23a000-7f87da23b000 ---p 00000000 00:00 0 
7f87da23b000-7f87da33b000 rw-p 00000000 00:00 0                          [stack:7555]
7f87da33b000-7f87da33c000 ---p 00000000 00:00 0 
7f87da33c000-7f87da43c000 rw-p 00000000 00:00 0                          [stack:7554]
7f87da43c000-7f87da43d000 ---p 00000000 00:00 0 
7f87da43d000-7f87da53d000 rw-p 00000000 00:00 0                          [stack:7553]
7f87da53d000-7f87da53e000 ---p 00000000 00:00 0 
7f87da53e000-7f87da649000 rw-p 00000000 00:00 0                          [stack:7552]
7f87da649000-7f87da691000 rw-p 00000000 00:00 0 
7f87da691000-7f87da6a3000 rw-p 00000000 00:00 0 
7f87da6a3000-7f87da7a7000 rw-p 00000000 00:00 0 
7f87da7a7000-7f87da7b2000 rw-p 00000000 00:00 0 
7f87da7b2000-7f87da7fa000 rw-p 00000000 00:00 0 
7f87da7fa000-7f87da80c000 rw-p 00000000 00:00 0 
7f87da80c000-7f87da90f000 rw-p 00000000 00:00 0 
7f87da90f000-7f87da92d000 rw-p 00000000 00:00 0 
7f87da92d000-7f87da99a000 rw-p 00000000 00:00 0 
7f87da99a000-7f87da99b000 rw-p 00000000 00:00 0 
7f87da99b000-7f87da9a3000 r-xp 00000000 08:01 3155066                    /usr/lib/jvm/java-7-openjdk-amd64/jre/lib/amd64/libzip.so
7f87da9a3000-7f87daba2000 ---p 00008000 08:01 3155066                    /usr/lib/jvm/java-7-openjdk-amd64/jre/lib/amd64/libzip.so
7f87daba2000-7f87daba3000 r--p 00007000 08:01 3155066                    /usr/lib/jvm/java-7-openjdk-amd64/jre/lib/amd64/libzip.so
7f87daba3000-7f87daba4000 rw-p 00008000 08:01 3155066                    /usr/lib/jvm/java-7-openjdk-amd64/jre/lib/amd64/libzip.so
7f87daba4000-7f87dabae000 r-xp 00000000 08:01 2752570                    /lib/x86_64-linux-gnu/libnss_files-2.19.so
7f87dabae000-7f87dadad000 ---p 0000a000 08:01 2752570                    /lib/x86_64-linux-gnu/libnss_files-2.19.so
7f87dadad000-7f87dadae000 r--p 00009000 08:01 2752570                    /lib/x86_64-linux-gnu/libnss_files-2.19.so
7f87dadae000-7f87dadaf000 rw-p 0000a000 08:01 2752570                    /lib/x86_64-linux-gnu/libnss_files-2.19.so
7f87dadaf000-7f87dadba000 r-xp 00000000 08:01 2752562                    /lib/x86_64-linux-gnu/libnss_nis-2.19.so
7f87dadba000-7f87dafb9000 ---p 0000b000 08:01 2752562                    /lib/x86_64-linux-gnu/libnss_nis-2.19.so
7f87dafb9000-7f87dafba000 r--p 0000a000 08:01 2752562                    /lib/x86_64-linux-gnu/libnss_nis-2.19.so
7f87dafba000-7f87dafbb000 rw-p 0000b000 08:01 2752562                    /lib/x86_64-linux-gnu/libnss_nis-2.19.so
7f87dafbb000-7f87dafd2000 r-xp 00000000 08:01 2752558                    /lib/x86_64-linux-gnu/libnsl-2.19.so
7f87dafd2000-7f87db1d1000 ---p 00017000 08:01 2752558                    /lib/x86_64-linux-gnu/libnsl-2.19.so
7f87db1d1000-7f87db1d2000 r--p 00016000 08:01 2752558                    /lib/x86_64-linux-gnu/libnsl-2.19.so
7f87db1d2000-7f87db1d3000 rw-p 00017000 08:01 2752558                    /lib/x86_64-linux-gnu/libnsl-2.19.so
7f87db1d3000-7f87db1d5000 rw-p 00000000 00:00 0 
7f87db1d5000-7f87db1de000 r-xp 00000000 08:01 2752557                    /lib/x86_64-linux-gnu/libnss_compat-2.19.so
7f87db1de000-7f87db3dd000 ---p 00009000 08:01 2752557                    /lib/x86_64-linux-gnu/libnss_compat-2.19.so
7f87db3dd000-7f87db3de000 r--p 00008000 08:01 2752557                    /lib/x86_64-linux-gnu/libnss_compat-2.19.so
7f87db3de000-7f87db3df000 rw-p 00009000 08:01 2752557                    /lib/x86_64-linux-gnu/libnss_compat-2.19.so
7f87db3df000-7f87db409000 r-xp 00000000 08:01 3152636                    /usr/lib/jvm/java-7-openjdk-amd64/jre/lib/amd64/libjava.so
7f87db409000-7f87db609000 ---p 0002a000 08:01 3152636                    /usr/lib/jvm/java-7-openjdk-amd64/jre/lib/amd64/libjava.so
7f87db609000-7f87db60a000 r--p 0002a000 08:01 3152636                    /usr/lib/jvm/java-7-openjdk-amd64/jre/lib/amd64/libjava.so
7f87db60a000-7f87db60c000 rw-p 0002b000 08:01 3152636                    /usr/lib/jvm/java-7-openjdk-amd64/jre/lib/amd64/libjava.so
7f87db60c000-7f87db61c000 r-xp 00000000 08:01 3155494                    /usr/lib/jvm/java-7-openjdk-amd64/jre/lib/amd64/libverify.so
7f87db61c000-7f87db81b000 ---p 00010000 08:01 3155494                    /usr/lib/jvm/java-7-openjdk-amd64/jre/lib/amd64/libverify.so
7f87db81b000-7f87db81d000 r--p 0000f000 08:01 3155494                    /usr/lib/jvm/java-7-openjdk-amd64/jre/lib/amd64/libverify.so
7f87db81d000-7f87db81e000 rw-p 00011000 08:01 3155494                    /usr/lib/jvm/java-7-openjdk-amd64/jre/lib/amd64/libverify.so
7f87db81e000-7f87db825000 r-xp 00000000 08:01 2752566                    /lib/x86_64-linux-gnu/librt-2.19.so
7f87db825000-7f87dba24000 ---p 00007000 08:01 2752566                    /lib/x86_64-linux-gnu/librt-2.19.so
7f87dba24000-7f87dba25000 r--p 00006000 08:01 2752566                    /lib/x86_64-linux-gnu/librt-2.19.so
7f87dba25000-7f87dba26000 rw-p 00007000 08:01 2752566                    /lib/x86_64-linux-gnu/librt-2.19.so
7f87dba26000-7f87dba3c000 r-xp 00000000 08:01 2756650                    /lib/x86_64-linux-gnu/libgcc_s.so.1
7f87dba3c000-7f87dbc3b000 ---p 00016000 08:01 2756650                    /lib/x86_64-linux-gnu/libgcc_s.so.1
7f87dbc3b000-7f87dbc3c000 rw-p 00015000 08:01 2756650                    /lib/x86_64-linux-gnu/libgcc_s.so.1
7f87dbc3c000-7f87dbd41000 r-xp 00000000 08:01 2752530                    /lib/x86_64-linux-gnu/libm-2.19.so
7f87dbd41000-7f87dbf40000 ---p 00105000 08:01 2752530                    /lib/x86_64-linux-gnu/libm-2.19.so
7f87dbf40000-7f87dbf41000 r--p 00104000 08:01 2752530                    /lib/x86_64-linux-gnu/libm-2.19.so
7f87dbf41000-7f87dbf42000 rw-p 00105000 08:01 2752530                    /lib/x86_64-linux-gnu/libm-2.19.so
7f87dbf42000-7f87dc048000 r-xp 00000000 08:01 3147884                    /usr/lib/x86_64-linux-gnu/libstdc++.so.6.0.22
7f87dc048000-7f87dc247000 ---p 00106000 08:01 3147884                    /usr/lib/x86_64-linux-gnu/libstdc++.so.6.0.22
7f87dc247000-7f87dc24f000 r--p 00105000 08:01 3147884                    /usr/lib/x86_64-linux-gnu/libstdc++.so.6.0.22
7f87dc24f000-7f87dc251000 rw-p 0010d000 08:01 3147884                    /usr/lib/x86_64-linux-gnu/libstdc++.so.6.0.22
7f87dc251000-7f87dc254000 rw-p 00000000 00:00 0 
7f87dc254000-7f87dcd82000 r-xp 00000000 08:01 3154760                    /usr/lib/jvm/java-7-openjdk-amd64/jre/lib/amd64/server/libjvm.so
7f87dcd82000-7f87dcf82000 ---p 00b2e000 08:01 3154760                    /usr/lib/jvm/java-7-openjdk-amd64/jre/lib/amd64/server/libjvm.so
7f87dcf82000-7f87dd01c000 r--p 00b2e000 08:01 3154760                    /usr/lib/jvm/java-7-openjdk-amd64/jre/lib/amd64/server/libjvm.so
7f87dd01c000-7f87dd03f000 rw-p 00bc8000 08:01 3154760                    /usr/lib/jvm/java-7-openjdk-amd64/jre/lib/amd64/server/libjvm.so
7f87dd03f000-7f87dd06e000 rw-p 00000000 00:00 0 
7f87dd06e000-7f87dd086000 r-xp 00000000 08:01 2756797                    /lib/x86_64-linux-gnu/libz.so.1.2.8
7f87dd086000-7f87dd285000 ---p 00018000 08:01 2756797                    /lib/x86_64-linux-gnu/libz.so.1.2.8
7f87dd285000-7f87dd286000 r--p 00017000 08:01 2756797                    /lib/x86_64-linux-gnu/libz.so.1.2.8
7f87dd286000-7f87dd287000 rw-p 00018000 08:01 2756797                    /lib/x86_64-linux-gnu/libz.so.1.2.8
7f87dd287000-7f87dd2a0000 r-xp 00000000 08:01 2752559                    /lib/x86_64-linux-gnu/libpthread-2.19.so
7f87dd2a0000-7f87dd49f000 ---p 00019000 08:01 2752559                    /lib/x86_64-linux-gnu/libpthread-2.19.so
7f87dd49f000-7f87dd4a0000 r--p 00018000 08:01 2752559                    /lib/x86_64-linux-gnu/libpthread-2.19.so
7f87dd4a0000-7f87dd4a1000 rw-p 00019000 08:01 2752559                    /lib/x86_64-linux-gnu/libpthread-2.19.so
7f87dd4a1000-7f87dd4a5000 rw-p 00000000 00:00 0 
7f87dd4a5000-7f87dd4a8000 r-xp 00000000 08:01 2752539                    /lib/x86_64-linux-gnu/libdl-2.19.so
7f87dd4a8000-7f87dd6a7000 ---p 00003000 08:01 2752539                    /lib/x86_64-linux-gnu/libdl-2.19.so
7f87dd6a7000-7f87dd6a8000 r--p 00002000 08:01 2752539                    /lib/x86_64-linux-gnu/libdl-2.19.so
7f87dd6a8000-7f87dd6a9000 rw-p 00003000 08:01 2752539                    /lib/x86_64-linux-gnu/libdl-2.19.so
7f87dd6a9000-7f87dd863000 r-xp 00000000 08:01 2752567                    /lib/x86_64-linux-gnu/libc-2.19.so
7f87dd863000-7f87dda63000 ---p 001ba000 08:01 2752567                    /lib/x86_64-linux-gnu/libc-2.19.so
7f87dda63000-7f87dda67000 r--p 001ba000 08:01 2752567                    /lib/x86_64-linux-gnu/libc-2.19.so
7f87dda67000-7f87dda69000 rw-p 001be000 08:01 2752567                    /lib/x86_64-linux-gnu/libc-2.19.so
7f87dda69000-7f87dda6e000 rw-p 00000000 00:00 0 
7f87dda6e000-7f87dda7b000 r-xp 00000000 08:01 3152640                    /usr/lib/jvm/java-7-openjdk-amd64/jre/lib/amd64/jli/libjli.so
7f87dda7b000-7f87ddc7a000 ---p 0000d000 08:01 3152640                    /usr/lib/jvm/java-7-openjdk-amd64/jre/lib/amd64/jli/libjli.so
7f87ddc7a000-7f87ddc7b000 r--p 0000c000 08:01 3152640                    /usr/lib/jvm/java-7-openjdk-amd64/jre/lib/amd64/jli/libjli.so
7f87ddc7b000-7f87ddc7c000 rw-p 0000d000 08:01 3152640                    /usr/lib/jvm/java-7-openjdk-amd64/jre/lib/amd64/jli/libjli.so
7f87ddc7c000-7f87ddc9f000 r-xp 00000000 08:01 2752560                    /lib/x86_64-linux-gnu/ld-2.19.so
7f87ddc9f000-7f87ddca1000 r--s 00009000 08:01 1449889                    /home/audreyazura/Documents/Project/libupsystem/lib/hamcrest/hamcrest-core-1.3.jar
7f87ddca1000-7f87ddca4000 r--s 00013000 08:01 1449179                    /home/audreyazura/Documents/Project/libupsystem/lib/commonutils.portable1-0.jar
7f87ddca4000-7f87ddca7000 r--s 0003d000 08:01 3152622                    /usr/lib/jvm/java-7-openjdk-amd64/jre/lib/ext/sunpkcs11.jar
7f87ddca7000-7f87ddcc5000 rw-p 00000000 00:00 0 
7f87ddcc5000-7f87ddd7b000 rw-p 00000000 00:00 0 
7f87ddd7b000-7f87ddd7e000 ---p 00000000 00:00 0 
7f87ddd7e000-7f87dde81000 rw-p 00000000 00:00 0                          [stack:7551]
7f87dde81000-7f87dde82000 r--s 00004000 08:01 1444752                    /home/audreyazura/Documents/Project/Tools/netbeans-8.1/extide/ant/lib/ant-launcher.jar
7f87dde82000-7f87dde86000 r--s 00085000 08:01 3152619                    /usr/lib/jvm/java-7-openjdk-amd64/jre/lib/ext/localedata.jar
7f87dde86000-7f87dde87000 r--s 00002000 08:01 3152621                    /usr/lib/jvm/java-7-openjdk-amd64/jre/lib/ext/dnsns.jar
7f87dde87000-7f87dde89000 r--s 00006000 08:01 3283851                    /usr/share/java/java-atk-wrapper.jar
7f87dde89000-7f87dde8b000 r--s 00012000 08:01 3152620                    /usr/lib/jvm/java-7-openjdk-amd64/jre/lib/ext/zipfs.jar
7f87dde8b000-7f87dde8e000 r--s 0000f000 08:01 3152623                    /usr/lib/jvm/java-7-openjdk-amd64/jre/lib/ext/icedtea-sound.jar
7f87dde8e000-7f87dde92000 r--s 00034000 08:01 3152618                    /usr/lib/jvm/java-7-openjdk-amd64/jre/lib/ext/sunjce_provider.jar
7f87dde92000-7f87dde9a000 rw-s 00000000 08:01 1835123                    /tmp/hsperfdata_audreyazura/7548
7f87dde9a000-7f87dde9b000 rw-p 00000000 00:00 0 
7f87dde9b000-7f87dde9c000 ---p 00000000 00:00 0 
7f87dde9c000-7f87dde9e000 rw-p 00000000 00:00 0 
7f87dde9e000-7f87dde9f000 r--p 00022000 08:01 2752560                    /lib/x86_64-linux-gnu/ld-2.19.so
7f87dde9f000-7f87ddea0000 rw-p 00023000 08:01 2752560                    /lib/x86_64-linux-gnu/ld-2.19.so
7f87ddea0000-7f87ddea1000 rw-p 00000000 00:00 0 
7ffeae483000-7ffeae4a4000 rw-p 00000000 00:00 0                          [stack]
7ffeae5e9000-7ffeae5eb000 r-xp 00000000 00:00 0                          [vdso]
7ffeae5eb000-7ffeae5ed000 r--p 00000000 00:00 0                          [vvar]
ffffffffff600000-ffffffffff601000 r-xp 00000000 00:00 0                  [vsyscall]

VM Arguments:
jvm_args: -ea 
java_command: org.apache.tools.ant.taskdefs.optional.junit.JUnitTestRunner org.duckdns.spacedock.upengine.libupsystem.PersoStatDegatsLegersTest skipNonTests=false filtertrace=true haltOnError=false haltOnFailure=false showoutput=true outputtoformatters=true logfailedtests=true threadid=0 logtestlistenerevents=true formatter=org.apache.tools.ant.taskdefs.optional.junit.BriefJUnitResultFormatter formatter=org.apache.tools.ant.taskdefs.optional.junit.XMLJUnitResultFormatter,/home/audreyazura/Documents/Project/libupsystem/build/test/results/TEST-org.duckdns.spacedock.upengine.libupsystem.PersoStatDegatsLegersTest.xml crashfile=/home/audreyazura/Documents/Project/libupsystem/build/junitvmwatcher2834922599646992358.properties propsfile=/home/audreyazura/Documents/Project/libupsystem/build/junit8934793661003970534.properties
Launcher Type: SUN_STANDARD

Environment Variables:
JAVA_HOME=/usr/lib/jvm/java-7-openjdk-amd64
PATH=/usr/local/sbin:/usr/local/bin:/usr/sbin:/usr/bin:/sbin:/bin:/usr/games:/usr/local/games:/usr/lib/jvm/java-7-openjdk-amd64/bin:/home/audreyazura/Documents/Project/Tools/netbeans-8.1/extide/ant/bin
LD_LIBRARY_PATH=/usr/lib/jvm/java-7-openjdk-amd64/jre/lib/amd64:/usr/lib/jvm/java-7-openjdk-amd64/jre/lib/i386:
SHELL=/bin/bash
DISPLAY=:0

Signal Handlers:
SIGSEGV: [libjvm.so+0x95e460], sa_mask[0]=0x7ffbfeff, sa_flags=0x10000004
SIGBUS: [libjvm.so+0x95e460], sa_mask[0]=0x7ffbfeff, sa_flags=0x10000004
SIGFPE: [libjvm.so+0x7d2030], sa_mask[0]=0x7ffbfeff, sa_flags=0x10000004
SIGPIPE: [libjvm.so+0x7d2030], sa_mask[0]=0x7ffbfeff, sa_flags=0x10000004
SIGXFSZ: [libjvm.so+0x7d2030], sa_mask[0]=0x7ffbfeff, sa_flags=0x10000004
SIGILL: [libjvm.so+0x7d2030], sa_mask[0]=0x7ffbfeff, sa_flags=0x10000004
SIGUSR1: SIG_DFL, sa_mask[0]=0x00000000, sa_flags=0x00000000
SIGUSR2: [libjvm.so+0x7d2160], sa_mask[0]=0x00000004, sa_flags=0x10000004
SIGHUP: [libjvm.so+0x7d20b0], sa_mask[0]=0x7ffbfeff, sa_flags=0x10000004
SIGINT: SIG_IGN, sa_mask[0]=0x00000000, sa_flags=0x00000000
SIGTERM: [libjvm.so+0x7d20b0], sa_mask[0]=0x7ffbfeff, sa_flags=0x10000004
SIGQUIT: [libjvm.so+0x7d20b0], sa_mask[0]=0x7ffbfeff, sa_flags=0x10000004
SIGTRAP: SIG_DFL, sa_mask[0]=0x00000000, sa_flags=0x00000000


---------------  S Y S T E M  ---------------

OS:Peppermint 6 (trusty)
uname:Linux 3.16.0-77-generic #99~14.04.1-Ubuntu SMP Tue Jun 28 19:17:10 UTC 2016 x86_64
libc:glibc 2.19 NPTL 2.19 
rlimit: STACK 8192k, CORE 0k, NPROC 13224, NOFILE 4096, AS infinity
load average:1,99 1,33 1,07

/proc/meminfo:
MemTotal:        3407836 kB
MemFree:           87472 kB
MemAvailable:      33600 kB
Buffers:            1212 kB
Cached:            73588 kB
SwapCached:            0 kB
Active:          3050200 kB
Inactive:          62036 kB
Active(anon):    3041560 kB
Inactive(anon):    53996 kB
Active(file):       8640 kB
Inactive(file):     8040 kB
Unevictable:          64 kB
Mlocked:              64 kB
SwapTotal:             0 kB
SwapFree:              0 kB
Dirty:               128 kB
Writeback:             0 kB
AnonPages:       3038736 kB
Mapped:            69060 kB
Shmem:             56908 kB
Slab:              77116 kB
SReclaimable:      44504 kB
SUnreclaim:        32612 kB
KernelStack:       10288 kB
PageTables:        32580 kB
NFS_Unstable:          0 kB
Bounce:                0 kB
WritebackTmp:          0 kB
CommitLimit:     1703916 kB
Committed_AS:    5691392 kB
VmallocTotal:   34359738367 kB
VmallocUsed:      291412 kB
VmallocChunk:   34359394656 kB
HardwareCorrupted:     0 kB
AnonHugePages:   1826816 kB
HugePages_Total:       0
HugePages_Free:        0
HugePages_Rsvd:        0
HugePages_Surp:        0
Hugepagesize:       2048 kB
DirectMap4k:      138324 kB
DirectMap2M:     3473408 kB
DirectMap1G:           0 kB


CPU:total 4 (4 cores per cpu, 1 threads per core) family 22 model 0 stepping 1, cmov, cx8, fxsr, mmx, sse, sse2, sse3, ssse3, sse4.1, sse4.2, popcnt, avx, aes, mmxext, 3dnowpref, lzcnt, sse4a, tsc, tscinvbit, tscinv

/proc/cpuinfo:
processor	: 0
vendor_id	: AuthenticAMD
cpu family	: 22
model		: 0
model name	: Quad-Core Processor (up to 1.4GHz)
stepping	: 1
microcode	: 0x7000106
cpu MHz		: 1000.000
cache size	: 2048 KB
physical id	: 0
siblings	: 4
core id		: 0
cpu cores	: 4
apicid		: 0
initial apicid	: 0
fpu		: yes
fpu_exception	: yes
cpuid level	: 13
wp		: yes
flags		: fpu vme de pse tsc msr pae mce cx8 apic sep mtrr pge mca cmov pat pse36 clflush mmx fxsr sse sse2 ht syscall nx mmxext fxsr_opt pdpe1gb rdtscp lm constant_tsc rep_good nopl nonstop_tsc extd_apicid aperfmperf eagerfpu pni pclmulqdq monitor ssse3 cx16 sse4_1 sse4_2 movbe popcnt aes xsave avx f16c lahf_lm cmp_legacy svm extapic cr8_legacy abm sse4a misalignsse 3dnowprefetch osvw ibs skinit wdt topoext perfctr_nb perfctr_l2 arat cpb xsaveopt hw_pstate proc_feedback npt lbrv svm_lock nrip_save tsc_scale flushbyasid decodeassists pausefilter pfthreshold vmmcall bmi1
bogomips	: 1996.25
TLB size	: 1024 4K pages
clflush size	: 64
cache_alignment	: 64
address sizes	: 40 bits physical, 48 bits virtual
power management: ts ttp tm 100mhzsteps hwpstate cpb [11]

processor	: 1
vendor_id	: AuthenticAMD
cpu family	: 22
model		: 0
model name	: Quad-Core Processor (up to 1.4GHz)             
stepping	: 1
microcode	: 0x7000106
cpu MHz		: 600.000
cache size	: 2048 KB
physical id	: 0
siblings	: 4
core id		: 1
cpu cores	: 4
apicid		: 1
initial apicid	: 1
fpu		: yes
fpu_exception	: yes
cpuid level	: 13
wp		: yes
flags		: fpu vme de pse tsc msr pae mce cx8 apic sep mtrr pge mca cmov pat pse36 clflush mmx fxsr sse sse2 ht syscall nx mmxext fxsr_opt pdpe1gb rdtscp lm constant_tsc rep_good nopl nonstop_tsc extd_apicid aperfmperf eagerfpu pni pclmulqdq monitor ssse3 cx16 sse4_1 sse4_2 movbe popcnt aes xsave avx f16c lahf_lm cmp_legacy svm extapic cr8_legacy abm sse4a misalignsse 3dnowprefetch osvw ibs skinit wdt topoext perfctr_nb perfctr_l2 arat cpb xsaveopt hw_pstate proc_feedback npt lbrv svm_lock nrip_save tsc_scale flushbyasid decodeassists pausefilter pfthreshold vmmcall bmi1
bogomips	: 1996.25
TLB size	: 1024 4K pages
clflush size	: 64
cache_alignment	: 64
address sizes	: 40 bits physical, 48 bits virtual
power management: ts ttp tm 100mhzsteps hwpstate cpb [11]

processor	: 2
vendor_id	: AuthenticAMD
cpu family	: 22
model		: 0
model name	: Quad-Core Processor (up to 1.4GHz)             
stepping	: 1
microcode	: 0x7000106
cpu MHz		: 800.000
cache size	: 2048 KB
physical id	: 0
siblings	: 4
core id		: 2
cpu cores	: 4
apicid		: 2
initial apicid	: 2
fpu		: yes
fpu_exception	: yes
cpuid level	: 13
wp		: yes
flags		: fpu vme de pse tsc msr pae mce cx8 apic sep mtrr pge mca cmov pat pse36 clflush mmx fxsr sse sse2 ht syscall nx mmxext fxsr_opt pdpe1gb rdtscp lm constant_tsc rep_good nopl nonstop_tsc extd_apicid aperfmperf eagerfpu pni pclmulqdq monitor ssse3 cx16 sse4_1 sse4_2 movbe popcnt aes xsave avx f16c lahf_lm cmp_legacy svm extapic cr8_legacy abm sse4a misalignsse 3dnowprefetch osvw ibs skinit wdt topoext perfctr_nb perfctr_l2 arat cpb xsaveopt hw_pstate proc_feedback npt lbrv svm_lock nrip_save tsc_scale flushbyasid decodeassists pausefilter pfthreshold vmmcall bmi1
bogomips	: 1996.25
TLB size	: 1024 4K pages
clflush size	: 64
cache_alignment	: 64
address sizes	: 40 bits physical, 48 bits virtual
power management: ts ttp tm 100mhzsteps hwpstate cpb [11]

processor	: 3
vendor_id	: AuthenticAMD
cpu family	: 22
model		: 0
model name	: Quad-Core Processor (up to 1.4GHz)             
stepping	: 1
microcode	: 0x7000106
cpu MHz		: 600.000
cache size	: 2048 KB
physical id	: 0
siblings	: 4
core id		: 3
cpu cores	: 4
apicid		: 3
initial apicid	: 3
fpu		: yes
fpu_exception	: yes
cpuid level	: 13
wp		: yes
flags		: fpu vme de pse tsc msr pae mce cx8 apic sep mtrr pge mca cmov pat pse36 clflush mmx fxsr sse sse2 ht syscall nx mmxext fxsr_opt pdpe1gb rdtscp lm constant_tsc rep_good nopl nonstop_tsc extd_apicid aperfmperf eagerfpu pni pclmulqdq monitor ssse3 cx16 sse4_1 sse4_2 movbe popcnt aes xsave avx f16c lahf_lm cmp_legacy svm extapic cr8_legacy abm sse4a misalignsse 3dnowprefetch osvw ibs skinit wdt topoext perfctr_nb perfctr_l2 arat cpb xsaveopt hw_pstate proc_feedback npt lbrv svm_lock nrip_save tsc_scale flushbyasid decodeassists pausefilter pfthreshold vmmcall bmi1
bogomips	: 1996.25
TLB size	: 1024 4K pages
clflush size	: 64
cache_alignment	: 64
address sizes	: 40 bits physical, 48 bits virtual
power management: ts ttp tm 100mhzsteps hwpstate cpb [11]



Memory: 4k page, physical 3407836k(88100k free), swap 0k(0k free)

vm_info: OpenJDK 64-Bit Server VM (24.121-b00) for linux-amd64 JRE (1.7.0_121-b00), built on Feb  7 2017 18:45:58 by "buildd" with gcc 4.8.4

time: Sat Mar 11 20:40:11 2017
elapsed time: 3 seconds

