#
# There is insufficient memory for the Java Runtime Environment to continue.
# Native memory allocation (malloc) failed to allocate 104333312 bytes for committing reserved memory.
# Possible reasons:
#   The system is out of physical RAM or swap space
#   In 32 bit mode, the process size limit was hit
# Possible solutions:
#   Reduce memory load on the system
#   Increase physical memory or swap space
#   Check if swap backing store is full
#   Use 64 bit Java on a 64 bit OS
#   Decrease Java heap size (-Xmx/-Xms)
#   Decrease number of Java threads
#   Decrease Java thread stack sizes (-Xss)
#   Set larger code cache with -XX:ReservedCodeCacheSize=
# This output file may be truncated or incomplete.
#
#  Out of Memory Error (os_linux.cpp:2827), pid=10261, tid=140082868152064
#
# JRE version: OpenJDK Runtime Environment (7.0_121) (build 1.7.0_121-b00)
# Java VM: OpenJDK 64-Bit Server VM (24.121-b00 mixed mode linux-amd64 compressed oops)
# Derivative: IcedTea 2.6.8
# Distribution: Ubuntu 14.04 LTS, package 7u121-2.6.8-1ubuntu0.14.04.3
# Failed to write core dump. Core dumps have been disabled. To enable core dumping, try "ulimit -c unlimited" before starting Java again
#

---------------  T H R E A D  ---------------

Current thread (0x00007f67ac076000):  VMThread [stack: 0x00007f6795886000,0x00007f6795987000] [id=10269]

Stack: [0x00007f6795886000,0x00007f6795987000],  sp=0x00007f6795985490,  free space=1021k
Native frames: (J=compiled Java code, j=interpreted, Vv=VM code, C=native code)
V  [libjvm.so+0x95d975]
V  [libjvm.so+0x497ad4]
V  [libjvm.so+0x7d6a6b]
V  [libjvm.so+0x7d142f]
V  [libjvm.so+0x84672b]
V  [libjvm.so+0x8475a0]
V  [libjvm.so+0x847c8b]
V  [libjvm.so+0x843678]
V  [libjvm.so+0x843ee8]
V  [libjvm.so+0x7f9583]
V  [libjvm.so+0x95f384]
V  [libjvm.so+0x963487]
V  [libjvm.so+0x961f48]
V  [libjvm.so+0x9623a9]
V  [libjvm.so+0x9627f2]
V  [libjvm.so+0x7d3862]

VM_Operation (0x00007f67b39a78a0): ParallelGCFailedAllocation, mode: safepoint, requested by thread 0x00007f67ac00a800


---------------  P R O C E S S  ---------------

Java Threads: ( => current thread )
  0x00007f67ac0af800 JavaThread "Service Thread" daemon [_thread_blocked, id=10275, stack(0x00007f67949a4000,0x00007f6794aa5000)]
  0x00007f67ac0ad800 JavaThread "C2 CompilerThread1" daemon [_thread_blocked, id=10274, stack(0x00007f6794aa5000,0x00007f6794ba6000)]
  0x00007f67ac0aa800 JavaThread "C2 CompilerThread0" daemon [_thread_blocked, id=10273, stack(0x00007f6794ba6000,0x00007f6794ca7000)]
  0x00007f67ac0a8000 JavaThread "Signal Dispatcher" daemon [_thread_blocked, id=10272, stack(0x00007f6794ca7000,0x00007f6794da8000)]
  0x00007f67ac07c800 JavaThread "Finalizer" daemon [_thread_blocked, id=10271, stack(0x00007f6795684000,0x00007f6795785000)]
  0x00007f67ac07a800 JavaThread "Reference Handler" daemon [_thread_blocked, id=10270, stack(0x00007f6795785000,0x00007f6795886000)]
  0x00007f67ac00a800 JavaThread "main" [_thread_blocked, id=10264, stack(0x00007f67b38a9000,0x00007f67b39aa000)]

Other Threads:
=>0x00007f67ac076000 VMThread [stack: 0x00007f6795886000,0x00007f6795987000] [id=10269]
  0x00007f67ac0ba800 WatcherThread [stack: 0x00007f67948a3000,0x00007f67949a4000] [id=10276]

VM state:at safepoint (normal execution)

VM Mutex/Monitor currently owned by a thread:  ([mutex/lock_event])
[0x00007f67ac006f80] Threads_lock - owner thread: 0x00007f67ac076000
[0x00007f67ac007480] Heap_lock - owner thread: 0x00007f67ac00a800

Heap
 PSYoungGen      total 179712K, used 64K [0x00000000eea80000, 0x00000000f9c80000, 0x0000000100000000)
  eden space 177152K, 0% used [0x00000000eea80000,0x00000000eea80000,0x00000000f9780000)
  from space 2560K, 2% used [0x00000000f9780000,0x00000000f9790000,0x00000000f9a00000)
  to   space 2560K, 0% used [0x00000000f9a00000,0x00000000f9a00000,0x00000000f9c80000)
 ParOldGen       total 35328K, used 1436K [0x00000000cc000000, 0x00000000ce280000, 0x00000000eea80000)
  object space 35328K, 4% used [0x00000000cc000000,0x00000000cc1672d0,0x00000000ce280000)
 PSPermGen       total 21504K, used 7292K [0x00000000c1a00000, 0x00000000c2f00000, 0x00000000cc000000)
  object space 21504K, 33% used [0x00000000c1a00000,0x00000000c211f358,0x00000000c2f00000)

Card table byte_map: [0x00007f67b02d5000,0x00007f67b04c9000] byte_map_base: 0x00007f67afcc8000

Polling page: 0x00007f67b39c9000

Code Cache  [0x00007f67a9000000, 0x00007f67a9270000, 0x00007f67ac000000)
 total_blobs=416 nmethods=148 adapters=223 free_code_cache=48467Kb largest_free_block=49605440

Compilation events (10 events):
Event: 4,223 Thread 0x00007f67ac0ad800  144             org.duckdns.spacedock.upengine.libupsystem.RollUtils::extraireIncrements (49 bytes)
Event: 4,223 Thread 0x00007f67ac0aa800  145             org.duckdns.spacedock.upengine.libupsystem.RollUtils$RollResult::<init> (20 bytes)
Event: 4,225 Thread 0x00007f67ac0aa800 nmethod 145 0x00007f67a908fb50 code [0x00007f67a908fc80, 0x00007f67a908fcd8]
Event: 4,225 Thread 0x00007f67ac0aa800  146             org.duckdns.spacedock.upengine.libupsystem.RollUtils$RollResult::getScoreBrut (5 bytes)
Event: 4,226 Thread 0x00007f67ac0aa800 nmethod 146 0x00007f67a908f950 code [0x00007f67a908fa80, 0x00007f67a908fad8]
Event: 4,226 Thread 0x00007f67ac0aa800  147             org.duckdns.spacedock.upengine.libupsystem.Perso::getBlessuresGraves (8 bytes)
Event: 4,227 Thread 0x00007f67ac0ad800 nmethod 144 0x00007f67a90b0c90 code [0x00007f67a90b0e00, 0x00007f67a90b0ef8]
Event: 4,227 Thread 0x00007f67ac0ad800  148             org.duckdns.spacedock.upengine.libupsystem.CoupleJauge::getRemplissage_interne (5 bytes)
Event: 4,228 Thread 0x00007f67ac0ad800 nmethod 148 0x00007f67a90b12d0 code [0x00007f67a90b1400, 0x00007f67a90b1458]
Event: 4,228 Thread 0x00007f67ac0aa800 nmethod 147 0x00007f67a90b0fd0 code [0x00007f67a90b1100, 0x00007f67a90b1178]

GC Heap History (10 events):
Event: 2,878 GC heap after
Heap after GC invocations=6 (full 0):
 PSYoungGen      total 57856K, used 1344K [0x00000000eea80000, 0x00000000f2580000, 0x0000000100000000)
  eden space 55296K, 0% used [0x00000000eea80000,0x00000000eea80000,0x00000000f2080000)
  from space 2560K, 52% used [0x00000000f2300000,0x00000000f2450030,0x00000000f2580000)
  to   space 2560K, 0% used [0x00000000f2080000,0x00000000f2080000,0x00000000f2300000)
 ParOldGen       total 35328K, used 119K [0x00000000cc000000, 0x00000000ce280000, 0x00000000eea80000)
  object space 35328K, 0% used [0x00000000cc000000,0x00000000cc01dc20,0x00000000ce280000)
 PSPermGen       total 21504K, used 7276K [0x00000000c1a00000, 0x00000000c2f00000, 0x00000000cc000000)
  object space 21504K, 33% used [0x00000000c1a00000,0x00000000c211b330,0x00000000c2f00000)
}
Event: 3,094 GC heap before
{Heap before GC invocations=7 (full 0):
 PSYoungGen      total 57856K, used 56640K [0x00000000eea80000, 0x00000000f2580000, 0x0000000100000000)
  eden space 55296K, 100% used [0x00000000eea80000,0x00000000f2080000,0x00000000f2080000)
  from space 2560K, 52% used [0x00000000f2300000,0x00000000f2450030,0x00000000f2580000)
  to   space 2560K, 0% used [0x00000000f2080000,0x00000000f2080000,0x00000000f2300000)
 ParOldGen       total 35328K, used 119K [0x00000000cc000000, 0x00000000ce280000, 0x00000000eea80000)
  object space 35328K, 0% used [0x00000000cc000000,0x00000000cc01dc20,0x00000000ce280000)
 PSPermGen       total 21504K, used 7277K [0x00000000c1a00000, 0x00000000c2f00000, 0x00000000cc000000)
  object space 21504K, 33% used [0x00000000c1a00000,0x00000000c211b7f8,0x00000000c2f00000)
Event: 3,100 GC heap after
Heap after GC invocations=7 (full 0):
 PSYoungGen      total 57856K, used 128K [0x00000000eea80000, 0x00000000f5b80000, 0x0000000100000000)
  eden space 55296K, 0% used [0x00000000eea80000,0x00000000eea80000,0x00000000f2080000)
  from space 2560K, 5% used [0x00000000f2080000,0x00000000f20a0000,0x00000000f2300000)
  to   space 2560K, 0% used [0x00000000f5900000,0x00000000f5900000,0x00000000f5b80000)
 ParOldGen       total 35328K, used 1388K [0x00000000cc000000, 0x00000000ce280000, 0x00000000eea80000)
  object space 35328K, 3% used [0x00000000cc000000,0x00000000cc15b2d0,0x00000000ce280000)
 PSPermGen       total 21504K, used 7277K [0x00000000c1a00000, 0x00000000c2f00000, 0x00000000cc000000)
  object space 21504K, 33% used [0x00000000c1a00000,0x00000000c211b7f8,0x00000000c2f00000)
}
Event: 3,264 GC heap before
{Heap before GC invocations=8 (full 0):
 PSYoungGen      total 57856K, used 55424K [0x00000000eea80000, 0x00000000f5b80000, 0x0000000100000000)
  eden space 55296K, 100% used [0x00000000eea80000,0x00000000f2080000,0x00000000f2080000)
  from space 2560K, 5% used [0x00000000f2080000,0x00000000f20a0000,0x00000000f2300000)
  to   space 2560K, 0% used [0x00000000f5900000,0x00000000f5900000,0x00000000f5b80000)
 ParOldGen       total 35328K, used 1388K [0x00000000cc000000, 0x00000000ce280000, 0x00000000eea80000)
  object space 35328K, 3% used [0x00000000cc000000,0x00000000cc15b2d0,0x00000000ce280000)
 PSPermGen       total 21504K, used 7291K [0x00000000c1a00000, 0x00000000c2f00000, 0x00000000cc000000)
  object space 21504K, 33% used [0x00000000c1a00000,0x00000000c211ef30,0x00000000c2f00000)
Event: 3,266 GC heap after
Heap after GC invocations=8 (full 0):
 PSYoungGen      total 113152K, used 128K [0x00000000eea80000, 0x00000000f5b80000, 0x0000000100000000)
  eden space 110592K, 0% used [0x00000000eea80000,0x00000000eea80000,0x00000000f5680000)
  from space 2560K, 5% used [0x00000000f5900000,0x00000000f5920000,0x00000000f5b80000)
  to   space 2560K, 0% used [0x00000000f5680000,0x00000000f5680000,0x00000000f5900000)
 ParOldGen       total 35328K, used 1404K [0x00000000cc000000, 0x00000000ce280000, 0x00000000eea80000)
  object space 35328K, 3% used [0x00000000cc000000,0x00000000cc15f2d0,0x00000000ce280000)
 PSPermGen       total 21504K, used 7291K [0x00000000c1a00000, 0x00000000c2f00000, 0x00000000cc000000)
  object space 21504K, 33% used [0x00000000c1a00000,0x00000000c211ef30,0x00000000c2f00000)
}
Event: 3,730 GC heap before
{Heap before GC invocations=9 (full 0):
 PSYoungGen      total 113152K, used 110720K [0x00000000eea80000, 0x00000000f5b80000, 0x0000000100000000)
  eden space 110592K, 100% used [0x00000000eea80000,0x00000000f5680000,0x00000000f5680000)
  from space 2560K, 5% used [0x00000000f5900000,0x00000000f5920000,0x00000000f5b80000)
  to   space 2560K, 0% used [0x00000000f5680000,0x00000000f5680000,0x00000000f5900000)
 ParOldGen       total 35328K, used 1404K [0x00000000cc000000, 0x00000000ce280000, 0x00000000eea80000)
  object space 35328K, 3% used [0x00000000cc000000,0x00000000cc15f2d0,0x00000000ce280000)
 PSPermGen       total 21504K, used 7292K [0x00000000c1a00000, 0x00000000c2f00000, 0x00000000cc000000)
  object space 21504K, 33% used [0x00000000c1a00000,0x00000000c211f040,0x00000000c2f00000)
Event: 3,732 GC heap after
Heap after GC invocations=9 (full 0):
 PSYoungGen      total 113152K, used 64K [0x00000000eea80000, 0x00000000f9c80000, 0x0000000100000000)
  eden space 110592K, 0% used [0x00000000eea80000,0x00000000eea80000,0x00000000f5680000)
  from space 2560K, 2% used [0x00000000f5680000,0x00000000f5690000,0x00000000f5900000)
  to   space 2560K, 0% used [0x00000000f9a00000,0x00000000f9a00000,0x00000000f9c80000)
 ParOldGen       total 35328K, used 1412K [0x00000000cc000000, 0x00000000ce280000, 0x00000000eea80000)
  object space 35328K, 3% used [0x00000000cc000000,0x00000000cc1612d0,0x00000000ce280000)
 PSPermGen       total 21504K, used 7292K [0x00000000c1a00000, 0x00000000c2f00000, 0x00000000cc000000)
  object space 21504K, 33% used [0x00000000c1a00000,0x00000000c211f040,0x00000000c2f00000)
}
Event: 3,966 GC heap before
{Heap before GC invocations=10 (full 0):
 PSYoungGen      total 113152K, used 110656K [0x00000000eea80000, 0x00000000f9c80000, 0x0000000100000000)
  eden space 110592K, 100% used [0x00000000eea80000,0x00000000f5680000,0x00000000f5680000)
  from space 2560K, 2% used [0x00000000f5680000,0x00000000f5690000,0x00000000f5900000)
  to   space 2560K, 0% used [0x00000000f9a00000,0x00000000f9a00000,0x00000000f9c80000)
 ParOldGen       total 35328K, used 1412K [0x00000000cc000000, 0x00000000ce280000, 0x00000000eea80000)
  object space 35328K, 3% used [0x00000000cc000000,0x00000000cc1612d0,0x00000000ce280000)
 PSPermGen       total 21504K, used 7292K [0x00000000c1a00000, 0x00000000c2f00000, 0x00000000cc000000)
  object space 21504K, 33% used [0x00000000c1a00000,0x00000000c211f040,0x00000000c2f00000)
Event: 3,969 GC heap after
Heap after GC invocations=10 (full 0):
 PSYoungGen      total 179712K, used 128K [0x00000000eea80000, 0x00000000f9c80000, 0x0000000100000000)
  eden space 177152K, 0% used [0x00000000eea80000,0x00000000eea80000,0x00000000f9780000)
  from space 2560K, 5% used [0x00000000f9a00000,0x00000000f9a20000,0x00000000f9c80000)
  to   space 2560K, 0% used [0x00000000f9780000,0x00000000f9780000,0x00000000f9a00000)
 ParOldGen       total 35328K, used 1428K [0x00000000cc000000, 0x00000000ce280000, 0x00000000eea80000)
  object space 35328K, 4% used [0x00000000cc000000,0x00000000cc1652d0,0x00000000ce280000)
 PSPermGen       total 21504K, used 7292K [0x00000000c1a00000, 0x00000000c2f00000, 0x00000000cc000000)
  object space 21504K, 33% used [0x00000000c1a00000,0x00000000c211f040,0x00000000c2f00000)
}
Event: 4,465 GC heap before
{Heap before GC invocations=11 (full 0):
 PSYoungGen      total 179712K, used 177280K [0x00000000eea80000, 0x00000000f9c80000, 0x0000000100000000)
  eden space 177152K, 100% used [0x00000000eea80000,0x00000000f9780000,0x00000000f9780000)
  from space 2560K, 5% used [0x00000000f9a00000,0x00000000f9a20000,0x00000000f9c80000)
  to   space 2560K, 0% used [0x00000000f9780000,0x00000000f9780000,0x00000000f9a00000)
 ParOldGen       total 35328K, used 1428K [0x00000000cc000000, 0x00000000ce280000, 0x00000000eea80000)
  object space 35328K, 4% used [0x00000000cc000000,0x00000000cc1652d0,0x00000000ce280000)
 PSPermGen       total 21504K, used 7292K [0x00000000c1a00000, 0x00000000c2f00000, 0x00000000cc000000)
  object space 21504K, 33% used [0x00000000c1a00000,0x00000000c211f358,0x00000000c2f00000)

Deoptimization events (6 events):
Event: 0,410 Thread 0x00007f67ac00a800 Uncommon trap: reason=unstable_if action=reinterpret pc=0x00007f67a9060474 method=java.lang.String.indexOf(II)I @ 49
Event: 0,626 Thread 0x00007f67ac00a800 Uncommon trap: reason=class_check action=maybe_recompile pc=0x00007f67a9062f40 method=java.util.Properties$LineReader.readLine()I @ 62
Event: 0,629 Thread 0x00007f67ac00a800 Uncommon trap: reason=unstable_if action=reinterpret pc=0x00007f67a9062e08 method=java.util.Properties$LineReader.readLine()I @ 263
Event: 0,698 Thread 0x00007f67ac00a800 Uncommon trap: reason=unstable_if action=reinterpret pc=0x00007f67a9064d30 method=java.lang.String.indexOf([CII[CIII)I @ 123
Event: 1,288 Thread 0x00007f67ac00a800 Uncommon trap: reason=unstable_if action=reinterpret pc=0x00007f67a9067b44 method=java.util.Properties$LineReader.readLine()I @ 369
Event: 1,564 Thread 0x00007f67ac00a800 Uncommon trap: reason=unstable_if action=reinterpret pc=0x00007f67a906b4ec method=sun.net.www.ParseUtil.encodePath(Ljava/lang/String;Z)Ljava/lang/String; @ 109

Internal exceptions (10 events):
Event: 1,713 Thread 0x00007f67ac00a800 Threw 0x00000000ef12ac68 at /build/openjdk-7-fqDl7t/openjdk-7-7u121-2.6.8/build/openjdk/hotspot/src/share/vm/prims/jvm.cpp:1322
Event: 1,716 Thread 0x00007f67ac00a800 Threw 0x00000000ef12e798 at /build/openjdk-7-fqDl7t/openjdk-7-7u121-2.6.8/build/openjdk/hotspot/src/share/vm/prims/jvm.cpp:1322
Event: 1,781 Thread 0x00007f67ac00a800 Threw 0x00000000ef15abf8 at /build/openjdk-7-fqDl7t/openjdk-7-7u121-2.6.8/build/openjdk/hotspot/src/share/vm/prims/jvm.cpp:1322
Event: 1,789 Thread 0x00007f67ac00a800 Threw 0x00000000ef15fa68 at /build/openjdk-7-fqDl7t/openjdk-7-7u121-2.6.8/build/openjdk/hotspot/src/share/vm/prims/jvm.cpp:1322
Event: 1,791 Thread 0x00007f67ac00a800 Threw 0x00000000ef163920 at /build/openjdk-7-fqDl7t/openjdk-7-7u121-2.6.8/build/openjdk/hotspot/src/share/vm/prims/jvm.cpp:1322
Event: 1,794 Thread 0x00007f67ac00a800 Threw 0x00000000ef1685a8 at /build/openjdk-7-fqDl7t/openjdk-7-7u121-2.6.8/build/openjdk/hotspot/src/share/vm/prims/jvm.cpp:1322
Event: 1,818 Thread 0x00007f67ac00a800 Threw 0x00000000ef188070 at /build/openjdk-7-fqDl7t/openjdk-7-7u121-2.6.8/build/openjdk/hotspot/src/share/vm/prims/jvm.cpp:1322
Event: 1,824 Thread 0x00007f67ac00a800 Threw 0x00000000ef19b910 at /build/openjdk-7-fqDl7t/openjdk-7-7u121-2.6.8/build/openjdk/hotspot/src/share/vm/prims/jvm.cpp:1322
Event: 1,827 Thread 0x00007f67ac00a800 Threw 0x00000000ef19edf8 at /build/openjdk-7-fqDl7t/openjdk-7-7u121-2.6.8/build/openjdk/hotspot/src/share/vm/prims/jvm.cpp:1322
Event: 1,833 Thread 0x00007f67ac00a800 Threw 0x00000000ef1a2a60 at /build/openjdk-7-fqDl7t/openjdk-7-7u121-2.6.8/build/openjdk/hotspot/src/share/vm/prims/jvm.cpp:1322

Events (10 events):
Event: 3,266 Executing VM operation: ParallelGCFailedAllocation done
Event: 3,730 Executing VM operation: ParallelGCFailedAllocation
Event: 3,732 Executing VM operation: ParallelGCFailedAllocation done
Event: 3,966 Executing VM operation: ParallelGCFailedAllocation
Event: 3,969 Executing VM operation: ParallelGCFailedAllocation done
Event: 4,097 loading class 0x00007f67a8ae6320
Event: 4,097 loading class 0x00007f67a8ae6320 done
Event: 4,300 Executing VM operation: EnableBiasedLocking
Event: 4,301 Executing VM operation: EnableBiasedLocking done
Event: 4,465 Executing VM operation: ParallelGCFailedAllocation


Dynamic libraries:
00400000-00401000 r-xp 00000000 08:01 3155548                            /usr/lib/jvm/java-7-openjdk-amd64/jre/bin/java
00600000-00601000 r--p 00000000 08:01 3155548                            /usr/lib/jvm/java-7-openjdk-amd64/jre/bin/java
00601000-00602000 rw-p 00001000 08:01 3155548                            /usr/lib/jvm/java-7-openjdk-amd64/jre/bin/java
022a6000-022c7000 rw-p 00000000 00:00 0                                  [heap]
c1a00000-c2f00000 rw-p 00000000 00:00 0 
c2f00000-cc000000 rw-p 00000000 00:00 0 
cc000000-ce280000 rw-p 00000000 00:00 0 
ce280000-eea80000 rw-p 00000000 00:00 0 
eea80000-f9c80000 rw-p 00000000 00:00 0 
7f6770000000-7f6770021000 rw-p 00000000 00:00 0 
7f6770021000-7f6774000000 ---p 00000000 00:00 0 
7f677701f000-7f677705c000 r-xp 00000000 08:01 2756625                    /lib/x86_64-linux-gnu/libpcre.so.3.13.1
7f677705c000-7f677725b000 ---p 0003d000 08:01 2756625                    /lib/x86_64-linux-gnu/libpcre.so.3.13.1
7f677725b000-7f677725c000 r--p 0003c000 08:01 2756625                    /lib/x86_64-linux-gnu/libpcre.so.3.13.1
7f677725c000-7f677725d000 rw-p 0003d000 08:01 2756625                    /lib/x86_64-linux-gnu/libpcre.so.3.13.1
7f677725d000-7f6777264000 r-xp 00000000 08:01 3146096                    /usr/lib/x86_64-linux-gnu/libffi.so.6.0.1
7f6777264000-7f6777463000 ---p 00007000 08:01 3146096                    /usr/lib/x86_64-linux-gnu/libffi.so.6.0.1
7f6777463000-7f6777464000 r--p 00006000 08:01 3146096                    /usr/lib/x86_64-linux-gnu/libffi.so.6.0.1
7f6777464000-7f6777465000 rw-p 00007000 08:01 3146096                    /usr/lib/x86_64-linux-gnu/libffi.so.6.0.1
7f6777465000-7f677747c000 r-xp 00000000 08:01 2752516                    /lib/x86_64-linux-gnu/libresolv-2.19.so
7f677747c000-7f677767c000 ---p 00017000 08:01 2752516                    /lib/x86_64-linux-gnu/libresolv-2.19.so
7f677767c000-7f677767d000 r--p 00017000 08:01 2752516                    /lib/x86_64-linux-gnu/libresolv-2.19.so
7f677767d000-7f677767e000 rw-p 00018000 08:01 2752516                    /lib/x86_64-linux-gnu/libresolv-2.19.so
7f677767e000-7f6777680000 rw-p 00000000 00:00 0 
7f6777680000-7f67776a0000 r-xp 00000000 08:01 2756767                    /lib/x86_64-linux-gnu/libselinux.so.1
7f67776a0000-7f677789f000 ---p 00020000 08:01 2756767                    /lib/x86_64-linux-gnu/libselinux.so.1
7f677789f000-7f67778a0000 r--p 0001f000 08:01 2756767                    /lib/x86_64-linux-gnu/libselinux.so.1
7f67778a0000-7f67778a1000 rw-p 00020000 08:01 2756767                    /lib/x86_64-linux-gnu/libselinux.so.1
7f67778a1000-7f67778a3000 rw-p 00000000 00:00 0 
7f67778a3000-7f67778a6000 r-xp 00000000 08:01 3153259                    /usr/lib/x86_64-linux-gnu/libgmodule-2.0.so.0.4002.0
7f67778a6000-7f6777aa5000 ---p 00003000 08:01 3153259                    /usr/lib/x86_64-linux-gnu/libgmodule-2.0.so.0.4002.0
7f6777aa5000-7f6777aa6000 r--p 00002000 08:01 3153259                    /usr/lib/x86_64-linux-gnu/libgmodule-2.0.so.0.4002.0
7f6777aa6000-7f6777aa7000 rw-p 00003000 08:01 3153259                    /usr/lib/x86_64-linux-gnu/libgmodule-2.0.so.0.4002.0
7f6777aa7000-7f6777bad000 r-xp 00000000 08:01 2756673                    /lib/x86_64-linux-gnu/libglib-2.0.so.0.4002.0
7f6777bad000-7f6777dac000 ---p 00106000 08:01 2756673                    /lib/x86_64-linux-gnu/libglib-2.0.so.0.4002.0
7f6777dac000-7f6777dad000 r--p 00105000 08:01 2756673                    /lib/x86_64-linux-gnu/libglib-2.0.so.0.4002.0
7f6777dad000-7f6777dae000 rw-p 00106000 08:01 2756673                    /lib/x86_64-linux-gnu/libglib-2.0.so.0.4002.0
7f6777dae000-7f6777daf000 rw-p 00000000 00:00 0 
7f6777daf000-7f6777dfe000 r-xp 00000000 08:01 3153275                    /usr/lib/x86_64-linux-gnu/libgobject-2.0.so.0.4002.0
7f6777dfe000-7f6777ffe000 ---p 0004f000 08:01 3153275                    /usr/lib/x86_64-linux-gnu/libgobject-2.0.so.0.4002.0
7f6777ffe000-7f6777fff000 r--p 0004f000 08:01 3153275                    /usr/lib/x86_64-linux-gnu/libgobject-2.0.so.0.4002.0
7f6777fff000-7f6778000000 rw-p 00050000 08:01 3153275                    /usr/lib/x86_64-linux-gnu/libgobject-2.0.so.0.4002.0
7f6778000000-7f677846a000 rw-p 00000000 00:00 0 
7f677846a000-7f677c000000 ---p 00000000 00:00 0 
7f677c000000-7f677c021000 rw-p 00000000 00:00 0 
7f677c021000-7f6780000000 ---p 00000000 00:00 0 
7f6780000000-7f6780021000 rw-p 00000000 00:00 0 
7f6780021000-7f6784000000 ---p 00000000 00:00 0 
7f6784000000-7f678444a000 rw-p 00000000 00:00 0 
7f678444a000-7f6788000000 ---p 00000000 00:00 0 
7f6788000000-7f6788021000 rw-p 00000000 00:00 0 
7f6788021000-7f678c000000 ---p 00000000 00:00 0 
7f678c000000-7f678c021000 rw-p 00000000 00:00 0 
7f678c021000-7f6790000000 ---p 00000000 00:00 0 
7f6790000000-7f6790021000 rw-p 00000000 00:00 0 
7f6790021000-7f6794000000 ---p 00000000 00:00 0 
7f6794092000-7f67940c3000 rw-p 00000000 00:00 0 
7f67940c3000-7f679422f000 r-xp 00000000 08:01 3153245                    /usr/lib/x86_64-linux-gnu/libgio-2.0.so.0.4002.0
7f679422f000-7f679442e000 ---p 0016c000 08:01 3153245                    /usr/lib/x86_64-linux-gnu/libgio-2.0.so.0.4002.0
7f679442e000-7f6794432000 r--p 0016b000 08:01 3153245                    /usr/lib/x86_64-linux-gnu/libgio-2.0.so.0.4002.0
7f6794432000-7f6794434000 rw-p 0016f000 08:01 3153245                    /usr/lib/x86_64-linux-gnu/libgio-2.0.so.0.4002.0
7f6794434000-7f6794436000 rw-p 00000000 00:00 0 
7f6794451000-7f6794468000 r-xp 00000000 08:01 3155475                    /usr/lib/jvm/java-7-openjdk-amd64/jre/lib/amd64/libnet.so
7f6794468000-7f6794667000 ---p 00017000 08:01 3155475                    /usr/lib/jvm/java-7-openjdk-amd64/jre/lib/amd64/libnet.so
7f6794667000-7f6794668000 r--p 00016000 08:01 3155475                    /usr/lib/jvm/java-7-openjdk-amd64/jre/lib/amd64/libnet.so
7f6794668000-7f6794669000 rw-p 00017000 08:01 3155475                    /usr/lib/jvm/java-7-openjdk-amd64/jre/lib/amd64/libnet.so
7f6794669000-7f6794679000 r-xp 00000000 08:01 3152632                    /usr/lib/jvm/java-7-openjdk-amd64/jre/lib/amd64/libnio.so
7f6794679000-7f6794879000 ---p 00010000 08:01 3152632                    /usr/lib/jvm/java-7-openjdk-amd64/jre/lib/amd64/libnio.so
7f6794879000-7f679487a000 r--p 00010000 08:01 3152632                    /usr/lib/jvm/java-7-openjdk-amd64/jre/lib/amd64/libnio.so
7f679487a000-7f679487b000 rw-p 00011000 08:01 3152632                    /usr/lib/jvm/java-7-openjdk-amd64/jre/lib/amd64/libnio.so
7f679487b000-7f6794885000 r--s 000ae000 08:01 3148563                    /usr/lib/jvm/java-7-openjdk-amd64/jre/lib/resources.jar
7f6794885000-7f67948a3000 r--s 001c8000 08:01 1444773                    /home/audreyazura/Documents/Project/Tools/netbeans-8.1/extide/ant/lib/ant.jar
7f67948a3000-7f67948a4000 ---p 00000000 00:00 0 
7f67948a4000-7f67949a4000 rw-p 00000000 00:00 0                          [stack:10276]
7f67949a4000-7f67949a7000 ---p 00000000 00:00 0 
7f67949a7000-7f6794aa5000 rw-p 00000000 00:00 0                          [stack:10275]
7f6794aa5000-7f6794aa8000 ---p 00000000 00:00 0 
7f6794aa8000-7f6794ba6000 rw-p 00000000 00:00 0                          [stack:10274]
7f6794ba6000-7f6794ba9000 ---p 00000000 00:00 0 
7f6794ba9000-7f6794ca7000 rw-p 00000000 00:00 0                          [stack:10273]
7f6794ca7000-7f6794caa000 ---p 00000000 00:00 0 
7f6794caa000-7f6794da8000 rw-p 00000000 00:00 0                          [stack:10272]
7f6794da8000-7f6795684000 r--p 00000000 08:01 3148861                    /usr/lib/locale/locale-archive
7f6795684000-7f6795687000 ---p 00000000 00:00 0 
7f6795687000-7f6795785000 rw-p 00000000 00:00 0                          [stack:10271]
7f6795785000-7f6795788000 ---p 00000000 00:00 0 
7f6795788000-7f6795886000 rw-p 00000000 00:00 0                          [stack:10270]
7f6795886000-7f6795887000 ---p 00000000 00:00 0 
7f6795887000-7f6798000000 rw-p 00000000 00:00 0                          [stack:10269]
7f6798000000-7f6798021000 rw-p 00000000 00:00 0 
7f6798021000-7f679c000000 ---p 00000000 00:00 0 
7f679c000000-7f679c021000 rw-p 00000000 00:00 0 
7f679c021000-7f67a0000000 ---p 00000000 00:00 0 
7f67a0000000-7f67a0021000 rw-p 00000000 00:00 0 
7f67a0021000-7f67a4000000 ---p 00000000 00:00 0 
7f67a4000000-7f67a4021000 rw-p 00000000 00:00 0 
7f67a4021000-7f67a8000000 ---p 00000000 00:00 0 
7f67a8006000-7f67a8008000 r--s 00002000 08:01 1444758                    /home/audreyazura/Documents/Project/Tools/netbeans-8.1/extide/ant/lib/ant-junit4.jar
7f67a8008000-7f67a800b000 r--s 0001a000 08:01 1444760                    /home/audreyazura/Documents/Project/Tools/netbeans-8.1/extide/ant/lib/ant-junit.jar
7f67a800b000-7f67a8014000 r--s 00044000 08:01 1449897                    /home/audreyazura/Documents/Project/libupsystem/lib/junit_4/junit-4.12.jar
7f67a8014000-7f67a8886000 rw-p 00000000 00:00 0 
7f67a8886000-7f67a8a39000 r--s 01d49000 08:01 3155504                    /usr/lib/jvm/java-7-openjdk-amd64/jre/lib/rt.jar
7f67a8a39000-7f67a8cfd000 rw-p 00000000 00:00 0 
7f67a8cfd000-7f67a8cfe000 ---p 00000000 00:00 0 
7f67a8cfe000-7f67a8dfe000 rw-p 00000000 00:00 0                          [stack:10268]
7f67a8dfe000-7f67a8dff000 ---p 00000000 00:00 0 
7f67a8dff000-7f67a8eff000 rw-p 00000000 00:00 0                          [stack:10267]
7f67a8eff000-7f67a8f00000 ---p 00000000 00:00 0 
7f67a8f00000-7f67a9000000 rw-p 00000000 00:00 0                          [stack:10266]
7f67a9000000-7f67a9270000 rwxp 00000000 00:00 0 
7f67a9270000-7f67ac22d000 rw-p 00000000 00:00 0 
7f67ac22d000-7f67b0000000 ---p 00000000 00:00 0 
7f67b0000000-7f67b006b000 rw-p 00000000 00:00 0 
7f67b006b000-7f67b006c000 ---p 00000000 00:00 0 
7f67b006c000-7f67b0177000 rw-p 00000000 00:00 0                          [stack:10265]
7f67b0177000-7f67b01bf000 rw-p 00000000 00:00 0 
7f67b01bf000-7f67b01d1000 rw-p 00000000 00:00 0 
7f67b01d1000-7f67b02d5000 rw-p 00000000 00:00 0 
7f67b02d5000-7f67b02e0000 rw-p 00000000 00:00 0 
7f67b02e0000-7f67b0328000 rw-p 00000000 00:00 0 
7f67b0328000-7f67b033a000 rw-p 00000000 00:00 0 
7f67b033a000-7f67b043d000 rw-p 00000000 00:00 0 
7f67b043d000-7f67b0497000 rw-p 00000000 00:00 0 
7f67b0497000-7f67b04c8000 rw-p 00000000 00:00 0 
7f67b04c8000-7f67b04c9000 rw-p 00000000 00:00 0 
7f67b04c9000-7f67b04d1000 r-xp 00000000 08:01 3155066                    /usr/lib/jvm/java-7-openjdk-amd64/jre/lib/amd64/libzip.so
7f67b04d1000-7f67b06d0000 ---p 00008000 08:01 3155066                    /usr/lib/jvm/java-7-openjdk-amd64/jre/lib/amd64/libzip.so
7f67b06d0000-7f67b06d1000 r--p 00007000 08:01 3155066                    /usr/lib/jvm/java-7-openjdk-amd64/jre/lib/amd64/libzip.so
7f67b06d1000-7f67b06d2000 rw-p 00008000 08:01 3155066                    /usr/lib/jvm/java-7-openjdk-amd64/jre/lib/amd64/libzip.so
7f67b06d2000-7f67b06dc000 r-xp 00000000 08:01 2752570                    /lib/x86_64-linux-gnu/libnss_files-2.19.so
7f67b06dc000-7f67b08db000 ---p 0000a000 08:01 2752570                    /lib/x86_64-linux-gnu/libnss_files-2.19.so
7f67b08db000-7f67b08dc000 r--p 00009000 08:01 2752570                    /lib/x86_64-linux-gnu/libnss_files-2.19.so
7f67b08dc000-7f67b08dd000 rw-p 0000a000 08:01 2752570                    /lib/x86_64-linux-gnu/libnss_files-2.19.so
7f67b08dd000-7f67b08e8000 r-xp 00000000 08:01 2752562                    /lib/x86_64-linux-gnu/libnss_nis-2.19.so
7f67b08e8000-7f67b0ae7000 ---p 0000b000 08:01 2752562                    /lib/x86_64-linux-gnu/libnss_nis-2.19.so
7f67b0ae7000-7f67b0ae8000 r--p 0000a000 08:01 2752562                    /lib/x86_64-linux-gnu/libnss_nis-2.19.so
7f67b0ae8000-7f67b0ae9000 rw-p 0000b000 08:01 2752562                    /lib/x86_64-linux-gnu/libnss_nis-2.19.so
7f67b0ae9000-7f67b0b00000 r-xp 00000000 08:01 2752558                    /lib/x86_64-linux-gnu/libnsl-2.19.so
7f67b0b00000-7f67b0cff000 ---p 00017000 08:01 2752558                    /lib/x86_64-linux-gnu/libnsl-2.19.so
7f67b0cff000-7f67b0d00000 r--p 00016000 08:01 2752558                    /lib/x86_64-linux-gnu/libnsl-2.19.so
7f67b0d00000-7f67b0d01000 rw-p 00017000 08:01 2752558                    /lib/x86_64-linux-gnu/libnsl-2.19.so
7f67b0d01000-7f67b0d03000 rw-p 00000000 00:00 0 
7f67b0d03000-7f67b0d0c000 r-xp 00000000 08:01 2752557                    /lib/x86_64-linux-gnu/libnss_compat-2.19.so
7f67b0d0c000-7f67b0f0b000 ---p 00009000 08:01 2752557                    /lib/x86_64-linux-gnu/libnss_compat-2.19.so
7f67b0f0b000-7f67b0f0c000 r--p 00008000 08:01 2752557                    /lib/x86_64-linux-gnu/libnss_compat-2.19.so
7f67b0f0c000-7f67b0f0d000 rw-p 00009000 08:01 2752557                    /lib/x86_64-linux-gnu/libnss_compat-2.19.so
7f67b0f0d000-7f67b0f37000 r-xp 00000000 08:01 3152636                    /usr/lib/jvm/java-7-openjdk-amd64/jre/lib/amd64/libjava.so
7f67b0f37000-7f67b1137000 ---p 0002a000 08:01 3152636                    /usr/lib/jvm/java-7-openjdk-amd64/jre/lib/amd64/libjava.so
7f67b1137000-7f67b1138000 r--p 0002a000 08:01 3152636                    /usr/lib/jvm/java-7-openjdk-amd64/jre/lib/amd64/libjava.so
7f67b1138000-7f67b113a000 rw-p 0002b000 08:01 3152636                    /usr/lib/jvm/java-7-openjdk-amd64/jre/lib/amd64/libjava.so
7f67b113a000-7f67b114a000 r-xp 00000000 08:01 3155494                    /usr/lib/jvm/java-7-openjdk-amd64/jre/lib/amd64/libverify.so
7f67b114a000-7f67b1349000 ---p 00010000 08:01 3155494                    /usr/lib/jvm/java-7-openjdk-amd64/jre/lib/amd64/libverify.so
7f67b1349000-7f67b134b000 r--p 0000f000 08:01 3155494                    /usr/lib/jvm/java-7-openjdk-amd64/jre/lib/amd64/libverify.so
7f67b134b000-7f67b134c000 rw-p 00011000 08:01 3155494                    /usr/lib/jvm/java-7-openjdk-amd64/jre/lib/amd64/libverify.so
7f67b134c000-7f67b1353000 r-xp 00000000 08:01 2752566                    /lib/x86_64-linux-gnu/librt-2.19.so
7f67b1353000-7f67b1552000 ---p 00007000 08:01 2752566                    /lib/x86_64-linux-gnu/librt-2.19.so
7f67b1552000-7f67b1553000 r--p 00006000 08:01 2752566                    /lib/x86_64-linux-gnu/librt-2.19.so
7f67b1553000-7f67b1554000 rw-p 00007000 08:01 2752566                    /lib/x86_64-linux-gnu/librt-2.19.so
7f67b1554000-7f67b156a000 r-xp 00000000 08:01 2756650                    /lib/x86_64-linux-gnu/libgcc_s.so.1
7f67b156a000-7f67b1769000 ---p 00016000 08:01 2756650                    /lib/x86_64-linux-gnu/libgcc_s.so.1
7f67b1769000-7f67b176a000 rw-p 00015000 08:01 2756650                    /lib/x86_64-linux-gnu/libgcc_s.so.1
7f67b176a000-7f67b186f000 r-xp 00000000 08:01 2752530                    /lib/x86_64-linux-gnu/libm-2.19.so
7f67b186f000-7f67b1a6e000 ---p 00105000 08:01 2752530                    /lib/x86_64-linux-gnu/libm-2.19.so
7f67b1a6e000-7f67b1a6f000 r--p 00104000 08:01 2752530                    /lib/x86_64-linux-gnu/libm-2.19.so
7f67b1a6f000-7f67b1a70000 rw-p 00105000 08:01 2752530                    /lib/x86_64-linux-gnu/libm-2.19.so
7f67b1a70000-7f67b1b76000 r-xp 00000000 08:01 3147884                    /usr/lib/x86_64-linux-gnu/libstdc++.so.6.0.22
7f67b1b76000-7f67b1d75000 ---p 00106000 08:01 3147884                    /usr/lib/x86_64-linux-gnu/libstdc++.so.6.0.22
7f67b1d75000-7f67b1d7d000 r--p 00105000 08:01 3147884                    /usr/lib/x86_64-linux-gnu/libstdc++.so.6.0.22
7f67b1d7d000-7f67b1d7f000 rw-p 0010d000 08:01 3147884                    /usr/lib/x86_64-linux-gnu/libstdc++.so.6.0.22
7f67b1d7f000-7f67b1d82000 rw-p 00000000 00:00 0 
7f67b1d82000-7f67b28b0000 r-xp 00000000 08:01 3154760                    /usr/lib/jvm/java-7-openjdk-amd64/jre/lib/amd64/server/libjvm.so
7f67b28b0000-7f67b2ab0000 ---p 00b2e000 08:01 3154760                    /usr/lib/jvm/java-7-openjdk-amd64/jre/lib/amd64/server/libjvm.so
7f67b2ab0000-7f67b2b4a000 r--p 00b2e000 08:01 3154760                    /usr/lib/jvm/java-7-openjdk-amd64/jre/lib/amd64/server/libjvm.so
7f67b2b4a000-7f67b2b6d000 rw-p 00bc8000 08:01 3154760                    /usr/lib/jvm/java-7-openjdk-amd64/jre/lib/amd64/server/libjvm.so
7f67b2b6d000-7f67b2b9c000 rw-p 00000000 00:00 0 
7f67b2b9c000-7f67b2bb4000 r-xp 00000000 08:01 2756797                    /lib/x86_64-linux-gnu/libz.so.1.2.8
7f67b2bb4000-7f67b2db3000 ---p 00018000 08:01 2756797                    /lib/x86_64-linux-gnu/libz.so.1.2.8
7f67b2db3000-7f67b2db4000 r--p 00017000 08:01 2756797                    /lib/x86_64-linux-gnu/libz.so.1.2.8
7f67b2db4000-7f67b2db5000 rw-p 00018000 08:01 2756797                    /lib/x86_64-linux-gnu/libz.so.1.2.8
7f67b2db5000-7f67b2dce000 r-xp 00000000 08:01 2752559                    /lib/x86_64-linux-gnu/libpthread-2.19.so
7f67b2dce000-7f67b2fcd000 ---p 00019000 08:01 2752559                    /lib/x86_64-linux-gnu/libpthread-2.19.so
7f67b2fcd000-7f67b2fce000 r--p 00018000 08:01 2752559                    /lib/x86_64-linux-gnu/libpthread-2.19.so
7f67b2fce000-7f67b2fcf000 rw-p 00019000 08:01 2752559                    /lib/x86_64-linux-gnu/libpthread-2.19.so
7f67b2fcf000-7f67b2fd3000 rw-p 00000000 00:00 0 
7f67b2fd3000-7f67b2fd6000 r-xp 00000000 08:01 2752539                    /lib/x86_64-linux-gnu/libdl-2.19.so
7f67b2fd6000-7f67b31d5000 ---p 00003000 08:01 2752539                    /lib/x86_64-linux-gnu/libdl-2.19.so
7f67b31d5000-7f67b31d6000 r--p 00002000 08:01 2752539                    /lib/x86_64-linux-gnu/libdl-2.19.so
7f67b31d6000-7f67b31d7000 rw-p 00003000 08:01 2752539                    /lib/x86_64-linux-gnu/libdl-2.19.so
7f67b31d7000-7f67b3391000 r-xp 00000000 08:01 2752567                    /lib/x86_64-linux-gnu/libc-2.19.so
7f67b3391000-7f67b3591000 ---p 001ba000 08:01 2752567                    /lib/x86_64-linux-gnu/libc-2.19.so
7f67b3591000-7f67b3595000 r--p 001ba000 08:01 2752567                    /lib/x86_64-linux-gnu/libc-2.19.so
7f67b3595000-7f67b3597000 rw-p 001be000 08:01 2752567                    /lib/x86_64-linux-gnu/libc-2.19.so
7f67b3597000-7f67b359c000 rw-p 00000000 00:00 0 
7f67b359c000-7f67b35a9000 r-xp 00000000 08:01 3152640                    /usr/lib/jvm/java-7-openjdk-amd64/jre/lib/amd64/jli/libjli.so
7f67b35a9000-7f67b37a8000 ---p 0000d000 08:01 3152640                    /usr/lib/jvm/java-7-openjdk-amd64/jre/lib/amd64/jli/libjli.so
7f67b37a8000-7f67b37a9000 r--p 0000c000 08:01 3152640                    /usr/lib/jvm/java-7-openjdk-amd64/jre/lib/amd64/jli/libjli.so
7f67b37a9000-7f67b37aa000 rw-p 0000d000 08:01 3152640                    /usr/lib/jvm/java-7-openjdk-amd64/jre/lib/amd64/jli/libjli.so
7f67b37aa000-7f67b37cd000 r-xp 00000000 08:01 2752560                    /lib/x86_64-linux-gnu/ld-2.19.so
7f67b37cd000-7f67b37cf000 r--s 00009000 08:01 1449889                    /home/audreyazura/Documents/Project/libupsystem/lib/hamcrest/hamcrest-core-1.3.jar
7f67b37cf000-7f67b37d2000 r--s 00013000 08:01 1449179                    /home/audreyazura/Documents/Project/libupsystem/lib/commonutils.portable1-0.jar
7f67b37d2000-7f67b37d5000 r--s 0003d000 08:01 3152622                    /usr/lib/jvm/java-7-openjdk-amd64/jre/lib/ext/sunpkcs11.jar
7f67b37d5000-7f67b37f3000 rw-p 00000000 00:00 0 
7f67b37f3000-7f67b38a9000 rw-p 00000000 00:00 0 
7f67b38a9000-7f67b38ac000 ---p 00000000 00:00 0 
7f67b38ac000-7f67b39af000 rw-p 00000000 00:00 0                          [stack:10264]
7f67b39af000-7f67b39b0000 r--s 00004000 08:01 1444752                    /home/audreyazura/Documents/Project/Tools/netbeans-8.1/extide/ant/lib/ant-launcher.jar
7f67b39b0000-7f67b39b4000 r--s 00085000 08:01 3152619                    /usr/lib/jvm/java-7-openjdk-amd64/jre/lib/ext/localedata.jar
7f67b39b4000-7f67b39b5000 r--s 00002000 08:01 3152621                    /usr/lib/jvm/java-7-openjdk-amd64/jre/lib/ext/dnsns.jar
7f67b39b5000-7f67b39b7000 r--s 00006000 08:01 3283851                    /usr/share/java/java-atk-wrapper.jar
7f67b39b7000-7f67b39b9000 r--s 00012000 08:01 3152620                    /usr/lib/jvm/java-7-openjdk-amd64/jre/lib/ext/zipfs.jar
7f67b39b9000-7f67b39bc000 r--s 0000f000 08:01 3152623                    /usr/lib/jvm/java-7-openjdk-amd64/jre/lib/ext/icedtea-sound.jar
7f67b39bc000-7f67b39c0000 r--s 00034000 08:01 3152618                    /usr/lib/jvm/java-7-openjdk-amd64/jre/lib/ext/sunjce_provider.jar
7f67b39c0000-7f67b39c8000 rw-s 00000000 08:01 1835123                    /tmp/hsperfdata_audreyazura/10261
7f67b39c8000-7f67b39c9000 rw-p 00000000 00:00 0 
7f67b39c9000-7f67b39ca000 ---p 00000000 00:00 0 
7f67b39ca000-7f67b39cc000 rw-p 00000000 00:00 0 
7f67b39cc000-7f67b39cd000 r--p 00022000 08:01 2752560                    /lib/x86_64-linux-gnu/ld-2.19.so
7f67b39cd000-7f67b39ce000 rw-p 00023000 08:01 2752560                    /lib/x86_64-linux-gnu/ld-2.19.so
7f67b39ce000-7f67b39cf000 rw-p 00000000 00:00 0 
7ffc16c93000-7ffc16cb4000 rw-p 00000000 00:00 0                          [stack]
7ffc16da9000-7ffc16dab000 r-xp 00000000 00:00 0                          [vdso]
7ffc16dab000-7ffc16dad000 r--p 00000000 00:00 0                          [vvar]
ffffffffff600000-ffffffffff601000 r-xp 00000000 00:00 0                  [vsyscall]

VM Arguments:
jvm_args: -ea 
java_command: org.apache.tools.ant.taskdefs.optional.junit.JUnitTestRunner org.duckdns.spacedock.upengine.libupsystem.PersoStatDegatsLegersTest skipNonTests=false filtertrace=true haltOnError=false haltOnFailure=false showoutput=true outputtoformatters=true logfailedtests=true threadid=0 logtestlistenerevents=true formatter=org.apache.tools.ant.taskdefs.optional.junit.BriefJUnitResultFormatter formatter=org.apache.tools.ant.taskdefs.optional.junit.XMLJUnitResultFormatter,/home/audreyazura/Documents/Project/libupsystem/build/test/results/TEST-org.duckdns.spacedock.upengine.libupsystem.PersoStatDegatsLegersTest.xml crashfile=/home/audreyazura/Documents/Project/libupsystem/build/junitvmwatcher2994638279041656856.properties propsfile=/home/audreyazura/Documents/Project/libupsystem/build/junit1319586753098315432.properties
Launcher Type: SUN_STANDARD

Environment Variables:
JAVA_HOME=/usr/lib/jvm/java-7-openjdk-amd64
PATH=/usr/local/sbin:/usr/local/bin:/usr/sbin:/usr/bin:/sbin:/bin:/usr/games:/usr/local/games:/usr/lib/jvm/java-7-openjdk-amd64/bin:/home/audreyazura/Documents/Project/Tools/netbeans-8.1/extide/ant/bin
LD_LIBRARY_PATH=/usr/lib/jvm/java-7-openjdk-amd64/jre/lib/amd64:/usr/lib/jvm/java-7-openjdk-amd64/jre/lib/i386:
SHELL=/bin/bash
DISPLAY=:0

Signal Handlers:
SIGSEGV: [libjvm.so+0x95e460], sa_mask[0]=0x7ffbfeff, sa_flags=0x10000004
SIGBUS: [libjvm.so+0x95e460], sa_mask[0]=0x7ffbfeff, sa_flags=0x10000004
SIGFPE: [libjvm.so+0x7d2030], sa_mask[0]=0x7ffbfeff, sa_flags=0x10000004
SIGPIPE: [libjvm.so+0x7d2030], sa_mask[0]=0x7ffbfeff, sa_flags=0x10000004
SIGXFSZ: [libjvm.so+0x7d2030], sa_mask[0]=0x7ffbfeff, sa_flags=0x10000004
SIGILL: [libjvm.so+0x7d2030], sa_mask[0]=0x7ffbfeff, sa_flags=0x10000004
SIGUSR1: SIG_DFL, sa_mask[0]=0x00000000, sa_flags=0x00000000
SIGUSR2: [libjvm.so+0x7d2160], sa_mask[0]=0x00000004, sa_flags=0x10000004
SIGHUP: [libjvm.so+0x7d20b0], sa_mask[0]=0x7ffbfeff, sa_flags=0x10000004
SIGINT: SIG_IGN, sa_mask[0]=0x00000000, sa_flags=0x00000000
SIGTERM: [libjvm.so+0x7d20b0], sa_mask[0]=0x7ffbfeff, sa_flags=0x10000004
SIGQUIT: [libjvm.so+0x7d20b0], sa_mask[0]=0x7ffbfeff, sa_flags=0x10000004
SIGTRAP: SIG_DFL, sa_mask[0]=0x00000000, sa_flags=0x00000000


---------------  S Y S T E M  ---------------

OS:Peppermint 6 (trusty)
uname:Linux 3.16.0-77-generic #99~14.04.1-Ubuntu SMP Tue Jun 28 19:17:10 UTC 2016 x86_64
libc:glibc 2.19 NPTL 2.19 
rlimit: STACK 8192k, CORE 0k, NPROC 13224, NOFILE 4096, AS infinity
load average:1,13 0,84 0,76

/proc/meminfo:
MemTotal:        3407836 kB
MemFree:          116472 kB
MemAvailable:      67636 kB
Buffers:            1448 kB
Cached:            77436 kB
SwapCached:            0 kB
Active:          3025172 kB
Inactive:          61940 kB
Active(anon):    3011488 kB
Inactive(anon):    48952 kB
Active(file):      13684 kB
Inactive(file):    12988 kB
Unevictable:          64 kB
Mlocked:              64 kB
SwapTotal:             0 kB
SwapFree:              0 kB
Dirty:               200 kB
Writeback:             0 kB
AnonPages:       3008680 kB
Mapped:            74112 kB
Shmem:             51860 kB
Slab:              76928 kB
SReclaimable:      44580 kB
SUnreclaim:        32348 kB
KernelStack:       10176 kB
PageTables:        31936 kB
NFS_Unstable:          0 kB
Bounce:                0 kB
WritebackTmp:          0 kB
CommitLimit:     1703916 kB
Committed_AS:    5699292 kB
VmallocTotal:   34359738367 kB
VmallocUsed:      291412 kB
VmallocChunk:   34359394656 kB
HardwareCorrupted:     0 kB
AnonHugePages:   1961984 kB
HugePages_Total:       0
HugePages_Free:        0
HugePages_Rsvd:        0
HugePages_Surp:        0
Hugepagesize:       2048 kB
DirectMap4k:      138324 kB
DirectMap2M:     3473408 kB
DirectMap1G:           0 kB


CPU:total 4 (4 cores per cpu, 1 threads per core) family 22 model 0 stepping 1, cmov, cx8, fxsr, mmx, sse, sse2, sse3, ssse3, sse4.1, sse4.2, popcnt, avx, aes, mmxext, 3dnowpref, lzcnt, sse4a, tsc, tscinvbit, tscinv

/proc/cpuinfo:
processor	: 0
vendor_id	: AuthenticAMD
cpu family	: 22
model		: 0
model name	: Quad-Core Processor (up to 1.4GHz)
stepping	: 1
microcode	: 0x7000106
cpu MHz		: 1000.000
cache size	: 2048 KB
physical id	: 0
siblings	: 4
core id		: 0
cpu cores	: 4
apicid		: 0
initial apicid	: 0
fpu		: yes
fpu_exception	: yes
cpuid level	: 13
wp		: yes
flags		: fpu vme de pse tsc msr pae mce cx8 apic sep mtrr pge mca cmov pat pse36 clflush mmx fxsr sse sse2 ht syscall nx mmxext fxsr_opt pdpe1gb rdtscp lm constant_tsc rep_good nopl nonstop_tsc extd_apicid aperfmperf eagerfpu pni pclmulqdq monitor ssse3 cx16 sse4_1 sse4_2 movbe popcnt aes xsave avx f16c lahf_lm cmp_legacy svm extapic cr8_legacy abm sse4a misalignsse 3dnowprefetch osvw ibs skinit wdt topoext perfctr_nb perfctr_l2 arat cpb xsaveopt hw_pstate proc_feedback npt lbrv svm_lock nrip_save tsc_scale flushbyasid decodeassists pausefilter pfthreshold vmmcall bmi1
bogomips	: 1996.25
TLB size	: 1024 4K pages
clflush size	: 64
cache_alignment	: 64
address sizes	: 40 bits physical, 48 bits virtual
power management: ts ttp tm 100mhzsteps hwpstate cpb [11]

processor	: 1
vendor_id	: AuthenticAMD
cpu family	: 22
model		: 0
model name	: Quad-Core Processor (up to 1.4GHz)             
stepping	: 1
microcode	: 0x7000106
cpu MHz		: 600.000
cache size	: 2048 KB
physical id	: 0
siblings	: 4
core id		: 1
cpu cores	: 4
apicid		: 1
initial apicid	: 1
fpu		: yes
fpu_exception	: yes
cpuid level	: 13
wp		: yes
flags		: fpu vme de pse tsc msr pae mce cx8 apic sep mtrr pge mca cmov pat pse36 clflush mmx fxsr sse sse2 ht syscall nx mmxext fxsr_opt pdpe1gb rdtscp lm constant_tsc rep_good nopl nonstop_tsc extd_apicid aperfmperf eagerfpu pni pclmulqdq monitor ssse3 cx16 sse4_1 sse4_2 movbe popcnt aes xsave avx f16c lahf_lm cmp_legacy svm extapic cr8_legacy abm sse4a misalignsse 3dnowprefetch osvw ibs skinit wdt topoext perfctr_nb perfctr_l2 arat cpb xsaveopt hw_pstate proc_feedback npt lbrv svm_lock nrip_save tsc_scale flushbyasid decodeassists pausefilter pfthreshold vmmcall bmi1
bogomips	: 1996.25
TLB size	: 1024 4K pages
clflush size	: 64
cache_alignment	: 64
address sizes	: 40 bits physical, 48 bits virtual
power management: ts ttp tm 100mhzsteps hwpstate cpb [11]

processor	: 2
vendor_id	: AuthenticAMD
cpu family	: 22
model		: 0
model name	: Quad-Core Processor (up to 1.4GHz)             
stepping	: 1
microcode	: 0x7000106
cpu MHz		: 1000.000
cache size	: 2048 KB
physical id	: 0
siblings	: 4
core id		: 2
cpu cores	: 4
apicid		: 2
initial apicid	: 2
fpu		: yes
fpu_exception	: yes
cpuid level	: 13
wp		: yes
flags		: fpu vme de pse tsc msr pae mce cx8 apic sep mtrr pge mca cmov pat pse36 clflush mmx fxsr sse sse2 ht syscall nx mmxext fxsr_opt pdpe1gb rdtscp lm constant_tsc rep_good nopl nonstop_tsc extd_apicid aperfmperf eagerfpu pni pclmulqdq monitor ssse3 cx16 sse4_1 sse4_2 movbe popcnt aes xsave avx f16c lahf_lm cmp_legacy svm extapic cr8_legacy abm sse4a misalignsse 3dnowprefetch osvw ibs skinit wdt topoext perfctr_nb perfctr_l2 arat cpb xsaveopt hw_pstate proc_feedback npt lbrv svm_lock nrip_save tsc_scale flushbyasid decodeassists pausefilter pfthreshold vmmcall bmi1
bogomips	: 1996.25
TLB size	: 1024 4K pages
clflush size	: 64
cache_alignment	: 64
address sizes	: 40 bits physical, 48 bits virtual
power management: ts ttp tm 100mhzsteps hwpstate cpb [11]

processor	: 3
vendor_id	: AuthenticAMD
cpu family	: 22
model		: 0
model name	: Quad-Core Processor (up to 1.4GHz)             
stepping	: 1
microcode	: 0x7000106
cpu MHz		: 1000.000
cache size	: 2048 KB
physical id	: 0
siblings	: 4
core id		: 3
cpu cores	: 4
apicid		: 3
initial apicid	: 3
fpu		: yes
fpu_exception	: yes
cpuid level	: 13
wp		: yes
flags		: fpu vme de pse tsc msr pae mce cx8 apic sep mtrr pge mca cmov pat pse36 clflush mmx fxsr sse sse2 ht syscall nx mmxext fxsr_opt pdpe1gb rdtscp lm constant_tsc rep_good nopl nonstop_tsc extd_apicid aperfmperf eagerfpu pni pclmulqdq monitor ssse3 cx16 sse4_1 sse4_2 movbe popcnt aes xsave avx f16c lahf_lm cmp_legacy svm extapic cr8_legacy abm sse4a misalignsse 3dnowprefetch osvw ibs skinit wdt topoext perfctr_nb perfctr_l2 arat cpb xsaveopt hw_pstate proc_feedback npt lbrv svm_lock nrip_save tsc_scale flushbyasid decodeassists pausefilter pfthreshold vmmcall bmi1
bogomips	: 1996.25
TLB size	: 1024 4K pages
clflush size	: 64
cache_alignment	: 64
address sizes	: 40 bits physical, 48 bits virtual
power management: ts ttp tm 100mhzsteps hwpstate cpb [11]



Memory: 4k page, physical 3407836k(117556k free), swap 0k(0k free)

vm_info: OpenJDK 64-Bit Server VM (24.121-b00) for linux-amd64 JRE (1.7.0_121-b00), built on Feb  7 2017 18:45:58 by "buildd" with gcc 4.8.4

time: Sat Mar 11 21:46:35 2017
elapsed time: 4 seconds

