#
# There is insufficient memory for the Java Runtime Environment to continue.
# Native memory allocation (malloc) failed to allocate 114294784 bytes for committing reserved memory.
# Possible reasons:
#   The system is out of physical RAM or swap space
#   In 32 bit mode, the process size limit was hit
# Possible solutions:
#   Reduce memory load on the system
#   Increase physical memory or swap space
#   Check if swap backing store is full
#   Use 64 bit Java on a 64 bit OS
#   Decrease Java heap size (-Xmx/-Xms)
#   Decrease number of Java threads
#   Decrease Java thread stack sizes (-Xss)
#   Set larger code cache with -XX:ReservedCodeCacheSize=
# This output file may be truncated or incomplete.
#
#  Out of Memory Error (os_linux.cpp:2827), pid=9048, tid=140394769381120
#
# JRE version: OpenJDK Runtime Environment (7.0_121) (build 1.7.0_121-b00)
# Java VM: OpenJDK 64-Bit Server VM (24.121-b00 mixed mode linux-amd64 compressed oops)
# Derivative: IcedTea 2.6.8
# Distribution: Ubuntu 14.04 LTS, package 7u121-2.6.8-1ubuntu0.14.04.3
# Failed to write core dump. Core dumps have been disabled. To enable core dumping, try "ulimit -c unlimited" before starting Java again
#

---------------  T H R E A D  ---------------

Current thread (0x00007fb030076000):  VMThread [stack: 0x00007fb0344b7000,0x00007fb0345b8000] [id=9056]

Stack: [0x00007fb0344b7000,0x00007fb0345b8000],  sp=0x00007fb0345b6490,  free space=1021k
Native frames: (J=compiled Java code, j=interpreted, Vv=VM code, C=native code)
V  [libjvm.so+0x95d975]
V  [libjvm.so+0x497ad4]
V  [libjvm.so+0x7d6a6b]
V  [libjvm.so+0x7d142f]
V  [libjvm.so+0x84672b]
V  [libjvm.so+0x8475a0]
V  [libjvm.so+0x847c8b]
V  [libjvm.so+0x843678]
V  [libjvm.so+0x843ee8]
V  [libjvm.so+0x7f9583]
V  [libjvm.so+0x95f384]
V  [libjvm.so+0x963487]
V  [libjvm.so+0x961f48]
V  [libjvm.so+0x9623a9]
V  [libjvm.so+0x9627f2]
V  [libjvm.so+0x7d3862]

VM_Operation (0x00007fb0396938a0): ParallelGCFailedAllocation, mode: safepoint, requested by thread 0x00007fb03000a800


---------------  P R O C E S S  ---------------

Java Threads: ( => current thread )
  0x00007fb0300b1800 JavaThread "Service Thread" daemon [_thread_blocked, id=9062, stack(0x00007fb02a5f2000,0x00007fb02a6f3000)]
  0x00007fb0300af800 JavaThread "C2 CompilerThread1" daemon [_thread_blocked, id=9061, stack(0x00007fb02a6f3000,0x00007fb02a7f4000)]
  0x00007fb0300ac800 JavaThread "C2 CompilerThread0" daemon [_thread_blocked, id=9060, stack(0x00007fb0340b3000,0x00007fb0341b4000)]
  0x00007fb0300aa000 JavaThread "Signal Dispatcher" daemon [_thread_blocked, id=9059, stack(0x00007fb0341b4000,0x00007fb0342b5000)]
  0x00007fb03007c800 JavaThread "Finalizer" daemon [_thread_blocked, id=9058, stack(0x00007fb0342b5000,0x00007fb0343b6000)]
  0x00007fb03007a800 JavaThread "Reference Handler" daemon [_thread_blocked, id=9057, stack(0x00007fb0343b6000,0x00007fb0344b7000)]
  0x00007fb03000a800 JavaThread "main" [_thread_blocked, id=9051, stack(0x00007fb039595000,0x00007fb039696000)]

Other Threads:
=>0x00007fb030076000 VMThread [stack: 0x00007fb0344b7000,0x00007fb0345b8000] [id=9056]
  0x00007fb0300bc800 WatcherThread [stack: 0x00007fb02a4f1000,0x00007fb02a5f2000] [id=9063]

VM state:at safepoint (normal execution)

VM Mutex/Monitor currently owned by a thread:  ([mutex/lock_event])
[0x00007fb030006f80] Threads_lock - owner thread: 0x00007fb030076000
[0x00007fb030007480] Heap_lock - owner thread: 0x00007fb03000a800

Heap
 PSYoungGen      total 112640K, used 128K [0x00000000eea80000, 0x00000000f5a80000, 0x0000000100000000)
  eden space 110592K, 0% used [0x00000000eea80000,0x00000000eea80000,0x00000000f5680000)
  from space 2048K, 6% used [0x00000000f5680000,0x00000000f56a0000,0x00000000f5880000)
  to   space 1536K, 0% used [0x00000000f5900000,0x00000000f5900000,0x00000000f5a80000)
 ParOldGen       total 35328K, used 1372K [0x00000000cc000000, 0x00000000ce280000, 0x00000000eea80000)
  object space 35328K, 3% used [0x00000000cc000000,0x00000000cc1573b8,0x00000000ce280000)
 PSPermGen       total 21504K, used 7292K [0x00000000c1a00000, 0x00000000c2f00000, 0x00000000cc000000)
  object space 21504K, 33% used [0x00000000c1a00000,0x00000000c211f188,0x00000000c2f00000)

Card table byte_map: [0x00007fb035fc1000,0x00007fb0361b5000] byte_map_base: 0x00007fb0359b4000

Polling page: 0x00007fb0396b5000

Code Cache  [0x00007fb02d000000, 0x00007fb02d270000, 0x00007fb030000000)
 total_blobs=380 nmethods=112 adapters=223 free_code_cache=48528Kb largest_free_block=49669760

Compilation events (10 events):
Event: 3,932 Thread 0x00007fb0300ac800  108             org.duckdns.spacedock.upengine.libupsystem.Arme$Degats::getQuantite (5 bytes)
Event: 3,932 Thread 0x00007fb0300af800  109             org.duckdns.spacedock.upengine.libupsystem.CoupleJauge::isSonne (20 bytes)
Event: 3,933 Thread 0x00007fb0300ac800 nmethod 108 0x00007fb02d099fd0 code [0x00007fb02d09a100, 0x00007fb02d09a158]
Event: 3,933 Thread 0x00007fb0300ac800  110             java.util.Random::next (47 bytes)
Event: 3,935 Thread 0x00007fb0300af800 nmethod 109 0x00007fb02d099dd0 code [0x00007fb02d099f00, 0x00007fb02d099f78]
Event: 3,935 Thread 0x00007fb0300af800  111             org.duckdns.spacedock.upengine.libupsystem.Perso::genInit (62 bytes)
Event: 3,949 Thread 0x00007fb0300ac800 nmethod 110 0x00007fb02d099b10 code [0x00007fb02d099c60, 0x00007fb02d099d18]
Event: 3,949 Thread 0x00007fb0300ac800  112             java.util.Collections::sort (52 bytes)
Event: 4,082 Thread 0x00007fb0300ac800 nmethod 112 0x00007fb02d09cd10 code [0x00007fb02d09cec0, 0x00007fb02d09d518]
Event: 4,132 Thread 0x00007fb0300af800 nmethod 111 0x00007fb02d09e110 code [0x00007fb02d09e300, 0x00007fb02d09ee50]

GC Heap History (10 events):
Event: 2,437 GC heap after
Heap after GC invocations=2 (full 0):
 PSYoungGen      total 29696K, used 1360K [0x00000000eea80000, 0x00000000f0980000, 0x0000000100000000)
  eden space 27648K, 0% used [0x00000000eea80000,0x00000000eea80000,0x00000000f0580000)
  from space 2048K, 66% used [0x00000000f0780000,0x00000000f08d4020,0x00000000f0980000)
  to   space 2048K, 0% used [0x00000000f0580000,0x00000000f0580000,0x00000000f0780000)
 ParOldGen       total 35328K, used 95K [0x00000000cc000000, 0x00000000ce280000, 0x00000000eea80000)
  object space 35328K, 0% used [0x00000000cc000000,0x00000000cc017c20,0x00000000ce280000)
 PSPermGen       total 21504K, used 7263K [0x00000000c1a00000, 0x00000000c2f00000, 0x00000000cc000000)
  object space 21504K, 33% used [0x00000000c1a00000,0x00000000c2117ca8,0x00000000c2f00000)
}
Event: 2,807 GC heap before
{Heap before GC invocations=3 (full 0):
 PSYoungGen      total 29696K, used 29008K [0x00000000eea80000, 0x00000000f0980000, 0x0000000100000000)
  eden space 27648K, 100% used [0x00000000eea80000,0x00000000f0580000,0x00000000f0580000)
  from space 2048K, 66% used [0x00000000f0780000,0x00000000f08d4020,0x00000000f0980000)
  to   space 2048K, 0% used [0x00000000f0580000,0x00000000f0580000,0x00000000f0780000)
 ParOldGen       total 35328K, used 95K [0x00000000cc000000, 0x00000000ce280000, 0x00000000eea80000)
  object space 35328K, 0% used [0x00000000cc000000,0x00000000cc017c20,0x00000000ce280000)
 PSPermGen       total 21504K, used 7271K [0x00000000c1a00000, 0x00000000c2f00000, 0x00000000cc000000)
  object space 21504K, 33% used [0x00000000c1a00000,0x00000000c2119d80,0x00000000c2f00000)
Event: 2,814 GC heap after
Heap after GC invocations=3 (full 0):
 PSYoungGen      total 29696K, used 1328K [0x00000000eea80000, 0x00000000f2480000, 0x0000000100000000)
  eden space 27648K, 0% used [0x00000000eea80000,0x00000000eea80000,0x00000000f0580000)
  from space 2048K, 64% used [0x00000000f0580000,0x00000000f06cc040,0x00000000f0780000)
  to   space 2048K, 0% used [0x00000000f2280000,0x00000000f2280000,0x00000000f2480000)
 ParOldGen       total 35328K, used 95K [0x00000000cc000000, 0x00000000ce280000, 0x00000000eea80000)
  object space 35328K, 0% used [0x00000000cc000000,0x00000000cc017c20,0x00000000ce280000)
 PSPermGen       total 21504K, used 7271K [0x00000000c1a00000, 0x00000000c2f00000, 0x00000000cc000000)
  object space 21504K, 33% used [0x00000000c1a00000,0x00000000c2119d80,0x00000000c2f00000)
}
Event: 3,030 GC heap before
{Heap before GC invocations=4 (full 0):
 PSYoungGen      total 29696K, used 28976K [0x00000000eea80000, 0x00000000f2480000, 0x0000000100000000)
  eden space 27648K, 100% used [0x00000000eea80000,0x00000000f0580000,0x00000000f0580000)
  from space 2048K, 64% used [0x00000000f0580000,0x00000000f06cc040,0x00000000f0780000)
  to   space 2048K, 0% used [0x00000000f2280000,0x00000000f2280000,0x00000000f2480000)
 ParOldGen       total 35328K, used 95K [0x00000000cc000000, 0x00000000ce280000, 0x00000000eea80000)
  object space 35328K, 0% used [0x00000000cc000000,0x00000000cc017c20,0x00000000ce280000)
 PSPermGen       total 21504K, used 7273K [0x00000000c1a00000, 0x00000000c2f00000, 0x00000000cc000000)
  object space 21504K, 33% used [0x00000000c1a00000,0x00000000c211a4e0,0x00000000c2f00000)
Event: 3,057 GC heap after
Heap after GC invocations=4 (full 0):
 PSYoungGen      total 57344K, used 1376K [0x00000000eea80000, 0x00000000f2480000, 0x0000000100000000)
  eden space 55296K, 0% used [0x00000000eea80000,0x00000000eea80000,0x00000000f2080000)
  from space 2048K, 67% used [0x00000000f2280000,0x00000000f23d8050,0x00000000f2480000)
  to   space 2048K, 0% used [0x00000000f2080000,0x00000000f2080000,0x00000000f2280000)
 ParOldGen       total 35328K, used 103K [0x00000000cc000000, 0x00000000ce280000, 0x00000000eea80000)
  object space 35328K, 0% used [0x00000000cc000000,0x00000000cc019c20,0x00000000ce280000)
 PSPermGen       total 21504K, used 7273K [0x00000000c1a00000, 0x00000000c2f00000, 0x00000000cc000000)
  object space 21504K, 33% used [0x00000000c1a00000,0x00000000c211a4e0,0x00000000c2f00000)
}
Event: 3,402 GC heap before
{Heap before GC invocations=5 (full 0):
 PSYoungGen      total 57344K, used 56672K [0x00000000eea80000, 0x00000000f2480000, 0x0000000100000000)
  eden space 55296K, 100% used [0x00000000eea80000,0x00000000f2080000,0x00000000f2080000)
  from space 2048K, 67% used [0x00000000f2280000,0x00000000f23d8050,0x00000000f2480000)
  to   space 2048K, 0% used [0x00000000f2080000,0x00000000f2080000,0x00000000f2280000)
 ParOldGen       total 35328K, used 103K [0x00000000cc000000, 0x00000000ce280000, 0x00000000eea80000)
  object space 35328K, 0% used [0x00000000cc000000,0x00000000cc019c20,0x00000000ce280000)
 PSPermGen       total 21504K, used 7277K [0x00000000c1a00000, 0x00000000c2f00000, 0x00000000cc000000)
  object space 21504K, 33% used [0x00000000c1a00000,0x00000000c211b560,0x00000000c2f00000)
Event: 3,450 GC heap after
Heap after GC invocations=5 (full 0):
 PSYoungGen      total 57344K, used 1360K [0x00000000eea80000, 0x00000000f5b80000, 0x0000000100000000)
  eden space 55296K, 0% used [0x00000000eea80000,0x00000000eea80000,0x00000000f2080000)
  from space 2048K, 66% used [0x00000000f2080000,0x00000000f21d4020,0x00000000f2280000)
  to   space 2560K, 0% used [0x00000000f5900000,0x00000000f5900000,0x00000000f5b80000)
 ParOldGen       total 35328K, used 111K [0x00000000cc000000, 0x00000000ce280000, 0x00000000eea80000)
  object space 35328K, 0% used [0x00000000cc000000,0x00000000cc01bc20,0x00000000ce280000)
 PSPermGen       total 21504K, used 7277K [0x00000000c1a00000, 0x00000000c2f00000, 0x00000000cc000000)
  object space 21504K, 33% used [0x00000000c1a00000,0x00000000c211b560,0x00000000c2f00000)
}
Event: 3,656 GC heap before
{Heap before GC invocations=6 (full 0):
 PSYoungGen      total 57344K, used 56656K [0x00000000eea80000, 0x00000000f5b80000, 0x0000000100000000)
  eden space 55296K, 100% used [0x00000000eea80000,0x00000000f2080000,0x00000000f2080000)
  from space 2048K, 66% used [0x00000000f2080000,0x00000000f21d4020,0x00000000f2280000)
  to   space 2560K, 0% used [0x00000000f5900000,0x00000000f5900000,0x00000000f5b80000)
 ParOldGen       total 35328K, used 111K [0x00000000cc000000, 0x00000000ce280000, 0x00000000eea80000)
  object space 35328K, 0% used [0x00000000cc000000,0x00000000cc01bc20,0x00000000ce280000)
 PSPermGen       total 21504K, used 7291K [0x00000000c1a00000, 0x00000000c2f00000, 0x00000000cc000000)
  object space 21504K, 33% used [0x00000000c1a00000,0x00000000c211ee48,0x00000000c2f00000)
Event: 3,665 GC heap after
Heap after GC invocations=6 (full 0):
 PSYoungGen      total 112128K, used 1328K [0x00000000eea80000, 0x00000000f5a80000, 0x0000000100000000)
  eden space 110592K, 0% used [0x00000000eea80000,0x00000000eea80000,0x00000000f5680000)
  from space 1536K, 86% used [0x00000000f5900000,0x00000000f5a4c040,0x00000000f5a80000)
  to   space 2048K, 0% used [0x00000000f5680000,0x00000000f5680000,0x00000000f5880000)
 ParOldGen       total 35328K, used 111K [0x00000000cc000000, 0x00000000ce280000, 0x00000000eea80000)
  object space 35328K, 0% used [0x00000000cc000000,0x00000000cc01bc20,0x00000000ce280000)
 PSPermGen       total 21504K, used 7291K [0x00000000c1a00000, 0x00000000c2f00000, 0x00000000cc000000)
  object space 21504K, 33% used [0x00000000c1a00000,0x00000000c211ee48,0x00000000c2f00000)
}
Event: 4,345 GC heap before
{Heap before GC invocations=7 (full 0):
 PSYoungGen      total 112128K, used 111920K [0x00000000eea80000, 0x00000000f5a80000, 0x0000000100000000)
  eden space 110592K, 100% used [0x00000000eea80000,0x00000000f5680000,0x00000000f5680000)
  from space 1536K, 86% used [0x00000000f5900000,0x00000000f5a4c040,0x00000000f5a80000)
  to   space 2048K, 0% used [0x00000000f5680000,0x00000000f5680000,0x00000000f5880000)
 ParOldGen       total 35328K, used 111K [0x00000000cc000000, 0x00000000ce280000, 0x00000000eea80000)
  object space 35328K, 0% used [0x00000000cc000000,0x00000000cc01bc20,0x00000000ce280000)
 PSPermGen       total 21504K, used 7292K [0x00000000c1a00000, 0x00000000c2f00000, 0x00000000cc000000)
  object space 21504K, 33% used [0x00000000c1a00000,0x00000000c211f188,0x00000000c2f00000)

Deoptimization events (6 events):
Event: 0,393 Thread 0x00007fb03000a800 Uncommon trap: reason=unstable_if action=reinterpret pc=0x00007fb02d060574 method=java.lang.String.indexOf(II)I @ 49
Event: 0,585 Thread 0x00007fb03000a800 Uncommon trap: reason=class_check action=maybe_recompile pc=0x00007fb02d063040 method=java.util.Properties$LineReader.readLine()I @ 62
Event: 0,587 Thread 0x00007fb03000a800 Uncommon trap: reason=unstable_if action=reinterpret pc=0x00007fb02d062f08 method=java.util.Properties$LineReader.readLine()I @ 263
Event: 0,671 Thread 0x00007fb03000a800 Uncommon trap: reason=unstable_if action=reinterpret pc=0x00007fb02d061224 method=java.lang.String.indexOf([CII[CIII)I @ 123
Event: 1,218 Thread 0x00007fb03000a800 Uncommon trap: reason=unstable_if action=reinterpret pc=0x00007fb02d064a54 method=java.util.Properties$LineReader.readLine()I @ 369
Event: 1,521 Thread 0x00007fb03000a800 Uncommon trap: reason=unstable_if action=reinterpret pc=0x00007fb02d06e4ac method=sun.net.www.ParseUtil.encodePath(Ljava/lang/String;Z)Ljava/lang/String; @ 109

Internal exceptions (10 events):
Event: 1,742 Thread 0x00007fb03000a800 Threw 0x00000000ef0e68a8 at /build/openjdk-7-fqDl7t/openjdk-7-7u121-2.6.8/build/openjdk/hotspot/src/share/vm/prims/jvm.cpp:1322
Event: 1,745 Thread 0x00007fb03000a800 Threw 0x00000000ef0ea3d8 at /build/openjdk-7-fqDl7t/openjdk-7-7u121-2.6.8/build/openjdk/hotspot/src/share/vm/prims/jvm.cpp:1322
Event: 1,812 Thread 0x00007fb03000a800 Threw 0x00000000ef116838 at /build/openjdk-7-fqDl7t/openjdk-7-7u121-2.6.8/build/openjdk/hotspot/src/share/vm/prims/jvm.cpp:1322
Event: 1,818 Thread 0x00007fb03000a800 Threw 0x00000000ef11b6a8 at /build/openjdk-7-fqDl7t/openjdk-7-7u121-2.6.8/build/openjdk/hotspot/src/share/vm/prims/jvm.cpp:1322
Event: 1,823 Thread 0x00007fb03000a800 Threw 0x00000000ef11f560 at /build/openjdk-7-fqDl7t/openjdk-7-7u121-2.6.8/build/openjdk/hotspot/src/share/vm/prims/jvm.cpp:1322
Event: 1,825 Thread 0x00007fb03000a800 Threw 0x00000000ef1241e8 at /build/openjdk-7-fqDl7t/openjdk-7-7u121-2.6.8/build/openjdk/hotspot/src/share/vm/prims/jvm.cpp:1322
Event: 1,849 Thread 0x00007fb03000a800 Threw 0x00000000ef143cb0 at /build/openjdk-7-fqDl7t/openjdk-7-7u121-2.6.8/build/openjdk/hotspot/src/share/vm/prims/jvm.cpp:1322
Event: 1,857 Thread 0x00007fb03000a800 Threw 0x00000000ef157550 at /build/openjdk-7-fqDl7t/openjdk-7-7u121-2.6.8/build/openjdk/hotspot/src/share/vm/prims/jvm.cpp:1322
Event: 1,860 Thread 0x00007fb03000a800 Threw 0x00000000ef15aa38 at /build/openjdk-7-fqDl7t/openjdk-7-7u121-2.6.8/build/openjdk/hotspot/src/share/vm/prims/jvm.cpp:1322
Event: 1,868 Thread 0x00007fb03000a800 Threw 0x00000000ef15e6a0 at /build/openjdk-7-fqDl7t/openjdk-7-7u121-2.6.8/build/openjdk/hotspot/src/share/vm/prims/jvm.cpp:1322

Events (10 events):
Event: 2,708 loading class 0x00007fb035830d30 done
Event: 2,807 Executing VM operation: ParallelGCFailedAllocation
Event: 2,814 Executing VM operation: ParallelGCFailedAllocation done
Event: 3,029 Executing VM operation: ParallelGCFailedAllocation
Event: 3,057 Executing VM operation: ParallelGCFailedAllocation done
Event: 3,401 Executing VM operation: ParallelGCFailedAllocation
Event: 3,451 Executing VM operation: ParallelGCFailedAllocation done
Event: 3,656 Executing VM operation: ParallelGCFailedAllocation
Event: 3,665 Executing VM operation: ParallelGCFailedAllocation done
Event: 4,294 Executing VM operation: ParallelGCFailedAllocation


Dynamic libraries:
00400000-00401000 r-xp 00000000 08:01 3155548                            /usr/lib/jvm/java-7-openjdk-amd64/jre/bin/java
00600000-00601000 r--p 00000000 08:01 3155548                            /usr/lib/jvm/java-7-openjdk-amd64/jre/bin/java
00601000-00602000 rw-p 00001000 08:01 3155548                            /usr/lib/jvm/java-7-openjdk-amd64/jre/bin/java
0237a000-0239b000 rw-p 00000000 00:00 0                                  [heap]
c1a00000-c2f00000 rw-p 00000000 00:00 0 
c2f00000-cc000000 rw-p 00000000 00:00 0 
cc000000-ce280000 rw-p 00000000 00:00 0 
ce280000-eea80000 rw-p 00000000 00:00 0 
eea80000-f5a80000 rw-p 00000000 00:00 0 
fc780000-100000000 rw-p 00000000 00:00 0 
7faff4000000-7faff4021000 rw-p 00000000 00:00 0 
7faff4021000-7faff8000000 ---p 00000000 00:00 0 
7faffc000000-7faffc60d000 rw-p 00000000 00:00 0 
7faffc60d000-7fb000000000 ---p 00000000 00:00 0 
7fb000000000-7fb000021000 rw-p 00000000 00:00 0 
7fb000021000-7fb004000000 ---p 00000000 00:00 0 
7fb004000000-7fb004021000 rw-p 00000000 00:00 0 
7fb004021000-7fb008000000 ---p 00000000 00:00 0 
7fb008000000-7fb0082bf000 rw-p 00000000 00:00 0 
7fb0082bf000-7fb00c000000 ---p 00000000 00:00 0 
7fb00c000000-7fb00c021000 rw-p 00000000 00:00 0 
7fb00c021000-7fb010000000 ---p 00000000 00:00 0 
7fb010000000-7fb010021000 rw-p 00000000 00:00 0 
7fb010021000-7fb014000000 ---p 00000000 00:00 0 
7fb014000000-7fb014021000 rw-p 00000000 00:00 0 
7fb014021000-7fb018000000 ---p 00000000 00:00 0 
7fb018000000-7fb018021000 rw-p 00000000 00:00 0 
7fb018021000-7fb01c000000 ---p 00000000 00:00 0 
7fb01c000000-7fb01c021000 rw-p 00000000 00:00 0 
7fb01c021000-7fb020000000 ---p 00000000 00:00 0 
7fb020000000-7fb020021000 rw-p 00000000 00:00 0 
7fb020021000-7fb024000000 ---p 00000000 00:00 0 
7fb024000000-7fb024021000 rw-p 00000000 00:00 0 
7fb024021000-7fb028000000 ---p 00000000 00:00 0 
7fb028d73000-7fb028db0000 r-xp 00000000 08:01 2756625                    /lib/x86_64-linux-gnu/libpcre.so.3.13.1
7fb028db0000-7fb028faf000 ---p 0003d000 08:01 2756625                    /lib/x86_64-linux-gnu/libpcre.so.3.13.1
7fb028faf000-7fb028fb0000 r--p 0003c000 08:01 2756625                    /lib/x86_64-linux-gnu/libpcre.so.3.13.1
7fb028fb0000-7fb028fb1000 rw-p 0003d000 08:01 2756625                    /lib/x86_64-linux-gnu/libpcre.so.3.13.1
7fb028fb1000-7fb028fb8000 r-xp 00000000 08:01 3146096                    /usr/lib/x86_64-linux-gnu/libffi.so.6.0.1
7fb028fb8000-7fb0291b7000 ---p 00007000 08:01 3146096                    /usr/lib/x86_64-linux-gnu/libffi.so.6.0.1
7fb0291b7000-7fb0291b8000 r--p 00006000 08:01 3146096                    /usr/lib/x86_64-linux-gnu/libffi.so.6.0.1
7fb0291b8000-7fb0291b9000 rw-p 00007000 08:01 3146096                    /usr/lib/x86_64-linux-gnu/libffi.so.6.0.1
7fb0291b9000-7fb0291d0000 r-xp 00000000 08:01 2752516                    /lib/x86_64-linux-gnu/libresolv-2.19.so
7fb0291d0000-7fb0293d0000 ---p 00017000 08:01 2752516                    /lib/x86_64-linux-gnu/libresolv-2.19.so
7fb0293d0000-7fb0293d1000 r--p 00017000 08:01 2752516                    /lib/x86_64-linux-gnu/libresolv-2.19.so
7fb0293d1000-7fb0293d2000 rw-p 00018000 08:01 2752516                    /lib/x86_64-linux-gnu/libresolv-2.19.so
7fb0293d2000-7fb0293d4000 rw-p 00000000 00:00 0 
7fb0293d4000-7fb0293f4000 r-xp 00000000 08:01 2756767                    /lib/x86_64-linux-gnu/libselinux.so.1
7fb0293f4000-7fb0295f3000 ---p 00020000 08:01 2756767                    /lib/x86_64-linux-gnu/libselinux.so.1
7fb0295f3000-7fb0295f4000 r--p 0001f000 08:01 2756767                    /lib/x86_64-linux-gnu/libselinux.so.1
7fb0295f4000-7fb0295f5000 rw-p 00020000 08:01 2756767                    /lib/x86_64-linux-gnu/libselinux.so.1
7fb0295f5000-7fb0295f7000 rw-p 00000000 00:00 0 
7fb0295f7000-7fb0295fa000 r-xp 00000000 08:01 3153259                    /usr/lib/x86_64-linux-gnu/libgmodule-2.0.so.0.4002.0
7fb0295fa000-7fb0297f9000 ---p 00003000 08:01 3153259                    /usr/lib/x86_64-linux-gnu/libgmodule-2.0.so.0.4002.0
7fb0297f9000-7fb0297fa000 r--p 00002000 08:01 3153259                    /usr/lib/x86_64-linux-gnu/libgmodule-2.0.so.0.4002.0
7fb0297fa000-7fb0297fb000 rw-p 00003000 08:01 3153259                    /usr/lib/x86_64-linux-gnu/libgmodule-2.0.so.0.4002.0
7fb0297fb000-7fb029901000 r-xp 00000000 08:01 2756673                    /lib/x86_64-linux-gnu/libglib-2.0.so.0.4002.0
7fb029901000-7fb029b00000 ---p 00106000 08:01 2756673                    /lib/x86_64-linux-gnu/libglib-2.0.so.0.4002.0
7fb029b00000-7fb029b01000 r--p 00105000 08:01 2756673                    /lib/x86_64-linux-gnu/libglib-2.0.so.0.4002.0
7fb029b01000-7fb029b02000 rw-p 00106000 08:01 2756673                    /lib/x86_64-linux-gnu/libglib-2.0.so.0.4002.0
7fb029b02000-7fb029b03000 rw-p 00000000 00:00 0 
7fb029b03000-7fb029b52000 r-xp 00000000 08:01 3153275                    /usr/lib/x86_64-linux-gnu/libgobject-2.0.so.0.4002.0
7fb029b52000-7fb029d52000 ---p 0004f000 08:01 3153275                    /usr/lib/x86_64-linux-gnu/libgobject-2.0.so.0.4002.0
7fb029d52000-7fb029d53000 r--p 0004f000 08:01 3153275                    /usr/lib/x86_64-linux-gnu/libgobject-2.0.so.0.4002.0
7fb029d53000-7fb029d54000 rw-p 00050000 08:01 3153275                    /usr/lib/x86_64-linux-gnu/libgobject-2.0.so.0.4002.0
7fb029d54000-7fb029ec0000 r-xp 00000000 08:01 3153245                    /usr/lib/x86_64-linux-gnu/libgio-2.0.so.0.4002.0
7fb029ec0000-7fb02a0bf000 ---p 0016c000 08:01 3153245                    /usr/lib/x86_64-linux-gnu/libgio-2.0.so.0.4002.0
7fb02a0bf000-7fb02a0c3000 r--p 0016b000 08:01 3153245                    /usr/lib/x86_64-linux-gnu/libgio-2.0.so.0.4002.0
7fb02a0c3000-7fb02a0c5000 rw-p 0016f000 08:01 3153245                    /usr/lib/x86_64-linux-gnu/libgio-2.0.so.0.4002.0
7fb02a0c5000-7fb02a0c7000 rw-p 00000000 00:00 0 
7fb02a0c7000-7fb02a0de000 r-xp 00000000 08:01 3155475                    /usr/lib/jvm/java-7-openjdk-amd64/jre/lib/amd64/libnet.so
7fb02a0de000-7fb02a2dd000 ---p 00017000 08:01 3155475                    /usr/lib/jvm/java-7-openjdk-amd64/jre/lib/amd64/libnet.so
7fb02a2dd000-7fb02a2de000 r--p 00016000 08:01 3155475                    /usr/lib/jvm/java-7-openjdk-amd64/jre/lib/amd64/libnet.so
7fb02a2de000-7fb02a2df000 rw-p 00017000 08:01 3155475                    /usr/lib/jvm/java-7-openjdk-amd64/jre/lib/amd64/libnet.so
7fb02a2df000-7fb02a2ef000 r-xp 00000000 08:01 3152632                    /usr/lib/jvm/java-7-openjdk-amd64/jre/lib/amd64/libnio.so
7fb02a2ef000-7fb02a4ef000 ---p 00010000 08:01 3152632                    /usr/lib/jvm/java-7-openjdk-amd64/jre/lib/amd64/libnio.so
7fb02a4ef000-7fb02a4f0000 r--p 00010000 08:01 3152632                    /usr/lib/jvm/java-7-openjdk-amd64/jre/lib/amd64/libnio.so
7fb02a4f0000-7fb02a4f1000 rw-p 00011000 08:01 3152632                    /usr/lib/jvm/java-7-openjdk-amd64/jre/lib/amd64/libnio.so
7fb02a4f1000-7fb02a4f2000 ---p 00000000 00:00 0 
7fb02a4f2000-7fb02a5f2000 rw-p 00000000 00:00 0                          [stack:9063]
7fb02a5f2000-7fb02a5f5000 ---p 00000000 00:00 0 
7fb02a5f5000-7fb02a6f3000 rw-p 00000000 00:00 0                          [stack:9062]
7fb02a6f3000-7fb02a6f6000 ---p 00000000 00:00 0 
7fb02a6f6000-7fb02a7f4000 rw-p 00000000 00:00 0                          [stack:9061]
7fb02a7f4000-7fb02b0d0000 r--p 00000000 08:01 3148861                    /usr/lib/locale/locale-archive
7fb02b0d0000-7fb02d000000 rw-p 00000000 00:00 0 
7fb02d000000-7fb02d270000 rwxp 00000000 00:00 0 
7fb02d270000-7fb030238000 rw-p 00000000 00:00 0 
7fb030238000-7fb034000000 ---p 00000000 00:00 0 
7fb034031000-7fb034062000 rw-p 00000000 00:00 0 
7fb03407c000-7fb03407d000 rw-p 00000000 00:00 0 
7fb03407d000-7fb034087000 r--s 000ae000 08:01 3148563                    /usr/lib/jvm/java-7-openjdk-amd64/jre/lib/resources.jar
7fb034087000-7fb034089000 r--s 00002000 08:01 1444758                    /home/audreyazura/Documents/Project/Tools/netbeans-8.1/extide/ant/lib/ant-junit4.jar
7fb034089000-7fb03408c000 r--s 0001a000 08:01 1444760                    /home/audreyazura/Documents/Project/Tools/netbeans-8.1/extide/ant/lib/ant-junit.jar
7fb03408c000-7fb0340aa000 r--s 001c8000 08:01 1444773                    /home/audreyazura/Documents/Project/Tools/netbeans-8.1/extide/ant/lib/ant.jar
7fb0340aa000-7fb0340b3000 r--s 00044000 08:01 1449897                    /home/audreyazura/Documents/Project/libupsystem/lib/junit_4/junit-4.12.jar
7fb0340b3000-7fb0340b6000 ---p 00000000 00:00 0 
7fb0340b6000-7fb0341b4000 rw-p 00000000 00:00 0                          [stack:9060]
7fb0341b4000-7fb0341b7000 ---p 00000000 00:00 0 
7fb0341b7000-7fb0342b5000 rw-p 00000000 00:00 0                          [stack:9059]
7fb0342b5000-7fb0342b8000 ---p 00000000 00:00 0 
7fb0342b8000-7fb0343b6000 rw-p 00000000 00:00 0                          [stack:9058]
7fb0343b6000-7fb0343b9000 ---p 00000000 00:00 0 
7fb0343b9000-7fb0344b7000 rw-p 00000000 00:00 0                          [stack:9057]
7fb0344b7000-7fb0344b8000 ---p 00000000 00:00 0 
7fb0344b8000-7fb0355b5000 rw-p 00000000 00:00 0                          [stack:9056]
7fb0355b5000-7fb035768000 r--s 01d49000 08:01 3155504                    /usr/lib/jvm/java-7-openjdk-amd64/jre/lib/rt.jar
7fb035768000-7fb035a54000 rw-p 00000000 00:00 0 
7fb035a54000-7fb035a55000 ---p 00000000 00:00 0 
7fb035a55000-7fb035b55000 rw-p 00000000 00:00 0                          [stack:9055]
7fb035b55000-7fb035b56000 ---p 00000000 00:00 0 
7fb035b56000-7fb035c56000 rw-p 00000000 00:00 0                          [stack:9054]
7fb035c56000-7fb035c57000 ---p 00000000 00:00 0 
7fb035c57000-7fb035d57000 rw-p 00000000 00:00 0                          [stack:9053]
7fb035d57000-7fb035d58000 ---p 00000000 00:00 0 
7fb035d58000-7fb035e63000 rw-p 00000000 00:00 0                          [stack:9052]
7fb035e63000-7fb035eab000 rw-p 00000000 00:00 0 
7fb035eab000-7fb035ebd000 rw-p 00000000 00:00 0 
7fb035ebd000-7fb035fc1000 rw-p 00000000 00:00 0 
7fb035fc1000-7fb035fcc000 rw-p 00000000 00:00 0 
7fb035fcc000-7fb036014000 rw-p 00000000 00:00 0 
7fb036014000-7fb036026000 rw-p 00000000 00:00 0 
7fb036026000-7fb036129000 rw-p 00000000 00:00 0 
7fb036129000-7fb036162000 rw-p 00000000 00:00 0 
7fb036162000-7fb0361b4000 rw-p 00000000 00:00 0 
7fb0361b4000-7fb0361b5000 rw-p 00000000 00:00 0 
7fb0361b5000-7fb0361bd000 r-xp 00000000 08:01 3155066                    /usr/lib/jvm/java-7-openjdk-amd64/jre/lib/amd64/libzip.so
7fb0361bd000-7fb0363bc000 ---p 00008000 08:01 3155066                    /usr/lib/jvm/java-7-openjdk-amd64/jre/lib/amd64/libzip.so
7fb0363bc000-7fb0363bd000 r--p 00007000 08:01 3155066                    /usr/lib/jvm/java-7-openjdk-amd64/jre/lib/amd64/libzip.so
7fb0363bd000-7fb0363be000 rw-p 00008000 08:01 3155066                    /usr/lib/jvm/java-7-openjdk-amd64/jre/lib/amd64/libzip.so
7fb0363be000-7fb0363c8000 r-xp 00000000 08:01 2752570                    /lib/x86_64-linux-gnu/libnss_files-2.19.so
7fb0363c8000-7fb0365c7000 ---p 0000a000 08:01 2752570                    /lib/x86_64-linux-gnu/libnss_files-2.19.so
7fb0365c7000-7fb0365c8000 r--p 00009000 08:01 2752570                    /lib/x86_64-linux-gnu/libnss_files-2.19.so
7fb0365c8000-7fb0365c9000 rw-p 0000a000 08:01 2752570                    /lib/x86_64-linux-gnu/libnss_files-2.19.so
7fb0365c9000-7fb0365d4000 r-xp 00000000 08:01 2752562                    /lib/x86_64-linux-gnu/libnss_nis-2.19.so
7fb0365d4000-7fb0367d3000 ---p 0000b000 08:01 2752562                    /lib/x86_64-linux-gnu/libnss_nis-2.19.so
7fb0367d3000-7fb0367d4000 r--p 0000a000 08:01 2752562                    /lib/x86_64-linux-gnu/libnss_nis-2.19.so
7fb0367d4000-7fb0367d5000 rw-p 0000b000 08:01 2752562                    /lib/x86_64-linux-gnu/libnss_nis-2.19.so
7fb0367d5000-7fb0367ec000 r-xp 00000000 08:01 2752558                    /lib/x86_64-linux-gnu/libnsl-2.19.so
7fb0367ec000-7fb0369eb000 ---p 00017000 08:01 2752558                    /lib/x86_64-linux-gnu/libnsl-2.19.so
7fb0369eb000-7fb0369ec000 r--p 00016000 08:01 2752558                    /lib/x86_64-linux-gnu/libnsl-2.19.so
7fb0369ec000-7fb0369ed000 rw-p 00017000 08:01 2752558                    /lib/x86_64-linux-gnu/libnsl-2.19.so
7fb0369ed000-7fb0369ef000 rw-p 00000000 00:00 0 
7fb0369ef000-7fb0369f8000 r-xp 00000000 08:01 2752557                    /lib/x86_64-linux-gnu/libnss_compat-2.19.so
7fb0369f8000-7fb036bf7000 ---p 00009000 08:01 2752557                    /lib/x86_64-linux-gnu/libnss_compat-2.19.so
7fb036bf7000-7fb036bf8000 r--p 00008000 08:01 2752557                    /lib/x86_64-linux-gnu/libnss_compat-2.19.so
7fb036bf8000-7fb036bf9000 rw-p 00009000 08:01 2752557                    /lib/x86_64-linux-gnu/libnss_compat-2.19.so
7fb036bf9000-7fb036c23000 r-xp 00000000 08:01 3152636                    /usr/lib/jvm/java-7-openjdk-amd64/jre/lib/amd64/libjava.so
7fb036c23000-7fb036e23000 ---p 0002a000 08:01 3152636                    /usr/lib/jvm/java-7-openjdk-amd64/jre/lib/amd64/libjava.so
7fb036e23000-7fb036e24000 r--p 0002a000 08:01 3152636                    /usr/lib/jvm/java-7-openjdk-amd64/jre/lib/amd64/libjava.so
7fb036e24000-7fb036e26000 rw-p 0002b000 08:01 3152636                    /usr/lib/jvm/java-7-openjdk-amd64/jre/lib/amd64/libjava.so
7fb036e26000-7fb036e36000 r-xp 00000000 08:01 3155494                    /usr/lib/jvm/java-7-openjdk-amd64/jre/lib/amd64/libverify.so
7fb036e36000-7fb037035000 ---p 00010000 08:01 3155494                    /usr/lib/jvm/java-7-openjdk-amd64/jre/lib/amd64/libverify.so
7fb037035000-7fb037037000 r--p 0000f000 08:01 3155494                    /usr/lib/jvm/java-7-openjdk-amd64/jre/lib/amd64/libverify.so
7fb037037000-7fb037038000 rw-p 00011000 08:01 3155494                    /usr/lib/jvm/java-7-openjdk-amd64/jre/lib/amd64/libverify.so
7fb037038000-7fb03703f000 r-xp 00000000 08:01 2752566                    /lib/x86_64-linux-gnu/librt-2.19.so
7fb03703f000-7fb03723e000 ---p 00007000 08:01 2752566                    /lib/x86_64-linux-gnu/librt-2.19.so
7fb03723e000-7fb03723f000 r--p 00006000 08:01 2752566                    /lib/x86_64-linux-gnu/librt-2.19.so
7fb03723f000-7fb037240000 rw-p 00007000 08:01 2752566                    /lib/x86_64-linux-gnu/librt-2.19.so
7fb037240000-7fb037256000 r-xp 00000000 08:01 2756650                    /lib/x86_64-linux-gnu/libgcc_s.so.1
7fb037256000-7fb037455000 ---p 00016000 08:01 2756650                    /lib/x86_64-linux-gnu/libgcc_s.so.1
7fb037455000-7fb037456000 rw-p 00015000 08:01 2756650                    /lib/x86_64-linux-gnu/libgcc_s.so.1
7fb037456000-7fb03755b000 r-xp 00000000 08:01 2752530                    /lib/x86_64-linux-gnu/libm-2.19.so
7fb03755b000-7fb03775a000 ---p 00105000 08:01 2752530                    /lib/x86_64-linux-gnu/libm-2.19.so
7fb03775a000-7fb03775b000 r--p 00104000 08:01 2752530                    /lib/x86_64-linux-gnu/libm-2.19.so
7fb03775b000-7fb03775c000 rw-p 00105000 08:01 2752530                    /lib/x86_64-linux-gnu/libm-2.19.so
7fb03775c000-7fb037862000 r-xp 00000000 08:01 3147884                    /usr/lib/x86_64-linux-gnu/libstdc++.so.6.0.22
7fb037862000-7fb037a61000 ---p 00106000 08:01 3147884                    /usr/lib/x86_64-linux-gnu/libstdc++.so.6.0.22
7fb037a61000-7fb037a69000 r--p 00105000 08:01 3147884                    /usr/lib/x86_64-linux-gnu/libstdc++.so.6.0.22
7fb037a69000-7fb037a6b000 rw-p 0010d000 08:01 3147884                    /usr/lib/x86_64-linux-gnu/libstdc++.so.6.0.22
7fb037a6b000-7fb037a6e000 rw-p 00000000 00:00 0 
7fb037a6e000-7fb03859c000 r-xp 00000000 08:01 3154760                    /usr/lib/jvm/java-7-openjdk-amd64/jre/lib/amd64/server/libjvm.so
7fb03859c000-7fb03879c000 ---p 00b2e000 08:01 3154760                    /usr/lib/jvm/java-7-openjdk-amd64/jre/lib/amd64/server/libjvm.so
7fb03879c000-7fb038836000 r--p 00b2e000 08:01 3154760                    /usr/lib/jvm/java-7-openjdk-amd64/jre/lib/amd64/server/libjvm.so
7fb038836000-7fb038859000 rw-p 00bc8000 08:01 3154760                    /usr/lib/jvm/java-7-openjdk-amd64/jre/lib/amd64/server/libjvm.so
7fb038859000-7fb038888000 rw-p 00000000 00:00 0 
7fb038888000-7fb0388a0000 r-xp 00000000 08:01 2756797                    /lib/x86_64-linux-gnu/libz.so.1.2.8
7fb0388a0000-7fb038a9f000 ---p 00018000 08:01 2756797                    /lib/x86_64-linux-gnu/libz.so.1.2.8
7fb038a9f000-7fb038aa0000 r--p 00017000 08:01 2756797                    /lib/x86_64-linux-gnu/libz.so.1.2.8
7fb038aa0000-7fb038aa1000 rw-p 00018000 08:01 2756797                    /lib/x86_64-linux-gnu/libz.so.1.2.8
7fb038aa1000-7fb038aba000 r-xp 00000000 08:01 2752559                    /lib/x86_64-linux-gnu/libpthread-2.19.so
7fb038aba000-7fb038cb9000 ---p 00019000 08:01 2752559                    /lib/x86_64-linux-gnu/libpthread-2.19.so
7fb038cb9000-7fb038cba000 r--p 00018000 08:01 2752559                    /lib/x86_64-linux-gnu/libpthread-2.19.so
7fb038cba000-7fb038cbb000 rw-p 00019000 08:01 2752559                    /lib/x86_64-linux-gnu/libpthread-2.19.so
7fb038cbb000-7fb038cbf000 rw-p 00000000 00:00 0 
7fb038cbf000-7fb038cc2000 r-xp 00000000 08:01 2752539                    /lib/x86_64-linux-gnu/libdl-2.19.so
7fb038cc2000-7fb038ec1000 ---p 00003000 08:01 2752539                    /lib/x86_64-linux-gnu/libdl-2.19.so
7fb038ec1000-7fb038ec2000 r--p 00002000 08:01 2752539                    /lib/x86_64-linux-gnu/libdl-2.19.so
7fb038ec2000-7fb038ec3000 rw-p 00003000 08:01 2752539                    /lib/x86_64-linux-gnu/libdl-2.19.so
7fb038ec3000-7fb03907d000 r-xp 00000000 08:01 2752567                    /lib/x86_64-linux-gnu/libc-2.19.so
7fb03907d000-7fb03927d000 ---p 001ba000 08:01 2752567                    /lib/x86_64-linux-gnu/libc-2.19.so
7fb03927d000-7fb039281000 r--p 001ba000 08:01 2752567                    /lib/x86_64-linux-gnu/libc-2.19.so
7fb039281000-7fb039283000 rw-p 001be000 08:01 2752567                    /lib/x86_64-linux-gnu/libc-2.19.so
7fb039283000-7fb039288000 rw-p 00000000 00:00 0 
7fb039288000-7fb039295000 r-xp 00000000 08:01 3152640                    /usr/lib/jvm/java-7-openjdk-amd64/jre/lib/amd64/jli/libjli.so
7fb039295000-7fb039494000 ---p 0000d000 08:01 3152640                    /usr/lib/jvm/java-7-openjdk-amd64/jre/lib/amd64/jli/libjli.so
7fb039494000-7fb039495000 r--p 0000c000 08:01 3152640                    /usr/lib/jvm/java-7-openjdk-amd64/jre/lib/amd64/jli/libjli.so
7fb039495000-7fb039496000 rw-p 0000d000 08:01 3152640                    /usr/lib/jvm/java-7-openjdk-amd64/jre/lib/amd64/jli/libjli.so
7fb039496000-7fb0394b9000 r-xp 00000000 08:01 2752560                    /lib/x86_64-linux-gnu/ld-2.19.so
7fb0394b9000-7fb0394bb000 r--s 00009000 08:01 1449889                    /home/audreyazura/Documents/Project/libupsystem/lib/hamcrest/hamcrest-core-1.3.jar
7fb0394bb000-7fb0394be000 r--s 00013000 08:01 1449179                    /home/audreyazura/Documents/Project/libupsystem/lib/commonutils.portable1-0.jar
7fb0394be000-7fb0394c1000 r--s 0003d000 08:01 3152622                    /usr/lib/jvm/java-7-openjdk-amd64/jre/lib/ext/sunpkcs11.jar
7fb0394c1000-7fb0394df000 rw-p 00000000 00:00 0 
7fb0394df000-7fb039595000 rw-p 00000000 00:00 0 
7fb039595000-7fb039598000 ---p 00000000 00:00 0 
7fb039598000-7fb03969b000 rw-p 00000000 00:00 0                          [stack:9051]
7fb03969b000-7fb03969c000 r--s 00004000 08:01 1444752                    /home/audreyazura/Documents/Project/Tools/netbeans-8.1/extide/ant/lib/ant-launcher.jar
7fb03969c000-7fb0396a0000 r--s 00085000 08:01 3152619                    /usr/lib/jvm/java-7-openjdk-amd64/jre/lib/ext/localedata.jar
7fb0396a0000-7fb0396a1000 r--s 00002000 08:01 3152621                    /usr/lib/jvm/java-7-openjdk-amd64/jre/lib/ext/dnsns.jar
7fb0396a1000-7fb0396a3000 r--s 00006000 08:01 3283851                    /usr/share/java/java-atk-wrapper.jar
7fb0396a3000-7fb0396a5000 r--s 00012000 08:01 3152620                    /usr/lib/jvm/java-7-openjdk-amd64/jre/lib/ext/zipfs.jar
7fb0396a5000-7fb0396a8000 r--s 0000f000 08:01 3152623                    /usr/lib/jvm/java-7-openjdk-amd64/jre/lib/ext/icedtea-sound.jar
7fb0396a8000-7fb0396ac000 r--s 00034000 08:01 3152618                    /usr/lib/jvm/java-7-openjdk-amd64/jre/lib/ext/sunjce_provider.jar
7fb0396ac000-7fb0396b4000 rw-s 00000000 08:01 1835249                    /tmp/hsperfdata_audreyazura/9048
7fb0396b4000-7fb0396b5000 rw-p 00000000 00:00 0 
7fb0396b5000-7fb0396b6000 ---p 00000000 00:00 0 
7fb0396b6000-7fb0396b8000 rw-p 00000000 00:00 0 
7fb0396b8000-7fb0396b9000 r--p 00022000 08:01 2752560                    /lib/x86_64-linux-gnu/ld-2.19.so
7fb0396b9000-7fb0396ba000 rw-p 00023000 08:01 2752560                    /lib/x86_64-linux-gnu/ld-2.19.so
7fb0396ba000-7fb0396bb000 rw-p 00000000 00:00 0 
7ffd52ccf000-7ffd52cf0000 rw-p 00000000 00:00 0                          [stack]
7ffd52df7000-7ffd52df9000 r-xp 00000000 00:00 0                          [vdso]
7ffd52df9000-7ffd52dfb000 r--p 00000000 00:00 0                          [vvar]
ffffffffff600000-ffffffffff601000 r-xp 00000000 00:00 0                  [vsyscall]

VM Arguments:
jvm_args: -ea 
java_command: org.apache.tools.ant.taskdefs.optional.junit.JUnitTestRunner org.duckdns.spacedock.upengine.libupsystem.PersoStatDegatsLegersTest skipNonTests=false filtertrace=true haltOnError=false haltOnFailure=false showoutput=true outputtoformatters=true logfailedtests=true threadid=0 logtestlistenerevents=true formatter=org.apache.tools.ant.taskdefs.optional.junit.BriefJUnitResultFormatter formatter=org.apache.tools.ant.taskdefs.optional.junit.XMLJUnitResultFormatter,/home/audreyazura/Documents/Project/libupsystem/build/test/results/TEST-org.duckdns.spacedock.upengine.libupsystem.PersoStatDegatsLegersTest.xml crashfile=/home/audreyazura/Documents/Project/libupsystem/build/junitvmwatcher6284291965436849042.properties propsfile=/home/audreyazura/Documents/Project/libupsystem/build/junit5931042660676224119.properties
Launcher Type: SUN_STANDARD

Environment Variables:
JAVA_HOME=/usr/lib/jvm/java-7-openjdk-amd64
PATH=/usr/local/sbin:/usr/local/bin:/usr/sbin:/usr/bin:/sbin:/bin:/usr/games:/usr/local/games:/usr/lib/jvm/java-7-openjdk-amd64/bin:/home/audreyazura/Documents/Project/Tools/netbeans-8.1/extide/ant/bin
LD_LIBRARY_PATH=/usr/lib/jvm/java-7-openjdk-amd64/jre/lib/amd64:/usr/lib/jvm/java-7-openjdk-amd64/jre/lib/i386:
SHELL=/bin/bash
DISPLAY=:0

Signal Handlers:
SIGSEGV: [libjvm.so+0x95e460], sa_mask[0]=0x7ffbfeff, sa_flags=0x10000004
SIGBUS: [libjvm.so+0x95e460], sa_mask[0]=0x7ffbfeff, sa_flags=0x10000004
SIGFPE: [libjvm.so+0x7d2030], sa_mask[0]=0x7ffbfeff, sa_flags=0x10000004
SIGPIPE: [libjvm.so+0x7d2030], sa_mask[0]=0x7ffbfeff, sa_flags=0x10000004
SIGXFSZ: [libjvm.so+0x7d2030], sa_mask[0]=0x7ffbfeff, sa_flags=0x10000004
SIGILL: [libjvm.so+0x7d2030], sa_mask[0]=0x7ffbfeff, sa_flags=0x10000004
SIGUSR1: SIG_DFL, sa_mask[0]=0x00000000, sa_flags=0x00000000
SIGUSR2: [libjvm.so+0x7d2160], sa_mask[0]=0x00000004, sa_flags=0x10000004
SIGHUP: [libjvm.so+0x7d20b0], sa_mask[0]=0x7ffbfeff, sa_flags=0x10000004
SIGINT: SIG_IGN, sa_mask[0]=0x00000000, sa_flags=0x00000000
SIGTERM: [libjvm.so+0x7d20b0], sa_mask[0]=0x7ffbfeff, sa_flags=0x10000004
SIGQUIT: [libjvm.so+0x7d20b0], sa_mask[0]=0x7ffbfeff, sa_flags=0x10000004
SIGTRAP: SIG_DFL, sa_mask[0]=0x00000000, sa_flags=0x00000000


---------------  S Y S T E M  ---------------

OS:Peppermint 6 (trusty)
uname:Linux 3.16.0-77-generic #99~14.04.1-Ubuntu SMP Tue Jun 28 19:17:10 UTC 2016 x86_64
libc:glibc 2.19 NPTL 2.19 
rlimit: STACK 8192k, CORE 0k, NPROC 13224, NOFILE 4096, AS infinity
load average:2,69 1,26 1,28

/proc/meminfo:
MemTotal:        3407836 kB
MemFree:           90172 kB
MemAvailable:      49200 kB
Buffers:            1048 kB
Cached:            90388 kB
SwapCached:            0 kB
Active:          3044920 kB
Inactive:          65912 kB
Active(anon):    3023472 kB
Inactive(anon):    45016 kB
Active(file):      21448 kB
Inactive(file):    20896 kB
Unevictable:          64 kB
Mlocked:              64 kB
SwapTotal:             0 kB
SwapFree:              0 kB
Dirty:               260 kB
Writeback:             0 kB
AnonPages:       3020560 kB
Mapped:            84984 kB
Shmem:             48020 kB
Slab:              76900 kB
SReclaimable:      44640 kB
SUnreclaim:        32260 kB
KernelStack:       10288 kB
PageTables:        32668 kB
NFS_Unstable:          0 kB
Bounce:                0 kB
WritebackTmp:          0 kB
CommitLimit:     1703916 kB
Committed_AS:    5669392 kB
VmallocTotal:   34359738367 kB
VmallocUsed:      291412 kB
VmallocChunk:   34359357720 kB
HardwareCorrupted:     0 kB
AnonHugePages:   1824768 kB
HugePages_Total:       0
HugePages_Free:        0
HugePages_Rsvd:        0
HugePages_Surp:        0
Hugepagesize:       2048 kB
DirectMap4k:      138324 kB
DirectMap2M:     3473408 kB
DirectMap1G:           0 kB


CPU:total 4 (4 cores per cpu, 1 threads per core) family 22 model 0 stepping 1, cmov, cx8, fxsr, mmx, sse, sse2, sse3, ssse3, sse4.1, sse4.2, popcnt, avx, aes, mmxext, 3dnowpref, lzcnt, sse4a, tsc, tscinvbit, tscinv

/proc/cpuinfo:
processor	: 0
vendor_id	: AuthenticAMD
cpu family	: 22
model		: 0
model name	: Quad-Core Processor (up to 1.4GHz)
stepping	: 1
microcode	: 0x7000106
cpu MHz		: 1000.000
cache size	: 2048 KB
physical id	: 0
siblings	: 4
core id		: 0
cpu cores	: 4
apicid		: 0
initial apicid	: 0
fpu		: yes
fpu_exception	: yes
cpuid level	: 13
wp		: yes
flags		: fpu vme de pse tsc msr pae mce cx8 apic sep mtrr pge mca cmov pat pse36 clflush mmx fxsr sse sse2 ht syscall nx mmxext fxsr_opt pdpe1gb rdtscp lm constant_tsc rep_good nopl nonstop_tsc extd_apicid aperfmperf eagerfpu pni pclmulqdq monitor ssse3 cx16 sse4_1 sse4_2 movbe popcnt aes xsave avx f16c lahf_lm cmp_legacy svm extapic cr8_legacy abm sse4a misalignsse 3dnowprefetch osvw ibs skinit wdt topoext perfctr_nb perfctr_l2 arat cpb xsaveopt hw_pstate proc_feedback npt lbrv svm_lock nrip_save tsc_scale flushbyasid decodeassists pausefilter pfthreshold vmmcall bmi1
bogomips	: 1996.25
TLB size	: 1024 4K pages
clflush size	: 64
cache_alignment	: 64
address sizes	: 40 bits physical, 48 bits virtual
power management: ts ttp tm 100mhzsteps hwpstate cpb [11]

processor	: 1
vendor_id	: AuthenticAMD
cpu family	: 22
model		: 0
model name	: Quad-Core Processor (up to 1.4GHz)             
stepping	: 1
microcode	: 0x7000106
cpu MHz		: 1000.000
cache size	: 2048 KB
physical id	: 0
siblings	: 4
core id		: 1
cpu cores	: 4
apicid		: 1
initial apicid	: 1
fpu		: yes
fpu_exception	: yes
cpuid level	: 13
wp		: yes
flags		: fpu vme de pse tsc msr pae mce cx8 apic sep mtrr pge mca cmov pat pse36 clflush mmx fxsr sse sse2 ht syscall nx mmxext fxsr_opt pdpe1gb rdtscp lm constant_tsc rep_good nopl nonstop_tsc extd_apicid aperfmperf eagerfpu pni pclmulqdq monitor ssse3 cx16 sse4_1 sse4_2 movbe popcnt aes xsave avx f16c lahf_lm cmp_legacy svm extapic cr8_legacy abm sse4a misalignsse 3dnowprefetch osvw ibs skinit wdt topoext perfctr_nb perfctr_l2 arat cpb xsaveopt hw_pstate proc_feedback npt lbrv svm_lock nrip_save tsc_scale flushbyasid decodeassists pausefilter pfthreshold vmmcall bmi1
bogomips	: 1996.25
TLB size	: 1024 4K pages
clflush size	: 64
cache_alignment	: 64
address sizes	: 40 bits physical, 48 bits virtual
power management: ts ttp tm 100mhzsteps hwpstate cpb [11]

processor	: 2
vendor_id	: AuthenticAMD
cpu family	: 22
model		: 0
model name	: Quad-Core Processor (up to 1.4GHz)             
stepping	: 1
microcode	: 0x7000106
cpu MHz		: 600.000
cache size	: 2048 KB
physical id	: 0
siblings	: 4
core id		: 2
cpu cores	: 4
apicid		: 2
initial apicid	: 2
fpu		: yes
fpu_exception	: yes
cpuid level	: 13
wp		: yes
flags		: fpu vme de pse tsc msr pae mce cx8 apic sep mtrr pge mca cmov pat pse36 clflush mmx fxsr sse sse2 ht syscall nx mmxext fxsr_opt pdpe1gb rdtscp lm constant_tsc rep_good nopl nonstop_tsc extd_apicid aperfmperf eagerfpu pni pclmulqdq monitor ssse3 cx16 sse4_1 sse4_2 movbe popcnt aes xsave avx f16c lahf_lm cmp_legacy svm extapic cr8_legacy abm sse4a misalignsse 3dnowprefetch osvw ibs skinit wdt topoext perfctr_nb perfctr_l2 arat cpb xsaveopt hw_pstate proc_feedback npt lbrv svm_lock nrip_save tsc_scale flushbyasid decodeassists pausefilter pfthreshold vmmcall bmi1
bogomips	: 1996.25
TLB size	: 1024 4K pages
clflush size	: 64
cache_alignment	: 64
address sizes	: 40 bits physical, 48 bits virtual
power management: ts ttp tm 100mhzsteps hwpstate cpb [11]

processor	: 3
vendor_id	: AuthenticAMD
cpu family	: 22
model		: 0
model name	: Quad-Core Processor (up to 1.4GHz)             
stepping	: 1
microcode	: 0x7000106
cpu MHz		: 1000.000
cache size	: 2048 KB
physical id	: 0
siblings	: 4
core id		: 3
cpu cores	: 4
apicid		: 3
initial apicid	: 3
fpu		: yes
fpu_exception	: yes
cpuid level	: 13
wp		: yes
flags		: fpu vme de pse tsc msr pae mce cx8 apic sep mtrr pge mca cmov pat pse36 clflush mmx fxsr sse sse2 ht syscall nx mmxext fxsr_opt pdpe1gb rdtscp lm constant_tsc rep_good nopl nonstop_tsc extd_apicid aperfmperf eagerfpu pni pclmulqdq monitor ssse3 cx16 sse4_1 sse4_2 movbe popcnt aes xsave avx f16c lahf_lm cmp_legacy svm extapic cr8_legacy abm sse4a misalignsse 3dnowprefetch osvw ibs skinit wdt topoext perfctr_nb perfctr_l2 arat cpb xsaveopt hw_pstate proc_feedback npt lbrv svm_lock nrip_save tsc_scale flushbyasid decodeassists pausefilter pfthreshold vmmcall bmi1
bogomips	: 1996.25
TLB size	: 1024 4K pages
clflush size	: 64
cache_alignment	: 64
address sizes	: 40 bits physical, 48 bits virtual
power management: ts ttp tm 100mhzsteps hwpstate cpb [11]



Memory: 4k page, physical 3407836k(89920k free), swap 0k(0k free)

vm_info: OpenJDK 64-Bit Server VM (24.121-b00) for linux-amd64 JRE (1.7.0_121-b00), built on Feb  7 2017 18:45:58 by "buildd" with gcc 4.8.4

time: Sat Mar 11 21:02:02 2017
elapsed time: 4 seconds

