#
# There is insufficient memory for the Java Runtime Environment to continue.
# Native memory allocation (malloc) failed to allocate 57671680 bytes for committing reserved memory.
# Possible reasons:
#   The system is out of physical RAM or swap space
#   In 32 bit mode, the process size limit was hit
# Possible solutions:
#   Reduce memory load on the system
#   Increase physical memory or swap space
#   Check if swap backing store is full
#   Use 64 bit Java on a 64 bit OS
#   Decrease Java heap size (-Xmx/-Xms)
#   Decrease number of Java threads
#   Decrease Java thread stack sizes (-Xss)
#   Set larger code cache with -XX:ReservedCodeCacheSize=
# This output file may be truncated or incomplete.
#
#  Out of Memory Error (os_linux.cpp:2827), pid=7283, tid=140316198438656
#
# JRE version: OpenJDK Runtime Environment (7.0_121) (build 1.7.0_121-b00)
# Java VM: OpenJDK 64-Bit Server VM (24.121-b00 mixed mode linux-amd64 compressed oops)
# Derivative: IcedTea 2.6.8
# Distribution: Ubuntu 14.04 LTS, package 7u121-2.6.8-1ubuntu0.14.04.3
# Failed to write core dump. Core dumps have been disabled. To enable core dumping, try "ulimit -c unlimited" before starting Java again
#

---------------  T H R E A D  ---------------

Current thread (0x00007f9df4076000):  VMThread [stack: 0x00007f9de91a0000,0x00007f9de92a1000] [id=7291]

Stack: [0x00007f9de91a0000,0x00007f9de92a1000],  sp=0x00007f9de929f490,  free space=1021k
Native frames: (J=compiled Java code, j=interpreted, Vv=VM code, C=native code)
V  [libjvm.so+0x95d975]
V  [libjvm.so+0x497ad4]
V  [libjvm.so+0x7d6a6b]
V  [libjvm.so+0x7d142f]
V  [libjvm.so+0x84672b]
V  [libjvm.so+0x8475a0]
V  [libjvm.so+0x847c8b]
V  [libjvm.so+0x843678]
V  [libjvm.so+0x843ee8]
V  [libjvm.so+0x7f9583]
V  [libjvm.so+0x95f384]
V  [libjvm.so+0x963487]
V  [libjvm.so+0x961f48]
V  [libjvm.so+0x9623a9]
V  [libjvm.so+0x9627f2]
V  [libjvm.so+0x7d3862]

VM_Operation (0x00007f9dfb2c28a0): ParallelGCFailedAllocation, mode: safepoint, requested by thread 0x00007f9df400a800


---------------  P R O C E S S  ---------------

Java Threads: ( => current thread )
  0x00007f9df40af800 JavaThread "Service Thread" daemon [_thread_blocked, id=7297, stack(0x00007f9de82be000,0x00007f9de83bf000)]
  0x00007f9df40ad800 JavaThread "C2 CompilerThread1" daemon [_thread_blocked, id=7296, stack(0x00007f9de83bf000,0x00007f9de84c0000)]
  0x00007f9df40aa800 JavaThread "C2 CompilerThread0" daemon [_thread_blocked, id=7295, stack(0x00007f9de84c0000,0x00007f9de85c1000)]
  0x00007f9df40a8000 JavaThread "Signal Dispatcher" daemon [_thread_blocked, id=7294, stack(0x00007f9de85c1000,0x00007f9de86c2000)]
  0x00007f9df407c800 JavaThread "Finalizer" daemon [_thread_blocked, id=7293, stack(0x00007f9de8f9e000,0x00007f9de909f000)]
  0x00007f9df407a800 JavaThread "Reference Handler" daemon [_thread_blocked, id=7292, stack(0x00007f9de909f000,0x00007f9de91a0000)]
  0x00007f9df400a800 JavaThread "main" [_thread_blocked, id=7286, stack(0x00007f9dfb1c4000,0x00007f9dfb2c5000)]

Other Threads:
=>0x00007f9df4076000 VMThread [stack: 0x00007f9de91a0000,0x00007f9de92a1000] [id=7291]
  0x00007f9df40ba800 WatcherThread [stack: 0x00007f9de81bd000,0x00007f9de82be000] [id=7298]

VM state:at safepoint (normal execution)

VM Mutex/Monitor currently owned by a thread:  ([mutex/lock_event])
[0x00007f9df4006f80] Threads_lock - owner thread: 0x00007f9df4076000
[0x00007f9df4007480] Heap_lock - owner thread: 0x00007f9df400a800

Heap
 PSYoungGen      total 57344K, used 1328K [0x00000000eea80000, 0x00000000f2480000, 0x0000000100000000)
  eden space 55296K, 0% used [0x00000000eea80000,0x00000000eea80000,0x00000000f2080000)
  from space 2048K, 64% used [0x00000000f2080000,0x00000000f21cc020,0x00000000f2280000)
  to   space 2048K, 0% used [0x00000000f2280000,0x00000000f2280000,0x00000000f2480000)
 ParOldGen       total 35328K, used 48K [0x00000000cc000000, 0x00000000ce280000, 0x00000000eea80000)
  object space 35328K, 0% used [0x00000000cc000000,0x00000000cc00c000,0x00000000ce280000)
 PSPermGen       total 21504K, used 7277K [0x00000000c1a00000, 0x00000000c2f00000, 0x00000000cc000000)
  object space 21504K, 33% used [0x00000000c1a00000,0x00000000c211b418,0x00000000c2f00000)

Card table byte_map: [0x00007f9df8004000,0x00007f9df81f8000] byte_map_base: 0x00007f9df79f7000

Polling page: 0x00007f9dfb2e4000

Code Cache  [0x00007f9df0bec000, 0x00007f9df0e5c000, 0x00007f9df3bec000)
 total_blobs=364 nmethods=96 adapters=223 free_code_cache=48554Kb largest_free_block=49693120

Compilation events (10 events):
Event: 2,597 Thread 0x00007f9df40ad800 nmethod 91 0x00007f9df0c826d0 code [0x00007f9df0c82860, 0x00007f9df0c82dd8]
Event: 2,597 Thread 0x00007f9df40ad800   93             org.glassfish.json.JsonArrayBuilderImpl$JsonArrayImpl::getJsonObject (14 bytes)
Event: 2,601 Thread 0x00007f9df40ad800 nmethod 93 0x00007f9df0c7a350 code [0x00007f9df0c7a4c0, 0x00007f9df0c7a618]
Event: 2,601 Thread 0x00007f9df40ad800   94             org.glassfish.json.JsonObjectBuilderImpl$JsonObjectImpl::getString (11 bytes)
Event: 2,604 Thread 0x00007f9df40ad800 nmethod 94 0x00007f9df0c77010 code [0x00007f9df0c77160, 0x00007f9df0c77228]
Event: 2,604 Thread 0x00007f9df40ad800   95             org.glassfish.json.JsonObjectBuilderImpl$JsonObjectImpl::getJsonString (9 bytes)
Event: 2,606 Thread 0x00007f9df40aa800 nmethod 92 0x00007f9df0c86910 code [0x00007f9df0c86b40, 0x00007f9df0c87378]
Event: 2,606 Thread 0x00007f9df40ad800 nmethod 95 0x00007f9df0c7a890 code [0x00007f9df0c7a9e0, 0x00007f9df0c7aa88]
Event: 2,741 Thread 0x00007f9df40aa800   96             org.duckdns.spacedock.upengine.libupsystem.Perso::initJauges (101 bytes)
Event: 2,761 Thread 0x00007f9df40aa800 nmethod 96 0x00007f9df0c7b7d0 code [0x00007f9df0c7b960, 0x00007f9df0c7bd58]

GC Heap History (9 events):
Event: 1,809 GC heap before
{Heap before GC invocations=1 (full 0):
 PSYoungGen      total 15872K, used 13824K [0x00000000eea80000, 0x00000000efc00000, 0x0000000100000000)
  eden space 13824K, 100% used [0x00000000eea80000,0x00000000ef800000,0x00000000ef800000)
  from space 2048K, 0% used [0x00000000efa00000,0x00000000efa00000,0x00000000efc00000)
  to   space 2048K, 0% used [0x00000000ef800000,0x00000000ef800000,0x00000000efa00000)
 ParOldGen       total 35328K, used 0K [0x00000000cc000000, 0x00000000ce280000, 0x00000000eea80000)
  object space 35328K, 0% used [0x00000000cc000000,0x00000000cc000000,0x00000000ce280000)
 PSPermGen       total 21504K, used 7253K [0x00000000c1a00000, 0x00000000c2f00000, 0x00000000cc000000)
  object space 21504K, 33% used [0x00000000c1a00000,0x00000000c2115638,0x00000000c2f00000)
Event: 1,830 GC heap after
Heap after GC invocations=1 (full 0):
 PSYoungGen      total 15872K, used 2042K [0x00000000eea80000, 0x00000000f0980000, 0x0000000100000000)
  eden space 13824K, 0% used [0x00000000eea80000,0x00000000eea80000,0x00000000ef800000)
  from space 2048K, 99% used [0x00000000ef800000,0x00000000ef9feb20,0x00000000efa00000)
  to   space 2048K, 0% used [0x00000000f0780000,0x00000000f0780000,0x00000000f0980000)
 ParOldGen       total 35328K, used 32K [0x00000000cc000000, 0x00000000ce280000, 0x00000000eea80000)
  object space 35328K, 0% used [0x00000000cc000000,0x00000000cc008000,0x00000000ce280000)
 PSPermGen       total 21504K, used 7253K [0x00000000c1a00000, 0x00000000c2f00000, 0x00000000cc000000)
  object space 21504K, 33% used [0x00000000c1a00000,0x00000000c2115638,0x00000000c2f00000)
}
Event: 2,050 GC heap before
{Heap before GC invocations=2 (full 0):
 PSYoungGen      total 15872K, used 15866K [0x00000000eea80000, 0x00000000f0980000, 0x0000000100000000)
  eden space 13824K, 100% used [0x00000000eea80000,0x00000000ef800000,0x00000000ef800000)
  from space 2048K, 99% used [0x00000000ef800000,0x00000000ef9feb20,0x00000000efa00000)
  to   space 2048K, 0% used [0x00000000f0780000,0x00000000f0780000,0x00000000f0980000)
 ParOldGen       total 35328K, used 32K [0x00000000cc000000, 0x00000000ce280000, 0x00000000eea80000)
  object space 35328K, 0% used [0x00000000cc000000,0x00000000cc008000,0x00000000ce280000)
 PSPermGen       total 21504K, used 7263K [0x00000000c1a00000, 0x00000000c2f00000, 0x00000000cc000000)
  object space 21504K, 33% used [0x00000000c1a00000,0x00000000c2117ca8,0x00000000c2f00000)
Event: 2,063 GC heap after
Heap after GC invocations=2 (full 0):
 PSYoungGen      total 29696K, used 1376K [0x00000000eea80000, 0x00000000f0980000, 0x0000000100000000)
  eden space 27648K, 0% used [0x00000000eea80000,0x00000000eea80000,0x00000000f0580000)
  from space 2048K, 67% used [0x00000000f0780000,0x00000000f08d8030,0x00000000f0980000)
  to   space 2048K, 0% used [0x00000000f0580000,0x00000000f0580000,0x00000000f0780000)
 ParOldGen       total 35328K, used 40K [0x00000000cc000000, 0x00000000ce280000, 0x00000000eea80000)
  object space 35328K, 0% used [0x00000000cc000000,0x00000000cc00a000,0x00000000ce280000)
 PSPermGen       total 21504K, used 7263K [0x00000000c1a00000, 0x00000000c2f00000, 0x00000000cc000000)
  object space 21504K, 33% used [0x00000000c1a00000,0x00000000c2117ca8,0x00000000c2f00000)
}
Event: 2,440 GC heap before
{Heap before GC invocations=3 (full 0):
 PSYoungGen      total 29696K, used 29024K [0x00000000eea80000, 0x00000000f0980000, 0x0000000100000000)
  eden space 27648K, 100% used [0x00000000eea80000,0x00000000f0580000,0x00000000f0580000)
  from space 2048K, 67% used [0x00000000f0780000,0x00000000f08d8030,0x00000000f0980000)
  to   space 2048K, 0% used [0x00000000f0580000,0x00000000f0580000,0x00000000f0780000)
 ParOldGen       total 35328K, used 40K [0x00000000cc000000, 0x00000000ce280000, 0x00000000eea80000)
  object space 35328K, 0% used [0x00000000cc000000,0x00000000cc00a000,0x00000000ce280000)
 PSPermGen       total 21504K, used 7271K [0x00000000c1a00000, 0x00000000c2f00000, 0x00000000cc000000)
  object space 21504K, 33% used [0x00000000c1a00000,0x00000000c2119d80,0x00000000c2f00000)
Event: 2,465 GC heap after
Heap after GC invocations=3 (full 0):
 PSYoungGen      total 29696K, used 1392K [0x00000000eea80000, 0x00000000f2480000, 0x0000000100000000)
  eden space 27648K, 0% used [0x00000000eea80000,0x00000000eea80000,0x00000000f0580000)
  from space 2048K, 67% used [0x00000000f0580000,0x00000000f06dc020,0x00000000f0780000)
  to   space 2048K, 0% used [0x00000000f2280000,0x00000000f2280000,0x00000000f2480000)
 ParOldGen       total 35328K, used 40K [0x00000000cc000000, 0x00000000ce280000, 0x00000000eea80000)
  object space 35328K, 0% used [0x00000000cc000000,0x00000000cc00a000,0x00000000ce280000)
 PSPermGen       total 21504K, used 7271K [0x00000000c1a00000, 0x00000000c2f00000, 0x00000000cc000000)
  object space 21504K, 33% used [0x00000000c1a00000,0x00000000c2119d80,0x00000000c2f00000)
}
Event: 2,621 GC heap before
{Heap before GC invocations=4 (full 0):
 PSYoungGen      total 29696K, used 29040K [0x00000000eea80000, 0x00000000f2480000, 0x0000000100000000)
  eden space 27648K, 100% used [0x00000000eea80000,0x00000000f0580000,0x00000000f0580000)
  from space 2048K, 67% used [0x00000000f0580000,0x00000000f06dc020,0x00000000f0780000)
  to   space 2048K, 0% used [0x00000000f2280000,0x00000000f2280000,0x00000000f2480000)
 ParOldGen       total 35328K, used 40K [0x00000000cc000000, 0x00000000ce280000, 0x00000000eea80000)
  object space 35328K, 0% used [0x00000000cc000000,0x00000000cc00a000,0x00000000ce280000)
 PSPermGen       total 21504K, used 7272K [0x00000000c1a00000, 0x00000000c2f00000, 0x00000000cc000000)
  object space 21504K, 33% used [0x00000000c1a00000,0x00000000c211a398,0x00000000c2f00000)
Event: 2,636 GC heap after
Heap after GC invocations=4 (full 0):
 PSYoungGen      total 57344K, used 1344K [0x00000000eea80000, 0x00000000f2480000, 0x0000000100000000)
  eden space 55296K, 0% used [0x00000000eea80000,0x00000000eea80000,0x00000000f2080000)
  from space 2048K, 65% used [0x00000000f2280000,0x00000000f23d0030,0x00000000f2480000)
  to   space 2048K, 0% used [0x00000000f2080000,0x00000000f2080000,0x00000000f2280000)
 ParOldGen       total 35328K, used 48K [0x00000000cc000000, 0x00000000ce280000, 0x00000000eea80000)
  object space 35328K, 0% used [0x00000000cc000000,0x00000000cc00c000,0x00000000ce280000)
 PSPermGen       total 21504K, used 7272K [0x00000000c1a00000, 0x00000000c2f00000, 0x00000000cc000000)
  object space 21504K, 33% used [0x00000000c1a00000,0x00000000c211a398,0x00000000c2f00000)
}
Event: 2,867 GC heap before
{Heap before GC invocations=5 (full 0):
 PSYoungGen      total 57344K, used 56640K [0x00000000eea80000, 0x00000000f2480000, 0x0000000100000000)
  eden space 55296K, 100% used [0x00000000eea80000,0x00000000f2080000,0x00000000f2080000)
  from space 2048K, 65% used [0x00000000f2280000,0x00000000f23d0030,0x00000000f2480000)
  to   space 2048K, 0% used [0x00000000f2080000,0x00000000f2080000,0x00000000f2280000)
 ParOldGen       total 35328K, used 48K [0x00000000cc000000, 0x00000000ce280000, 0x00000000eea80000)
  object space 35328K, 0% used [0x00000000cc000000,0x00000000cc00c000,0x00000000ce280000)
 PSPermGen       total 21504K, used 7277K [0x00000000c1a00000, 0x00000000c2f00000, 0x00000000cc000000)
  object space 21504K, 33% used [0x00000000c1a00000,0x00000000c211b418,0x00000000c2f00000)

Deoptimization events (6 events):
Event: 0,320 Thread 0x00007f9df400a800 Uncommon trap: reason=unstable_if action=reinterpret pc=0x00007f9df0c4c834 method=java.lang.String.indexOf(II)I @ 49
Event: 0,509 Thread 0x00007f9df400a800 Uncommon trap: reason=class_check action=maybe_recompile pc=0x00007f9df0c4bd80 method=java.util.Properties$LineReader.readLine()I @ 62
Event: 0,512 Thread 0x00007f9df400a800 Uncommon trap: reason=unstable_if action=reinterpret pc=0x00007f9df0c4bc48 method=java.util.Properties$LineReader.readLine()I @ 263
Event: 0,583 Thread 0x00007f9df400a800 Uncommon trap: reason=unstable_if action=reinterpret pc=0x00007f9df0c51130 method=java.lang.String.indexOf([CII[CIII)I @ 123
Event: 1,090 Thread 0x00007f9df400a800 Uncommon trap: reason=unstable_if action=reinterpret pc=0x00007f9df0c53f04 method=java.util.Properties$LineReader.readLine()I @ 369
Event: 1,310 Thread 0x00007f9df400a800 Uncommon trap: reason=unstable_if action=reinterpret pc=0x00007f9df0c5c9ac method=sun.net.www.ParseUtil.encodePath(Ljava/lang/String;Z)Ljava/lang/String; @ 109

Internal exceptions (10 events):
Event: 1,459 Thread 0x00007f9df400a800 Threw 0x00000000ef12acc0 at /build/openjdk-7-fqDl7t/openjdk-7-7u121-2.6.8/build/openjdk/hotspot/src/share/vm/prims/jvm.cpp:1322
Event: 1,462 Thread 0x00007f9df400a800 Threw 0x00000000ef12e7f0 at /build/openjdk-7-fqDl7t/openjdk-7-7u121-2.6.8/build/openjdk/hotspot/src/share/vm/prims/jvm.cpp:1322
Event: 1,529 Thread 0x00007f9df400a800 Threw 0x00000000ef15ac50 at /build/openjdk-7-fqDl7t/openjdk-7-7u121-2.6.8/build/openjdk/hotspot/src/share/vm/prims/jvm.cpp:1322
Event: 1,534 Thread 0x00007f9df400a800 Threw 0x00000000ef15fac0 at /build/openjdk-7-fqDl7t/openjdk-7-7u121-2.6.8/build/openjdk/hotspot/src/share/vm/prims/jvm.cpp:1322
Event: 1,536 Thread 0x00007f9df400a800 Threw 0x00000000ef163978 at /build/openjdk-7-fqDl7t/openjdk-7-7u121-2.6.8/build/openjdk/hotspot/src/share/vm/prims/jvm.cpp:1322
Event: 1,539 Thread 0x00007f9df400a800 Threw 0x00000000ef168600 at /build/openjdk-7-fqDl7t/openjdk-7-7u121-2.6.8/build/openjdk/hotspot/src/share/vm/prims/jvm.cpp:1322
Event: 1,550 Thread 0x00007f9df400a800 Threw 0x00000000ef1880c8 at /build/openjdk-7-fqDl7t/openjdk-7-7u121-2.6.8/build/openjdk/hotspot/src/share/vm/prims/jvm.cpp:1322
Event: 1,558 Thread 0x00007f9df400a800 Threw 0x00000000ef19b968 at /build/openjdk-7-fqDl7t/openjdk-7-7u121-2.6.8/build/openjdk/hotspot/src/share/vm/prims/jvm.cpp:1322
Event: 1,561 Thread 0x00007f9df400a800 Threw 0x00000000ef19ee50 at /build/openjdk-7-fqDl7t/openjdk-7-7u121-2.6.8/build/openjdk/hotspot/src/share/vm/prims/jvm.cpp:1322
Event: 1,567 Thread 0x00007f9df400a800 Threw 0x00000000ef1a2ab8 at /build/openjdk-7-fqDl7t/openjdk-7-7u121-2.6.8/build/openjdk/hotspot/src/share/vm/prims/jvm.cpp:1322

Events (10 events):
Event: 1,830 Executing VM operation: ParallelGCFailedAllocation done
Event: 2,050 Executing VM operation: ParallelGCFailedAllocation
Event: 2,064 Executing VM operation: ParallelGCFailedAllocation done
Event: 2,297 loading class 0x00007f9df045bd30
Event: 2,302 loading class 0x00007f9df045bd30 done
Event: 2,434 Executing VM operation: ParallelGCFailedAllocation
Event: 2,465 Executing VM operation: ParallelGCFailedAllocation done
Event: 2,621 Executing VM operation: ParallelGCFailedAllocation
Event: 2,636 Executing VM operation: ParallelGCFailedAllocation done
Event: 2,863 Executing VM operation: ParallelGCFailedAllocation


Dynamic libraries:
00400000-00401000 r-xp 00000000 08:01 3155548                            /usr/lib/jvm/java-7-openjdk-amd64/jre/bin/java
00600000-00601000 r--p 00000000 08:01 3155548                            /usr/lib/jvm/java-7-openjdk-amd64/jre/bin/java
00601000-00602000 rw-p 00001000 08:01 3155548                            /usr/lib/jvm/java-7-openjdk-amd64/jre/bin/java
01d67000-01d88000 rw-p 00000000 00:00 0                                  [heap]
c1a00000-c2f00000 rw-p 00000000 00:00 0 
c2f00000-cc000000 rw-p 00000000 00:00 0 
cc000000-ce280000 rw-p 00000000 00:00 0 
ce280000-eea80000 rw-p 00000000 00:00 0 
eea80000-f2480000 rw-p 00000000 00:00 0 
f5b80000-100000000 rw-p 00000000 00:00 0 
7f9db4000000-7f9db4021000 rw-p 00000000 00:00 0 
7f9db4021000-7f9db8000000 ---p 00000000 00:00 0 
7f9dbc000000-7f9dbc55f000 rw-p 00000000 00:00 0 
7f9dbc55f000-7f9dc0000000 ---p 00000000 00:00 0 
7f9dc0000000-7f9dc0021000 rw-p 00000000 00:00 0 
7f9dc0021000-7f9dc4000000 ---p 00000000 00:00 0 
7f9dc4000000-7f9dc4021000 rw-p 00000000 00:00 0 
7f9dc4021000-7f9dc8000000 ---p 00000000 00:00 0 
7f9dc8000000-7f9dc82cb000 rw-p 00000000 00:00 0 
7f9dc82cb000-7f9dcc000000 ---p 00000000 00:00 0 
7f9dcc000000-7f9dcc021000 rw-p 00000000 00:00 0 
7f9dcc021000-7f9dd0000000 ---p 00000000 00:00 0 
7f9dd0000000-7f9dd0021000 rw-p 00000000 00:00 0 
7f9dd0021000-7f9dd4000000 ---p 00000000 00:00 0 
7f9dd4000000-7f9dd4021000 rw-p 00000000 00:00 0 
7f9dd4021000-7f9dd8000000 ---p 00000000 00:00 0 
7f9dd8000000-7f9dd8021000 rw-p 00000000 00:00 0 
7f9dd8021000-7f9ddc000000 ---p 00000000 00:00 0 
7f9ddc000000-7f9ddc021000 rw-p 00000000 00:00 0 
7f9ddc021000-7f9de0000000 ---p 00000000 00:00 0 
7f9de2882000-7f9de28bf000 r-xp 00000000 08:01 2756625                    /lib/x86_64-linux-gnu/libpcre.so.3.13.1
7f9de28bf000-7f9de2abe000 ---p 0003d000 08:01 2756625                    /lib/x86_64-linux-gnu/libpcre.so.3.13.1
7f9de2abe000-7f9de2abf000 r--p 0003c000 08:01 2756625                    /lib/x86_64-linux-gnu/libpcre.so.3.13.1
7f9de2abf000-7f9de2ac0000 rw-p 0003d000 08:01 2756625                    /lib/x86_64-linux-gnu/libpcre.so.3.13.1
7f9de2ac0000-7f9de2ac7000 r-xp 00000000 08:01 3146096                    /usr/lib/x86_64-linux-gnu/libffi.so.6.0.1
7f9de2ac7000-7f9de2cc6000 ---p 00007000 08:01 3146096                    /usr/lib/x86_64-linux-gnu/libffi.so.6.0.1
7f9de2cc6000-7f9de2cc7000 r--p 00006000 08:01 3146096                    /usr/lib/x86_64-linux-gnu/libffi.so.6.0.1
7f9de2cc7000-7f9de2cc8000 rw-p 00007000 08:01 3146096                    /usr/lib/x86_64-linux-gnu/libffi.so.6.0.1
7f9de2cc8000-7f9de2cdf000 r-xp 00000000 08:01 2752516                    /lib/x86_64-linux-gnu/libresolv-2.19.so
7f9de2cdf000-7f9de2edf000 ---p 00017000 08:01 2752516                    /lib/x86_64-linux-gnu/libresolv-2.19.so
7f9de2edf000-7f9de2ee0000 r--p 00017000 08:01 2752516                    /lib/x86_64-linux-gnu/libresolv-2.19.so
7f9de2ee0000-7f9de2ee1000 rw-p 00018000 08:01 2752516                    /lib/x86_64-linux-gnu/libresolv-2.19.so
7f9de2ee1000-7f9de2ee3000 rw-p 00000000 00:00 0 
7f9de2ee3000-7f9de2f03000 r-xp 00000000 08:01 2756767                    /lib/x86_64-linux-gnu/libselinux.so.1
7f9de2f03000-7f9de3102000 ---p 00020000 08:01 2756767                    /lib/x86_64-linux-gnu/libselinux.so.1
7f9de3102000-7f9de3103000 r--p 0001f000 08:01 2756767                    /lib/x86_64-linux-gnu/libselinux.so.1
7f9de3103000-7f9de3104000 rw-p 00020000 08:01 2756767                    /lib/x86_64-linux-gnu/libselinux.so.1
7f9de3104000-7f9de3106000 rw-p 00000000 00:00 0 
7f9de3106000-7f9de3109000 r-xp 00000000 08:01 3153259                    /usr/lib/x86_64-linux-gnu/libgmodule-2.0.so.0.4002.0
7f9de3109000-7f9de3308000 ---p 00003000 08:01 3153259                    /usr/lib/x86_64-linux-gnu/libgmodule-2.0.so.0.4002.0
7f9de3308000-7f9de3309000 r--p 00002000 08:01 3153259                    /usr/lib/x86_64-linux-gnu/libgmodule-2.0.so.0.4002.0
7f9de3309000-7f9de330a000 rw-p 00003000 08:01 3153259                    /usr/lib/x86_64-linux-gnu/libgmodule-2.0.so.0.4002.0
7f9de330a000-7f9de3410000 r-xp 00000000 08:01 2756673                    /lib/x86_64-linux-gnu/libglib-2.0.so.0.4002.0
7f9de3410000-7f9de360f000 ---p 00106000 08:01 2756673                    /lib/x86_64-linux-gnu/libglib-2.0.so.0.4002.0
7f9de360f000-7f9de3610000 r--p 00105000 08:01 2756673                    /lib/x86_64-linux-gnu/libglib-2.0.so.0.4002.0
7f9de3610000-7f9de3611000 rw-p 00106000 08:01 2756673                    /lib/x86_64-linux-gnu/libglib-2.0.so.0.4002.0
7f9de3611000-7f9de3612000 rw-p 00000000 00:00 0 
7f9de3612000-7f9de3661000 r-xp 00000000 08:01 3153275                    /usr/lib/x86_64-linux-gnu/libgobject-2.0.so.0.4002.0
7f9de3661000-7f9de3861000 ---p 0004f000 08:01 3153275                    /usr/lib/x86_64-linux-gnu/libgobject-2.0.so.0.4002.0
7f9de3861000-7f9de3862000 r--p 0004f000 08:01 3153275                    /usr/lib/x86_64-linux-gnu/libgobject-2.0.so.0.4002.0
7f9de3862000-7f9de3863000 rw-p 00050000 08:01 3153275                    /usr/lib/x86_64-linux-gnu/libgobject-2.0.so.0.4002.0
7f9de3863000-7f9de39cf000 r-xp 00000000 08:01 3153245                    /usr/lib/x86_64-linux-gnu/libgio-2.0.so.0.4002.0
7f9de39cf000-7f9de3bce000 ---p 0016c000 08:01 3153245                    /usr/lib/x86_64-linux-gnu/libgio-2.0.so.0.4002.0
7f9de3bce000-7f9de3bd2000 r--p 0016b000 08:01 3153245                    /usr/lib/x86_64-linux-gnu/libgio-2.0.so.0.4002.0
7f9de3bd2000-7f9de3bd4000 rw-p 0016f000 08:01 3153245                    /usr/lib/x86_64-linux-gnu/libgio-2.0.so.0.4002.0
7f9de3bd4000-7f9de3bd6000 rw-p 00000000 00:00 0 
7f9de3bd6000-7f9de3bed000 r-xp 00000000 08:01 3155475                    /usr/lib/jvm/java-7-openjdk-amd64/jre/lib/amd64/libnet.so
7f9de3bed000-7f9de3dec000 ---p 00017000 08:01 3155475                    /usr/lib/jvm/java-7-openjdk-amd64/jre/lib/amd64/libnet.so
7f9de3dec000-7f9de3ded000 r--p 00016000 08:01 3155475                    /usr/lib/jvm/java-7-openjdk-amd64/jre/lib/amd64/libnet.so
7f9de3ded000-7f9de3dee000 rw-p 00017000 08:01 3155475                    /usr/lib/jvm/java-7-openjdk-amd64/jre/lib/amd64/libnet.so
7f9de3dee000-7f9de3dfe000 r-xp 00000000 08:01 3152632                    /usr/lib/jvm/java-7-openjdk-amd64/jre/lib/amd64/libnio.so
7f9de3dfe000-7f9de3ffe000 ---p 00010000 08:01 3152632                    /usr/lib/jvm/java-7-openjdk-amd64/jre/lib/amd64/libnio.so
7f9de3ffe000-7f9de3fff000 r--p 00010000 08:01 3152632                    /usr/lib/jvm/java-7-openjdk-amd64/jre/lib/amd64/libnio.so
7f9de3fff000-7f9de4000000 rw-p 00011000 08:01 3152632                    /usr/lib/jvm/java-7-openjdk-amd64/jre/lib/amd64/libnio.so
7f9de4000000-7f9de4021000 rw-p 00000000 00:00 0 
7f9de4021000-7f9de8000000 ---p 00000000 00:00 0 
7f9de8149000-7f9de817a000 rw-p 00000000 00:00 0 
7f9de8195000-7f9de819f000 r--s 000ae000 08:01 3148563                    /usr/lib/jvm/java-7-openjdk-amd64/jre/lib/resources.jar
7f9de819f000-7f9de81bd000 r--s 001c8000 08:01 1444773                    /home/audreyazura/Documents/Project/Tools/netbeans-8.1/extide/ant/lib/ant.jar
7f9de81bd000-7f9de81be000 ---p 00000000 00:00 0 
7f9de81be000-7f9de82be000 rw-p 00000000 00:00 0                          [stack:7298]
7f9de82be000-7f9de82c1000 ---p 00000000 00:00 0 
7f9de82c1000-7f9de83bf000 rw-p 00000000 00:00 0                          [stack:7297]
7f9de83bf000-7f9de83c2000 ---p 00000000 00:00 0 
7f9de83c2000-7f9de84c0000 rw-p 00000000 00:00 0                          [stack:7296]
7f9de84c0000-7f9de84c3000 ---p 00000000 00:00 0 
7f9de84c3000-7f9de85c1000 rw-p 00000000 00:00 0                          [stack:7295]
7f9de85c1000-7f9de85c4000 ---p 00000000 00:00 0 
7f9de85c4000-7f9de86c2000 rw-p 00000000 00:00 0                          [stack:7294]
7f9de86c2000-7f9de8f9e000 r--p 00000000 08:01 3148861                    /usr/lib/locale/locale-archive
7f9de8f9e000-7f9de8fa1000 ---p 00000000 00:00 0 
7f9de8fa1000-7f9de909f000 rw-p 00000000 00:00 0                          [stack:7293]
7f9de909f000-7f9de90a2000 ---p 00000000 00:00 0 
7f9de90a2000-7f9de91a0000 rw-p 00000000 00:00 0                          [stack:7292]
7f9de91a0000-7f9de91a1000 ---p 00000000 00:00 0 
7f9de91a1000-7f9dec000000 rw-p 00000000 00:00 0                          [stack:7291]
7f9dec000000-7f9dec021000 rw-p 00000000 00:00 0 
7f9dec021000-7f9df0000000 ---p 00000000 00:00 0 
7f9df0007000-7f9df0009000 r--s 00002000 08:01 1444758                    /home/audreyazura/Documents/Project/Tools/netbeans-8.1/extide/ant/lib/ant-junit4.jar
7f9df0009000-7f9df0012000 r--s 00044000 08:01 1449897                    /home/audreyazura/Documents/Project/libupsystem/lib/junit_4/junit-4.12.jar
7f9df0012000-7f9df01e0000 rw-p 00000000 00:00 0 
7f9df01e0000-7f9df0393000 r--s 01d49000 08:01 3155504                    /usr/lib/jvm/java-7-openjdk-amd64/jre/lib/rt.jar
7f9df0393000-7f9df067f000 rw-p 00000000 00:00 0 
7f9df067f000-7f9df0680000 ---p 00000000 00:00 0 
7f9df0680000-7f9df0780000 rw-p 00000000 00:00 0                          [stack:7290]
7f9df0780000-7f9df0781000 ---p 00000000 00:00 0 
7f9df0781000-7f9df0881000 rw-p 00000000 00:00 0                          [stack:7289]
7f9df0881000-7f9df0882000 ---p 00000000 00:00 0 
7f9df0882000-7f9df0982000 rw-p 00000000 00:00 0                          [stack:7288]
7f9df0982000-7f9df0983000 ---p 00000000 00:00 0 
7f9df0983000-7f9df0a8e000 rw-p 00000000 00:00 0                          [stack:7287]
7f9df0a8e000-7f9df0ad6000 rw-p 00000000 00:00 0 
7f9df0ad6000-7f9df0ae8000 rw-p 00000000 00:00 0 
7f9df0ae8000-7f9df0bec000 rw-p 00000000 00:00 0 
7f9df0bec000-7f9df0e5c000 rwxp 00000000 00:00 0 
7f9df0e5c000-7f9df3bec000 rw-p 00000000 00:00 0 
7f9df3bec000-7f9df3bf4000 r-xp 00000000 08:01 3155066                    /usr/lib/jvm/java-7-openjdk-amd64/jre/lib/amd64/libzip.so
7f9df3bf4000-7f9df3df3000 ---p 00008000 08:01 3155066                    /usr/lib/jvm/java-7-openjdk-amd64/jre/lib/amd64/libzip.so
7f9df3df3000-7f9df3df4000 r--p 00007000 08:01 3155066                    /usr/lib/jvm/java-7-openjdk-amd64/jre/lib/amd64/libzip.so
7f9df3df4000-7f9df3df5000 rw-p 00008000 08:01 3155066                    /usr/lib/jvm/java-7-openjdk-amd64/jre/lib/amd64/libzip.so
7f9df3df5000-7f9df3dff000 r-xp 00000000 08:01 2752570                    /lib/x86_64-linux-gnu/libnss_files-2.19.so
7f9df3dff000-7f9df3ffe000 ---p 0000a000 08:01 2752570                    /lib/x86_64-linux-gnu/libnss_files-2.19.so
7f9df3ffe000-7f9df3fff000 r--p 00009000 08:01 2752570                    /lib/x86_64-linux-gnu/libnss_files-2.19.so
7f9df3fff000-7f9df4000000 rw-p 0000a000 08:01 2752570                    /lib/x86_64-linux-gnu/libnss_files-2.19.so
7f9df4000000-7f9df4235000 rw-p 00000000 00:00 0 
7f9df4235000-7f9df8000000 ---p 00000000 00:00 0 
7f9df8000000-7f9df8001000 rw-p 00000000 00:00 0 
7f9df8001000-7f9df8004000 r--s 0001a000 08:01 1444760                    /home/audreyazura/Documents/Project/Tools/netbeans-8.1/extide/ant/lib/ant-junit.jar
7f9df8004000-7f9df800f000 rw-p 00000000 00:00 0 
7f9df800f000-7f9df8057000 rw-p 00000000 00:00 0 
7f9df8057000-7f9df8069000 rw-p 00000000 00:00 0 
7f9df8069000-7f9df816c000 rw-p 00000000 00:00 0 
7f9df816c000-7f9df818a000 rw-p 00000000 00:00 0 
7f9df818a000-7f9df81f7000 rw-p 00000000 00:00 0 
7f9df81f7000-7f9df81f8000 rw-p 00000000 00:00 0 
7f9df81f8000-7f9df8203000 r-xp 00000000 08:01 2752562                    /lib/x86_64-linux-gnu/libnss_nis-2.19.so
7f9df8203000-7f9df8402000 ---p 0000b000 08:01 2752562                    /lib/x86_64-linux-gnu/libnss_nis-2.19.so
7f9df8402000-7f9df8403000 r--p 0000a000 08:01 2752562                    /lib/x86_64-linux-gnu/libnss_nis-2.19.so
7f9df8403000-7f9df8404000 rw-p 0000b000 08:01 2752562                    /lib/x86_64-linux-gnu/libnss_nis-2.19.so
7f9df8404000-7f9df841b000 r-xp 00000000 08:01 2752558                    /lib/x86_64-linux-gnu/libnsl-2.19.so
7f9df841b000-7f9df861a000 ---p 00017000 08:01 2752558                    /lib/x86_64-linux-gnu/libnsl-2.19.so
7f9df861a000-7f9df861b000 r--p 00016000 08:01 2752558                    /lib/x86_64-linux-gnu/libnsl-2.19.so
7f9df861b000-7f9df861c000 rw-p 00017000 08:01 2752558                    /lib/x86_64-linux-gnu/libnsl-2.19.so
7f9df861c000-7f9df861e000 rw-p 00000000 00:00 0 
7f9df861e000-7f9df8627000 r-xp 00000000 08:01 2752557                    /lib/x86_64-linux-gnu/libnss_compat-2.19.so
7f9df8627000-7f9df8826000 ---p 00009000 08:01 2752557                    /lib/x86_64-linux-gnu/libnss_compat-2.19.so
7f9df8826000-7f9df8827000 r--p 00008000 08:01 2752557                    /lib/x86_64-linux-gnu/libnss_compat-2.19.so
7f9df8827000-7f9df8828000 rw-p 00009000 08:01 2752557                    /lib/x86_64-linux-gnu/libnss_compat-2.19.so
7f9df8828000-7f9df8852000 r-xp 00000000 08:01 3152636                    /usr/lib/jvm/java-7-openjdk-amd64/jre/lib/amd64/libjava.so
7f9df8852000-7f9df8a52000 ---p 0002a000 08:01 3152636                    /usr/lib/jvm/java-7-openjdk-amd64/jre/lib/amd64/libjava.so
7f9df8a52000-7f9df8a53000 r--p 0002a000 08:01 3152636                    /usr/lib/jvm/java-7-openjdk-amd64/jre/lib/amd64/libjava.so
7f9df8a53000-7f9df8a55000 rw-p 0002b000 08:01 3152636                    /usr/lib/jvm/java-7-openjdk-amd64/jre/lib/amd64/libjava.so
7f9df8a55000-7f9df8a65000 r-xp 00000000 08:01 3155494                    /usr/lib/jvm/java-7-openjdk-amd64/jre/lib/amd64/libverify.so
7f9df8a65000-7f9df8c64000 ---p 00010000 08:01 3155494                    /usr/lib/jvm/java-7-openjdk-amd64/jre/lib/amd64/libverify.so
7f9df8c64000-7f9df8c66000 r--p 0000f000 08:01 3155494                    /usr/lib/jvm/java-7-openjdk-amd64/jre/lib/amd64/libverify.so
7f9df8c66000-7f9df8c67000 rw-p 00011000 08:01 3155494                    /usr/lib/jvm/java-7-openjdk-amd64/jre/lib/amd64/libverify.so
7f9df8c67000-7f9df8c6e000 r-xp 00000000 08:01 2752566                    /lib/x86_64-linux-gnu/librt-2.19.so
7f9df8c6e000-7f9df8e6d000 ---p 00007000 08:01 2752566                    /lib/x86_64-linux-gnu/librt-2.19.so
7f9df8e6d000-7f9df8e6e000 r--p 00006000 08:01 2752566                    /lib/x86_64-linux-gnu/librt-2.19.so
7f9df8e6e000-7f9df8e6f000 rw-p 00007000 08:01 2752566                    /lib/x86_64-linux-gnu/librt-2.19.so
7f9df8e6f000-7f9df8e85000 r-xp 00000000 08:01 2756650                    /lib/x86_64-linux-gnu/libgcc_s.so.1
7f9df8e85000-7f9df9084000 ---p 00016000 08:01 2756650                    /lib/x86_64-linux-gnu/libgcc_s.so.1
7f9df9084000-7f9df9085000 rw-p 00015000 08:01 2756650                    /lib/x86_64-linux-gnu/libgcc_s.so.1
7f9df9085000-7f9df918a000 r-xp 00000000 08:01 2752530                    /lib/x86_64-linux-gnu/libm-2.19.so
7f9df918a000-7f9df9389000 ---p 00105000 08:01 2752530                    /lib/x86_64-linux-gnu/libm-2.19.so
7f9df9389000-7f9df938a000 r--p 00104000 08:01 2752530                    /lib/x86_64-linux-gnu/libm-2.19.so
7f9df938a000-7f9df938b000 rw-p 00105000 08:01 2752530                    /lib/x86_64-linux-gnu/libm-2.19.so
7f9df938b000-7f9df9491000 r-xp 00000000 08:01 3147884                    /usr/lib/x86_64-linux-gnu/libstdc++.so.6.0.22
7f9df9491000-7f9df9690000 ---p 00106000 08:01 3147884                    /usr/lib/x86_64-linux-gnu/libstdc++.so.6.0.22
7f9df9690000-7f9df9698000 r--p 00105000 08:01 3147884                    /usr/lib/x86_64-linux-gnu/libstdc++.so.6.0.22
7f9df9698000-7f9df969a000 rw-p 0010d000 08:01 3147884                    /usr/lib/x86_64-linux-gnu/libstdc++.so.6.0.22
7f9df969a000-7f9df969d000 rw-p 00000000 00:00 0 
7f9df969d000-7f9dfa1cb000 r-xp 00000000 08:01 3154760                    /usr/lib/jvm/java-7-openjdk-amd64/jre/lib/amd64/server/libjvm.so
7f9dfa1cb000-7f9dfa3cb000 ---p 00b2e000 08:01 3154760                    /usr/lib/jvm/java-7-openjdk-amd64/jre/lib/amd64/server/libjvm.so
7f9dfa3cb000-7f9dfa465000 r--p 00b2e000 08:01 3154760                    /usr/lib/jvm/java-7-openjdk-amd64/jre/lib/amd64/server/libjvm.so
7f9dfa465000-7f9dfa488000 rw-p 00bc8000 08:01 3154760                    /usr/lib/jvm/java-7-openjdk-amd64/jre/lib/amd64/server/libjvm.so
7f9dfa488000-7f9dfa4b7000 rw-p 00000000 00:00 0 
7f9dfa4b7000-7f9dfa4cf000 r-xp 00000000 08:01 2756797                    /lib/x86_64-linux-gnu/libz.so.1.2.8
7f9dfa4cf000-7f9dfa6ce000 ---p 00018000 08:01 2756797                    /lib/x86_64-linux-gnu/libz.so.1.2.8
7f9dfa6ce000-7f9dfa6cf000 r--p 00017000 08:01 2756797                    /lib/x86_64-linux-gnu/libz.so.1.2.8
7f9dfa6cf000-7f9dfa6d0000 rw-p 00018000 08:01 2756797                    /lib/x86_64-linux-gnu/libz.so.1.2.8
7f9dfa6d0000-7f9dfa6e9000 r-xp 00000000 08:01 2752559                    /lib/x86_64-linux-gnu/libpthread-2.19.so
7f9dfa6e9000-7f9dfa8e8000 ---p 00019000 08:01 2752559                    /lib/x86_64-linux-gnu/libpthread-2.19.so
7f9dfa8e8000-7f9dfa8e9000 r--p 00018000 08:01 2752559                    /lib/x86_64-linux-gnu/libpthread-2.19.so
7f9dfa8e9000-7f9dfa8ea000 rw-p 00019000 08:01 2752559                    /lib/x86_64-linux-gnu/libpthread-2.19.so
7f9dfa8ea000-7f9dfa8ee000 rw-p 00000000 00:00 0 
7f9dfa8ee000-7f9dfa8f1000 r-xp 00000000 08:01 2752539                    /lib/x86_64-linux-gnu/libdl-2.19.so
7f9dfa8f1000-7f9dfaaf0000 ---p 00003000 08:01 2752539                    /lib/x86_64-linux-gnu/libdl-2.19.so
7f9dfaaf0000-7f9dfaaf1000 r--p 00002000 08:01 2752539                    /lib/x86_64-linux-gnu/libdl-2.19.so
7f9dfaaf1000-7f9dfaaf2000 rw-p 00003000 08:01 2752539                    /lib/x86_64-linux-gnu/libdl-2.19.so
7f9dfaaf2000-7f9dfacac000 r-xp 00000000 08:01 2752567                    /lib/x86_64-linux-gnu/libc-2.19.so
7f9dfacac000-7f9dfaeac000 ---p 001ba000 08:01 2752567                    /lib/x86_64-linux-gnu/libc-2.19.so
7f9dfaeac000-7f9dfaeb0000 r--p 001ba000 08:01 2752567                    /lib/x86_64-linux-gnu/libc-2.19.so
7f9dfaeb0000-7f9dfaeb2000 rw-p 001be000 08:01 2752567                    /lib/x86_64-linux-gnu/libc-2.19.so
7f9dfaeb2000-7f9dfaeb7000 rw-p 00000000 00:00 0 
7f9dfaeb7000-7f9dfaec4000 r-xp 00000000 08:01 3152640                    /usr/lib/jvm/java-7-openjdk-amd64/jre/lib/amd64/jli/libjli.so
7f9dfaec4000-7f9dfb0c3000 ---p 0000d000 08:01 3152640                    /usr/lib/jvm/java-7-openjdk-amd64/jre/lib/amd64/jli/libjli.so
7f9dfb0c3000-7f9dfb0c4000 r--p 0000c000 08:01 3152640                    /usr/lib/jvm/java-7-openjdk-amd64/jre/lib/amd64/jli/libjli.so
7f9dfb0c4000-7f9dfb0c5000 rw-p 0000d000 08:01 3152640                    /usr/lib/jvm/java-7-openjdk-amd64/jre/lib/amd64/jli/libjli.so
7f9dfb0c5000-7f9dfb0e8000 r-xp 00000000 08:01 2752560                    /lib/x86_64-linux-gnu/ld-2.19.so
7f9dfb0e8000-7f9dfb0ea000 r--s 00009000 08:01 1449889                    /home/audreyazura/Documents/Project/libupsystem/lib/hamcrest/hamcrest-core-1.3.jar
7f9dfb0ea000-7f9dfb0ed000 r--s 00013000 08:01 1449179                    /home/audreyazura/Documents/Project/libupsystem/lib/commonutils.portable1-0.jar
7f9dfb0ed000-7f9dfb0f0000 r--s 0003d000 08:01 3152622                    /usr/lib/jvm/java-7-openjdk-amd64/jre/lib/ext/sunpkcs11.jar
7f9dfb0f0000-7f9dfb10e000 rw-p 00000000 00:00 0 
7f9dfb10e000-7f9dfb1c4000 rw-p 00000000 00:00 0 
7f9dfb1c4000-7f9dfb1c7000 ---p 00000000 00:00 0 
7f9dfb1c7000-7f9dfb2ca000 rw-p 00000000 00:00 0                          [stack:7286]
7f9dfb2ca000-7f9dfb2cb000 r--s 00004000 08:01 1444752                    /home/audreyazura/Documents/Project/Tools/netbeans-8.1/extide/ant/lib/ant-launcher.jar
7f9dfb2cb000-7f9dfb2cf000 r--s 00085000 08:01 3152619                    /usr/lib/jvm/java-7-openjdk-amd64/jre/lib/ext/localedata.jar
7f9dfb2cf000-7f9dfb2d0000 r--s 00002000 08:01 3152621                    /usr/lib/jvm/java-7-openjdk-amd64/jre/lib/ext/dnsns.jar
7f9dfb2d0000-7f9dfb2d2000 r--s 00006000 08:01 3283851                    /usr/share/java/java-atk-wrapper.jar
7f9dfb2d2000-7f9dfb2d4000 r--s 00012000 08:01 3152620                    /usr/lib/jvm/java-7-openjdk-amd64/jre/lib/ext/zipfs.jar
7f9dfb2d4000-7f9dfb2d7000 r--s 0000f000 08:01 3152623                    /usr/lib/jvm/java-7-openjdk-amd64/jre/lib/ext/icedtea-sound.jar
7f9dfb2d7000-7f9dfb2db000 r--s 00034000 08:01 3152618                    /usr/lib/jvm/java-7-openjdk-amd64/jre/lib/ext/sunjce_provider.jar
7f9dfb2db000-7f9dfb2e3000 rw-s 00000000 08:01 1835249                    /tmp/hsperfdata_audreyazura/7283
7f9dfb2e3000-7f9dfb2e4000 rw-p 00000000 00:00 0 
7f9dfb2e4000-7f9dfb2e5000 ---p 00000000 00:00 0 
7f9dfb2e5000-7f9dfb2e7000 rw-p 00000000 00:00 0 
7f9dfb2e7000-7f9dfb2e8000 r--p 00022000 08:01 2752560                    /lib/x86_64-linux-gnu/ld-2.19.so
7f9dfb2e8000-7f9dfb2e9000 rw-p 00023000 08:01 2752560                    /lib/x86_64-linux-gnu/ld-2.19.so
7f9dfb2e9000-7f9dfb2ea000 rw-p 00000000 00:00 0 
7ffeec6d3000-7ffeec6f4000 rw-p 00000000 00:00 0                          [stack]
7ffeec77a000-7ffeec77c000 r-xp 00000000 00:00 0                          [vdso]
7ffeec77c000-7ffeec77e000 r--p 00000000 00:00 0                          [vvar]
ffffffffff600000-ffffffffff601000 r-xp 00000000 00:00 0                  [vsyscall]

VM Arguments:
jvm_args: -ea 
java_command: org.apache.tools.ant.taskdefs.optional.junit.JUnitTestRunner org.duckdns.spacedock.upengine.libupsystem.PersoStatDegatsLegersTest skipNonTests=false filtertrace=true haltOnError=false haltOnFailure=false showoutput=true outputtoformatters=true logfailedtests=true threadid=0 logtestlistenerevents=true formatter=org.apache.tools.ant.taskdefs.optional.junit.BriefJUnitResultFormatter formatter=org.apache.tools.ant.taskdefs.optional.junit.XMLJUnitResultFormatter,/home/audreyazura/Documents/Project/libupsystem/build/test/results/TEST-org.duckdns.spacedock.upengine.libupsystem.PersoStatDegatsLegersTest.xml crashfile=/home/audreyazura/Documents/Project/libupsystem/build/junitvmwatcher5595748605453612921.properties propsfile=/home/audreyazura/Documents/Project/libupsystem/build/junit7731343020255898246.properties
Launcher Type: SUN_STANDARD

Environment Variables:
JAVA_HOME=/usr/lib/jvm/java-7-openjdk-amd64
PATH=/usr/local/sbin:/usr/local/bin:/usr/sbin:/usr/bin:/sbin:/bin:/usr/games:/usr/local/games:/usr/lib/jvm/java-7-openjdk-amd64/bin:/home/audreyazura/Documents/Project/Tools/netbeans-8.1/extide/ant/bin
LD_LIBRARY_PATH=/usr/lib/jvm/java-7-openjdk-amd64/jre/lib/amd64:/usr/lib/jvm/java-7-openjdk-amd64/jre/lib/i386:
SHELL=/bin/bash
DISPLAY=:0

Signal Handlers:
SIGSEGV: [libjvm.so+0x95e460], sa_mask[0]=0x7ffbfeff, sa_flags=0x10000004
SIGBUS: [libjvm.so+0x95e460], sa_mask[0]=0x7ffbfeff, sa_flags=0x10000004
SIGFPE: [libjvm.so+0x7d2030], sa_mask[0]=0x7ffbfeff, sa_flags=0x10000004
SIGPIPE: [libjvm.so+0x7d2030], sa_mask[0]=0x7ffbfeff, sa_flags=0x10000004
SIGXFSZ: [libjvm.so+0x7d2030], sa_mask[0]=0x7ffbfeff, sa_flags=0x10000004
SIGILL: [libjvm.so+0x7d2030], sa_mask[0]=0x7ffbfeff, sa_flags=0x10000004
SIGUSR1: SIG_DFL, sa_mask[0]=0x00000000, sa_flags=0x00000000
SIGUSR2: [libjvm.so+0x7d2160], sa_mask[0]=0x00000004, sa_flags=0x10000004
SIGHUP: [libjvm.so+0x7d20b0], sa_mask[0]=0x7ffbfeff, sa_flags=0x10000004
SIGINT: SIG_IGN, sa_mask[0]=0x00000000, sa_flags=0x00000000
SIGTERM: [libjvm.so+0x7d20b0], sa_mask[0]=0x7ffbfeff, sa_flags=0x10000004
SIGQUIT: [libjvm.so+0x7d20b0], sa_mask[0]=0x7ffbfeff, sa_flags=0x10000004
SIGTRAP: SIG_DFL, sa_mask[0]=0x00000000, sa_flags=0x00000000


---------------  S Y S T E M  ---------------

OS:Peppermint 6 (trusty)
uname:Linux 3.16.0-77-generic #99~14.04.1-Ubuntu SMP Tue Jun 28 19:17:10 UTC 2016 x86_64
libc:glibc 2.19 NPTL 2.19 
rlimit: STACK 8192k, CORE 0k, NPROC 13224, NOFILE 4096, AS infinity
load average:2,26 1,21 1,01

/proc/meminfo:
MemTotal:        3407836 kB
MemFree:           94456 kB
MemAvailable:      39660 kB
Buffers:            1224 kB
Cached:            70784 kB
SwapCached:            0 kB
Active:          3045852 kB
Inactive:          61444 kB
Active(anon):    3038636 kB
Inactive(anon):    53980 kB
Active(file):       7216 kB
Inactive(file):     7464 kB
Unevictable:          64 kB
Mlocked:              64 kB
SwapTotal:             0 kB
SwapFree:              0 kB
Dirty:               168 kB
Writeback:             0 kB
AnonPages:       3035788 kB
Mapped:            67064 kB
Shmem:             56892 kB
Slab:              77052 kB
SReclaimable:      44652 kB
SUnreclaim:        32400 kB
KernelStack:       10304 kB
PageTables:        32572 kB
NFS_Unstable:          0 kB
Bounce:                0 kB
WritebackTmp:          0 kB
CommitLimit:     1703916 kB
Committed_AS:    5696188 kB
VmallocTotal:   34359738367 kB
VmallocUsed:      291412 kB
VmallocChunk:   34359353784 kB
HardwareCorrupted:     0 kB
AnonHugePages:   1822720 kB
HugePages_Total:       0
HugePages_Free:        0
HugePages_Rsvd:        0
HugePages_Surp:        0
Hugepagesize:       2048 kB
DirectMap4k:      138324 kB
DirectMap2M:     3473408 kB
DirectMap1G:           0 kB


CPU:total 4 (4 cores per cpu, 1 threads per core) family 22 model 0 stepping 1, cmov, cx8, fxsr, mmx, sse, sse2, sse3, ssse3, sse4.1, sse4.2, popcnt, avx, aes, mmxext, 3dnowpref, lzcnt, sse4a, tsc, tscinvbit, tscinv

/proc/cpuinfo:
processor	: 0
vendor_id	: AuthenticAMD
cpu family	: 22
model		: 0
model name	: Quad-Core Processor (up to 1.4GHz)
stepping	: 1
microcode	: 0x7000106
cpu MHz		: 600.000
cache size	: 2048 KB
physical id	: 0
siblings	: 4
core id		: 0
cpu cores	: 4
apicid		: 0
initial apicid	: 0
fpu		: yes
fpu_exception	: yes
cpuid level	: 13
wp		: yes
flags		: fpu vme de pse tsc msr pae mce cx8 apic sep mtrr pge mca cmov pat pse36 clflush mmx fxsr sse sse2 ht syscall nx mmxext fxsr_opt pdpe1gb rdtscp lm constant_tsc rep_good nopl nonstop_tsc extd_apicid aperfmperf eagerfpu pni pclmulqdq monitor ssse3 cx16 sse4_1 sse4_2 movbe popcnt aes xsave avx f16c lahf_lm cmp_legacy svm extapic cr8_legacy abm sse4a misalignsse 3dnowprefetch osvw ibs skinit wdt topoext perfctr_nb perfctr_l2 arat cpb xsaveopt hw_pstate proc_feedback npt lbrv svm_lock nrip_save tsc_scale flushbyasid decodeassists pausefilter pfthreshold vmmcall bmi1
bogomips	: 1996.25
TLB size	: 1024 4K pages
clflush size	: 64
cache_alignment	: 64
address sizes	: 40 bits physical, 48 bits virtual
power management: ts ttp tm 100mhzsteps hwpstate cpb [11]

processor	: 1
vendor_id	: AuthenticAMD
cpu family	: 22
model		: 0
model name	: Quad-Core Processor (up to 1.4GHz)             
stepping	: 1
microcode	: 0x7000106
cpu MHz		: 1000.000
cache size	: 2048 KB
physical id	: 0
siblings	: 4
core id		: 1
cpu cores	: 4
apicid		: 1
initial apicid	: 1
fpu		: yes
fpu_exception	: yes
cpuid level	: 13
wp		: yes
flags		: fpu vme de pse tsc msr pae mce cx8 apic sep mtrr pge mca cmov pat pse36 clflush mmx fxsr sse sse2 ht syscall nx mmxext fxsr_opt pdpe1gb rdtscp lm constant_tsc rep_good nopl nonstop_tsc extd_apicid aperfmperf eagerfpu pni pclmulqdq monitor ssse3 cx16 sse4_1 sse4_2 movbe popcnt aes xsave avx f16c lahf_lm cmp_legacy svm extapic cr8_legacy abm sse4a misalignsse 3dnowprefetch osvw ibs skinit wdt topoext perfctr_nb perfctr_l2 arat cpb xsaveopt hw_pstate proc_feedback npt lbrv svm_lock nrip_save tsc_scale flushbyasid decodeassists pausefilter pfthreshold vmmcall bmi1
bogomips	: 1996.25
TLB size	: 1024 4K pages
clflush size	: 64
cache_alignment	: 64
address sizes	: 40 bits physical, 48 bits virtual
power management: ts ttp tm 100mhzsteps hwpstate cpb [11]

processor	: 2
vendor_id	: AuthenticAMD
cpu family	: 22
model		: 0
model name	: Quad-Core Processor (up to 1.4GHz)             
stepping	: 1
microcode	: 0x7000106
cpu MHz		: 1000.000
cache size	: 2048 KB
physical id	: 0
siblings	: 4
core id		: 2
cpu cores	: 4
apicid		: 2
initial apicid	: 2
fpu		: yes
fpu_exception	: yes
cpuid level	: 13
wp		: yes
flags		: fpu vme de pse tsc msr pae mce cx8 apic sep mtrr pge mca cmov pat pse36 clflush mmx fxsr sse sse2 ht syscall nx mmxext fxsr_opt pdpe1gb rdtscp lm constant_tsc rep_good nopl nonstop_tsc extd_apicid aperfmperf eagerfpu pni pclmulqdq monitor ssse3 cx16 sse4_1 sse4_2 movbe popcnt aes xsave avx f16c lahf_lm cmp_legacy svm extapic cr8_legacy abm sse4a misalignsse 3dnowprefetch osvw ibs skinit wdt topoext perfctr_nb perfctr_l2 arat cpb xsaveopt hw_pstate proc_feedback npt lbrv svm_lock nrip_save tsc_scale flushbyasid decodeassists pausefilter pfthreshold vmmcall bmi1
bogomips	: 1996.25
TLB size	: 1024 4K pages
clflush size	: 64
cache_alignment	: 64
address sizes	: 40 bits physical, 48 bits virtual
power management: ts ttp tm 100mhzsteps hwpstate cpb [11]

processor	: 3
vendor_id	: AuthenticAMD
cpu family	: 22
model		: 0
model name	: Quad-Core Processor (up to 1.4GHz)             
stepping	: 1
microcode	: 0x7000106
cpu MHz		: 800.000
cache size	: 2048 KB
physical id	: 0
siblings	: 4
core id		: 3
cpu cores	: 4
apicid		: 3
initial apicid	: 3
fpu		: yes
fpu_exception	: yes
cpuid level	: 13
wp		: yes
flags		: fpu vme de pse tsc msr pae mce cx8 apic sep mtrr pge mca cmov pat pse36 clflush mmx fxsr sse sse2 ht syscall nx mmxext fxsr_opt pdpe1gb rdtscp lm constant_tsc rep_good nopl nonstop_tsc extd_apicid aperfmperf eagerfpu pni pclmulqdq monitor ssse3 cx16 sse4_1 sse4_2 movbe popcnt aes xsave avx f16c lahf_lm cmp_legacy svm extapic cr8_legacy abm sse4a misalignsse 3dnowprefetch osvw ibs skinit wdt topoext perfctr_nb perfctr_l2 arat cpb xsaveopt hw_pstate proc_feedback npt lbrv svm_lock nrip_save tsc_scale flushbyasid decodeassists pausefilter pfthreshold vmmcall bmi1
bogomips	: 1996.25
TLB size	: 1024 4K pages
clflush size	: 64
cache_alignment	: 64
address sizes	: 40 bits physical, 48 bits virtual
power management: ts ttp tm 100mhzsteps hwpstate cpb [11]



Memory: 4k page, physical 3407836k(94784k free), swap 0k(0k free)

vm_info: OpenJDK 64-Bit Server VM (24.121-b00) for linux-amd64 JRE (1.7.0_121-b00), built on Feb  7 2017 18:45:58 by "buildd" with gcc 4.8.4

time: Sat Mar 11 20:37:47 2017
elapsed time: 2 seconds

