#
# There is insufficient memory for the Java Runtime Environment to continue.
# Native memory allocation (malloc) failed to allocate 57671680 bytes for committing reserved memory.
# Possible reasons:
#   The system is out of physical RAM or swap space
#   In 32 bit mode, the process size limit was hit
# Possible solutions:
#   Reduce memory load on the system
#   Increase physical memory or swap space
#   Check if swap backing store is full
#   Use 64 bit Java on a 64 bit OS
#   Decrease Java heap size (-Xmx/-Xms)
#   Decrease number of Java threads
#   Decrease Java thread stack sizes (-Xss)
#   Set larger code cache with -XX:ReservedCodeCacheSize=
# This output file may be truncated or incomplete.
#
#  Out of Memory Error (os_linux.cpp:2827), pid=7021, tid=140194916144896
#
# JRE version: OpenJDK Runtime Environment (7.0_121) (build 1.7.0_121-b00)
# Java VM: OpenJDK 64-Bit Server VM (24.121-b00 mixed mode linux-amd64 compressed oops)
# Derivative: IcedTea 2.6.8
# Distribution: Ubuntu 14.04 LTS, package 7u121-2.6.8-1ubuntu0.14.04.3
# Failed to write core dump. Core dumps have been disabled. To enable core dumping, try "ulimit -c unlimited" before starting Java again
#

---------------  T H R E A D  ---------------

Current thread (0x00007f81b0076000):  VMThread [stack: 0x00007f81ac1d1000,0x00007f81ac2d2000] [id=7029]

Stack: [0x00007f81ac1d1000,0x00007f81ac2d2000],  sp=0x00007f81ac2d0490,  free space=1021k
Native frames: (J=compiled Java code, j=interpreted, Vv=VM code, C=native code)
V  [libjvm.so+0x95d975]
V  [libjvm.so+0x497ad4]
V  [libjvm.so+0x7d6a6b]
V  [libjvm.so+0x7d142f]
V  [libjvm.so+0x84672b]
V  [libjvm.so+0x8475a0]
V  [libjvm.so+0x847c8b]
V  [libjvm.so+0x843678]
V  [libjvm.so+0x843ee8]
V  [libjvm.so+0x7f9583]
V  [libjvm.so+0x95f384]
V  [libjvm.so+0x963487]
V  [libjvm.so+0x961f48]
V  [libjvm.so+0x9623a9]
V  [libjvm.so+0x9627f2]
V  [libjvm.so+0x7d3862]

VM_Operation (0x00007f81b83c18a0): ParallelGCFailedAllocation, mode: safepoint, requested by thread 0x00007f81b000a800


---------------  P R O C E S S  ---------------

Java Threads: ( => current thread )
  0x00007f81b00af800 JavaThread "Service Thread" daemon [_thread_blocked, id=7035, stack(0x00007f81a52ef000,0x00007f81a53f0000)]
  0x00007f81b00ad800 JavaThread "C2 CompilerThread1" daemon [_thread_blocked, id=7034, stack(0x00007f81a53f0000,0x00007f81a54f1000)]
  0x00007f81b00aa800 JavaThread "C2 CompilerThread0" daemon [_thread_blocked, id=7033, stack(0x00007f81a54f1000,0x00007f81a55f2000)]
  0x00007f81b00a8800 JavaThread "Signal Dispatcher" daemon [_thread_blocked, id=7032, stack(0x00007f81a55f2000,0x00007f81a56f3000)]
  0x00007f81b007c800 JavaThread "Finalizer" daemon [_thread_blocked, id=7031, stack(0x00007f81a5fcf000,0x00007f81a60d0000)]
  0x00007f81b007a800 JavaThread "Reference Handler" daemon [_thread_blocked, id=7030, stack(0x00007f81ac0d0000,0x00007f81ac1d1000)]
  0x00007f81b000a800 JavaThread "main" [_thread_blocked, id=7024, stack(0x00007f81b82c3000,0x00007f81b83c4000)]

Other Threads:
=>0x00007f81b0076000 VMThread [stack: 0x00007f81ac1d1000,0x00007f81ac2d2000] [id=7029]
  0x00007f81b00ba800 WatcherThread [stack: 0x00007f81a51ee000,0x00007f81a52ef000] [id=7036]

VM state:at safepoint (normal execution)

VM Mutex/Monitor currently owned by a thread:  ([mutex/lock_event])
[0x00007f81b0006f80] Threads_lock - owner thread: 0x00007f81b0076000
[0x00007f81b0007480] Heap_lock - owner thread: 0x00007f81b000a800

Heap
 PSYoungGen      total 57344K, used 1360K [0x00000000eea80000, 0x00000000f2480000, 0x0000000100000000)
  eden space 55296K, 0% used [0x00000000eea80000,0x00000000eea80000,0x00000000f2080000)
  from space 2048K, 66% used [0x00000000f2080000,0x00000000f21d4040,0x00000000f2280000)
  to   space 2048K, 0% used [0x00000000f2280000,0x00000000f2280000,0x00000000f2480000)
 ParOldGen       total 35328K, used 119K [0x00000000cc000000, 0x00000000ce280000, 0x00000000eea80000)
  object space 35328K, 0% used [0x00000000cc000000,0x00000000cc01dc20,0x00000000ce280000)
 PSPermGen       total 21504K, used 7277K [0x00000000c1a00000, 0x00000000c2f00000, 0x00000000cc000000)
  object space 21504K, 33% used [0x00000000c1a00000,0x00000000c211b418,0x00000000c2f00000)

Card table byte_map: [0x00007f81b4cef000,0x00007f81b4ee3000] byte_map_base: 0x00007f81b46e2000

Polling page: 0x00007f81b83e3000

Code Cache  [0x00007f81ad000000, 0x00007f81ad270000, 0x00007f81b0000000)
 total_blobs=362 nmethods=94 adapters=223 free_code_cache=48558Kb largest_free_block=49705088

Compilation events (10 events):
Event: 2,803 Thread 0x00007f81b00ad800 nmethod 89 0x00007f81ad08d150 code [0x00007f81ad08d2e0, 0x00007f81ad08d858]
Event: 2,803 Thread 0x00007f81b00ad800   91             org.glassfish.json.JsonArrayBuilderImpl$JsonArrayImpl::getJsonObject (14 bytes)
Event: 2,810 Thread 0x00007f81b00ad800 nmethod 91 0x00007f81ad07fe10 code [0x00007f81ad07ff80, 0x00007f81ad0800d8]
Event: 2,810 Thread 0x00007f81b00ad800   92             org.glassfish.json.JsonObjectBuilderImpl$JsonObjectImpl::getString (11 bytes)
Event: 2,813 Thread 0x00007f81b00ad800 nmethod 92 0x00007f81ad08de10 code [0x00007f81ad08df60, 0x00007f81ad08e028]
Event: 2,813 Thread 0x00007f81b00ad800   93             org.glassfish.json.JsonObjectBuilderImpl$JsonObjectImpl::getJsonString (9 bytes)
Event: 2,815 Thread 0x00007f81b00ad800 nmethod 93 0x00007f81ad08ce50 code [0x00007f81ad08cfa0, 0x00007f81ad08d048]
Event: 2,867 Thread 0x00007f81b00aa800 nmethod 90 0x00007f81ad08e3d0 code [0x00007f81ad08e600, 0x00007f81ad08ee38]
Event: 2,965 Thread 0x00007f81b00ad800   94             org.duckdns.spacedock.upengine.libupsystem.Perso::initJauges (101 bytes)
Event: 3,031 Thread 0x00007f81b00ad800 nmethod 94 0x00007f81ad08c550 code [0x00007f81ad08c6e0, 0x00007f81ad08cad8]

GC Heap History (9 events):
Event: 2,089 GC heap before
{Heap before GC invocations=1 (full 0):
 PSYoungGen      total 15872K, used 13824K [0x00000000eea80000, 0x00000000efc00000, 0x0000000100000000)
  eden space 13824K, 100% used [0x00000000eea80000,0x00000000ef800000,0x00000000ef800000)
  from space 2048K, 0% used [0x00000000efa00000,0x00000000efa00000,0x00000000efc00000)
  to   space 2048K, 0% used [0x00000000ef800000,0x00000000ef800000,0x00000000efa00000)
 ParOldGen       total 35328K, used 0K [0x00000000cc000000, 0x00000000ce280000, 0x00000000eea80000)
  object space 35328K, 0% used [0x00000000cc000000,0x00000000cc000000,0x00000000ce280000)
 PSPermGen       total 21504K, used 7253K [0x00000000c1a00000, 0x00000000c2f00000, 0x00000000cc000000)
  object space 21504K, 33% used [0x00000000c1a00000,0x00000000c2115638,0x00000000c2f00000)
Event: 2,116 GC heap after
Heap after GC invocations=1 (full 0):
 PSYoungGen      total 15872K, used 2042K [0x00000000eea80000, 0x00000000f0980000, 0x0000000100000000)
  eden space 13824K, 0% used [0x00000000eea80000,0x00000000eea80000,0x00000000ef800000)
  from space 2048K, 99% used [0x00000000ef800000,0x00000000ef9feb20,0x00000000efa00000)
  to   space 2048K, 0% used [0x00000000f0780000,0x00000000f0780000,0x00000000f0980000)
 ParOldGen       total 35328K, used 95K [0x00000000cc000000, 0x00000000ce280000, 0x00000000eea80000)
  object space 35328K, 0% used [0x00000000cc000000,0x00000000cc017c20,0x00000000ce280000)
 PSPermGen       total 21504K, used 7253K [0x00000000c1a00000, 0x00000000c2f00000, 0x00000000cc000000)
  object space 21504K, 33% used [0x00000000c1a00000,0x00000000c2115638,0x00000000c2f00000)
}
Event: 2,311 GC heap before
{Heap before GC invocations=2 (full 0):
 PSYoungGen      total 15872K, used 15866K [0x00000000eea80000, 0x00000000f0980000, 0x0000000100000000)
  eden space 13824K, 100% used [0x00000000eea80000,0x00000000ef800000,0x00000000ef800000)
  from space 2048K, 99% used [0x00000000ef800000,0x00000000ef9feb20,0x00000000efa00000)
  to   space 2048K, 0% used [0x00000000f0780000,0x00000000f0780000,0x00000000f0980000)
 ParOldGen       total 35328K, used 95K [0x00000000cc000000, 0x00000000ce280000, 0x00000000eea80000)
  object space 35328K, 0% used [0x00000000cc000000,0x00000000cc017c20,0x00000000ce280000)
 PSPermGen       total 21504K, used 7263K [0x00000000c1a00000, 0x00000000c2f00000, 0x00000000cc000000)
  object space 21504K, 33% used [0x00000000c1a00000,0x00000000c2117ca8,0x00000000c2f00000)
Event: 2,319 GC heap after
Heap after GC invocations=2 (full 0):
 PSYoungGen      total 29696K, used 1408K [0x00000000eea80000, 0x00000000f0980000, 0x0000000100000000)
  eden space 27648K, 0% used [0x00000000eea80000,0x00000000eea80000,0x00000000f0580000)
  from space 2048K, 68% used [0x00000000f0780000,0x00000000f08e0030,0x00000000f0980000)
  to   space 2048K, 0% used [0x00000000f0580000,0x00000000f0580000,0x00000000f0780000)
 ParOldGen       total 35328K, used 103K [0x00000000cc000000, 0x00000000ce280000, 0x00000000eea80000)
  object space 35328K, 0% used [0x00000000cc000000,0x00000000cc019c20,0x00000000ce280000)
 PSPermGen       total 21504K, used 7263K [0x00000000c1a00000, 0x00000000c2f00000, 0x00000000cc000000)
  object space 21504K, 33% used [0x00000000c1a00000,0x00000000c2117ca8,0x00000000c2f00000)
}
Event: 2,644 GC heap before
{Heap before GC invocations=3 (full 0):
 PSYoungGen      total 29696K, used 29056K [0x00000000eea80000, 0x00000000f0980000, 0x0000000100000000)
  eden space 27648K, 100% used [0x00000000eea80000,0x00000000f0580000,0x00000000f0580000)
  from space 2048K, 68% used [0x00000000f0780000,0x00000000f08e0030,0x00000000f0980000)
  to   space 2048K, 0% used [0x00000000f0580000,0x00000000f0580000,0x00000000f0780000)
 ParOldGen       total 35328K, used 103K [0x00000000cc000000, 0x00000000ce280000, 0x00000000eea80000)
  object space 35328K, 0% used [0x00000000cc000000,0x00000000cc019c20,0x00000000ce280000)
 PSPermGen       total 21504K, used 7271K [0x00000000c1a00000, 0x00000000c2f00000, 0x00000000cc000000)
  object space 21504K, 33% used [0x00000000c1a00000,0x00000000c2119d80,0x00000000c2f00000)
Event: 2,658 GC heap after
Heap after GC invocations=3 (full 0):
 PSYoungGen      total 29696K, used 1360K [0x00000000eea80000, 0x00000000f2480000, 0x0000000100000000)
  eden space 27648K, 0% used [0x00000000eea80000,0x00000000eea80000,0x00000000f0580000)
  from space 2048K, 66% used [0x00000000f0580000,0x00000000f06d4040,0x00000000f0780000)
  to   space 2048K, 0% used [0x00000000f2280000,0x00000000f2280000,0x00000000f2480000)
 ParOldGen       total 35328K, used 103K [0x00000000cc000000, 0x00000000ce280000, 0x00000000eea80000)
  object space 35328K, 0% used [0x00000000cc000000,0x00000000cc019c20,0x00000000ce280000)
 PSPermGen       total 21504K, used 7271K [0x00000000c1a00000, 0x00000000c2f00000, 0x00000000cc000000)
  object space 21504K, 33% used [0x00000000c1a00000,0x00000000c2119d80,0x00000000c2f00000)
}
Event: 2,828 GC heap before
{Heap before GC invocations=4 (full 0):
 PSYoungGen      total 29696K, used 29008K [0x00000000eea80000, 0x00000000f2480000, 0x0000000100000000)
  eden space 27648K, 100% used [0x00000000eea80000,0x00000000f0580000,0x00000000f0580000)
  from space 2048K, 66% used [0x00000000f0580000,0x00000000f06d4040,0x00000000f0780000)
  to   space 2048K, 0% used [0x00000000f2280000,0x00000000f2280000,0x00000000f2480000)
 ParOldGen       total 35328K, used 103K [0x00000000cc000000, 0x00000000ce280000, 0x00000000eea80000)
  object space 35328K, 0% used [0x00000000cc000000,0x00000000cc019c20,0x00000000ce280000)
 PSPermGen       total 21504K, used 7272K [0x00000000c1a00000, 0x00000000c2f00000, 0x00000000cc000000)
  object space 21504K, 33% used [0x00000000c1a00000,0x00000000c211a398,0x00000000c2f00000)
Event: 2,864 GC heap after
Heap after GC invocations=4 (full 0):
 PSYoungGen      total 57344K, used 1360K [0x00000000eea80000, 0x00000000f2480000, 0x0000000100000000)
  eden space 55296K, 0% used [0x00000000eea80000,0x00000000eea80000,0x00000000f2080000)
  from space 2048K, 66% used [0x00000000f2280000,0x00000000f23d4040,0x00000000f2480000)
  to   space 2048K, 0% used [0x00000000f2080000,0x00000000f2080000,0x00000000f2280000)
 ParOldGen       total 35328K, used 111K [0x00000000cc000000, 0x00000000ce280000, 0x00000000eea80000)
  object space 35328K, 0% used [0x00000000cc000000,0x00000000cc01bc20,0x00000000ce280000)
 PSPermGen       total 21504K, used 7272K [0x00000000c1a00000, 0x00000000c2f00000, 0x00000000cc000000)
  object space 21504K, 33% used [0x00000000c1a00000,0x00000000c211a398,0x00000000c2f00000)
}
Event: 3,095 GC heap before
{Heap before GC invocations=5 (full 0):
 PSYoungGen      total 57344K, used 56656K [0x00000000eea80000, 0x00000000f2480000, 0x0000000100000000)
  eden space 55296K, 100% used [0x00000000eea80000,0x00000000f2080000,0x00000000f2080000)
  from space 2048K, 66% used [0x00000000f2280000,0x00000000f23d4040,0x00000000f2480000)
  to   space 2048K, 0% used [0x00000000f2080000,0x00000000f2080000,0x00000000f2280000)
 ParOldGen       total 35328K, used 111K [0x00000000cc000000, 0x00000000ce280000, 0x00000000eea80000)
  object space 35328K, 0% used [0x00000000cc000000,0x00000000cc01bc20,0x00000000ce280000)
 PSPermGen       total 21504K, used 7277K [0x00000000c1a00000, 0x00000000c2f00000, 0x00000000cc000000)
  object space 21504K, 33% used [0x00000000c1a00000,0x00000000c211b418,0x00000000c2f00000)

Deoptimization events (6 events):
Event: 0,610 Thread 0x00007f81b000a800 Uncommon trap: reason=unstable_if action=reinterpret pc=0x00007f81ad060574 method=java.lang.String.indexOf(II)I @ 49
Event: 0,766 Thread 0x00007f81b000a800 Uncommon trap: reason=class_check action=maybe_recompile pc=0x00007f81ad063040 method=java.util.Properties$LineReader.readLine()I @ 62
Event: 0,768 Thread 0x00007f81b000a800 Uncommon trap: reason=unstable_if action=reinterpret pc=0x00007f81ad062f08 method=java.util.Properties$LineReader.readLine()I @ 263
Event: 0,846 Thread 0x00007f81b000a800 Uncommon trap: reason=unstable_if action=reinterpret pc=0x00007f81ad064330 method=java.lang.String.indexOf([CII[CIII)I @ 123
Event: 1,325 Thread 0x00007f81b000a800 Uncommon trap: reason=unstable_if action=reinterpret pc=0x00007f81ad067c38 method=java.util.Properties$LineReader.readLine()I @ 369
Event: 1,629 Thread 0x00007f81b000a800 Uncommon trap: reason=unstable_if action=reinterpret pc=0x00007f81ad06b5ec method=sun.net.www.ParseUtil.encodePath(Ljava/lang/String;Z)Ljava/lang/String; @ 109

Internal exceptions (10 events):
Event: 1,735 Thread 0x00007f81b000a800 Threw 0x00000000ef12bc30 at /build/openjdk-7-fqDl7t/openjdk-7-7u121-2.6.8/build/openjdk/hotspot/src/share/vm/prims/jvm.cpp:1322
Event: 1,737 Thread 0x00007f81b000a800 Threw 0x00000000ef12f760 at /build/openjdk-7-fqDl7t/openjdk-7-7u121-2.6.8/build/openjdk/hotspot/src/share/vm/prims/jvm.cpp:1322
Event: 1,791 Thread 0x00007f81b000a800 Threw 0x00000000ef15bbc0 at /build/openjdk-7-fqDl7t/openjdk-7-7u121-2.6.8/build/openjdk/hotspot/src/share/vm/prims/jvm.cpp:1322
Event: 1,798 Thread 0x00007f81b000a800 Threw 0x00000000ef160a30 at /build/openjdk-7-fqDl7t/openjdk-7-7u121-2.6.8/build/openjdk/hotspot/src/share/vm/prims/jvm.cpp:1322
Event: 1,801 Thread 0x00007f81b000a800 Threw 0x00000000ef1648e8 at /build/openjdk-7-fqDl7t/openjdk-7-7u121-2.6.8/build/openjdk/hotspot/src/share/vm/prims/jvm.cpp:1322
Event: 1,803 Thread 0x00007f81b000a800 Threw 0x00000000ef169570 at /build/openjdk-7-fqDl7t/openjdk-7-7u121-2.6.8/build/openjdk/hotspot/src/share/vm/prims/jvm.cpp:1322
Event: 1,827 Thread 0x00007f81b000a800 Threw 0x00000000ef189038 at /build/openjdk-7-fqDl7t/openjdk-7-7u121-2.6.8/build/openjdk/hotspot/src/share/vm/prims/jvm.cpp:1322
Event: 1,834 Thread 0x00007f81b000a800 Threw 0x00000000ef19c8d8 at /build/openjdk-7-fqDl7t/openjdk-7-7u121-2.6.8/build/openjdk/hotspot/src/share/vm/prims/jvm.cpp:1322
Event: 1,837 Thread 0x00007f81b000a800 Threw 0x00000000ef19fdc0 at /build/openjdk-7-fqDl7t/openjdk-7-7u121-2.6.8/build/openjdk/hotspot/src/share/vm/prims/jvm.cpp:1322
Event: 1,844 Thread 0x00007f81b000a800 Threw 0x00000000ef1a3a28 at /build/openjdk-7-fqDl7t/openjdk-7-7u121-2.6.8/build/openjdk/hotspot/src/share/vm/prims/jvm.cpp:1322

Events (10 events):
Event: 2,116 Executing VM operation: ParallelGCFailedAllocation done
Event: 2,311 Executing VM operation: ParallelGCFailedAllocation
Event: 2,319 Executing VM operation: ParallelGCFailedAllocation done
Event: 2,516 loading class 0x00007f81b455ed30
Event: 2,516 loading class 0x00007f81b455ed30 done
Event: 2,643 Executing VM operation: ParallelGCFailedAllocation
Event: 2,658 Executing VM operation: ParallelGCFailedAllocation done
Event: 2,827 Executing VM operation: ParallelGCFailedAllocation
Event: 2,864 Executing VM operation: ParallelGCFailedAllocation done
Event: 3,093 Executing VM operation: ParallelGCFailedAllocation


Dynamic libraries:
00400000-00401000 r-xp 00000000 08:01 3155548                            /usr/lib/jvm/java-7-openjdk-amd64/jre/bin/java
00600000-00601000 r--p 00000000 08:01 3155548                            /usr/lib/jvm/java-7-openjdk-amd64/jre/bin/java
00601000-00602000 rw-p 00001000 08:01 3155548                            /usr/lib/jvm/java-7-openjdk-amd64/jre/bin/java
01982000-019a3000 rw-p 00000000 00:00 0                                  [heap]
c1a00000-c2f00000 rw-p 00000000 00:00 0 
c2f00000-cc000000 rw-p 00000000 00:00 0 
cc000000-ce280000 rw-p 00000000 00:00 0 
ce280000-eea80000 rw-p 00000000 00:00 0 
eea80000-f2480000 rw-p 00000000 00:00 0 
f5b80000-100000000 rw-p 00000000 00:00 0 
7f8170000000-7f8170021000 rw-p 00000000 00:00 0 
7f8170021000-7f8174000000 ---p 00000000 00:00 0 
7f8178000000-7f81785a6000 rw-p 00000000 00:00 0 
7f81785a6000-7f817c000000 ---p 00000000 00:00 0 
7f817c000000-7f817c021000 rw-p 00000000 00:00 0 
7f817c021000-7f8180000000 ---p 00000000 00:00 0 
7f8180000000-7f8180021000 rw-p 00000000 00:00 0 
7f8180021000-7f8184000000 ---p 00000000 00:00 0 
7f8184000000-7f8184284000 rw-p 00000000 00:00 0 
7f8184284000-7f8188000000 ---p 00000000 00:00 0 
7f8188000000-7f8188021000 rw-p 00000000 00:00 0 
7f8188021000-7f818c000000 ---p 00000000 00:00 0 
7f818c000000-7f818c021000 rw-p 00000000 00:00 0 
7f818c021000-7f8190000000 ---p 00000000 00:00 0 
7f8190000000-7f8190021000 rw-p 00000000 00:00 0 
7f8190021000-7f8194000000 ---p 00000000 00:00 0 
7f8194000000-7f8194021000 rw-p 00000000 00:00 0 
7f8194021000-7f8198000000 ---p 00000000 00:00 0 
7f8198000000-7f8198021000 rw-p 00000000 00:00 0 
7f8198021000-7f819c000000 ---p 00000000 00:00 0 
7f819f99f000-7f819f9dc000 r-xp 00000000 08:01 2756625                    /lib/x86_64-linux-gnu/libpcre.so.3.13.1
7f819f9dc000-7f819fbdb000 ---p 0003d000 08:01 2756625                    /lib/x86_64-linux-gnu/libpcre.so.3.13.1
7f819fbdb000-7f819fbdc000 r--p 0003c000 08:01 2756625                    /lib/x86_64-linux-gnu/libpcre.so.3.13.1
7f819fbdc000-7f819fbdd000 rw-p 0003d000 08:01 2756625                    /lib/x86_64-linux-gnu/libpcre.so.3.13.1
7f819fbdd000-7f819fbe4000 r-xp 00000000 08:01 3146096                    /usr/lib/x86_64-linux-gnu/libffi.so.6.0.1
7f819fbe4000-7f819fde3000 ---p 00007000 08:01 3146096                    /usr/lib/x86_64-linux-gnu/libffi.so.6.0.1
7f819fde3000-7f819fde4000 r--p 00006000 08:01 3146096                    /usr/lib/x86_64-linux-gnu/libffi.so.6.0.1
7f819fde4000-7f819fde5000 rw-p 00007000 08:01 3146096                    /usr/lib/x86_64-linux-gnu/libffi.so.6.0.1
7f819fde5000-7f819fdfc000 r-xp 00000000 08:01 2752516                    /lib/x86_64-linux-gnu/libresolv-2.19.so
7f819fdfc000-7f819fffc000 ---p 00017000 08:01 2752516                    /lib/x86_64-linux-gnu/libresolv-2.19.so
7f819fffc000-7f819fffd000 r--p 00017000 08:01 2752516                    /lib/x86_64-linux-gnu/libresolv-2.19.so
7f819fffd000-7f819fffe000 rw-p 00018000 08:01 2752516                    /lib/x86_64-linux-gnu/libresolv-2.19.so
7f819fffe000-7f81a0000000 rw-p 00000000 00:00 0 
7f81a0000000-7f81a0021000 rw-p 00000000 00:00 0 
7f81a0021000-7f81a4000000 ---p 00000000 00:00 0 
7f81a40d1000-7f81a40f1000 r-xp 00000000 08:01 2756767                    /lib/x86_64-linux-gnu/libselinux.so.1
7f81a40f1000-7f81a42f0000 ---p 00020000 08:01 2756767                    /lib/x86_64-linux-gnu/libselinux.so.1
7f81a42f0000-7f81a42f1000 r--p 0001f000 08:01 2756767                    /lib/x86_64-linux-gnu/libselinux.so.1
7f81a42f1000-7f81a42f2000 rw-p 00020000 08:01 2756767                    /lib/x86_64-linux-gnu/libselinux.so.1
7f81a42f2000-7f81a42f4000 rw-p 00000000 00:00 0 
7f81a42f4000-7f81a42f7000 r-xp 00000000 08:01 3153259                    /usr/lib/x86_64-linux-gnu/libgmodule-2.0.so.0.4002.0
7f81a42f7000-7f81a44f6000 ---p 00003000 08:01 3153259                    /usr/lib/x86_64-linux-gnu/libgmodule-2.0.so.0.4002.0
7f81a44f6000-7f81a44f7000 r--p 00002000 08:01 3153259                    /usr/lib/x86_64-linux-gnu/libgmodule-2.0.so.0.4002.0
7f81a44f7000-7f81a44f8000 rw-p 00003000 08:01 3153259                    /usr/lib/x86_64-linux-gnu/libgmodule-2.0.so.0.4002.0
7f81a44f8000-7f81a45fe000 r-xp 00000000 08:01 2756673                    /lib/x86_64-linux-gnu/libglib-2.0.so.0.4002.0
7f81a45fe000-7f81a47fd000 ---p 00106000 08:01 2756673                    /lib/x86_64-linux-gnu/libglib-2.0.so.0.4002.0
7f81a47fd000-7f81a47fe000 r--p 00105000 08:01 2756673                    /lib/x86_64-linux-gnu/libglib-2.0.so.0.4002.0
7f81a47fe000-7f81a47ff000 rw-p 00106000 08:01 2756673                    /lib/x86_64-linux-gnu/libglib-2.0.so.0.4002.0
7f81a47ff000-7f81a4800000 rw-p 00000000 00:00 0 
7f81a4800000-7f81a484f000 r-xp 00000000 08:01 3153275                    /usr/lib/x86_64-linux-gnu/libgobject-2.0.so.0.4002.0
7f81a484f000-7f81a4a4f000 ---p 0004f000 08:01 3153275                    /usr/lib/x86_64-linux-gnu/libgobject-2.0.so.0.4002.0
7f81a4a4f000-7f81a4a50000 r--p 0004f000 08:01 3153275                    /usr/lib/x86_64-linux-gnu/libgobject-2.0.so.0.4002.0
7f81a4a50000-7f81a4a51000 rw-p 00050000 08:01 3153275                    /usr/lib/x86_64-linux-gnu/libgobject-2.0.so.0.4002.0
7f81a4a51000-7f81a4bbd000 r-xp 00000000 08:01 3153245                    /usr/lib/x86_64-linux-gnu/libgio-2.0.so.0.4002.0
7f81a4bbd000-7f81a4dbc000 ---p 0016c000 08:01 3153245                    /usr/lib/x86_64-linux-gnu/libgio-2.0.so.0.4002.0
7f81a4dbc000-7f81a4dc0000 r--p 0016b000 08:01 3153245                    /usr/lib/x86_64-linux-gnu/libgio-2.0.so.0.4002.0
7f81a4dc0000-7f81a4dc2000 rw-p 0016f000 08:01 3153245                    /usr/lib/x86_64-linux-gnu/libgio-2.0.so.0.4002.0
7f81a4dc2000-7f81a4dc4000 rw-p 00000000 00:00 0 
7f81a4dc4000-7f81a4ddb000 r-xp 00000000 08:01 3155475                    /usr/lib/jvm/java-7-openjdk-amd64/jre/lib/amd64/libnet.so
7f81a4ddb000-7f81a4fda000 ---p 00017000 08:01 3155475                    /usr/lib/jvm/java-7-openjdk-amd64/jre/lib/amd64/libnet.so
7f81a4fda000-7f81a4fdb000 r--p 00016000 08:01 3155475                    /usr/lib/jvm/java-7-openjdk-amd64/jre/lib/amd64/libnet.so
7f81a4fdb000-7f81a4fdc000 rw-p 00017000 08:01 3155475                    /usr/lib/jvm/java-7-openjdk-amd64/jre/lib/amd64/libnet.so
7f81a4fdc000-7f81a4fec000 r-xp 00000000 08:01 3152632                    /usr/lib/jvm/java-7-openjdk-amd64/jre/lib/amd64/libnio.so
7f81a4fec000-7f81a51ec000 ---p 00010000 08:01 3152632                    /usr/lib/jvm/java-7-openjdk-amd64/jre/lib/amd64/libnio.so
7f81a51ec000-7f81a51ed000 r--p 00010000 08:01 3152632                    /usr/lib/jvm/java-7-openjdk-amd64/jre/lib/amd64/libnio.so
7f81a51ed000-7f81a51ee000 rw-p 00011000 08:01 3152632                    /usr/lib/jvm/java-7-openjdk-amd64/jre/lib/amd64/libnio.so
7f81a51ee000-7f81a51ef000 ---p 00000000 00:00 0 
7f81a51ef000-7f81a52ef000 rw-p 00000000 00:00 0                          [stack:7036]
7f81a52ef000-7f81a52f2000 ---p 00000000 00:00 0 
7f81a52f2000-7f81a53f0000 rw-p 00000000 00:00 0                          [stack:7035]
7f81a53f0000-7f81a53f3000 ---p 00000000 00:00 0 
7f81a53f3000-7f81a54f1000 rw-p 00000000 00:00 0                          [stack:7034]
7f81a54f1000-7f81a54f4000 ---p 00000000 00:00 0 
7f81a54f4000-7f81a55f2000 rw-p 00000000 00:00 0                          [stack:7033]
7f81a55f2000-7f81a55f5000 ---p 00000000 00:00 0 
7f81a55f5000-7f81a56f3000 rw-p 00000000 00:00 0                          [stack:7032]
7f81a56f3000-7f81a5fcf000 r--p 00000000 08:01 3148861                    /usr/lib/locale/locale-archive
7f81a5fcf000-7f81a5fd2000 ---p 00000000 00:00 0 
7f81a5fd2000-7f81a8000000 rw-p 00000000 00:00 0                          [stack:7031]
7f81a8000000-7f81a8021000 rw-p 00000000 00:00 0 
7f81a8021000-7f81ac000000 ---p 00000000 00:00 0 
7f81ac05c000-7f81ac08d000 rw-p 00000000 00:00 0 
7f81ac0a8000-7f81ac0b2000 r--s 000ae000 08:01 3148563                    /usr/lib/jvm/java-7-openjdk-amd64/jre/lib/resources.jar
7f81ac0b2000-7f81ac0d0000 r--s 001c8000 08:01 1444773                    /home/audreyazura/Documents/Project/Tools/netbeans-8.1/extide/ant/lib/ant.jar
7f81ac0d0000-7f81ac0d3000 ---p 00000000 00:00 0 
7f81ac0d3000-7f81ac1d1000 rw-p 00000000 00:00 0                          [stack:7030]
7f81ac1d1000-7f81ac1d2000 ---p 00000000 00:00 0 
7f81ac1d2000-7f81ad000000 rw-p 00000000 00:00 0                          [stack:7029]
7f81ad000000-7f81ad270000 rwxp 00000000 00:00 0 
7f81ad270000-7f81b021d000 rw-p 00000000 00:00 0 
7f81b021d000-7f81b4000000 ---p 00000000 00:00 0 
7f81b4005000-7f81b4006000 rw-p 00000000 00:00 0 
7f81b4006000-7f81b4008000 r--s 00002000 08:01 1444758                    /home/audreyazura/Documents/Project/Tools/netbeans-8.1/extide/ant/lib/ant-junit4.jar
7f81b4008000-7f81b400b000 r--s 0001a000 08:01 1444760                    /home/audreyazura/Documents/Project/Tools/netbeans-8.1/extide/ant/lib/ant-junit.jar
7f81b400b000-7f81b4014000 r--s 00044000 08:01 1449897                    /home/audreyazura/Documents/Project/libupsystem/lib/junit_4/junit-4.12.jar
7f81b4014000-7f81b42e3000 rw-p 00000000 00:00 0 
7f81b42e3000-7f81b4496000 r--s 01d49000 08:01 3155504                    /usr/lib/jvm/java-7-openjdk-amd64/jre/lib/rt.jar
7f81b4496000-7f81b4782000 rw-p 00000000 00:00 0 
7f81b4782000-7f81b4783000 ---p 00000000 00:00 0 
7f81b4783000-7f81b4883000 rw-p 00000000 00:00 0                          [stack:7028]
7f81b4883000-7f81b4884000 ---p 00000000 00:00 0 
7f81b4884000-7f81b4984000 rw-p 00000000 00:00 0                          [stack:7027]
7f81b4984000-7f81b4985000 ---p 00000000 00:00 0 
7f81b4985000-7f81b4a85000 rw-p 00000000 00:00 0                          [stack:7026]
7f81b4a85000-7f81b4a86000 ---p 00000000 00:00 0 
7f81b4a86000-7f81b4b91000 rw-p 00000000 00:00 0                          [stack:7025]
7f81b4b91000-7f81b4bd9000 rw-p 00000000 00:00 0 
7f81b4bd9000-7f81b4beb000 rw-p 00000000 00:00 0 
7f81b4beb000-7f81b4cef000 rw-p 00000000 00:00 0 
7f81b4cef000-7f81b4cfa000 rw-p 00000000 00:00 0 
7f81b4cfa000-7f81b4d42000 rw-p 00000000 00:00 0 
7f81b4d42000-7f81b4d54000 rw-p 00000000 00:00 0 
7f81b4d54000-7f81b4e57000 rw-p 00000000 00:00 0 
7f81b4e57000-7f81b4e75000 rw-p 00000000 00:00 0 
7f81b4e75000-7f81b4ee2000 rw-p 00000000 00:00 0 
7f81b4ee2000-7f81b4ee3000 rw-p 00000000 00:00 0 
7f81b4ee3000-7f81b4eeb000 r-xp 00000000 08:01 3155066                    /usr/lib/jvm/java-7-openjdk-amd64/jre/lib/amd64/libzip.so
7f81b4eeb000-7f81b50ea000 ---p 00008000 08:01 3155066                    /usr/lib/jvm/java-7-openjdk-amd64/jre/lib/amd64/libzip.so
7f81b50ea000-7f81b50eb000 r--p 00007000 08:01 3155066                    /usr/lib/jvm/java-7-openjdk-amd64/jre/lib/amd64/libzip.so
7f81b50eb000-7f81b50ec000 rw-p 00008000 08:01 3155066                    /usr/lib/jvm/java-7-openjdk-amd64/jre/lib/amd64/libzip.so
7f81b50ec000-7f81b50f6000 r-xp 00000000 08:01 2752570                    /lib/x86_64-linux-gnu/libnss_files-2.19.so
7f81b50f6000-7f81b52f5000 ---p 0000a000 08:01 2752570                    /lib/x86_64-linux-gnu/libnss_files-2.19.so
7f81b52f5000-7f81b52f6000 r--p 00009000 08:01 2752570                    /lib/x86_64-linux-gnu/libnss_files-2.19.so
7f81b52f6000-7f81b52f7000 rw-p 0000a000 08:01 2752570                    /lib/x86_64-linux-gnu/libnss_files-2.19.so
7f81b52f7000-7f81b5302000 r-xp 00000000 08:01 2752562                    /lib/x86_64-linux-gnu/libnss_nis-2.19.so
7f81b5302000-7f81b5501000 ---p 0000b000 08:01 2752562                    /lib/x86_64-linux-gnu/libnss_nis-2.19.so
7f81b5501000-7f81b5502000 r--p 0000a000 08:01 2752562                    /lib/x86_64-linux-gnu/libnss_nis-2.19.so
7f81b5502000-7f81b5503000 rw-p 0000b000 08:01 2752562                    /lib/x86_64-linux-gnu/libnss_nis-2.19.so
7f81b5503000-7f81b551a000 r-xp 00000000 08:01 2752558                    /lib/x86_64-linux-gnu/libnsl-2.19.so
7f81b551a000-7f81b5719000 ---p 00017000 08:01 2752558                    /lib/x86_64-linux-gnu/libnsl-2.19.so
7f81b5719000-7f81b571a000 r--p 00016000 08:01 2752558                    /lib/x86_64-linux-gnu/libnsl-2.19.so
7f81b571a000-7f81b571b000 rw-p 00017000 08:01 2752558                    /lib/x86_64-linux-gnu/libnsl-2.19.so
7f81b571b000-7f81b571d000 rw-p 00000000 00:00 0 
7f81b571d000-7f81b5726000 r-xp 00000000 08:01 2752557                    /lib/x86_64-linux-gnu/libnss_compat-2.19.so
7f81b5726000-7f81b5925000 ---p 00009000 08:01 2752557                    /lib/x86_64-linux-gnu/libnss_compat-2.19.so
7f81b5925000-7f81b5926000 r--p 00008000 08:01 2752557                    /lib/x86_64-linux-gnu/libnss_compat-2.19.so
7f81b5926000-7f81b5927000 rw-p 00009000 08:01 2752557                    /lib/x86_64-linux-gnu/libnss_compat-2.19.so
7f81b5927000-7f81b5951000 r-xp 00000000 08:01 3152636                    /usr/lib/jvm/java-7-openjdk-amd64/jre/lib/amd64/libjava.so
7f81b5951000-7f81b5b51000 ---p 0002a000 08:01 3152636                    /usr/lib/jvm/java-7-openjdk-amd64/jre/lib/amd64/libjava.so
7f81b5b51000-7f81b5b52000 r--p 0002a000 08:01 3152636                    /usr/lib/jvm/java-7-openjdk-amd64/jre/lib/amd64/libjava.so
7f81b5b52000-7f81b5b54000 rw-p 0002b000 08:01 3152636                    /usr/lib/jvm/java-7-openjdk-amd64/jre/lib/amd64/libjava.so
7f81b5b54000-7f81b5b64000 r-xp 00000000 08:01 3155494                    /usr/lib/jvm/java-7-openjdk-amd64/jre/lib/amd64/libverify.so
7f81b5b64000-7f81b5d63000 ---p 00010000 08:01 3155494                    /usr/lib/jvm/java-7-openjdk-amd64/jre/lib/amd64/libverify.so
7f81b5d63000-7f81b5d65000 r--p 0000f000 08:01 3155494                    /usr/lib/jvm/java-7-openjdk-amd64/jre/lib/amd64/libverify.so
7f81b5d65000-7f81b5d66000 rw-p 00011000 08:01 3155494                    /usr/lib/jvm/java-7-openjdk-amd64/jre/lib/amd64/libverify.so
7f81b5d66000-7f81b5d6d000 r-xp 00000000 08:01 2752566                    /lib/x86_64-linux-gnu/librt-2.19.so
7f81b5d6d000-7f81b5f6c000 ---p 00007000 08:01 2752566                    /lib/x86_64-linux-gnu/librt-2.19.so
7f81b5f6c000-7f81b5f6d000 r--p 00006000 08:01 2752566                    /lib/x86_64-linux-gnu/librt-2.19.so
7f81b5f6d000-7f81b5f6e000 rw-p 00007000 08:01 2752566                    /lib/x86_64-linux-gnu/librt-2.19.so
7f81b5f6e000-7f81b5f84000 r-xp 00000000 08:01 2756650                    /lib/x86_64-linux-gnu/libgcc_s.so.1
7f81b5f84000-7f81b6183000 ---p 00016000 08:01 2756650                    /lib/x86_64-linux-gnu/libgcc_s.so.1
7f81b6183000-7f81b6184000 rw-p 00015000 08:01 2756650                    /lib/x86_64-linux-gnu/libgcc_s.so.1
7f81b6184000-7f81b6289000 r-xp 00000000 08:01 2752530                    /lib/x86_64-linux-gnu/libm-2.19.so
7f81b6289000-7f81b6488000 ---p 00105000 08:01 2752530                    /lib/x86_64-linux-gnu/libm-2.19.so
7f81b6488000-7f81b6489000 r--p 00104000 08:01 2752530                    /lib/x86_64-linux-gnu/libm-2.19.so
7f81b6489000-7f81b648a000 rw-p 00105000 08:01 2752530                    /lib/x86_64-linux-gnu/libm-2.19.so
7f81b648a000-7f81b6590000 r-xp 00000000 08:01 3147884                    /usr/lib/x86_64-linux-gnu/libstdc++.so.6.0.22
7f81b6590000-7f81b678f000 ---p 00106000 08:01 3147884                    /usr/lib/x86_64-linux-gnu/libstdc++.so.6.0.22
7f81b678f000-7f81b6797000 r--p 00105000 08:01 3147884                    /usr/lib/x86_64-linux-gnu/libstdc++.so.6.0.22
7f81b6797000-7f81b6799000 rw-p 0010d000 08:01 3147884                    /usr/lib/x86_64-linux-gnu/libstdc++.so.6.0.22
7f81b6799000-7f81b679c000 rw-p 00000000 00:00 0 
7f81b679c000-7f81b72ca000 r-xp 00000000 08:01 3154760                    /usr/lib/jvm/java-7-openjdk-amd64/jre/lib/amd64/server/libjvm.so
7f81b72ca000-7f81b74ca000 ---p 00b2e000 08:01 3154760                    /usr/lib/jvm/java-7-openjdk-amd64/jre/lib/amd64/server/libjvm.so
7f81b74ca000-7f81b7564000 r--p 00b2e000 08:01 3154760                    /usr/lib/jvm/java-7-openjdk-amd64/jre/lib/amd64/server/libjvm.so
7f81b7564000-7f81b7587000 rw-p 00bc8000 08:01 3154760                    /usr/lib/jvm/java-7-openjdk-amd64/jre/lib/amd64/server/libjvm.so
7f81b7587000-7f81b75b6000 rw-p 00000000 00:00 0 
7f81b75b6000-7f81b75ce000 r-xp 00000000 08:01 2756797                    /lib/x86_64-linux-gnu/libz.so.1.2.8
7f81b75ce000-7f81b77cd000 ---p 00018000 08:01 2756797                    /lib/x86_64-linux-gnu/libz.so.1.2.8
7f81b77cd000-7f81b77ce000 r--p 00017000 08:01 2756797                    /lib/x86_64-linux-gnu/libz.so.1.2.8
7f81b77ce000-7f81b77cf000 rw-p 00018000 08:01 2756797                    /lib/x86_64-linux-gnu/libz.so.1.2.8
7f81b77cf000-7f81b77e8000 r-xp 00000000 08:01 2752559                    /lib/x86_64-linux-gnu/libpthread-2.19.so
7f81b77e8000-7f81b79e7000 ---p 00019000 08:01 2752559                    /lib/x86_64-linux-gnu/libpthread-2.19.so
7f81b79e7000-7f81b79e8000 r--p 00018000 08:01 2752559                    /lib/x86_64-linux-gnu/libpthread-2.19.so
7f81b79e8000-7f81b79e9000 rw-p 00019000 08:01 2752559                    /lib/x86_64-linux-gnu/libpthread-2.19.so
7f81b79e9000-7f81b79ed000 rw-p 00000000 00:00 0 
7f81b79ed000-7f81b79f0000 r-xp 00000000 08:01 2752539                    /lib/x86_64-linux-gnu/libdl-2.19.so
7f81b79f0000-7f81b7bef000 ---p 00003000 08:01 2752539                    /lib/x86_64-linux-gnu/libdl-2.19.so
7f81b7bef000-7f81b7bf0000 r--p 00002000 08:01 2752539                    /lib/x86_64-linux-gnu/libdl-2.19.so
7f81b7bf0000-7f81b7bf1000 rw-p 00003000 08:01 2752539                    /lib/x86_64-linux-gnu/libdl-2.19.so
7f81b7bf1000-7f81b7dab000 r-xp 00000000 08:01 2752567                    /lib/x86_64-linux-gnu/libc-2.19.so
7f81b7dab000-7f81b7fab000 ---p 001ba000 08:01 2752567                    /lib/x86_64-linux-gnu/libc-2.19.so
7f81b7fab000-7f81b7faf000 r--p 001ba000 08:01 2752567                    /lib/x86_64-linux-gnu/libc-2.19.so
7f81b7faf000-7f81b7fb1000 rw-p 001be000 08:01 2752567                    /lib/x86_64-linux-gnu/libc-2.19.so
7f81b7fb1000-7f81b7fb6000 rw-p 00000000 00:00 0 
7f81b7fb6000-7f81b7fc3000 r-xp 00000000 08:01 3152640                    /usr/lib/jvm/java-7-openjdk-amd64/jre/lib/amd64/jli/libjli.so
7f81b7fc3000-7f81b81c2000 ---p 0000d000 08:01 3152640                    /usr/lib/jvm/java-7-openjdk-amd64/jre/lib/amd64/jli/libjli.so
7f81b81c2000-7f81b81c3000 r--p 0000c000 08:01 3152640                    /usr/lib/jvm/java-7-openjdk-amd64/jre/lib/amd64/jli/libjli.so
7f81b81c3000-7f81b81c4000 rw-p 0000d000 08:01 3152640                    /usr/lib/jvm/java-7-openjdk-amd64/jre/lib/amd64/jli/libjli.so
7f81b81c4000-7f81b81e7000 r-xp 00000000 08:01 2752560                    /lib/x86_64-linux-gnu/ld-2.19.so
7f81b81e7000-7f81b81e9000 r--s 00009000 08:01 1449889                    /home/audreyazura/Documents/Project/libupsystem/lib/hamcrest/hamcrest-core-1.3.jar
7f81b81e9000-7f81b81ec000 r--s 00013000 08:01 1449179                    /home/audreyazura/Documents/Project/libupsystem/lib/commonutils.portable1-0.jar
7f81b81ec000-7f81b81ef000 r--s 0003d000 08:01 3152622                    /usr/lib/jvm/java-7-openjdk-amd64/jre/lib/ext/sunpkcs11.jar
7f81b81ef000-7f81b820d000 rw-p 00000000 00:00 0 
7f81b820d000-7f81b82c3000 rw-p 00000000 00:00 0 
7f81b82c3000-7f81b82c6000 ---p 00000000 00:00 0 
7f81b82c6000-7f81b83c9000 rw-p 00000000 00:00 0                          [stack:7024]
7f81b83c9000-7f81b83ca000 r--s 00004000 08:01 1444752                    /home/audreyazura/Documents/Project/Tools/netbeans-8.1/extide/ant/lib/ant-launcher.jar
7f81b83ca000-7f81b83ce000 r--s 00085000 08:01 3152619                    /usr/lib/jvm/java-7-openjdk-amd64/jre/lib/ext/localedata.jar
7f81b83ce000-7f81b83cf000 r--s 00002000 08:01 3152621                    /usr/lib/jvm/java-7-openjdk-amd64/jre/lib/ext/dnsns.jar
7f81b83cf000-7f81b83d1000 r--s 00006000 08:01 3283851                    /usr/share/java/java-atk-wrapper.jar
7f81b83d1000-7f81b83d3000 r--s 00012000 08:01 3152620                    /usr/lib/jvm/java-7-openjdk-amd64/jre/lib/ext/zipfs.jar
7f81b83d3000-7f81b83d6000 r--s 0000f000 08:01 3152623                    /usr/lib/jvm/java-7-openjdk-amd64/jre/lib/ext/icedtea-sound.jar
7f81b83d6000-7f81b83da000 r--s 00034000 08:01 3152618                    /usr/lib/jvm/java-7-openjdk-amd64/jre/lib/ext/sunjce_provider.jar
7f81b83da000-7f81b83e2000 rw-s 00000000 08:01 1835123                    /tmp/hsperfdata_audreyazura/7021
7f81b83e2000-7f81b83e3000 rw-p 00000000 00:00 0 
7f81b83e3000-7f81b83e4000 ---p 00000000 00:00 0 
7f81b83e4000-7f81b83e6000 rw-p 00000000 00:00 0 
7f81b83e6000-7f81b83e7000 r--p 00022000 08:01 2752560                    /lib/x86_64-linux-gnu/ld-2.19.so
7f81b83e7000-7f81b83e8000 rw-p 00023000 08:01 2752560                    /lib/x86_64-linux-gnu/ld-2.19.so
7f81b83e8000-7f81b83e9000 rw-p 00000000 00:00 0 
7fffd0677000-7fffd0698000 rw-p 00000000 00:00 0                          [stack]
7fffd077b000-7fffd077d000 r-xp 00000000 00:00 0                          [vdso]
7fffd077d000-7fffd077f000 r--p 00000000 00:00 0                          [vvar]
ffffffffff600000-ffffffffff601000 r-xp 00000000 00:00 0                  [vsyscall]

VM Arguments:
jvm_args: -ea 
java_command: org.apache.tools.ant.taskdefs.optional.junit.JUnitTestRunner org.duckdns.spacedock.upengine.libupsystem.PersoStatDegatsLegersTest skipNonTests=false filtertrace=true haltOnError=false haltOnFailure=false showoutput=true outputtoformatters=true logfailedtests=true threadid=0 logtestlistenerevents=true formatter=org.apache.tools.ant.taskdefs.optional.junit.BriefJUnitResultFormatter formatter=org.apache.tools.ant.taskdefs.optional.junit.XMLJUnitResultFormatter,/home/audreyazura/Documents/Project/libupsystem/build/test/results/TEST-org.duckdns.spacedock.upengine.libupsystem.PersoStatDegatsLegersTest.xml crashfile=/home/audreyazura/Documents/Project/libupsystem/build/junitvmwatcher4803372803075180765.properties propsfile=/home/audreyazura/Documents/Project/libupsystem/build/junit3906893715645743811.properties
Launcher Type: SUN_STANDARD

Environment Variables:
JAVA_HOME=/usr/lib/jvm/java-7-openjdk-amd64
PATH=/usr/local/sbin:/usr/local/bin:/usr/sbin:/usr/bin:/sbin:/bin:/usr/games:/usr/local/games:/usr/lib/jvm/java-7-openjdk-amd64/bin:/home/audreyazura/Documents/Project/Tools/netbeans-8.1/extide/ant/bin
LD_LIBRARY_PATH=/usr/lib/jvm/java-7-openjdk-amd64/jre/lib/amd64:/usr/lib/jvm/java-7-openjdk-amd64/jre/lib/i386:
SHELL=/bin/bash
DISPLAY=:0

Signal Handlers:
SIGSEGV: [libjvm.so+0x95e460], sa_mask[0]=0x7ffbfeff, sa_flags=0x10000004
SIGBUS: [libjvm.so+0x95e460], sa_mask[0]=0x7ffbfeff, sa_flags=0x10000004
SIGFPE: [libjvm.so+0x7d2030], sa_mask[0]=0x7ffbfeff, sa_flags=0x10000004
SIGPIPE: [libjvm.so+0x7d2030], sa_mask[0]=0x7ffbfeff, sa_flags=0x10000004
SIGXFSZ: [libjvm.so+0x7d2030], sa_mask[0]=0x7ffbfeff, sa_flags=0x10000004
SIGILL: [libjvm.so+0x7d2030], sa_mask[0]=0x7ffbfeff, sa_flags=0x10000004
SIGUSR1: SIG_DFL, sa_mask[0]=0x00000000, sa_flags=0x00000000
SIGUSR2: [libjvm.so+0x7d2160], sa_mask[0]=0x00000004, sa_flags=0x10000004
SIGHUP: [libjvm.so+0x7d20b0], sa_mask[0]=0x7ffbfeff, sa_flags=0x10000004
SIGINT: SIG_IGN, sa_mask[0]=0x00000000, sa_flags=0x00000000
SIGTERM: [libjvm.so+0x7d20b0], sa_mask[0]=0x7ffbfeff, sa_flags=0x10000004
SIGQUIT: [libjvm.so+0x7d20b0], sa_mask[0]=0x7ffbfeff, sa_flags=0x10000004
SIGTRAP: SIG_DFL, sa_mask[0]=0x00000000, sa_flags=0x00000000


---------------  S Y S T E M  ---------------

OS:Peppermint 6 (trusty)
uname:Linux 3.16.0-77-generic #99~14.04.1-Ubuntu SMP Tue Jun 28 19:17:10 UTC 2016 x86_64
libc:glibc 2.19 NPTL 2.19 
rlimit: STACK 8192k, CORE 0k, NPROC 13224, NOFILE 4096, AS infinity
load average:2,32 0,91 0,90

/proc/meminfo:
MemTotal:        3407836 kB
MemFree:           99812 kB
MemAvailable:      43600 kB
Buffers:            1284 kB
Cached:            68104 kB
SwapCached:            0 kB
Active:          3049668 kB
Inactive:          59556 kB
Active(anon):    3043140 kB
Inactive(anon):    54076 kB
Active(file):       6528 kB
Inactive(file):     5480 kB
Unevictable:          64 kB
Mlocked:              64 kB
SwapTotal:             0 kB
SwapFree:              0 kB
Dirty:               176 kB
Writeback:            12 kB
AnonPages:       3040328 kB
Mapped:            64624 kB
Shmem:             56988 kB
Slab:              76896 kB
SReclaimable:      44496 kB
SUnreclaim:        32400 kB
KernelStack:       10352 kB
PageTables:        32576 kB
NFS_Unstable:          0 kB
Bounce:                0 kB
WritebackTmp:          0 kB
CommitLimit:     1703916 kB
Committed_AS:    5699656 kB
VmallocTotal:   34359738367 kB
VmallocUsed:      291364 kB
VmallocChunk:   34359394656 kB
HardwareCorrupted:     0 kB
AnonHugePages:   1798144 kB
HugePages_Total:       0
HugePages_Free:        0
HugePages_Rsvd:        0
HugePages_Surp:        0
Hugepagesize:       2048 kB
DirectMap4k:      138324 kB
DirectMap2M:     3473408 kB
DirectMap1G:           0 kB


CPU:total 4 (4 cores per cpu, 1 threads per core) family 22 model 0 stepping 1, cmov, cx8, fxsr, mmx, sse, sse2, sse3, ssse3, sse4.1, sse4.2, popcnt, avx, aes, mmxext, 3dnowpref, lzcnt, sse4a, tsc, tscinvbit, tscinv

/proc/cpuinfo:
processor	: 0
vendor_id	: AuthenticAMD
cpu family	: 22
model		: 0
model name	: Quad-Core Processor (up to 1.4GHz)
stepping	: 1
microcode	: 0x7000106
cpu MHz		: 800.000
cache size	: 2048 KB
physical id	: 0
siblings	: 4
core id		: 0
cpu cores	: 4
apicid		: 0
initial apicid	: 0
fpu		: yes
fpu_exception	: yes
cpuid level	: 13
wp		: yes
flags		: fpu vme de pse tsc msr pae mce cx8 apic sep mtrr pge mca cmov pat pse36 clflush mmx fxsr sse sse2 ht syscall nx mmxext fxsr_opt pdpe1gb rdtscp lm constant_tsc rep_good nopl nonstop_tsc extd_apicid aperfmperf eagerfpu pni pclmulqdq monitor ssse3 cx16 sse4_1 sse4_2 movbe popcnt aes xsave avx f16c lahf_lm cmp_legacy svm extapic cr8_legacy abm sse4a misalignsse 3dnowprefetch osvw ibs skinit wdt topoext perfctr_nb perfctr_l2 arat cpb xsaveopt hw_pstate proc_feedback npt lbrv svm_lock nrip_save tsc_scale flushbyasid decodeassists pausefilter pfthreshold vmmcall bmi1
bogomips	: 1996.25
TLB size	: 1024 4K pages
clflush size	: 64
cache_alignment	: 64
address sizes	: 40 bits physical, 48 bits virtual
power management: ts ttp tm 100mhzsteps hwpstate cpb [11]

processor	: 1
vendor_id	: AuthenticAMD
cpu family	: 22
model		: 0
model name	: Quad-Core Processor (up to 1.4GHz)             
stepping	: 1
microcode	: 0x7000106
cpu MHz		: 1000.000
cache size	: 2048 KB
physical id	: 0
siblings	: 4
core id		: 1
cpu cores	: 4
apicid		: 1
initial apicid	: 1
fpu		: yes
fpu_exception	: yes
cpuid level	: 13
wp		: yes
flags		: fpu vme de pse tsc msr pae mce cx8 apic sep mtrr pge mca cmov pat pse36 clflush mmx fxsr sse sse2 ht syscall nx mmxext fxsr_opt pdpe1gb rdtscp lm constant_tsc rep_good nopl nonstop_tsc extd_apicid aperfmperf eagerfpu pni pclmulqdq monitor ssse3 cx16 sse4_1 sse4_2 movbe popcnt aes xsave avx f16c lahf_lm cmp_legacy svm extapic cr8_legacy abm sse4a misalignsse 3dnowprefetch osvw ibs skinit wdt topoext perfctr_nb perfctr_l2 arat cpb xsaveopt hw_pstate proc_feedback npt lbrv svm_lock nrip_save tsc_scale flushbyasid decodeassists pausefilter pfthreshold vmmcall bmi1
bogomips	: 1996.25
TLB size	: 1024 4K pages
clflush size	: 64
cache_alignment	: 64
address sizes	: 40 bits physical, 48 bits virtual
power management: ts ttp tm 100mhzsteps hwpstate cpb [11]

processor	: 2
vendor_id	: AuthenticAMD
cpu family	: 22
model		: 0
model name	: Quad-Core Processor (up to 1.4GHz)             
stepping	: 1
microcode	: 0x7000106
cpu MHz		: 1000.000
cache size	: 2048 KB
physical id	: 0
siblings	: 4
core id		: 2
cpu cores	: 4
apicid		: 2
initial apicid	: 2
fpu		: yes
fpu_exception	: yes
cpuid level	: 13
wp		: yes
flags		: fpu vme de pse tsc msr pae mce cx8 apic sep mtrr pge mca cmov pat pse36 clflush mmx fxsr sse sse2 ht syscall nx mmxext fxsr_opt pdpe1gb rdtscp lm constant_tsc rep_good nopl nonstop_tsc extd_apicid aperfmperf eagerfpu pni pclmulqdq monitor ssse3 cx16 sse4_1 sse4_2 movbe popcnt aes xsave avx f16c lahf_lm cmp_legacy svm extapic cr8_legacy abm sse4a misalignsse 3dnowprefetch osvw ibs skinit wdt topoext perfctr_nb perfctr_l2 arat cpb xsaveopt hw_pstate proc_feedback npt lbrv svm_lock nrip_save tsc_scale flushbyasid decodeassists pausefilter pfthreshold vmmcall bmi1
bogomips	: 1996.25
TLB size	: 1024 4K pages
clflush size	: 64
cache_alignment	: 64
address sizes	: 40 bits physical, 48 bits virtual
power management: ts ttp tm 100mhzsteps hwpstate cpb [11]

processor	: 3
vendor_id	: AuthenticAMD
cpu family	: 22
model		: 0
model name	: Quad-Core Processor (up to 1.4GHz)             
stepping	: 1
microcode	: 0x7000106
cpu MHz		: 600.000
cache size	: 2048 KB
physical id	: 0
siblings	: 4
core id		: 3
cpu cores	: 4
apicid		: 3
initial apicid	: 3
fpu		: yes
fpu_exception	: yes
cpuid level	: 13
wp		: yes
flags		: fpu vme de pse tsc msr pae mce cx8 apic sep mtrr pge mca cmov pat pse36 clflush mmx fxsr sse sse2 ht syscall nx mmxext fxsr_opt pdpe1gb rdtscp lm constant_tsc rep_good nopl nonstop_tsc extd_apicid aperfmperf eagerfpu pni pclmulqdq monitor ssse3 cx16 sse4_1 sse4_2 movbe popcnt aes xsave avx f16c lahf_lm cmp_legacy svm extapic cr8_legacy abm sse4a misalignsse 3dnowprefetch osvw ibs skinit wdt topoext perfctr_nb perfctr_l2 arat cpb xsaveopt hw_pstate proc_feedback npt lbrv svm_lock nrip_save tsc_scale flushbyasid decodeassists pausefilter pfthreshold vmmcall bmi1
bogomips	: 1996.25
TLB size	: 1024 4K pages
clflush size	: 64
cache_alignment	: 64
address sizes	: 40 bits physical, 48 bits virtual
power management: ts ttp tm 100mhzsteps hwpstate cpb [11]



Memory: 4k page, physical 3407836k(99344k free), swap 0k(0k free)

vm_info: OpenJDK 64-Bit Server VM (24.121-b00) for linux-amd64 JRE (1.7.0_121-b00), built on Feb  7 2017 18:45:58 by "buildd" with gcc 4.8.4

time: Sat Mar 11 20:35:17 2017
elapsed time: 3 seconds

