#
# There is insufficient memory for the Java Runtime Environment to continue.
# Native memory allocation (malloc) failed to allocate 68157440 bytes for committing reserved memory.
# Possible reasons:
#   The system is out of physical RAM or swap space
#   In 32 bit mode, the process size limit was hit
# Possible solutions:
#   Reduce memory load on the system
#   Increase physical memory or swap space
#   Check if swap backing store is full
#   Use 64 bit Java on a 64 bit OS
#   Decrease Java heap size (-Xmx/-Xms)
#   Decrease number of Java threads
#   Decrease Java thread stack sizes (-Xss)
#   Set larger code cache with -XX:ReservedCodeCacheSize=
# This output file may be truncated or incomplete.
#
#  Out of Memory Error (os_linux.cpp:2827), pid=6553, tid=140409086715648
#
# JRE version: OpenJDK Runtime Environment (7.0_121) (build 1.7.0_121-b00)
# Java VM: OpenJDK 64-Bit Server VM (24.121-b00 mixed mode linux-amd64 compressed oops)
# Derivative: IcedTea 2.6.8
# Distribution: Ubuntu 14.04 LTS, package 7u121-2.6.8-1ubuntu0.14.04.3
# Failed to write core dump. Core dumps have been disabled. To enable core dumping, try "ulimit -c unlimited" before starting Java again
#

---------------  T H R E A D  ---------------

Current thread (0x00007fb394076000):  VMThread [stack: 0x00007fb389aca000,0x00007fb389bcb000] [id=6561]

Stack: [0x00007fb389aca000,0x00007fb389bcb000],  sp=0x00007fb389bc9490,  free space=1021k
Native frames: (J=compiled Java code, j=interpreted, Vv=VM code, C=native code)
V  [libjvm.so+0x95d975]
V  [libjvm.so+0x497ad4]
V  [libjvm.so+0x7d6a6b]
V  [libjvm.so+0x7d142f]
V  [libjvm.so+0x84672b]
V  [libjvm.so+0x8475a0]
V  [libjvm.so+0x847c8b]
V  [libjvm.so+0x843678]
V  [libjvm.so+0x843ee8]
V  [libjvm.so+0x7f9583]
V  [libjvm.so+0x95f384]
V  [libjvm.so+0x963487]
V  [libjvm.so+0x961f48]
V  [libjvm.so+0x9623a9]
V  [libjvm.so+0x9627f2]
V  [libjvm.so+0x7d3862]

VM_Operation (0x00007fb39bc5b8a0): ParallelGCFailedAllocation, mode: safepoint, requested by thread 0x00007fb39400a800


---------------  P R O C E S S  ---------------

Java Threads: ( => current thread )
  0x00007fb3940af800 JavaThread "Service Thread" daemon [_thread_blocked, id=6567, stack(0x00007fb388be8000,0x00007fb388ce9000)]
  0x00007fb3940ad000 JavaThread "C2 CompilerThread1" daemon [_thread_blocked, id=6566, stack(0x00007fb388ce9000,0x00007fb388dea000)]
  0x00007fb3940aa000 JavaThread "C2 CompilerThread0" daemon [_thread_blocked, id=6565, stack(0x00007fb388dea000,0x00007fb388eeb000)]
  0x00007fb3940a8000 JavaThread "Signal Dispatcher" daemon [_thread_blocked, id=6564, stack(0x00007fb388eeb000,0x00007fb388fec000)]
  0x00007fb39407c800 JavaThread "Finalizer" daemon [_thread_blocked, id=6563, stack(0x00007fb3898c8000,0x00007fb3899c9000)]
  0x00007fb39407a800 JavaThread "Reference Handler" daemon [_thread_blocked, id=6562, stack(0x00007fb3899c9000,0x00007fb389aca000)]
  0x00007fb39400a800 JavaThread "main" [_thread_blocked, id=6556, stack(0x00007fb39bb5d000,0x00007fb39bc5e000)]

Other Threads:
=>0x00007fb394076000 VMThread [stack: 0x00007fb389aca000,0x00007fb389bcb000] [id=6561]
  0x00007fb3940ba800 WatcherThread [stack: 0x00007fb388ae7000,0x00007fb388be8000] [id=6568]

VM state:at safepoint (normal execution)

VM Mutex/Monitor currently owned by a thread:  ([mutex/lock_event])
[0x00007fb394006f80] Threads_lock - owner thread: 0x00007fb394076000
[0x00007fb394007480] Heap_lock - owner thread: 0x00007fb39400a800

Heap
 PSYoungGen      total 113152K, used 96K [0x00000000eea80000, 0x00000000f5b80000, 0x0000000100000000)
  eden space 110592K, 0% used [0x00000000eea80000,0x00000000eea80000,0x00000000f5680000)
  from space 2560K, 3% used [0x00000000f5680000,0x00000000f5698000,0x00000000f5900000)
  to   space 2560K, 0% used [0x00000000f5900000,0x00000000f5900000,0x00000000f5b80000)
 ParOldGen       total 35328K, used 1375K [0x00000000cc000000, 0x00000000ce280000, 0x00000000eea80000)
  object space 35328K, 3% used [0x00000000cc000000,0x00000000cc157c10,0x00000000ce280000)
 PSPermGen       total 21504K, used 7293K [0x00000000c1a00000, 0x00000000c2f00000, 0x00000000cc000000)
  object space 21504K, 33% used [0x00000000c1a00000,0x00000000c211f740,0x00000000c2f00000)

Card table byte_map: [0x00007fb398589000,0x00007fb39877d000] byte_map_base: 0x00007fb397f7c000

Polling page: 0x00007fb39bc7d000

Code Cache  [0x00007fb391000000, 0x00007fb391270000, 0x00007fb394000000)
 total_blobs=383 nmethods=115 adapters=223 free_code_cache=48533Kb largest_free_block=49674304

Compilation events (10 events):
Event: 3,200 Thread 0x00007fb3940ad000 nmethod 111 0x00007fb39109b9d0 code [0x00007fb39109bb20, 0x00007fb39109bbd8]
Event: 3,203 Thread 0x00007fb3940aa000 nmethod 109 0x00007fb39109b2d0 code [0x00007fb39109b440, 0x00007fb39109b638]
Event: 3,424 Thread 0x00007fb3940ad000  112             java.lang.Boolean::valueOf (14 bytes)
Event: 3,425 Thread 0x00007fb3940aa000  113             java.lang.Boolean::booleanValue (5 bytes)
Event: 3,426 Thread 0x00007fb3940ad000 nmethod 112 0x00007fb39109a190 code [0x00007fb39109a2c0, 0x00007fb39109a318]
Event: 3,426 Thread 0x00007fb3940ad000  114             org.duckdns.spacedock.upengine.libupsystem.Arme$Degats::getQuantite (5 bytes)
Event: 3,426 Thread 0x00007fb3940ad000 nmethod 114 0x00007fb39109b0d0 code [0x00007fb39109b200, 0x00007fb39109b258]
Event: 3,426 Thread 0x00007fb3940ad000  115             org.duckdns.spacedock.upengine.libupsystem.CoupleJauge::isSonne (20 bytes)
Event: 3,427 Thread 0x00007fb3940aa000 nmethod 113 0x00007fb39109aed0 code [0x00007fb39109b000, 0x00007fb39109b058]
Event: 3,428 Thread 0x00007fb3940ad000 nmethod 115 0x00007fb39109ac90 code [0x00007fb39109adc0, 0x00007fb39109ae38]

GC Heap History (10 events):
Event: 2,685 GC heap after
Heap after GC invocations=4 (full 0):
 PSYoungGen      total 29696K, used 1360K [0x00000000eea80000, 0x00000000f0980000, 0x0000000100000000)
  eden space 27648K, 0% used [0x00000000eea80000,0x00000000eea80000,0x00000000f0580000)
  from space 2048K, 66% used [0x00000000f0780000,0x00000000f08d4040,0x00000000f0980000)
  to   space 2048K, 0% used [0x00000000f0580000,0x00000000f0580000,0x00000000f0780000)
 ParOldGen       total 35328K, used 73K [0x00000000cc000000, 0x00000000ce280000, 0x00000000eea80000)
  object space 35328K, 0% used [0x00000000cc000000,0x00000000cc0124c0,0x00000000ce280000)
 PSPermGen       total 21504K, used 7276K [0x00000000c1a00000, 0x00000000c2f00000, 0x00000000cc000000)
  object space 21504K, 33% used [0x00000000c1a00000,0x00000000c211b158,0x00000000c2f00000)
}
Event: 2,832 GC heap before
{Heap before GC invocations=5 (full 0):
 PSYoungGen      total 29696K, used 29008K [0x00000000eea80000, 0x00000000f0980000, 0x0000000100000000)
  eden space 27648K, 100% used [0x00000000eea80000,0x00000000f0580000,0x00000000f0580000)
  from space 2048K, 66% used [0x00000000f0780000,0x00000000f08d4040,0x00000000f0980000)
  to   space 2048K, 0% used [0x00000000f0580000,0x00000000f0580000,0x00000000f0780000)
 ParOldGen       total 35328K, used 73K [0x00000000cc000000, 0x00000000ce280000, 0x00000000eea80000)
  object space 35328K, 0% used [0x00000000cc000000,0x00000000cc0124c0,0x00000000ce280000)
 PSPermGen       total 21504K, used 7277K [0x00000000c1a00000, 0x00000000c2f00000, 0x00000000cc000000)
  object space 21504K, 33% used [0x00000000c1a00000,0x00000000c211b5d0,0x00000000c2f00000)
Event: 2,838 GC heap after
Heap after GC invocations=5 (full 0):
 PSYoungGen      total 29696K, used 1328K [0x00000000eea80000, 0x00000000f2580000, 0x0000000100000000)
  eden space 27648K, 0% used [0x00000000eea80000,0x00000000eea80000,0x00000000f0580000)
  from space 2048K, 64% used [0x00000000f0580000,0x00000000f06cc040,0x00000000f0780000)
  to   space 2560K, 0% used [0x00000000f2300000,0x00000000f2300000,0x00000000f2580000)
 ParOldGen       total 35328K, used 81K [0x00000000cc000000, 0x00000000ce280000, 0x00000000eea80000)
  object space 35328K, 0% used [0x00000000cc000000,0x00000000cc0144c0,0x00000000ce280000)
 PSPermGen       total 21504K, used 7277K [0x00000000c1a00000, 0x00000000c2f00000, 0x00000000cc000000)
  object space 21504K, 33% used [0x00000000c1a00000,0x00000000c211b5d0,0x00000000c2f00000)
}
Event: 2,940 GC heap before
{Heap before GC invocations=6 (full 0):
 PSYoungGen      total 29696K, used 28976K [0x00000000eea80000, 0x00000000f2580000, 0x0000000100000000)
  eden space 27648K, 100% used [0x00000000eea80000,0x00000000f0580000,0x00000000f0580000)
  from space 2048K, 64% used [0x00000000f0580000,0x00000000f06cc040,0x00000000f0780000)
  to   space 2560K, 0% used [0x00000000f2300000,0x00000000f2300000,0x00000000f2580000)
 ParOldGen       total 35328K, used 81K [0x00000000cc000000, 0x00000000ce280000, 0x00000000eea80000)
  object space 35328K, 0% used [0x00000000cc000000,0x00000000cc0144c0,0x00000000ce280000)
 PSPermGen       total 21504K, used 7279K [0x00000000c1a00000, 0x00000000c2f00000, 0x00000000cc000000)
  object space 21504K, 33% used [0x00000000c1a00000,0x00000000c211bfe0,0x00000000c2f00000)
Event: 2,949 GC heap after
Heap after GC invocations=6 (full 0):
 PSYoungGen      total 56832K, used 1312K [0x00000000eea80000, 0x00000000f2480000, 0x0000000100000000)
  eden space 55296K, 0% used [0x00000000eea80000,0x00000000eea80000,0x00000000f2080000)
  from space 1536K, 85% used [0x00000000f2300000,0x00000000f2448050,0x00000000f2480000)
  to   space 2048K, 0% used [0x00000000f2080000,0x00000000f2080000,0x00000000f2280000)
 ParOldGen       total 35328K, used 81K [0x00000000cc000000, 0x00000000ce280000, 0x00000000eea80000)
  object space 35328K, 0% used [0x00000000cc000000,0x00000000cc0144c0,0x00000000ce280000)
 PSPermGen       total 21504K, used 7279K [0x00000000c1a00000, 0x00000000c2f00000, 0x00000000cc000000)
  object space 21504K, 33% used [0x00000000c1a00000,0x00000000c211bfe0,0x00000000c2f00000)
}
Event: 3,147 GC heap before
{Heap before GC invocations=7 (full 0):
 PSYoungGen      total 56832K, used 56608K [0x00000000eea80000, 0x00000000f2480000, 0x0000000100000000)
  eden space 55296K, 100% used [0x00000000eea80000,0x00000000f2080000,0x00000000f2080000)
  from space 1536K, 85% used [0x00000000f2300000,0x00000000f2448050,0x00000000f2480000)
  to   space 2048K, 0% used [0x00000000f2080000,0x00000000f2080000,0x00000000f2280000)
 ParOldGen       total 35328K, used 81K [0x00000000cc000000, 0x00000000ce280000, 0x00000000eea80000)
  object space 35328K, 0% used [0x00000000cc000000,0x00000000cc0144c0,0x00000000ce280000)
 PSPermGen       total 21504K, used 7281K [0x00000000c1a00000, 0x00000000c2f00000, 0x00000000cc000000)
  object space 21504K, 33% used [0x00000000c1a00000,0x00000000c211c6c8,0x00000000c2f00000)
Event: 3,154 GC heap after
Heap after GC invocations=7 (full 0):
 PSYoungGen      total 57344K, used 96K [0x00000000eea80000, 0x00000000f5b80000, 0x0000000100000000)
  eden space 55296K, 0% used [0x00000000eea80000,0x00000000eea80000,0x00000000f2080000)
  from space 2048K, 4% used [0x00000000f2080000,0x00000000f2098000,0x00000000f2280000)
  to   space 2560K, 0% used [0x00000000f5900000,0x00000000f5900000,0x00000000f5b80000)
 ParOldGen       total 35328K, used 1343K [0x00000000cc000000, 0x00000000ce280000, 0x00000000eea80000)
  object space 35328K, 3% used [0x00000000cc000000,0x00000000cc14fc10,0x00000000ce280000)
 PSPermGen       total 21504K, used 7281K [0x00000000c1a00000, 0x00000000c2f00000, 0x00000000cc000000)
  object space 21504K, 33% used [0x00000000c1a00000,0x00000000c211c6c8,0x00000000c2f00000)
}
Event: 3,297 GC heap before
{Heap before GC invocations=8 (full 0):
 PSYoungGen      total 57344K, used 55392K [0x00000000eea80000, 0x00000000f5b80000, 0x0000000100000000)
  eden space 55296K, 100% used [0x00000000eea80000,0x00000000f2080000,0x00000000f2080000)
  from space 2048K, 4% used [0x00000000f2080000,0x00000000f2098000,0x00000000f2280000)
  to   space 2560K, 0% used [0x00000000f5900000,0x00000000f5900000,0x00000000f5b80000)
 ParOldGen       total 35328K, used 1343K [0x00000000cc000000, 0x00000000ce280000, 0x00000000eea80000)
  object space 35328K, 3% used [0x00000000cc000000,0x00000000cc14fc10,0x00000000ce280000)
 PSPermGen       total 21504K, used 7293K [0x00000000c1a00000, 0x00000000c2f00000, 0x00000000cc000000)
  object space 21504K, 33% used [0x00000000c1a00000,0x00000000c211f740,0x00000000c2f00000)
Event: 3,312 GC heap after
Heap after GC invocations=8 (full 0):
 PSYoungGen      total 113152K, used 128K [0x00000000eea80000, 0x00000000f5b80000, 0x0000000100000000)
  eden space 110592K, 0% used [0x00000000eea80000,0x00000000eea80000,0x00000000f5680000)
  from space 2560K, 5% used [0x00000000f5900000,0x00000000f5920000,0x00000000f5b80000)
  to   space 2560K, 0% used [0x00000000f5680000,0x00000000f5680000,0x00000000f5900000)
 ParOldGen       total 35328K, used 1367K [0x00000000cc000000, 0x00000000ce280000, 0x00000000eea80000)
  object space 35328K, 3% used [0x00000000cc000000,0x00000000cc155c10,0x00000000ce280000)
 PSPermGen       total 21504K, used 7293K [0x00000000c1a00000, 0x00000000c2f00000, 0x00000000cc000000)
  object space 21504K, 33% used [0x00000000c1a00000,0x00000000c211f740,0x00000000c2f00000)
}
Event: 3,777 GC heap before
{Heap before GC invocations=9 (full 0):
 PSYoungGen      total 113152K, used 110720K [0x00000000eea80000, 0x00000000f5b80000, 0x0000000100000000)
  eden space 110592K, 100% used [0x00000000eea80000,0x00000000f5680000,0x00000000f5680000)
  from space 2560K, 5% used [0x00000000f5900000,0x00000000f5920000,0x00000000f5b80000)
  to   space 2560K, 0% used [0x00000000f5680000,0x00000000f5680000,0x00000000f5900000)
 ParOldGen       total 35328K, used 1367K [0x00000000cc000000, 0x00000000ce280000, 0x00000000eea80000)
  object space 35328K, 3% used [0x00000000cc000000,0x00000000cc155c10,0x00000000ce280000)
 PSPermGen       total 21504K, used 7293K [0x00000000c1a00000, 0x00000000c2f00000, 0x00000000cc000000)
  object space 21504K, 33% used [0x00000000c1a00000,0x00000000c211f740,0x00000000c2f00000)

Deoptimization events (6 events):
Event: 0,461 Thread 0x00007fb39400a800 Uncommon trap: reason=unstable_if action=reinterpret pc=0x00007fb391060474 method=java.lang.String.indexOf(II)I @ 49
Event: 0,633 Thread 0x00007fb39400a800 Uncommon trap: reason=class_check action=maybe_recompile pc=0x00007fb391062f40 method=java.util.Properties$LineReader.readLine()I @ 62
Event: 0,635 Thread 0x00007fb39400a800 Uncommon trap: reason=unstable_if action=reinterpret pc=0x00007fb391062e08 method=java.util.Properties$LineReader.readLine()I @ 263
Event: 0,706 Thread 0x00007fb39400a800 Uncommon trap: reason=unstable_if action=reinterpret pc=0x00007fb391064d30 method=java.lang.String.indexOf([CII[CIII)I @ 123
Event: 1,315 Thread 0x00007fb39400a800 Uncommon trap: reason=unstable_if action=reinterpret pc=0x00007fb391067b44 method=java.util.Properties$LineReader.readLine()I @ 369
Event: 1,618 Thread 0x00007fb39400a800 Uncommon trap: reason=unstable_if action=reinterpret pc=0x00007fb39106b4ec method=sun.net.www.ParseUtil.encodePath(Ljava/lang/String;Z)Ljava/lang/String; @ 109

Internal exceptions (10 events):
Event: 1,741 Thread 0x00007fb39400a800 Threw 0x00000000ef12aa28 at /build/openjdk-7-fqDl7t/openjdk-7-7u121-2.6.8/build/openjdk/hotspot/src/share/vm/prims/jvm.cpp:1322
Event: 1,744 Thread 0x00007fb39400a800 Threw 0x00000000ef12e558 at /build/openjdk-7-fqDl7t/openjdk-7-7u121-2.6.8/build/openjdk/hotspot/src/share/vm/prims/jvm.cpp:1322
Event: 1,816 Thread 0x00007fb39400a800 Threw 0x00000000ef15a9b8 at /build/openjdk-7-fqDl7t/openjdk-7-7u121-2.6.8/build/openjdk/hotspot/src/share/vm/prims/jvm.cpp:1322
Event: 1,825 Thread 0x00007fb39400a800 Threw 0x00000000ef15f978 at /build/openjdk-7-fqDl7t/openjdk-7-7u121-2.6.8/build/openjdk/hotspot/src/share/vm/prims/jvm.cpp:1322
Event: 1,829 Thread 0x00007fb39400a800 Threw 0x00000000ef163830 at /build/openjdk-7-fqDl7t/openjdk-7-7u121-2.6.8/build/openjdk/hotspot/src/share/vm/prims/jvm.cpp:1322
Event: 1,832 Thread 0x00007fb39400a800 Threw 0x00000000ef1684b8 at /build/openjdk-7-fqDl7t/openjdk-7-7u121-2.6.8/build/openjdk/hotspot/src/share/vm/prims/jvm.cpp:1322
Event: 1,854 Thread 0x00007fb39400a800 Threw 0x00000000ef187f80 at /build/openjdk-7-fqDl7t/openjdk-7-7u121-2.6.8/build/openjdk/hotspot/src/share/vm/prims/jvm.cpp:1322
Event: 1,860 Thread 0x00007fb39400a800 Threw 0x00000000ef19b820 at /build/openjdk-7-fqDl7t/openjdk-7-7u121-2.6.8/build/openjdk/hotspot/src/share/vm/prims/jvm.cpp:1322
Event: 1,862 Thread 0x00007fb39400a800 Threw 0x00000000ef19ed88 at /build/openjdk-7-fqDl7t/openjdk-7-7u121-2.6.8/build/openjdk/hotspot/src/share/vm/prims/jvm.cpp:1322
Event: 1,871 Thread 0x00007fb39400a800 Threw 0x00000000ef1a2a00 at /build/openjdk-7-fqDl7t/openjdk-7-7u121-2.6.8/build/openjdk/hotspot/src/share/vm/prims/jvm.cpp:1322

Events (10 events):
Event: 2,686 Executing VM operation: ParallelGCFailedAllocation done
Event: 2,832 Executing VM operation: ParallelGCFailedAllocation
Event: 2,839 Executing VM operation: ParallelGCFailedAllocation done
Event: 2,939 Executing VM operation: ParallelGCFailedAllocation
Event: 2,949 Executing VM operation: ParallelGCFailedAllocation done
Event: 3,146 Executing VM operation: ParallelGCFailedAllocation
Event: 3,155 Executing VM operation: ParallelGCFailedAllocation done
Event: 3,297 Executing VM operation: ParallelGCFailedAllocation
Event: 3,313 Executing VM operation: ParallelGCFailedAllocation done
Event: 3,769 Executing VM operation: ParallelGCFailedAllocation


Dynamic libraries:
00400000-00401000 r-xp 00000000 08:01 3155548                            /usr/lib/jvm/java-7-openjdk-amd64/jre/bin/java
00600000-00601000 r--p 00000000 08:01 3155548                            /usr/lib/jvm/java-7-openjdk-amd64/jre/bin/java
00601000-00602000 rw-p 00001000 08:01 3155548                            /usr/lib/jvm/java-7-openjdk-amd64/jre/bin/java
0186a000-0188b000 rw-p 00000000 00:00 0                                  [heap]
c1a00000-c2f00000 rw-p 00000000 00:00 0 
c2f00000-cc000000 rw-p 00000000 00:00 0 
cc000000-ce280000 rw-p 00000000 00:00 0 
ce280000-eea80000 rw-p 00000000 00:00 0 
eea80000-f5b80000 rw-p 00000000 00:00 0 
f9c80000-100000000 rw-p 00000000 00:00 0 
7fb354000000-7fb354021000 rw-p 00000000 00:00 0 
7fb354021000-7fb358000000 ---p 00000000 00:00 0 
7fb35c000000-7fb35c3cf000 rw-p 00000000 00:00 0 
7fb35c3cf000-7fb360000000 ---p 00000000 00:00 0 
7fb360000000-7fb360021000 rw-p 00000000 00:00 0 
7fb360021000-7fb364000000 ---p 00000000 00:00 0 
7fb364000000-7fb364021000 rw-p 00000000 00:00 0 
7fb364021000-7fb368000000 ---p 00000000 00:00 0 
7fb368000000-7fb36840a000 rw-p 00000000 00:00 0 
7fb36840a000-7fb36c000000 ---p 00000000 00:00 0 
7fb36c000000-7fb36c021000 rw-p 00000000 00:00 0 
7fb36c021000-7fb370000000 ---p 00000000 00:00 0 
7fb370000000-7fb370021000 rw-p 00000000 00:00 0 
7fb370021000-7fb374000000 ---p 00000000 00:00 0 
7fb374000000-7fb374021000 rw-p 00000000 00:00 0 
7fb374021000-7fb378000000 ---p 00000000 00:00 0 
7fb378000000-7fb378021000 rw-p 00000000 00:00 0 
7fb378021000-7fb37c000000 ---p 00000000 00:00 0 
7fb37c000000-7fb37c021000 rw-p 00000000 00:00 0 
7fb37c021000-7fb380000000 ---p 00000000 00:00 0 
7fb383270000-7fb3832ad000 r-xp 00000000 08:01 2756625                    /lib/x86_64-linux-gnu/libpcre.so.3.13.1
7fb3832ad000-7fb3834ac000 ---p 0003d000 08:01 2756625                    /lib/x86_64-linux-gnu/libpcre.so.3.13.1
7fb3834ac000-7fb3834ad000 r--p 0003c000 08:01 2756625                    /lib/x86_64-linux-gnu/libpcre.so.3.13.1
7fb3834ad000-7fb3834ae000 rw-p 0003d000 08:01 2756625                    /lib/x86_64-linux-gnu/libpcre.so.3.13.1
7fb3834ae000-7fb3834b5000 r-xp 00000000 08:01 3146096                    /usr/lib/x86_64-linux-gnu/libffi.so.6.0.1
7fb3834b5000-7fb3836b4000 ---p 00007000 08:01 3146096                    /usr/lib/x86_64-linux-gnu/libffi.so.6.0.1
7fb3836b4000-7fb3836b5000 r--p 00006000 08:01 3146096                    /usr/lib/x86_64-linux-gnu/libffi.so.6.0.1
7fb3836b5000-7fb3836b6000 rw-p 00007000 08:01 3146096                    /usr/lib/x86_64-linux-gnu/libffi.so.6.0.1
7fb3836b6000-7fb3836cd000 r-xp 00000000 08:01 2752516                    /lib/x86_64-linux-gnu/libresolv-2.19.so
7fb3836cd000-7fb3838cd000 ---p 00017000 08:01 2752516                    /lib/x86_64-linux-gnu/libresolv-2.19.so
7fb3838cd000-7fb3838ce000 r--p 00017000 08:01 2752516                    /lib/x86_64-linux-gnu/libresolv-2.19.so
7fb3838ce000-7fb3838cf000 rw-p 00018000 08:01 2752516                    /lib/x86_64-linux-gnu/libresolv-2.19.so
7fb3838cf000-7fb3838d1000 rw-p 00000000 00:00 0 
7fb3838d1000-7fb3838f1000 r-xp 00000000 08:01 2756767                    /lib/x86_64-linux-gnu/libselinux.so.1
7fb3838f1000-7fb383af0000 ---p 00020000 08:01 2756767                    /lib/x86_64-linux-gnu/libselinux.so.1
7fb383af0000-7fb383af1000 r--p 0001f000 08:01 2756767                    /lib/x86_64-linux-gnu/libselinux.so.1
7fb383af1000-7fb383af2000 rw-p 00020000 08:01 2756767                    /lib/x86_64-linux-gnu/libselinux.so.1
7fb383af2000-7fb383af4000 rw-p 00000000 00:00 0 
7fb383af4000-7fb383af7000 r-xp 00000000 08:01 3153259                    /usr/lib/x86_64-linux-gnu/libgmodule-2.0.so.0.4002.0
7fb383af7000-7fb383cf6000 ---p 00003000 08:01 3153259                    /usr/lib/x86_64-linux-gnu/libgmodule-2.0.so.0.4002.0
7fb383cf6000-7fb383cf7000 r--p 00002000 08:01 3153259                    /usr/lib/x86_64-linux-gnu/libgmodule-2.0.so.0.4002.0
7fb383cf7000-7fb383cf8000 rw-p 00003000 08:01 3153259                    /usr/lib/x86_64-linux-gnu/libgmodule-2.0.so.0.4002.0
7fb383cf8000-7fb383dfe000 r-xp 00000000 08:01 2756673                    /lib/x86_64-linux-gnu/libglib-2.0.so.0.4002.0
7fb383dfe000-7fb383ffd000 ---p 00106000 08:01 2756673                    /lib/x86_64-linux-gnu/libglib-2.0.so.0.4002.0
7fb383ffd000-7fb383ffe000 r--p 00105000 08:01 2756673                    /lib/x86_64-linux-gnu/libglib-2.0.so.0.4002.0
7fb383ffe000-7fb383fff000 rw-p 00106000 08:01 2756673                    /lib/x86_64-linux-gnu/libglib-2.0.so.0.4002.0
7fb383fff000-7fb384000000 rw-p 00000000 00:00 0 
7fb384000000-7fb384021000 rw-p 00000000 00:00 0 
7fb384021000-7fb388000000 ---p 00000000 00:00 0 
7fb3880c8000-7fb3880f9000 rw-p 00000000 00:00 0 
7fb3880f9000-7fb388148000 r-xp 00000000 08:01 3153275                    /usr/lib/x86_64-linux-gnu/libgobject-2.0.so.0.4002.0
7fb388148000-7fb388348000 ---p 0004f000 08:01 3153275                    /usr/lib/x86_64-linux-gnu/libgobject-2.0.so.0.4002.0
7fb388348000-7fb388349000 r--p 0004f000 08:01 3153275                    /usr/lib/x86_64-linux-gnu/libgobject-2.0.so.0.4002.0
7fb388349000-7fb38834a000 rw-p 00050000 08:01 3153275                    /usr/lib/x86_64-linux-gnu/libgobject-2.0.so.0.4002.0
7fb38834a000-7fb3884b6000 r-xp 00000000 08:01 3153245                    /usr/lib/x86_64-linux-gnu/libgio-2.0.so.0.4002.0
7fb3884b6000-7fb3886b5000 ---p 0016c000 08:01 3153245                    /usr/lib/x86_64-linux-gnu/libgio-2.0.so.0.4002.0
7fb3886b5000-7fb3886b9000 r--p 0016b000 08:01 3153245                    /usr/lib/x86_64-linux-gnu/libgio-2.0.so.0.4002.0
7fb3886b9000-7fb3886bb000 rw-p 0016f000 08:01 3153245                    /usr/lib/x86_64-linux-gnu/libgio-2.0.so.0.4002.0
7fb3886bb000-7fb3886bd000 rw-p 00000000 00:00 0 
7fb3886bd000-7fb3886d4000 r-xp 00000000 08:01 3155475                    /usr/lib/jvm/java-7-openjdk-amd64/jre/lib/amd64/libnet.so
7fb3886d4000-7fb3888d3000 ---p 00017000 08:01 3155475                    /usr/lib/jvm/java-7-openjdk-amd64/jre/lib/amd64/libnet.so
7fb3888d3000-7fb3888d4000 r--p 00016000 08:01 3155475                    /usr/lib/jvm/java-7-openjdk-amd64/jre/lib/amd64/libnet.so
7fb3888d4000-7fb3888d5000 rw-p 00017000 08:01 3155475                    /usr/lib/jvm/java-7-openjdk-amd64/jre/lib/amd64/libnet.so
7fb3888d5000-7fb3888e5000 r-xp 00000000 08:01 3152632                    /usr/lib/jvm/java-7-openjdk-amd64/jre/lib/amd64/libnio.so
7fb3888e5000-7fb388ae5000 ---p 00010000 08:01 3152632                    /usr/lib/jvm/java-7-openjdk-amd64/jre/lib/amd64/libnio.so
7fb388ae5000-7fb388ae6000 r--p 00010000 08:01 3152632                    /usr/lib/jvm/java-7-openjdk-amd64/jre/lib/amd64/libnio.so
7fb388ae6000-7fb388ae7000 rw-p 00011000 08:01 3152632                    /usr/lib/jvm/java-7-openjdk-amd64/jre/lib/amd64/libnio.so
7fb388ae7000-7fb388ae8000 ---p 00000000 00:00 0 
7fb388ae8000-7fb388be8000 rw-p 00000000 00:00 0                          [stack:6568]
7fb388be8000-7fb388beb000 ---p 00000000 00:00 0 
7fb388beb000-7fb388ce9000 rw-p 00000000 00:00 0                          [stack:6567]
7fb388ce9000-7fb388cec000 ---p 00000000 00:00 0 
7fb388cec000-7fb388dea000 rw-p 00000000 00:00 0                          [stack:6566]
7fb388dea000-7fb388ded000 ---p 00000000 00:00 0 
7fb388ded000-7fb388eeb000 rw-p 00000000 00:00 0                          [stack:6565]
7fb388eeb000-7fb388eee000 ---p 00000000 00:00 0 
7fb388eee000-7fb388fec000 rw-p 00000000 00:00 0                          [stack:6564]
7fb388fec000-7fb3898c8000 r--p 00000000 08:01 3148861                    /usr/lib/locale/locale-archive
7fb3898c8000-7fb3898cb000 ---p 00000000 00:00 0 
7fb3898cb000-7fb3899c9000 rw-p 00000000 00:00 0                          [stack:6563]
7fb3899c9000-7fb3899cc000 ---p 00000000 00:00 0 
7fb3899cc000-7fb389aca000 rw-p 00000000 00:00 0                          [stack:6562]
7fb389aca000-7fb389acb000 ---p 00000000 00:00 0 
7fb389acb000-7fb38c000000 rw-p 00000000 00:00 0                          [stack:6561]
7fb38c000000-7fb38c021000 rw-p 00000000 00:00 0 
7fb38c021000-7fb390000000 ---p 00000000 00:00 0 
7fb39004b000-7fb390069000 r--s 001c8000 08:01 1444773                    /home/audreyazura/Documents/Project/Tools/netbeans-8.1/extide/ant/lib/ant.jar
7fb390069000-7fb390b61000 rw-p 00000000 00:00 0 
7fb390b61000-7fb390d14000 r--s 01d49000 08:01 3155504                    /usr/lib/jvm/java-7-openjdk-amd64/jre/lib/rt.jar
7fb390d14000-7fb391000000 rw-p 00000000 00:00 0 
7fb391000000-7fb391270000 rwxp 00000000 00:00 0 
7fb391270000-7fb39423d000 rw-p 00000000 00:00 0 
7fb39423d000-7fb398000000 ---p 00000000 00:00 0 
7fb398003000-7fb398004000 rw-p 00000000 00:00 0 
7fb398004000-7fb39800e000 r--s 000ae000 08:01 3148563                    /usr/lib/jvm/java-7-openjdk-amd64/jre/lib/resources.jar
7fb39800e000-7fb398010000 r--s 00002000 08:01 1444758                    /home/audreyazura/Documents/Project/Tools/netbeans-8.1/extide/ant/lib/ant-junit4.jar
7fb398010000-7fb398013000 r--s 0001a000 08:01 1444760                    /home/audreyazura/Documents/Project/Tools/netbeans-8.1/extide/ant/lib/ant-junit.jar
7fb398013000-7fb39801c000 r--s 00044000 08:01 1449897                    /home/audreyazura/Documents/Project/libupsystem/lib/junit_4/junit-4.12.jar
7fb39801c000-7fb39801d000 ---p 00000000 00:00 0 
7fb39801d000-7fb39811d000 rw-p 00000000 00:00 0                          [stack:6560]
7fb39811d000-7fb39811e000 ---p 00000000 00:00 0 
7fb39811e000-7fb39821e000 rw-p 00000000 00:00 0                          [stack:6559]
7fb39821e000-7fb39821f000 ---p 00000000 00:00 0 
7fb39821f000-7fb39831f000 rw-p 00000000 00:00 0                          [stack:6558]
7fb39831f000-7fb398320000 ---p 00000000 00:00 0 
7fb398320000-7fb39842b000 rw-p 00000000 00:00 0                          [stack:6557]
7fb39842b000-7fb398473000 rw-p 00000000 00:00 0 
7fb398473000-7fb398485000 rw-p 00000000 00:00 0 
7fb398485000-7fb398589000 rw-p 00000000 00:00 0 
7fb398589000-7fb398594000 rw-p 00000000 00:00 0 
7fb398594000-7fb3985dc000 rw-p 00000000 00:00 0 
7fb3985dc000-7fb3985ee000 rw-p 00000000 00:00 0 
7fb3985ee000-7fb3986f1000 rw-p 00000000 00:00 0 
7fb3986f1000-7fb39872a000 rw-p 00000000 00:00 0 
7fb39872a000-7fb39877c000 rw-p 00000000 00:00 0 
7fb39877c000-7fb39877d000 rw-p 00000000 00:00 0 
7fb39877d000-7fb398785000 r-xp 00000000 08:01 3155066                    /usr/lib/jvm/java-7-openjdk-amd64/jre/lib/amd64/libzip.so
7fb398785000-7fb398984000 ---p 00008000 08:01 3155066                    /usr/lib/jvm/java-7-openjdk-amd64/jre/lib/amd64/libzip.so
7fb398984000-7fb398985000 r--p 00007000 08:01 3155066                    /usr/lib/jvm/java-7-openjdk-amd64/jre/lib/amd64/libzip.so
7fb398985000-7fb398986000 rw-p 00008000 08:01 3155066                    /usr/lib/jvm/java-7-openjdk-amd64/jre/lib/amd64/libzip.so
7fb398986000-7fb398990000 r-xp 00000000 08:01 2752570                    /lib/x86_64-linux-gnu/libnss_files-2.19.so
7fb398990000-7fb398b8f000 ---p 0000a000 08:01 2752570                    /lib/x86_64-linux-gnu/libnss_files-2.19.so
7fb398b8f000-7fb398b90000 r--p 00009000 08:01 2752570                    /lib/x86_64-linux-gnu/libnss_files-2.19.so
7fb398b90000-7fb398b91000 rw-p 0000a000 08:01 2752570                    /lib/x86_64-linux-gnu/libnss_files-2.19.so
7fb398b91000-7fb398b9c000 r-xp 00000000 08:01 2752562                    /lib/x86_64-linux-gnu/libnss_nis-2.19.so
7fb398b9c000-7fb398d9b000 ---p 0000b000 08:01 2752562                    /lib/x86_64-linux-gnu/libnss_nis-2.19.so
7fb398d9b000-7fb398d9c000 r--p 0000a000 08:01 2752562                    /lib/x86_64-linux-gnu/libnss_nis-2.19.so
7fb398d9c000-7fb398d9d000 rw-p 0000b000 08:01 2752562                    /lib/x86_64-linux-gnu/libnss_nis-2.19.so
7fb398d9d000-7fb398db4000 r-xp 00000000 08:01 2752558                    /lib/x86_64-linux-gnu/libnsl-2.19.so
7fb398db4000-7fb398fb3000 ---p 00017000 08:01 2752558                    /lib/x86_64-linux-gnu/libnsl-2.19.so
7fb398fb3000-7fb398fb4000 r--p 00016000 08:01 2752558                    /lib/x86_64-linux-gnu/libnsl-2.19.so
7fb398fb4000-7fb398fb5000 rw-p 00017000 08:01 2752558                    /lib/x86_64-linux-gnu/libnsl-2.19.so
7fb398fb5000-7fb398fb7000 rw-p 00000000 00:00 0 
7fb398fb7000-7fb398fc0000 r-xp 00000000 08:01 2752557                    /lib/x86_64-linux-gnu/libnss_compat-2.19.so
7fb398fc0000-7fb3991bf000 ---p 00009000 08:01 2752557                    /lib/x86_64-linux-gnu/libnss_compat-2.19.so
7fb3991bf000-7fb3991c0000 r--p 00008000 08:01 2752557                    /lib/x86_64-linux-gnu/libnss_compat-2.19.so
7fb3991c0000-7fb3991c1000 rw-p 00009000 08:01 2752557                    /lib/x86_64-linux-gnu/libnss_compat-2.19.so
7fb3991c1000-7fb3991eb000 r-xp 00000000 08:01 3152636                    /usr/lib/jvm/java-7-openjdk-amd64/jre/lib/amd64/libjava.so
7fb3991eb000-7fb3993eb000 ---p 0002a000 08:01 3152636                    /usr/lib/jvm/java-7-openjdk-amd64/jre/lib/amd64/libjava.so
7fb3993eb000-7fb3993ec000 r--p 0002a000 08:01 3152636                    /usr/lib/jvm/java-7-openjdk-amd64/jre/lib/amd64/libjava.so
7fb3993ec000-7fb3993ee000 rw-p 0002b000 08:01 3152636                    /usr/lib/jvm/java-7-openjdk-amd64/jre/lib/amd64/libjava.so
7fb3993ee000-7fb3993fe000 r-xp 00000000 08:01 3155494                    /usr/lib/jvm/java-7-openjdk-amd64/jre/lib/amd64/libverify.so
7fb3993fe000-7fb3995fd000 ---p 00010000 08:01 3155494                    /usr/lib/jvm/java-7-openjdk-amd64/jre/lib/amd64/libverify.so
7fb3995fd000-7fb3995ff000 r--p 0000f000 08:01 3155494                    /usr/lib/jvm/java-7-openjdk-amd64/jre/lib/amd64/libverify.so
7fb3995ff000-7fb399600000 rw-p 00011000 08:01 3155494                    /usr/lib/jvm/java-7-openjdk-amd64/jre/lib/amd64/libverify.so
7fb399600000-7fb399607000 r-xp 00000000 08:01 2752566                    /lib/x86_64-linux-gnu/librt-2.19.so
7fb399607000-7fb399806000 ---p 00007000 08:01 2752566                    /lib/x86_64-linux-gnu/librt-2.19.so
7fb399806000-7fb399807000 r--p 00006000 08:01 2752566                    /lib/x86_64-linux-gnu/librt-2.19.so
7fb399807000-7fb399808000 rw-p 00007000 08:01 2752566                    /lib/x86_64-linux-gnu/librt-2.19.so
7fb399808000-7fb39981e000 r-xp 00000000 08:01 2756650                    /lib/x86_64-linux-gnu/libgcc_s.so.1
7fb39981e000-7fb399a1d000 ---p 00016000 08:01 2756650                    /lib/x86_64-linux-gnu/libgcc_s.so.1
7fb399a1d000-7fb399a1e000 rw-p 00015000 08:01 2756650                    /lib/x86_64-linux-gnu/libgcc_s.so.1
7fb399a1e000-7fb399b23000 r-xp 00000000 08:01 2752530                    /lib/x86_64-linux-gnu/libm-2.19.so
7fb399b23000-7fb399d22000 ---p 00105000 08:01 2752530                    /lib/x86_64-linux-gnu/libm-2.19.so
7fb399d22000-7fb399d23000 r--p 00104000 08:01 2752530                    /lib/x86_64-linux-gnu/libm-2.19.so
7fb399d23000-7fb399d24000 rw-p 00105000 08:01 2752530                    /lib/x86_64-linux-gnu/libm-2.19.so
7fb399d24000-7fb399e2a000 r-xp 00000000 08:01 3147884                    /usr/lib/x86_64-linux-gnu/libstdc++.so.6.0.22
7fb399e2a000-7fb39a029000 ---p 00106000 08:01 3147884                    /usr/lib/x86_64-linux-gnu/libstdc++.so.6.0.22
7fb39a029000-7fb39a031000 r--p 00105000 08:01 3147884                    /usr/lib/x86_64-linux-gnu/libstdc++.so.6.0.22
7fb39a031000-7fb39a033000 rw-p 0010d000 08:01 3147884                    /usr/lib/x86_64-linux-gnu/libstdc++.so.6.0.22
7fb39a033000-7fb39a036000 rw-p 00000000 00:00 0 
7fb39a036000-7fb39ab64000 r-xp 00000000 08:01 3154760                    /usr/lib/jvm/java-7-openjdk-amd64/jre/lib/amd64/server/libjvm.so
7fb39ab64000-7fb39ad64000 ---p 00b2e000 08:01 3154760                    /usr/lib/jvm/java-7-openjdk-amd64/jre/lib/amd64/server/libjvm.so
7fb39ad64000-7fb39adfe000 r--p 00b2e000 08:01 3154760                    /usr/lib/jvm/java-7-openjdk-amd64/jre/lib/amd64/server/libjvm.so
7fb39adfe000-7fb39ae21000 rw-p 00bc8000 08:01 3154760                    /usr/lib/jvm/java-7-openjdk-amd64/jre/lib/amd64/server/libjvm.so
7fb39ae21000-7fb39ae50000 rw-p 00000000 00:00 0 
7fb39ae50000-7fb39ae68000 r-xp 00000000 08:01 2756797                    /lib/x86_64-linux-gnu/libz.so.1.2.8
7fb39ae68000-7fb39b067000 ---p 00018000 08:01 2756797                    /lib/x86_64-linux-gnu/libz.so.1.2.8
7fb39b067000-7fb39b068000 r--p 00017000 08:01 2756797                    /lib/x86_64-linux-gnu/libz.so.1.2.8
7fb39b068000-7fb39b069000 rw-p 00018000 08:01 2756797                    /lib/x86_64-linux-gnu/libz.so.1.2.8
7fb39b069000-7fb39b082000 r-xp 00000000 08:01 2752559                    /lib/x86_64-linux-gnu/libpthread-2.19.so
7fb39b082000-7fb39b281000 ---p 00019000 08:01 2752559                    /lib/x86_64-linux-gnu/libpthread-2.19.so
7fb39b281000-7fb39b282000 r--p 00018000 08:01 2752559                    /lib/x86_64-linux-gnu/libpthread-2.19.so
7fb39b282000-7fb39b283000 rw-p 00019000 08:01 2752559                    /lib/x86_64-linux-gnu/libpthread-2.19.so
7fb39b283000-7fb39b287000 rw-p 00000000 00:00 0 
7fb39b287000-7fb39b28a000 r-xp 00000000 08:01 2752539                    /lib/x86_64-linux-gnu/libdl-2.19.so
7fb39b28a000-7fb39b489000 ---p 00003000 08:01 2752539                    /lib/x86_64-linux-gnu/libdl-2.19.so
7fb39b489000-7fb39b48a000 r--p 00002000 08:01 2752539                    /lib/x86_64-linux-gnu/libdl-2.19.so
7fb39b48a000-7fb39b48b000 rw-p 00003000 08:01 2752539                    /lib/x86_64-linux-gnu/libdl-2.19.so
7fb39b48b000-7fb39b645000 r-xp 00000000 08:01 2752567                    /lib/x86_64-linux-gnu/libc-2.19.so
7fb39b645000-7fb39b845000 ---p 001ba000 08:01 2752567                    /lib/x86_64-linux-gnu/libc-2.19.so
7fb39b845000-7fb39b849000 r--p 001ba000 08:01 2752567                    /lib/x86_64-linux-gnu/libc-2.19.so
7fb39b849000-7fb39b84b000 rw-p 001be000 08:01 2752567                    /lib/x86_64-linux-gnu/libc-2.19.so
7fb39b84b000-7fb39b850000 rw-p 00000000 00:00 0 
7fb39b850000-7fb39b85d000 r-xp 00000000 08:01 3152640                    /usr/lib/jvm/java-7-openjdk-amd64/jre/lib/amd64/jli/libjli.so
7fb39b85d000-7fb39ba5c000 ---p 0000d000 08:01 3152640                    /usr/lib/jvm/java-7-openjdk-amd64/jre/lib/amd64/jli/libjli.so
7fb39ba5c000-7fb39ba5d000 r--p 0000c000 08:01 3152640                    /usr/lib/jvm/java-7-openjdk-amd64/jre/lib/amd64/jli/libjli.so
7fb39ba5d000-7fb39ba5e000 rw-p 0000d000 08:01 3152640                    /usr/lib/jvm/java-7-openjdk-amd64/jre/lib/amd64/jli/libjli.so
7fb39ba5e000-7fb39ba81000 r-xp 00000000 08:01 2752560                    /lib/x86_64-linux-gnu/ld-2.19.so
7fb39ba81000-7fb39ba83000 r--s 00009000 08:01 1449889                    /home/audreyazura/Documents/Project/libupsystem/lib/hamcrest/hamcrest-core-1.3.jar
7fb39ba83000-7fb39ba86000 r--s 00013000 08:01 1449179                    /home/audreyazura/Documents/Project/libupsystem/lib/commonutils.portable1-0.jar
7fb39ba86000-7fb39ba89000 r--s 0003d000 08:01 3152622                    /usr/lib/jvm/java-7-openjdk-amd64/jre/lib/ext/sunpkcs11.jar
7fb39ba89000-7fb39baa7000 rw-p 00000000 00:00 0 
7fb39baa7000-7fb39bb5d000 rw-p 00000000 00:00 0 
7fb39bb5d000-7fb39bb60000 ---p 00000000 00:00 0 
7fb39bb60000-7fb39bc63000 rw-p 00000000 00:00 0                          [stack:6556]
7fb39bc63000-7fb39bc64000 r--s 00004000 08:01 1444752                    /home/audreyazura/Documents/Project/Tools/netbeans-8.1/extide/ant/lib/ant-launcher.jar
7fb39bc64000-7fb39bc68000 r--s 00085000 08:01 3152619                    /usr/lib/jvm/java-7-openjdk-amd64/jre/lib/ext/localedata.jar
7fb39bc68000-7fb39bc69000 r--s 00002000 08:01 3152621                    /usr/lib/jvm/java-7-openjdk-amd64/jre/lib/ext/dnsns.jar
7fb39bc69000-7fb39bc6b000 r--s 00006000 08:01 3283851                    /usr/share/java/java-atk-wrapper.jar
7fb39bc6b000-7fb39bc6d000 r--s 00012000 08:01 3152620                    /usr/lib/jvm/java-7-openjdk-amd64/jre/lib/ext/zipfs.jar
7fb39bc6d000-7fb39bc70000 r--s 0000f000 08:01 3152623                    /usr/lib/jvm/java-7-openjdk-amd64/jre/lib/ext/icedtea-sound.jar
7fb39bc70000-7fb39bc74000 r--s 00034000 08:01 3152618                    /usr/lib/jvm/java-7-openjdk-amd64/jre/lib/ext/sunjce_provider.jar
7fb39bc74000-7fb39bc7c000 rw-s 00000000 08:01 1835123                    /tmp/hsperfdata_audreyazura/6553
7fb39bc7c000-7fb39bc7d000 rw-p 00000000 00:00 0 
7fb39bc7d000-7fb39bc7e000 ---p 00000000 00:00 0 
7fb39bc7e000-7fb39bc80000 rw-p 00000000 00:00 0 
7fb39bc80000-7fb39bc81000 r--p 00022000 08:01 2752560                    /lib/x86_64-linux-gnu/ld-2.19.so
7fb39bc81000-7fb39bc82000 rw-p 00023000 08:01 2752560                    /lib/x86_64-linux-gnu/ld-2.19.so
7fb39bc82000-7fb39bc83000 rw-p 00000000 00:00 0 
7fff24975000-7fff24996000 rw-p 00000000 00:00 0                          [stack]
7fff249f1000-7fff249f3000 r-xp 00000000 00:00 0                          [vdso]
7fff249f3000-7fff249f5000 r--p 00000000 00:00 0                          [vvar]
ffffffffff600000-ffffffffff601000 r-xp 00000000 00:00 0                  [vsyscall]

VM Arguments:
jvm_args: -ea 
java_command: org.apache.tools.ant.taskdefs.optional.junit.JUnitTestRunner org.duckdns.spacedock.upengine.libupsystem.PersoStatDegatsLourdsTest skipNonTests=false filtertrace=true haltOnError=false haltOnFailure=false showoutput=true outputtoformatters=true logfailedtests=true threadid=0 logtestlistenerevents=true formatter=org.apache.tools.ant.taskdefs.optional.junit.BriefJUnitResultFormatter formatter=org.apache.tools.ant.taskdefs.optional.junit.XMLJUnitResultFormatter,/home/audreyazura/Documents/Project/libupsystem/build/test/results/TEST-org.duckdns.spacedock.upengine.libupsystem.PersoStatDegatsLourdsTest.xml crashfile=/home/audreyazura/Documents/Project/libupsystem/build/junitvmwatcher5471791560949691791.properties propsfile=/home/audreyazura/Documents/Project/libupsystem/build/junit3087237137163682454.properties
Launcher Type: SUN_STANDARD

Environment Variables:
JAVA_HOME=/usr/lib/jvm/java-7-openjdk-amd64
PATH=/usr/local/sbin:/usr/local/bin:/usr/sbin:/usr/bin:/sbin:/bin:/usr/games:/usr/local/games:/usr/lib/jvm/java-7-openjdk-amd64/bin:/home/audreyazura/Documents/Project/Tools/netbeans-8.1/extide/ant/bin
LD_LIBRARY_PATH=/usr/lib/jvm/java-7-openjdk-amd64/jre/lib/amd64:/usr/lib/jvm/java-7-openjdk-amd64/jre/lib/i386:
SHELL=/bin/bash
DISPLAY=:0

Signal Handlers:
SIGSEGV: [libjvm.so+0x95e460], sa_mask[0]=0x7ffbfeff, sa_flags=0x10000004
SIGBUS: [libjvm.so+0x95e460], sa_mask[0]=0x7ffbfeff, sa_flags=0x10000004
SIGFPE: [libjvm.so+0x7d2030], sa_mask[0]=0x7ffbfeff, sa_flags=0x10000004
SIGPIPE: [libjvm.so+0x7d2030], sa_mask[0]=0x7ffbfeff, sa_flags=0x10000004
SIGXFSZ: [libjvm.so+0x7d2030], sa_mask[0]=0x7ffbfeff, sa_flags=0x10000004
SIGILL: [libjvm.so+0x7d2030], sa_mask[0]=0x7ffbfeff, sa_flags=0x10000004
SIGUSR1: SIG_DFL, sa_mask[0]=0x00000000, sa_flags=0x00000000
SIGUSR2: [libjvm.so+0x7d2160], sa_mask[0]=0x00000004, sa_flags=0x10000004
SIGHUP: [libjvm.so+0x7d20b0], sa_mask[0]=0x7ffbfeff, sa_flags=0x10000004
SIGINT: SIG_IGN, sa_mask[0]=0x00000000, sa_flags=0x00000000
SIGTERM: [libjvm.so+0x7d20b0], sa_mask[0]=0x7ffbfeff, sa_flags=0x10000004
SIGQUIT: [libjvm.so+0x7d20b0], sa_mask[0]=0x7ffbfeff, sa_flags=0x10000004
SIGTRAP: SIG_DFL, sa_mask[0]=0x00000000, sa_flags=0x00000000


---------------  S Y S T E M  ---------------

OS:Peppermint 6 (trusty)
uname:Linux 3.16.0-77-generic #99~14.04.1-Ubuntu SMP Tue Jun 28 19:17:10 UTC 2016 x86_64
libc:glibc 2.19 NPTL 2.19 
rlimit: STACK 8192k, CORE 0k, NPROC 13224, NOFILE 4096, AS infinity
load average:1,66 1,17 1,25

/proc/meminfo:
MemTotal:        3407836 kB
MemFree:           86848 kB
MemAvailable:      34936 kB
Buffers:            1660 kB
Cached:            76132 kB
SwapCached:            0 kB
Active:          3050776 kB
Inactive:          62432 kB
Active(anon):    3038836 kB
Inactive(anon):    53796 kB
Active(file):      11940 kB
Inactive(file):     8636 kB
Unevictable:          64 kB
Mlocked:              64 kB
SwapTotal:             0 kB
SwapFree:              0 kB
Dirty:                64 kB
Writeback:             0 kB
AnonPages:       3035996 kB
Mapped:            71716 kB
Shmem:             56700 kB
Slab:              76888 kB
SReclaimable:      44528 kB
SUnreclaim:        32360 kB
KernelStack:       10496 kB
PageTables:        32532 kB
NFS_Unstable:          0 kB
Bounce:                0 kB
WritebackTmp:          0 kB
CommitLimit:     1703916 kB
Committed_AS:    5741444 kB
VmallocTotal:   34359738367 kB
VmallocUsed:      291412 kB
VmallocChunk:   34359394656 kB
HardwareCorrupted:     0 kB
AnonHugePages:   1771520 kB
HugePages_Total:       0
HugePages_Free:        0
HugePages_Rsvd:        0
HugePages_Surp:        0
Hugepagesize:       2048 kB
DirectMap4k:      138324 kB
DirectMap2M:     3473408 kB
DirectMap1G:           0 kB


CPU:total 4 (4 cores per cpu, 1 threads per core) family 22 model 0 stepping 1, cmov, cx8, fxsr, mmx, sse, sse2, sse3, ssse3, sse4.1, sse4.2, popcnt, avx, aes, mmxext, 3dnowpref, lzcnt, sse4a, tsc, tscinvbit, tscinv

/proc/cpuinfo:
processor	: 0
vendor_id	: AuthenticAMD
cpu family	: 22
model		: 0
model name	: Quad-Core Processor (up to 1.4GHz)
stepping	: 1
microcode	: 0x7000106
cpu MHz		: 1000.000
cache size	: 2048 KB
physical id	: 0
siblings	: 4
core id		: 0
cpu cores	: 4
apicid		: 0
initial apicid	: 0
fpu		: yes
fpu_exception	: yes
cpuid level	: 13
wp		: yes
flags		: fpu vme de pse tsc msr pae mce cx8 apic sep mtrr pge mca cmov pat pse36 clflush mmx fxsr sse sse2 ht syscall nx mmxext fxsr_opt pdpe1gb rdtscp lm constant_tsc rep_good nopl nonstop_tsc extd_apicid aperfmperf eagerfpu pni pclmulqdq monitor ssse3 cx16 sse4_1 sse4_2 movbe popcnt aes xsave avx f16c lahf_lm cmp_legacy svm extapic cr8_legacy abm sse4a misalignsse 3dnowprefetch osvw ibs skinit wdt topoext perfctr_nb perfctr_l2 arat cpb xsaveopt hw_pstate proc_feedback npt lbrv svm_lock nrip_save tsc_scale flushbyasid decodeassists pausefilter pfthreshold vmmcall bmi1
bogomips	: 1996.25
TLB size	: 1024 4K pages
clflush size	: 64
cache_alignment	: 64
address sizes	: 40 bits physical, 48 bits virtual
power management: ts ttp tm 100mhzsteps hwpstate cpb [11]

processor	: 1
vendor_id	: AuthenticAMD
cpu family	: 22
model		: 0
model name	: Quad-Core Processor (up to 1.4GHz)             
stepping	: 1
microcode	: 0x7000106
cpu MHz		: 1000.000
cache size	: 2048 KB
physical id	: 0
siblings	: 4
core id		: 1
cpu cores	: 4
apicid		: 1
initial apicid	: 1
fpu		: yes
fpu_exception	: yes
cpuid level	: 13
wp		: yes
flags		: fpu vme de pse tsc msr pae mce cx8 apic sep mtrr pge mca cmov pat pse36 clflush mmx fxsr sse sse2 ht syscall nx mmxext fxsr_opt pdpe1gb rdtscp lm constant_tsc rep_good nopl nonstop_tsc extd_apicid aperfmperf eagerfpu pni pclmulqdq monitor ssse3 cx16 sse4_1 sse4_2 movbe popcnt aes xsave avx f16c lahf_lm cmp_legacy svm extapic cr8_legacy abm sse4a misalignsse 3dnowprefetch osvw ibs skinit wdt topoext perfctr_nb perfctr_l2 arat cpb xsaveopt hw_pstate proc_feedback npt lbrv svm_lock nrip_save tsc_scale flushbyasid decodeassists pausefilter pfthreshold vmmcall bmi1
bogomips	: 1996.25
TLB size	: 1024 4K pages
clflush size	: 64
cache_alignment	: 64
address sizes	: 40 bits physical, 48 bits virtual
power management: ts ttp tm 100mhzsteps hwpstate cpb [11]

processor	: 2
vendor_id	: AuthenticAMD
cpu family	: 22
model		: 0
model name	: Quad-Core Processor (up to 1.4GHz)             
stepping	: 1
microcode	: 0x7000106
cpu MHz		: 600.000
cache size	: 2048 KB
physical id	: 0
siblings	: 4
core id		: 2
cpu cores	: 4
apicid		: 2
initial apicid	: 2
fpu		: yes
fpu_exception	: yes
cpuid level	: 13
wp		: yes
flags		: fpu vme de pse tsc msr pae mce cx8 apic sep mtrr pge mca cmov pat pse36 clflush mmx fxsr sse sse2 ht syscall nx mmxext fxsr_opt pdpe1gb rdtscp lm constant_tsc rep_good nopl nonstop_tsc extd_apicid aperfmperf eagerfpu pni pclmulqdq monitor ssse3 cx16 sse4_1 sse4_2 movbe popcnt aes xsave avx f16c lahf_lm cmp_legacy svm extapic cr8_legacy abm sse4a misalignsse 3dnowprefetch osvw ibs skinit wdt topoext perfctr_nb perfctr_l2 arat cpb xsaveopt hw_pstate proc_feedback npt lbrv svm_lock nrip_save tsc_scale flushbyasid decodeassists pausefilter pfthreshold vmmcall bmi1
bogomips	: 1996.25
TLB size	: 1024 4K pages
clflush size	: 64
cache_alignment	: 64
address sizes	: 40 bits physical, 48 bits virtual
power management: ts ttp tm 100mhzsteps hwpstate cpb [11]

processor	: 3
vendor_id	: AuthenticAMD
cpu family	: 22
model		: 0
model name	: Quad-Core Processor (up to 1.4GHz)             
stepping	: 1
microcode	: 0x7000106
cpu MHz		: 600.000
cache size	: 2048 KB
physical id	: 0
siblings	: 4
core id		: 3
cpu cores	: 4
apicid		: 3
initial apicid	: 3
fpu		: yes
fpu_exception	: yes
cpuid level	: 13
wp		: yes
flags		: fpu vme de pse tsc msr pae mce cx8 apic sep mtrr pge mca cmov pat pse36 clflush mmx fxsr sse sse2 ht syscall nx mmxext fxsr_opt pdpe1gb rdtscp lm constant_tsc rep_good nopl nonstop_tsc extd_apicid aperfmperf eagerfpu pni pclmulqdq monitor ssse3 cx16 sse4_1 sse4_2 movbe popcnt aes xsave avx f16c lahf_lm cmp_legacy svm extapic cr8_legacy abm sse4a misalignsse 3dnowprefetch osvw ibs skinit wdt topoext perfctr_nb perfctr_l2 arat cpb xsaveopt hw_pstate proc_feedback npt lbrv svm_lock nrip_save tsc_scale flushbyasid decodeassists pausefilter pfthreshold vmmcall bmi1
bogomips	: 1996.25
TLB size	: 1024 4K pages
clflush size	: 64
cache_alignment	: 64
address sizes	: 40 bits physical, 48 bits virtual
power management: ts ttp tm 100mhzsteps hwpstate cpb [11]



Memory: 4k page, physical 3407836k(87636k free), swap 0k(0k free)

vm_info: OpenJDK 64-Bit Server VM (24.121-b00) for linux-amd64 JRE (1.7.0_121-b00), built on Feb  7 2017 18:45:58 by "buildd" with gcc 4.8.4

time: Sat Mar 11 20:19:00 2017
elapsed time: 4 seconds

