#
# There is insufficient memory for the Java Runtime Environment to continue.
# Native memory allocation (malloc) failed to allocate 104333312 bytes for committing reserved memory.
# Possible reasons:
#   The system is out of physical RAM or swap space
#   In 32 bit mode, the process size limit was hit
# Possible solutions:
#   Reduce memory load on the system
#   Increase physical memory or swap space
#   Check if swap backing store is full
#   Use 64 bit Java on a 64 bit OS
#   Decrease Java heap size (-Xmx/-Xms)
#   Decrease number of Java threads
#   Decrease Java thread stack sizes (-Xss)
#   Set larger code cache with -XX:ReservedCodeCacheSize=
# This output file may be truncated or incomplete.
#
#  Out of Memory Error (os_linux.cpp:2827), pid=9618, tid=139900523435776
#
# JRE version: OpenJDK Runtime Environment (7.0_121) (build 1.7.0_121-b00)
# Java VM: OpenJDK 64-Bit Server VM (24.121-b00 mixed mode linux-amd64 compressed oops)
# Derivative: IcedTea 2.6.8
# Distribution: Ubuntu 14.04 LTS, package 7u121-2.6.8-1ubuntu0.14.04.3
# Failed to write core dump. Core dumps have been disabled. To enable core dumping, try "ulimit -c unlimited" before starting Java again
#

---------------  T H R E A D  ---------------

Current thread (0x00007f3d2c076000):  VMThread [stack: 0x00007f3d20f0d000,0x00007f3d2100e000] [id=9626]

Stack: [0x00007f3d20f0d000,0x00007f3d2100e000],  sp=0x00007f3d2100c490,  free space=1021k
Native frames: (J=compiled Java code, j=interpreted, Vv=VM code, C=native code)
V  [libjvm.so+0x95d975]
V  [libjvm.so+0x497ad4]
V  [libjvm.so+0x7d6a6b]
V  [libjvm.so+0x7d142f]
V  [libjvm.so+0x84672b]
V  [libjvm.so+0x8475a0]
V  [libjvm.so+0x847c8b]
V  [libjvm.so+0x843678]
V  [libjvm.so+0x843ee8]
V  [libjvm.so+0x7f9583]
V  [libjvm.so+0x95f384]
V  [libjvm.so+0x963487]
V  [libjvm.so+0x961f48]
V  [libjvm.so+0x9623a9]
V  [libjvm.so+0x9627f2]
V  [libjvm.so+0x7d3862]

VM_Operation (0x00007f3d330548a0): ParallelGCFailedAllocation, mode: safepoint, requested by thread 0x00007f3d2c00a800


---------------  P R O C E S S  ---------------

Java Threads: ( => current thread )
  0x00007f3d2c0af800 JavaThread "Service Thread" daemon [_thread_blocked, id=9632, stack(0x00007f3d2002b000,0x00007f3d2012c000)]
  0x00007f3d2c0ad800 JavaThread "C2 CompilerThread1" daemon [_thread_blocked, id=9631, stack(0x00007f3d2012c000,0x00007f3d2022d000)]
  0x00007f3d2c0aa800 JavaThread "C2 CompilerThread0" daemon [_thread_blocked, id=9630, stack(0x00007f3d2022d000,0x00007f3d2032e000)]
  0x00007f3d2c0a8000 JavaThread "Signal Dispatcher" daemon [_thread_blocked, id=9629, stack(0x00007f3d2032e000,0x00007f3d2042f000)]
  0x00007f3d2c07c800 JavaThread "Finalizer" daemon [_thread_blocked, id=9628, stack(0x00007f3d20d0b000,0x00007f3d20e0c000)]
  0x00007f3d2c07a800 JavaThread "Reference Handler" daemon [_thread_blocked, id=9627, stack(0x00007f3d20e0c000,0x00007f3d20f0d000)]
  0x00007f3d2c00a800 JavaThread "main" [_thread_blocked, id=9621, stack(0x00007f3d32f56000,0x00007f3d33057000)]

Other Threads:
=>0x00007f3d2c076000 VMThread [stack: 0x00007f3d20f0d000,0x00007f3d2100e000] [id=9626]
  0x00007f3d2c0ba800 WatcherThread [stack: 0x00007f3d1beff000,0x00007f3d1c000000] [id=9633]

VM state:at safepoint (normal execution)

VM Mutex/Monitor currently owned by a thread:  ([mutex/lock_event])
[0x00007f3d2c006f80] Threads_lock - owner thread: 0x00007f3d2c076000
[0x00007f3d2c007480] Heap_lock - owner thread: 0x00007f3d2c00a800

Heap
 PSYoungGen      total 179712K, used 64K [0x00000000eea80000, 0x00000000f9c80000, 0x0000000100000000)
  eden space 177152K, 0% used [0x00000000eea80000,0x00000000eea80000,0x00000000f9780000)
  from space 2560K, 2% used [0x00000000f9780000,0x00000000f9790000,0x00000000f9a00000)
  to   space 2560K, 0% used [0x00000000f9a00000,0x00000000f9a00000,0x00000000f9c80000)
 ParOldGen       total 35328K, used 1431K [0x00000000cc000000, 0x00000000ce280000, 0x00000000eea80000)
  object space 35328K, 4% used [0x00000000cc000000,0x00000000cc165ea8,0x00000000ce280000)
 PSPermGen       total 21504K, used 7294K [0x00000000c1a00000, 0x00000000c2f00000, 0x00000000cc000000)
  object space 21504K, 33% used [0x00000000c1a00000,0x00000000c211fa68,0x00000000c2f00000)

Card table byte_map: [0x00007f3d287ec000,0x00007f3d289e0000] byte_map_base: 0x00007f3d281df000

Polling page: 0x00007f3d33076000

Code Cache  [0x00007f3d289e0000, 0x00007f3d28c50000, 0x00007f3d2b9e0000)
 total_blobs=421 nmethods=153 adapters=223 free_code_cache=48467Kb largest_free_block=49607936

Compilation events (10 events):
Event: 4,248 Thread 0x00007f3d2c0aa800 nmethod 149 0x00007f3d28a57310 code [0x00007f3d28a57480, 0x00007f3d28a57578]
Event: 4,248 Thread 0x00007f3d2c0aa800  150             org.duckdns.spacedock.upengine.libupsystem.RollUtils$RollResult::<init> (20 bytes)
Event: 4,251 Thread 0x00007f3d2c0aa800 nmethod 150 0x00007f3d28a8b2d0 code [0x00007f3d28a8b400, 0x00007f3d28a8b458]
Event: 4,252 Thread 0x00007f3d2c0aa800  151             org.duckdns.spacedock.upengine.libupsystem.RollUtils$RollResult::getScoreBrut (5 bytes)
Event: 4,253 Thread 0x00007f3d2c0aa800 nmethod 151 0x00007f3d28a8f3d0 code [0x00007f3d28a8f500, 0x00007f3d28a8f558]
Event: 4,253 Thread 0x00007f3d2c0aa800  152             org.duckdns.spacedock.upengine.libupsystem.Perso::getBlessuresGraves (8 bytes)
Event: 4,256 Thread 0x00007f3d2c0aa800 nmethod 152 0x00007f3d28a8b090 code [0x00007f3d28a8b1c0, 0x00007f3d28a8b238]
Event: 4,257 Thread 0x00007f3d2c0aa800  153             org.duckdns.spacedock.upengine.libupsystem.CoupleJauge::getRemplissage_interne (5 bytes)
Event: 4,258 Thread 0x00007f3d2c0aa800 nmethod 153 0x00007f3d28a8cd90 code [0x00007f3d28a8cec0, 0x00007f3d28a8cf18]
Event: 4,260 Thread 0x00007f3d2c0ad800 nmethod 147 0x00007f3d28a8c750 code [0x00007f3d28a8c8e0, 0x00007f3d28a8cae8]

GC Heap History (10 events):
Event: 3,064 GC heap after
Heap after GC invocations=6 (full 0):
 PSYoungGen      total 57856K, used 1344K [0x00000000eea80000, 0x00000000f2580000, 0x0000000100000000)
  eden space 55296K, 0% used [0x00000000eea80000,0x00000000eea80000,0x00000000f2080000)
  from space 2560K, 52% used [0x00000000f2300000,0x00000000f2450030,0x00000000f2580000)
  to   space 2560K, 0% used [0x00000000f2080000,0x00000000f2080000,0x00000000f2300000)
 ParOldGen       total 35328K, used 119K [0x00000000cc000000, 0x00000000ce280000, 0x00000000eea80000)
  object space 35328K, 0% used [0x00000000cc000000,0x00000000cc01dc20,0x00000000ce280000)
 PSPermGen       total 21504K, used 7279K [0x00000000c1a00000, 0x00000000c2f00000, 0x00000000cc000000)
  object space 21504K, 33% used [0x00000000c1a00000,0x00000000c211bff0,0x00000000c2f00000)
}
Event: 3,263 GC heap before
{Heap before GC invocations=7 (full 0):
 PSYoungGen      total 57856K, used 56640K [0x00000000eea80000, 0x00000000f2580000, 0x0000000100000000)
  eden space 55296K, 100% used [0x00000000eea80000,0x00000000f2080000,0x00000000f2080000)
  from space 2560K, 52% used [0x00000000f2300000,0x00000000f2450030,0x00000000f2580000)
  to   space 2560K, 0% used [0x00000000f2080000,0x00000000f2080000,0x00000000f2300000)
 ParOldGen       total 35328K, used 119K [0x00000000cc000000, 0x00000000ce280000, 0x00000000eea80000)
  object space 35328K, 0% used [0x00000000cc000000,0x00000000cc01dc20,0x00000000ce280000)
 PSPermGen       total 21504K, used 7281K [0x00000000c1a00000, 0x00000000c2f00000, 0x00000000cc000000)
  object space 21504K, 33% used [0x00000000c1a00000,0x00000000c211c558,0x00000000c2f00000)
Event: 3,269 GC heap after
Heap after GC invocations=7 (full 0):
 PSYoungGen      total 57856K, used 128K [0x00000000eea80000, 0x00000000f5b80000, 0x0000000100000000)
  eden space 55296K, 0% used [0x00000000eea80000,0x00000000eea80000,0x00000000f2080000)
  from space 2560K, 5% used [0x00000000f2080000,0x00000000f20a0000,0x00000000f2300000)
  to   space 2560K, 0% used [0x00000000f5900000,0x00000000f5900000,0x00000000f5b80000)
 ParOldGen       total 35328K, used 1391K [0x00000000cc000000, 0x00000000ce280000, 0x00000000eea80000)
  object space 35328K, 3% used [0x00000000cc000000,0x00000000cc15bea8,0x00000000ce280000)
 PSPermGen       total 21504K, used 7281K [0x00000000c1a00000, 0x00000000c2f00000, 0x00000000cc000000)
  object space 21504K, 33% used [0x00000000c1a00000,0x00000000c211c558,0x00000000c2f00000)
}
Event: 3,407 GC heap before
{Heap before GC invocations=8 (full 0):
 PSYoungGen      total 57856K, used 55424K [0x00000000eea80000, 0x00000000f5b80000, 0x0000000100000000)
  eden space 55296K, 100% used [0x00000000eea80000,0x00000000f2080000,0x00000000f2080000)
  from space 2560K, 5% used [0x00000000f2080000,0x00000000f20a0000,0x00000000f2300000)
  to   space 2560K, 0% used [0x00000000f5900000,0x00000000f5900000,0x00000000f5b80000)
 ParOldGen       total 35328K, used 1391K [0x00000000cc000000, 0x00000000ce280000, 0x00000000eea80000)
  object space 35328K, 3% used [0x00000000cc000000,0x00000000cc15bea8,0x00000000ce280000)
 PSPermGen       total 21504K, used 7293K [0x00000000c1a00000, 0x00000000c2f00000, 0x00000000cc000000)
  object space 21504K, 33% used [0x00000000c1a00000,0x00000000c211f750,0x00000000c2f00000)
Event: 3,418 GC heap after
Heap after GC invocations=8 (full 0):
 PSYoungGen      total 113152K, used 128K [0x00000000eea80000, 0x00000000f5b80000, 0x0000000100000000)
  eden space 110592K, 0% used [0x00000000eea80000,0x00000000eea80000,0x00000000f5680000)
  from space 2560K, 5% used [0x00000000f5900000,0x00000000f5920000,0x00000000f5b80000)
  to   space 2560K, 0% used [0x00000000f5680000,0x00000000f5680000,0x00000000f5900000)
 ParOldGen       total 35328K, used 1399K [0x00000000cc000000, 0x00000000ce280000, 0x00000000eea80000)
  object space 35328K, 3% used [0x00000000cc000000,0x00000000cc15dea8,0x00000000ce280000)
 PSPermGen       total 21504K, used 7293K [0x00000000c1a00000, 0x00000000c2f00000, 0x00000000cc000000)
  object space 21504K, 33% used [0x00000000c1a00000,0x00000000c211f750,0x00000000c2f00000)
}
Event: 3,702 GC heap before
{Heap before GC invocations=9 (full 0):
 PSYoungGen      total 113152K, used 110720K [0x00000000eea80000, 0x00000000f5b80000, 0x0000000100000000)
  eden space 110592K, 100% used [0x00000000eea80000,0x00000000f5680000,0x00000000f5680000)
  from space 2560K, 5% used [0x00000000f5900000,0x00000000f5920000,0x00000000f5b80000)
  to   space 2560K, 0% used [0x00000000f5680000,0x00000000f5680000,0x00000000f5900000)
 ParOldGen       total 35328K, used 1399K [0x00000000cc000000, 0x00000000ce280000, 0x00000000eea80000)
  object space 35328K, 3% used [0x00000000cc000000,0x00000000cc15dea8,0x00000000ce280000)
 PSPermGen       total 21504K, used 7293K [0x00000000c1a00000, 0x00000000c2f00000, 0x00000000cc000000)
  object space 21504K, 33% used [0x00000000c1a00000,0x00000000c211f750,0x00000000c2f00000)
Event: 3,704 GC heap after
Heap after GC invocations=9 (full 0):
 PSYoungGen      total 113152K, used 64K [0x00000000eea80000, 0x00000000f9c80000, 0x0000000100000000)
  eden space 110592K, 0% used [0x00000000eea80000,0x00000000eea80000,0x00000000f5680000)
  from space 2560K, 2% used [0x00000000f5680000,0x00000000f5690000,0x00000000f5900000)
  to   space 2560K, 0% used [0x00000000f9a00000,0x00000000f9a00000,0x00000000f9c80000)
 ParOldGen       total 35328K, used 1407K [0x00000000cc000000, 0x00000000ce280000, 0x00000000eea80000)
  object space 35328K, 3% used [0x00000000cc000000,0x00000000cc15fea8,0x00000000ce280000)
 PSPermGen       total 21504K, used 7293K [0x00000000c1a00000, 0x00000000c2f00000, 0x00000000cc000000)
  object space 21504K, 33% used [0x00000000c1a00000,0x00000000c211f750,0x00000000c2f00000)
}
Event: 3,965 GC heap before
{Heap before GC invocations=10 (full 0):
 PSYoungGen      total 113152K, used 110656K [0x00000000eea80000, 0x00000000f9c80000, 0x0000000100000000)
  eden space 110592K, 100% used [0x00000000eea80000,0x00000000f5680000,0x00000000f5680000)
  from space 2560K, 2% used [0x00000000f5680000,0x00000000f5690000,0x00000000f5900000)
  to   space 2560K, 0% used [0x00000000f9a00000,0x00000000f9a00000,0x00000000f9c80000)
 ParOldGen       total 35328K, used 1407K [0x00000000cc000000, 0x00000000ce280000, 0x00000000eea80000)
  object space 35328K, 3% used [0x00000000cc000000,0x00000000cc15fea8,0x00000000ce280000)
 PSPermGen       total 21504K, used 7293K [0x00000000c1a00000, 0x00000000c2f00000, 0x00000000cc000000)
  object space 21504K, 33% used [0x00000000c1a00000,0x00000000c211f750,0x00000000c2f00000)
Event: 3,970 GC heap after
Heap after GC invocations=10 (full 0):
 PSYoungGen      total 179712K, used 128K [0x00000000eea80000, 0x00000000f9c80000, 0x0000000100000000)
  eden space 177152K, 0% used [0x00000000eea80000,0x00000000eea80000,0x00000000f9780000)
  from space 2560K, 5% used [0x00000000f9a00000,0x00000000f9a20000,0x00000000f9c80000)
  to   space 2560K, 0% used [0x00000000f9780000,0x00000000f9780000,0x00000000f9a00000)
 ParOldGen       total 35328K, used 1423K [0x00000000cc000000, 0x00000000ce280000, 0x00000000eea80000)
  object space 35328K, 4% used [0x00000000cc000000,0x00000000cc163ea8,0x00000000ce280000)
 PSPermGen       total 21504K, used 7293K [0x00000000c1a00000, 0x00000000c2f00000, 0x00000000cc000000)
  object space 21504K, 33% used [0x00000000c1a00000,0x00000000c211f750,0x00000000c2f00000)
}
Event: 4,454 GC heap before
{Heap before GC invocations=11 (full 0):
 PSYoungGen      total 179712K, used 177280K [0x00000000eea80000, 0x00000000f9c80000, 0x0000000100000000)
  eden space 177152K, 100% used [0x00000000eea80000,0x00000000f9780000,0x00000000f9780000)
  from space 2560K, 5% used [0x00000000f9a00000,0x00000000f9a20000,0x00000000f9c80000)
  to   space 2560K, 0% used [0x00000000f9780000,0x00000000f9780000,0x00000000f9a00000)
 ParOldGen       total 35328K, used 1423K [0x00000000cc000000, 0x00000000ce280000, 0x00000000eea80000)
  object space 35328K, 4% used [0x00000000cc000000,0x00000000cc163ea8,0x00000000ce280000)
 PSPermGen       total 21504K, used 7294K [0x00000000c1a00000, 0x00000000c2f00000, 0x00000000cc000000)
  object space 21504K, 33% used [0x00000000c1a00000,0x00000000c211fa68,0x00000000c2f00000)

Deoptimization events (6 events):
Event: 0,492 Thread 0x00007f3d2c00a800 Uncommon trap: reason=unstable_if action=reinterpret pc=0x00007f3d28a40474 method=java.lang.String.indexOf(II)I @ 49
Event: 0,672 Thread 0x00007f3d2c00a800 Uncommon trap: reason=class_check action=maybe_recompile pc=0x00007f3d28a42f40 method=java.util.Properties$LineReader.readLine()I @ 62
Event: 0,676 Thread 0x00007f3d2c00a800 Uncommon trap: reason=unstable_if action=reinterpret pc=0x00007f3d28a42e08 method=java.util.Properties$LineReader.readLine()I @ 263
Event: 0,746 Thread 0x00007f3d2c00a800 Uncommon trap: reason=unstable_if action=reinterpret pc=0x00007f3d28a44d30 method=java.lang.String.indexOf([CII[CIII)I @ 123
Event: 1,362 Thread 0x00007f3d2c00a800 Uncommon trap: reason=unstable_if action=reinterpret pc=0x00007f3d28a47b44 method=java.util.Properties$LineReader.readLine()I @ 369
Event: 1,688 Thread 0x00007f3d2c00a800 Uncommon trap: reason=unstable_if action=reinterpret pc=0x00007f3d28a4b4ec method=sun.net.www.ParseUtil.encodePath(Ljava/lang/String;Z)Ljava/lang/String; @ 109

Internal exceptions (10 events):
Event: 1,850 Thread 0x00007f3d2c00a800 Threw 0x00000000ef12aa28 at /build/openjdk-7-fqDl7t/openjdk-7-7u121-2.6.8/build/openjdk/hotspot/src/share/vm/prims/jvm.cpp:1322
Event: 1,852 Thread 0x00007f3d2c00a800 Threw 0x00000000ef12e558 at /build/openjdk-7-fqDl7t/openjdk-7-7u121-2.6.8/build/openjdk/hotspot/src/share/vm/prims/jvm.cpp:1322
Event: 1,932 Thread 0x00007f3d2c00a800 Threw 0x00000000ef15a9b8 at /build/openjdk-7-fqDl7t/openjdk-7-7u121-2.6.8/build/openjdk/hotspot/src/share/vm/prims/jvm.cpp:1322
Event: 1,942 Thread 0x00007f3d2c00a800 Threw 0x00000000ef15f8d0 at /build/openjdk-7-fqDl7t/openjdk-7-7u121-2.6.8/build/openjdk/hotspot/src/share/vm/prims/jvm.cpp:1322
Event: 1,945 Thread 0x00007f3d2c00a800 Threw 0x00000000ef163788 at /build/openjdk-7-fqDl7t/openjdk-7-7u121-2.6.8/build/openjdk/hotspot/src/share/vm/prims/jvm.cpp:1322
Event: 1,949 Thread 0x00007f3d2c00a800 Threw 0x00000000ef168410 at /build/openjdk-7-fqDl7t/openjdk-7-7u121-2.6.8/build/openjdk/hotspot/src/share/vm/prims/jvm.cpp:1322
Event: 1,966 Thread 0x00007f3d2c00a800 Threw 0x00000000ef187ed8 at /build/openjdk-7-fqDl7t/openjdk-7-7u121-2.6.8/build/openjdk/hotspot/src/share/vm/prims/jvm.cpp:1322
Event: 1,974 Thread 0x00007f3d2c00a800 Threw 0x00000000ef19b778 at /build/openjdk-7-fqDl7t/openjdk-7-7u121-2.6.8/build/openjdk/hotspot/src/share/vm/prims/jvm.cpp:1322
Event: 1,978 Thread 0x00007f3d2c00a800 Threw 0x00000000ef19ec60 at /build/openjdk-7-fqDl7t/openjdk-7-7u121-2.6.8/build/openjdk/hotspot/src/share/vm/prims/jvm.cpp:1322
Event: 1,987 Thread 0x00007f3d2c00a800 Threw 0x00000000ef1a28d0 at /build/openjdk-7-fqDl7t/openjdk-7-7u121-2.6.8/build/openjdk/hotspot/src/share/vm/prims/jvm.cpp:1322

Events (10 events):
Event: 3,419 Executing VM operation: ParallelGCFailedAllocation done
Event: 3,702 Executing VM operation: ParallelGCFailedAllocation
Event: 3,704 Executing VM operation: ParallelGCFailedAllocation done
Event: 3,965 Executing VM operation: ParallelGCFailedAllocation
Event: 3,970 Executing VM operation: ParallelGCFailedAllocation done
Event: 4,100 loading class 0x00007f3d281d1320
Event: 4,100 loading class 0x00007f3d281d1320 done
Event: 4,360 Executing VM operation: EnableBiasedLocking
Event: 4,361 Executing VM operation: EnableBiasedLocking done
Event: 4,454 Executing VM operation: ParallelGCFailedAllocation


Dynamic libraries:
00400000-00401000 r-xp 00000000 08:01 3155548                            /usr/lib/jvm/java-7-openjdk-amd64/jre/bin/java
00600000-00601000 r--p 00000000 08:01 3155548                            /usr/lib/jvm/java-7-openjdk-amd64/jre/bin/java
00601000-00602000 rw-p 00001000 08:01 3155548                            /usr/lib/jvm/java-7-openjdk-amd64/jre/bin/java
01629000-0164a000 rw-p 00000000 00:00 0                                  [heap]
c1a00000-c2f00000 rw-p 00000000 00:00 0 
c2f00000-cc000000 rw-p 00000000 00:00 0 
cc000000-ce280000 rw-p 00000000 00:00 0 
ce280000-eea80000 rw-p 00000000 00:00 0 
eea80000-f9c80000 rw-p 00000000 00:00 0 
7f3cec000000-7f3cec021000 rw-p 00000000 00:00 0 
7f3cec021000-7f3cf0000000 ---p 00000000 00:00 0 
7f3cf4000000-7f3cf42b2000 rw-p 00000000 00:00 0 
7f3cf42b2000-7f3cf8000000 ---p 00000000 00:00 0 
7f3cf8000000-7f3cf8021000 rw-p 00000000 00:00 0 
7f3cf8021000-7f3cfc000000 ---p 00000000 00:00 0 
7f3cfc000000-7f3cfc021000 rw-p 00000000 00:00 0 
7f3cfc021000-7f3d00000000 ---p 00000000 00:00 0 
7f3d00000000-7f3d00628000 rw-p 00000000 00:00 0 
7f3d00628000-7f3d04000000 ---p 00000000 00:00 0 
7f3d04000000-7f3d04021000 rw-p 00000000 00:00 0 
7f3d04021000-7f3d08000000 ---p 00000000 00:00 0 
7f3d08000000-7f3d08021000 rw-p 00000000 00:00 0 
7f3d08021000-7f3d0c000000 ---p 00000000 00:00 0 
7f3d0c000000-7f3d0c021000 rw-p 00000000 00:00 0 
7f3d0c021000-7f3d10000000 ---p 00000000 00:00 0 
7f3d10000000-7f3d10021000 rw-p 00000000 00:00 0 
7f3d10021000-7f3d14000000 ---p 00000000 00:00 0 
7f3d14000000-7f3d14021000 rw-p 00000000 00:00 0 
7f3d14021000-7f3d18000000 ---p 00000000 00:00 0 
7f3d1a750000-7f3d1a781000 rw-p 00000000 00:00 0 
7f3d1a781000-7f3d1a7be000 r-xp 00000000 08:01 2756625                    /lib/x86_64-linux-gnu/libpcre.so.3.13.1
7f3d1a7be000-7f3d1a9bd000 ---p 0003d000 08:01 2756625                    /lib/x86_64-linux-gnu/libpcre.so.3.13.1
7f3d1a9bd000-7f3d1a9be000 r--p 0003c000 08:01 2756625                    /lib/x86_64-linux-gnu/libpcre.so.3.13.1
7f3d1a9be000-7f3d1a9bf000 rw-p 0003d000 08:01 2756625                    /lib/x86_64-linux-gnu/libpcre.so.3.13.1
7f3d1a9bf000-7f3d1a9c6000 r-xp 00000000 08:01 3146096                    /usr/lib/x86_64-linux-gnu/libffi.so.6.0.1
7f3d1a9c6000-7f3d1abc5000 ---p 00007000 08:01 3146096                    /usr/lib/x86_64-linux-gnu/libffi.so.6.0.1
7f3d1abc5000-7f3d1abc6000 r--p 00006000 08:01 3146096                    /usr/lib/x86_64-linux-gnu/libffi.so.6.0.1
7f3d1abc6000-7f3d1abc7000 rw-p 00007000 08:01 3146096                    /usr/lib/x86_64-linux-gnu/libffi.so.6.0.1
7f3d1abc7000-7f3d1abde000 r-xp 00000000 08:01 2752516                    /lib/x86_64-linux-gnu/libresolv-2.19.so
7f3d1abde000-7f3d1adde000 ---p 00017000 08:01 2752516                    /lib/x86_64-linux-gnu/libresolv-2.19.so
7f3d1adde000-7f3d1addf000 r--p 00017000 08:01 2752516                    /lib/x86_64-linux-gnu/libresolv-2.19.so
7f3d1addf000-7f3d1ade0000 rw-p 00018000 08:01 2752516                    /lib/x86_64-linux-gnu/libresolv-2.19.so
7f3d1ade0000-7f3d1ade2000 rw-p 00000000 00:00 0 
7f3d1ade2000-7f3d1ae02000 r-xp 00000000 08:01 2756767                    /lib/x86_64-linux-gnu/libselinux.so.1
7f3d1ae02000-7f3d1b001000 ---p 00020000 08:01 2756767                    /lib/x86_64-linux-gnu/libselinux.so.1
7f3d1b001000-7f3d1b002000 r--p 0001f000 08:01 2756767                    /lib/x86_64-linux-gnu/libselinux.so.1
7f3d1b002000-7f3d1b003000 rw-p 00020000 08:01 2756767                    /lib/x86_64-linux-gnu/libselinux.so.1
7f3d1b003000-7f3d1b005000 rw-p 00000000 00:00 0 
7f3d1b005000-7f3d1b008000 r-xp 00000000 08:01 3153259                    /usr/lib/x86_64-linux-gnu/libgmodule-2.0.so.0.4002.0
7f3d1b008000-7f3d1b207000 ---p 00003000 08:01 3153259                    /usr/lib/x86_64-linux-gnu/libgmodule-2.0.so.0.4002.0
7f3d1b207000-7f3d1b208000 r--p 00002000 08:01 3153259                    /usr/lib/x86_64-linux-gnu/libgmodule-2.0.so.0.4002.0
7f3d1b208000-7f3d1b209000 rw-p 00003000 08:01 3153259                    /usr/lib/x86_64-linux-gnu/libgmodule-2.0.so.0.4002.0
7f3d1b209000-7f3d1b30f000 r-xp 00000000 08:01 2756673                    /lib/x86_64-linux-gnu/libglib-2.0.so.0.4002.0
7f3d1b30f000-7f3d1b50e000 ---p 00106000 08:01 2756673                    /lib/x86_64-linux-gnu/libglib-2.0.so.0.4002.0
7f3d1b50e000-7f3d1b50f000 r--p 00105000 08:01 2756673                    /lib/x86_64-linux-gnu/libglib-2.0.so.0.4002.0
7f3d1b50f000-7f3d1b510000 rw-p 00106000 08:01 2756673                    /lib/x86_64-linux-gnu/libglib-2.0.so.0.4002.0
7f3d1b510000-7f3d1b511000 rw-p 00000000 00:00 0 
7f3d1b511000-7f3d1b560000 r-xp 00000000 08:01 3153275                    /usr/lib/x86_64-linux-gnu/libgobject-2.0.so.0.4002.0
7f3d1b560000-7f3d1b760000 ---p 0004f000 08:01 3153275                    /usr/lib/x86_64-linux-gnu/libgobject-2.0.so.0.4002.0
7f3d1b760000-7f3d1b761000 r--p 0004f000 08:01 3153275                    /usr/lib/x86_64-linux-gnu/libgobject-2.0.so.0.4002.0
7f3d1b761000-7f3d1b762000 rw-p 00050000 08:01 3153275                    /usr/lib/x86_64-linux-gnu/libgobject-2.0.so.0.4002.0
7f3d1b762000-7f3d1b8ce000 r-xp 00000000 08:01 3153245                    /usr/lib/x86_64-linux-gnu/libgio-2.0.so.0.4002.0
7f3d1b8ce000-7f3d1bacd000 ---p 0016c000 08:01 3153245                    /usr/lib/x86_64-linux-gnu/libgio-2.0.so.0.4002.0
7f3d1bacd000-7f3d1bad1000 r--p 0016b000 08:01 3153245                    /usr/lib/x86_64-linux-gnu/libgio-2.0.so.0.4002.0
7f3d1bad1000-7f3d1bad3000 rw-p 0016f000 08:01 3153245                    /usr/lib/x86_64-linux-gnu/libgio-2.0.so.0.4002.0
7f3d1bad3000-7f3d1bad5000 rw-p 00000000 00:00 0 
7f3d1bad5000-7f3d1baec000 r-xp 00000000 08:01 3155475                    /usr/lib/jvm/java-7-openjdk-amd64/jre/lib/amd64/libnet.so
7f3d1baec000-7f3d1bceb000 ---p 00017000 08:01 3155475                    /usr/lib/jvm/java-7-openjdk-amd64/jre/lib/amd64/libnet.so
7f3d1bceb000-7f3d1bcec000 r--p 00016000 08:01 3155475                    /usr/lib/jvm/java-7-openjdk-amd64/jre/lib/amd64/libnet.so
7f3d1bcec000-7f3d1bced000 rw-p 00017000 08:01 3155475                    /usr/lib/jvm/java-7-openjdk-amd64/jre/lib/amd64/libnet.so
7f3d1bced000-7f3d1bcfd000 r-xp 00000000 08:01 3152632                    /usr/lib/jvm/java-7-openjdk-amd64/jre/lib/amd64/libnio.so
7f3d1bcfd000-7f3d1befd000 ---p 00010000 08:01 3152632                    /usr/lib/jvm/java-7-openjdk-amd64/jre/lib/amd64/libnio.so
7f3d1befd000-7f3d1befe000 r--p 00010000 08:01 3152632                    /usr/lib/jvm/java-7-openjdk-amd64/jre/lib/amd64/libnio.so
7f3d1befe000-7f3d1beff000 rw-p 00011000 08:01 3152632                    /usr/lib/jvm/java-7-openjdk-amd64/jre/lib/amd64/libnio.so
7f3d1beff000-7f3d1bf00000 ---p 00000000 00:00 0 
7f3d1bf00000-7f3d1c000000 rw-p 00000000 00:00 0                          [stack:9633]
7f3d1c000000-7f3d1c021000 rw-p 00000000 00:00 0 
7f3d1c021000-7f3d20000000 ---p 00000000 00:00 0 
7f3d2002b000-7f3d2002e000 ---p 00000000 00:00 0 
7f3d2002e000-7f3d2012c000 rw-p 00000000 00:00 0                          [stack:9632]
7f3d2012c000-7f3d2012f000 ---p 00000000 00:00 0 
7f3d2012f000-7f3d2022d000 rw-p 00000000 00:00 0                          [stack:9631]
7f3d2022d000-7f3d20230000 ---p 00000000 00:00 0 
7f3d20230000-7f3d2032e000 rw-p 00000000 00:00 0                          [stack:9630]
7f3d2032e000-7f3d20331000 ---p 00000000 00:00 0 
7f3d20331000-7f3d2042f000 rw-p 00000000 00:00 0                          [stack:9629]
7f3d2042f000-7f3d20d0b000 r--p 00000000 08:01 3148861                    /usr/lib/locale/locale-archive
7f3d20d0b000-7f3d20d0e000 ---p 00000000 00:00 0 
7f3d20d0e000-7f3d20e0c000 rw-p 00000000 00:00 0                          [stack:9628]
7f3d20e0c000-7f3d20e0f000 ---p 00000000 00:00 0 
7f3d20e0f000-7f3d20f0d000 rw-p 00000000 00:00 0                          [stack:9627]
7f3d20f0d000-7f3d20f0e000 ---p 00000000 00:00 0 
7f3d20f0e000-7f3d21f1d000 rw-p 00000000 00:00 0                          [stack:9626]
7f3d21f1d000-7f3d220d0000 r--s 01d49000 08:01 3155504                    /usr/lib/jvm/java-7-openjdk-amd64/jre/lib/rt.jar
7f3d220d0000-7f3d24000000 rw-p 00000000 00:00 0 
7f3d24000000-7f3d24021000 rw-p 00000000 00:00 0 
7f3d24021000-7f3d28000000 ---p 00000000 00:00 0 
7f3d28004000-7f3d28005000 rw-p 00000000 00:00 0 
7f3d28005000-7f3d2800f000 r--s 000ae000 08:01 3148563                    /usr/lib/jvm/java-7-openjdk-amd64/jre/lib/resources.jar
7f3d2800f000-7f3d2802d000 r--s 001c8000 08:01 1444773                    /home/audreyazura/Documents/Project/Tools/netbeans-8.1/extide/ant/lib/ant.jar
7f3d2802d000-7f3d28036000 r--s 00044000 08:01 1449897                    /home/audreyazura/Documents/Project/libupsystem/lib/junit_4/junit-4.12.jar
7f3d28036000-7f3d283e8000 rw-p 00000000 00:00 0 
7f3d283e8000-7f3d283e9000 ---p 00000000 00:00 0 
7f3d283e9000-7f3d284e9000 rw-p 00000000 00:00 0                          [stack:9625]
7f3d284e9000-7f3d284ea000 ---p 00000000 00:00 0 
7f3d284ea000-7f3d285ea000 rw-p 00000000 00:00 0                          [stack:9624]
7f3d285ea000-7f3d285eb000 ---p 00000000 00:00 0 
7f3d285eb000-7f3d286eb000 rw-p 00000000 00:00 0                          [stack:9623]
7f3d286eb000-7f3d286ec000 ---p 00000000 00:00 0 
7f3d286ec000-7f3d287f7000 rw-p 00000000 00:00 0                          [stack:9622]
7f3d287f7000-7f3d2883f000 rw-p 00000000 00:00 0 
7f3d2883f000-7f3d28851000 rw-p 00000000 00:00 0 
7f3d28851000-7f3d28954000 rw-p 00000000 00:00 0 
7f3d28954000-7f3d289ae000 rw-p 00000000 00:00 0 
7f3d289ae000-7f3d289df000 rw-p 00000000 00:00 0 
7f3d289df000-7f3d289e0000 rw-p 00000000 00:00 0 
7f3d289e0000-7f3d28c50000 rwxp 00000000 00:00 0 
7f3d28c50000-7f3d2b9e0000 rw-p 00000000 00:00 0 
7f3d2b9e0000-7f3d2b9e8000 r-xp 00000000 08:01 3155066                    /usr/lib/jvm/java-7-openjdk-amd64/jre/lib/amd64/libzip.so
7f3d2b9e8000-7f3d2bbe7000 ---p 00008000 08:01 3155066                    /usr/lib/jvm/java-7-openjdk-amd64/jre/lib/amd64/libzip.so
7f3d2bbe7000-7f3d2bbe8000 r--p 00007000 08:01 3155066                    /usr/lib/jvm/java-7-openjdk-amd64/jre/lib/amd64/libzip.so
7f3d2bbe8000-7f3d2bbe9000 rw-p 00008000 08:01 3155066                    /usr/lib/jvm/java-7-openjdk-amd64/jre/lib/amd64/libzip.so
7f3d2bbe9000-7f3d2bbf3000 r-xp 00000000 08:01 2752570                    /lib/x86_64-linux-gnu/libnss_files-2.19.so
7f3d2bbf3000-7f3d2bdf2000 ---p 0000a000 08:01 2752570                    /lib/x86_64-linux-gnu/libnss_files-2.19.so
7f3d2bdf2000-7f3d2bdf3000 r--p 00009000 08:01 2752570                    /lib/x86_64-linux-gnu/libnss_files-2.19.so
7f3d2bdf3000-7f3d2bdf4000 rw-p 0000a000 08:01 2752570                    /lib/x86_64-linux-gnu/libnss_files-2.19.so
7f3d2bdf4000-7f3d2bdff000 r-xp 00000000 08:01 2752562                    /lib/x86_64-linux-gnu/libnss_nis-2.19.so
7f3d2bdff000-7f3d2bffe000 ---p 0000b000 08:01 2752562                    /lib/x86_64-linux-gnu/libnss_nis-2.19.so
7f3d2bffe000-7f3d2bfff000 r--p 0000a000 08:01 2752562                    /lib/x86_64-linux-gnu/libnss_nis-2.19.so
7f3d2bfff000-7f3d2c000000 rw-p 0000b000 08:01 2752562                    /lib/x86_64-linux-gnu/libnss_nis-2.19.so
7f3d2c000000-7f3d2c235000 rw-p 00000000 00:00 0 
7f3d2c235000-7f3d30000000 ---p 00000000 00:00 0 
7f3d30000000-7f3d30002000 r--s 00002000 08:01 1444758                    /home/audreyazura/Documents/Project/Tools/netbeans-8.1/extide/ant/lib/ant-junit4.jar
7f3d30002000-7f3d30005000 r--s 0001a000 08:01 1444760                    /home/audreyazura/Documents/Project/Tools/netbeans-8.1/extide/ant/lib/ant-junit.jar
7f3d30005000-7f3d30038000 rw-p 00000000 00:00 0 
7f3d30038000-7f3d30080000 rw-p 00000000 00:00 0 
7f3d30080000-7f3d30092000 rw-p 00000000 00:00 0 
7f3d30092000-7f3d30196000 rw-p 00000000 00:00 0 
7f3d30196000-7f3d301ad000 r-xp 00000000 08:01 2752558                    /lib/x86_64-linux-gnu/libnsl-2.19.so
7f3d301ad000-7f3d303ac000 ---p 00017000 08:01 2752558                    /lib/x86_64-linux-gnu/libnsl-2.19.so
7f3d303ac000-7f3d303ad000 r--p 00016000 08:01 2752558                    /lib/x86_64-linux-gnu/libnsl-2.19.so
7f3d303ad000-7f3d303ae000 rw-p 00017000 08:01 2752558                    /lib/x86_64-linux-gnu/libnsl-2.19.so
7f3d303ae000-7f3d303b0000 rw-p 00000000 00:00 0 
7f3d303b0000-7f3d303b9000 r-xp 00000000 08:01 2752557                    /lib/x86_64-linux-gnu/libnss_compat-2.19.so
7f3d303b9000-7f3d305b8000 ---p 00009000 08:01 2752557                    /lib/x86_64-linux-gnu/libnss_compat-2.19.so
7f3d305b8000-7f3d305b9000 r--p 00008000 08:01 2752557                    /lib/x86_64-linux-gnu/libnss_compat-2.19.so
7f3d305b9000-7f3d305ba000 rw-p 00009000 08:01 2752557                    /lib/x86_64-linux-gnu/libnss_compat-2.19.so
7f3d305ba000-7f3d305e4000 r-xp 00000000 08:01 3152636                    /usr/lib/jvm/java-7-openjdk-amd64/jre/lib/amd64/libjava.so
7f3d305e4000-7f3d307e4000 ---p 0002a000 08:01 3152636                    /usr/lib/jvm/java-7-openjdk-amd64/jre/lib/amd64/libjava.so
7f3d307e4000-7f3d307e5000 r--p 0002a000 08:01 3152636                    /usr/lib/jvm/java-7-openjdk-amd64/jre/lib/amd64/libjava.so
7f3d307e5000-7f3d307e7000 rw-p 0002b000 08:01 3152636                    /usr/lib/jvm/java-7-openjdk-amd64/jre/lib/amd64/libjava.so
7f3d307e7000-7f3d307f7000 r-xp 00000000 08:01 3155494                    /usr/lib/jvm/java-7-openjdk-amd64/jre/lib/amd64/libverify.so
7f3d307f7000-7f3d309f6000 ---p 00010000 08:01 3155494                    /usr/lib/jvm/java-7-openjdk-amd64/jre/lib/amd64/libverify.so
7f3d309f6000-7f3d309f8000 r--p 0000f000 08:01 3155494                    /usr/lib/jvm/java-7-openjdk-amd64/jre/lib/amd64/libverify.so
7f3d309f8000-7f3d309f9000 rw-p 00011000 08:01 3155494                    /usr/lib/jvm/java-7-openjdk-amd64/jre/lib/amd64/libverify.so
7f3d309f9000-7f3d30a00000 r-xp 00000000 08:01 2752566                    /lib/x86_64-linux-gnu/librt-2.19.so
7f3d30a00000-7f3d30bff000 ---p 00007000 08:01 2752566                    /lib/x86_64-linux-gnu/librt-2.19.so
7f3d30bff000-7f3d30c00000 r--p 00006000 08:01 2752566                    /lib/x86_64-linux-gnu/librt-2.19.so
7f3d30c00000-7f3d30c01000 rw-p 00007000 08:01 2752566                    /lib/x86_64-linux-gnu/librt-2.19.so
7f3d30c01000-7f3d30c17000 r-xp 00000000 08:01 2756650                    /lib/x86_64-linux-gnu/libgcc_s.so.1
7f3d30c17000-7f3d30e16000 ---p 00016000 08:01 2756650                    /lib/x86_64-linux-gnu/libgcc_s.so.1
7f3d30e16000-7f3d30e17000 rw-p 00015000 08:01 2756650                    /lib/x86_64-linux-gnu/libgcc_s.so.1
7f3d30e17000-7f3d30f1c000 r-xp 00000000 08:01 2752530                    /lib/x86_64-linux-gnu/libm-2.19.so
7f3d30f1c000-7f3d3111b000 ---p 00105000 08:01 2752530                    /lib/x86_64-linux-gnu/libm-2.19.so
7f3d3111b000-7f3d3111c000 r--p 00104000 08:01 2752530                    /lib/x86_64-linux-gnu/libm-2.19.so
7f3d3111c000-7f3d3111d000 rw-p 00105000 08:01 2752530                    /lib/x86_64-linux-gnu/libm-2.19.so
7f3d3111d000-7f3d31223000 r-xp 00000000 08:01 3147884                    /usr/lib/x86_64-linux-gnu/libstdc++.so.6.0.22
7f3d31223000-7f3d31422000 ---p 00106000 08:01 3147884                    /usr/lib/x86_64-linux-gnu/libstdc++.so.6.0.22
7f3d31422000-7f3d3142a000 r--p 00105000 08:01 3147884                    /usr/lib/x86_64-linux-gnu/libstdc++.so.6.0.22
7f3d3142a000-7f3d3142c000 rw-p 0010d000 08:01 3147884                    /usr/lib/x86_64-linux-gnu/libstdc++.so.6.0.22
7f3d3142c000-7f3d3142f000 rw-p 00000000 00:00 0 
7f3d3142f000-7f3d31f5d000 r-xp 00000000 08:01 3154760                    /usr/lib/jvm/java-7-openjdk-amd64/jre/lib/amd64/server/libjvm.so
7f3d31f5d000-7f3d3215d000 ---p 00b2e000 08:01 3154760                    /usr/lib/jvm/java-7-openjdk-amd64/jre/lib/amd64/server/libjvm.so
7f3d3215d000-7f3d321f7000 r--p 00b2e000 08:01 3154760                    /usr/lib/jvm/java-7-openjdk-amd64/jre/lib/amd64/server/libjvm.so
7f3d321f7000-7f3d3221a000 rw-p 00bc8000 08:01 3154760                    /usr/lib/jvm/java-7-openjdk-amd64/jre/lib/amd64/server/libjvm.so
7f3d3221a000-7f3d32249000 rw-p 00000000 00:00 0 
7f3d32249000-7f3d32261000 r-xp 00000000 08:01 2756797                    /lib/x86_64-linux-gnu/libz.so.1.2.8
7f3d32261000-7f3d32460000 ---p 00018000 08:01 2756797                    /lib/x86_64-linux-gnu/libz.so.1.2.8
7f3d32460000-7f3d32461000 r--p 00017000 08:01 2756797                    /lib/x86_64-linux-gnu/libz.so.1.2.8
7f3d32461000-7f3d32462000 rw-p 00018000 08:01 2756797                    /lib/x86_64-linux-gnu/libz.so.1.2.8
7f3d32462000-7f3d3247b000 r-xp 00000000 08:01 2752559                    /lib/x86_64-linux-gnu/libpthread-2.19.so
7f3d3247b000-7f3d3267a000 ---p 00019000 08:01 2752559                    /lib/x86_64-linux-gnu/libpthread-2.19.so
7f3d3267a000-7f3d3267b000 r--p 00018000 08:01 2752559                    /lib/x86_64-linux-gnu/libpthread-2.19.so
7f3d3267b000-7f3d3267c000 rw-p 00019000 08:01 2752559                    /lib/x86_64-linux-gnu/libpthread-2.19.so
7f3d3267c000-7f3d32680000 rw-p 00000000 00:00 0 
7f3d32680000-7f3d32683000 r-xp 00000000 08:01 2752539                    /lib/x86_64-linux-gnu/libdl-2.19.so
7f3d32683000-7f3d32882000 ---p 00003000 08:01 2752539                    /lib/x86_64-linux-gnu/libdl-2.19.so
7f3d32882000-7f3d32883000 r--p 00002000 08:01 2752539                    /lib/x86_64-linux-gnu/libdl-2.19.so
7f3d32883000-7f3d32884000 rw-p 00003000 08:01 2752539                    /lib/x86_64-linux-gnu/libdl-2.19.so
7f3d32884000-7f3d32a3e000 r-xp 00000000 08:01 2752567                    /lib/x86_64-linux-gnu/libc-2.19.so
7f3d32a3e000-7f3d32c3e000 ---p 001ba000 08:01 2752567                    /lib/x86_64-linux-gnu/libc-2.19.so
7f3d32c3e000-7f3d32c42000 r--p 001ba000 08:01 2752567                    /lib/x86_64-linux-gnu/libc-2.19.so
7f3d32c42000-7f3d32c44000 rw-p 001be000 08:01 2752567                    /lib/x86_64-linux-gnu/libc-2.19.so
7f3d32c44000-7f3d32c49000 rw-p 00000000 00:00 0 
7f3d32c49000-7f3d32c56000 r-xp 00000000 08:01 3152640                    /usr/lib/jvm/java-7-openjdk-amd64/jre/lib/amd64/jli/libjli.so
7f3d32c56000-7f3d32e55000 ---p 0000d000 08:01 3152640                    /usr/lib/jvm/java-7-openjdk-amd64/jre/lib/amd64/jli/libjli.so
7f3d32e55000-7f3d32e56000 r--p 0000c000 08:01 3152640                    /usr/lib/jvm/java-7-openjdk-amd64/jre/lib/amd64/jli/libjli.so
7f3d32e56000-7f3d32e57000 rw-p 0000d000 08:01 3152640                    /usr/lib/jvm/java-7-openjdk-amd64/jre/lib/amd64/jli/libjli.so
7f3d32e57000-7f3d32e7a000 r-xp 00000000 08:01 2752560                    /lib/x86_64-linux-gnu/ld-2.19.so
7f3d32e7a000-7f3d32e7c000 r--s 00009000 08:01 1449889                    /home/audreyazura/Documents/Project/libupsystem/lib/hamcrest/hamcrest-core-1.3.jar
7f3d32e7c000-7f3d32e7f000 r--s 00013000 08:01 1449179                    /home/audreyazura/Documents/Project/libupsystem/lib/commonutils.portable1-0.jar
7f3d32e7f000-7f3d32e82000 r--s 0003d000 08:01 3152622                    /usr/lib/jvm/java-7-openjdk-amd64/jre/lib/ext/sunpkcs11.jar
7f3d32e82000-7f3d32ea0000 rw-p 00000000 00:00 0 
7f3d32ea0000-7f3d32f56000 rw-p 00000000 00:00 0 
7f3d32f56000-7f3d32f59000 ---p 00000000 00:00 0 
7f3d32f59000-7f3d3305c000 rw-p 00000000 00:00 0                          [stack:9621]
7f3d3305c000-7f3d3305d000 r--s 00004000 08:01 1444752                    /home/audreyazura/Documents/Project/Tools/netbeans-8.1/extide/ant/lib/ant-launcher.jar
7f3d3305d000-7f3d33061000 r--s 00085000 08:01 3152619                    /usr/lib/jvm/java-7-openjdk-amd64/jre/lib/ext/localedata.jar
7f3d33061000-7f3d33062000 r--s 00002000 08:01 3152621                    /usr/lib/jvm/java-7-openjdk-amd64/jre/lib/ext/dnsns.jar
7f3d33062000-7f3d33064000 r--s 00006000 08:01 3283851                    /usr/share/java/java-atk-wrapper.jar
7f3d33064000-7f3d33066000 r--s 00012000 08:01 3152620                    /usr/lib/jvm/java-7-openjdk-amd64/jre/lib/ext/zipfs.jar
7f3d33066000-7f3d33069000 r--s 0000f000 08:01 3152623                    /usr/lib/jvm/java-7-openjdk-amd64/jre/lib/ext/icedtea-sound.jar
7f3d33069000-7f3d3306d000 r--s 00034000 08:01 3152618                    /usr/lib/jvm/java-7-openjdk-amd64/jre/lib/ext/sunjce_provider.jar
7f3d3306d000-7f3d33075000 rw-s 00000000 08:01 1835123                    /tmp/hsperfdata_audreyazura/9618
7f3d33075000-7f3d33076000 rw-p 00000000 00:00 0 
7f3d33076000-7f3d33077000 ---p 00000000 00:00 0 
7f3d33077000-7f3d33079000 rw-p 00000000 00:00 0 
7f3d33079000-7f3d3307a000 r--p 00022000 08:01 2752560                    /lib/x86_64-linux-gnu/ld-2.19.so
7f3d3307a000-7f3d3307b000 rw-p 00023000 08:01 2752560                    /lib/x86_64-linux-gnu/ld-2.19.so
7f3d3307b000-7f3d3307c000 rw-p 00000000 00:00 0 
7ffef4e7b000-7ffef4e9c000 rw-p 00000000 00:00 0                          [stack]
7ffef4f5a000-7ffef4f5c000 r-xp 00000000 00:00 0                          [vdso]
7ffef4f5c000-7ffef4f5e000 r--p 00000000 00:00 0                          [vvar]
ffffffffff600000-ffffffffff601000 r-xp 00000000 00:00 0                  [vsyscall]

VM Arguments:
jvm_args: -ea 
java_command: org.apache.tools.ant.taskdefs.optional.junit.JUnitTestRunner org.duckdns.spacedock.upengine.libupsystem.PersoStatDegatsMoyensTest skipNonTests=false filtertrace=true haltOnError=false haltOnFailure=false showoutput=true outputtoformatters=true logfailedtests=true threadid=0 logtestlistenerevents=true formatter=org.apache.tools.ant.taskdefs.optional.junit.BriefJUnitResultFormatter formatter=org.apache.tools.ant.taskdefs.optional.junit.XMLJUnitResultFormatter,/home/audreyazura/Documents/Project/libupsystem/build/test/results/TEST-org.duckdns.spacedock.upengine.libupsystem.PersoStatDegatsMoyensTest.xml crashfile=/home/audreyazura/Documents/Project/libupsystem/build/junitvmwatcher7006628909290508379.properties propsfile=/home/audreyazura/Documents/Project/libupsystem/build/junit4236001482728286116.properties
Launcher Type: SUN_STANDARD

Environment Variables:
JAVA_HOME=/usr/lib/jvm/java-7-openjdk-amd64
PATH=/usr/local/sbin:/usr/local/bin:/usr/sbin:/usr/bin:/sbin:/bin:/usr/games:/usr/local/games:/usr/lib/jvm/java-7-openjdk-amd64/bin:/home/audreyazura/Documents/Project/Tools/netbeans-8.1/extide/ant/bin
LD_LIBRARY_PATH=/usr/lib/jvm/java-7-openjdk-amd64/jre/lib/amd64:/usr/lib/jvm/java-7-openjdk-amd64/jre/lib/i386:
SHELL=/bin/bash
DISPLAY=:0

Signal Handlers:
SIGSEGV: [libjvm.so+0x95e460], sa_mask[0]=0x7ffbfeff, sa_flags=0x10000004
SIGBUS: [libjvm.so+0x95e460], sa_mask[0]=0x7ffbfeff, sa_flags=0x10000004
SIGFPE: [libjvm.so+0x7d2030], sa_mask[0]=0x7ffbfeff, sa_flags=0x10000004
SIGPIPE: [libjvm.so+0x7d2030], sa_mask[0]=0x7ffbfeff, sa_flags=0x10000004
SIGXFSZ: [libjvm.so+0x7d2030], sa_mask[0]=0x7ffbfeff, sa_flags=0x10000004
SIGILL: [libjvm.so+0x7d2030], sa_mask[0]=0x7ffbfeff, sa_flags=0x10000004
SIGUSR1: SIG_DFL, sa_mask[0]=0x00000000, sa_flags=0x00000000
SIGUSR2: [libjvm.so+0x7d2160], sa_mask[0]=0x00000004, sa_flags=0x10000004
SIGHUP: [libjvm.so+0x7d20b0], sa_mask[0]=0x7ffbfeff, sa_flags=0x10000004
SIGINT: SIG_IGN, sa_mask[0]=0x00000000, sa_flags=0x00000000
SIGTERM: [libjvm.so+0x7d20b0], sa_mask[0]=0x7ffbfeff, sa_flags=0x10000004
SIGQUIT: [libjvm.so+0x7d20b0], sa_mask[0]=0x7ffbfeff, sa_flags=0x10000004
SIGTRAP: SIG_DFL, sa_mask[0]=0x00000000, sa_flags=0x00000000


---------------  S Y S T E M  ---------------

OS:Peppermint 6 (trusty)
uname:Linux 3.16.0-77-generic #99~14.04.1-Ubuntu SMP Tue Jun 28 19:17:10 UTC 2016 x86_64
libc:glibc 2.19 NPTL 2.19 
rlimit: STACK 8192k, CORE 0k, NPROC 13224, NOFILE 4096, AS infinity
load average:1,77 0,88 0,77

/proc/meminfo:
MemTotal:        3407836 kB
MemFree:           96808 kB
MemAvailable:      60556 kB
Buffers:             684 kB
Cached:           103984 kB
SwapCached:            0 kB
Active:          3030912 kB
Inactive:          74716 kB
Active(anon):    3004988 kB
Inactive(anon):    48932 kB
Active(file):      25924 kB
Inactive(file):    25784 kB
Unevictable:          64 kB
Mlocked:              64 kB
SwapTotal:             0 kB
SwapFree:              0 kB
Dirty:                40 kB
Writeback:             0 kB
AnonPages:       3002156 kB
Mapped:            98752 kB
Shmem:             51840 kB
Slab:              76952 kB
SReclaimable:      44708 kB
SUnreclaim:        32244 kB
KernelStack:       10208 kB
PageTables:        31848 kB
NFS_Unstable:          0 kB
Bounce:                0 kB
WritebackTmp:          0 kB
CommitLimit:     1703916 kB
Committed_AS:    5702000 kB
VmallocTotal:   34359738367 kB
VmallocUsed:      291412 kB
VmallocChunk:   34359367224 kB
HardwareCorrupted:     0 kB
AnonHugePages:   1974272 kB
HugePages_Total:       0
HugePages_Free:        0
HugePages_Rsvd:        0
HugePages_Surp:        0
Hugepagesize:       2048 kB
DirectMap4k:      138324 kB
DirectMap2M:     3473408 kB
DirectMap1G:           0 kB


CPU:total 4 (4 cores per cpu, 1 threads per core) family 22 model 0 stepping 1, cmov, cx8, fxsr, mmx, sse, sse2, sse3, ssse3, sse4.1, sse4.2, popcnt, avx, aes, mmxext, 3dnowpref, lzcnt, sse4a, tsc, tscinvbit, tscinv

/proc/cpuinfo:
processor	: 0
vendor_id	: AuthenticAMD
cpu family	: 22
model		: 0
model name	: Quad-Core Processor (up to 1.4GHz)
stepping	: 1
microcode	: 0x7000106
cpu MHz		: 1000.000
cache size	: 2048 KB
physical id	: 0
siblings	: 4
core id		: 0
cpu cores	: 4
apicid		: 0
initial apicid	: 0
fpu		: yes
fpu_exception	: yes
cpuid level	: 13
wp		: yes
flags		: fpu vme de pse tsc msr pae mce cx8 apic sep mtrr pge mca cmov pat pse36 clflush mmx fxsr sse sse2 ht syscall nx mmxext fxsr_opt pdpe1gb rdtscp lm constant_tsc rep_good nopl nonstop_tsc extd_apicid aperfmperf eagerfpu pni pclmulqdq monitor ssse3 cx16 sse4_1 sse4_2 movbe popcnt aes xsave avx f16c lahf_lm cmp_legacy svm extapic cr8_legacy abm sse4a misalignsse 3dnowprefetch osvw ibs skinit wdt topoext perfctr_nb perfctr_l2 arat cpb xsaveopt hw_pstate proc_feedback npt lbrv svm_lock nrip_save tsc_scale flushbyasid decodeassists pausefilter pfthreshold vmmcall bmi1
bogomips	: 1996.25
TLB size	: 1024 4K pages
clflush size	: 64
cache_alignment	: 64
address sizes	: 40 bits physical, 48 bits virtual
power management: ts ttp tm 100mhzsteps hwpstate cpb [11]

processor	: 1
vendor_id	: AuthenticAMD
cpu family	: 22
model		: 0
model name	: Quad-Core Processor (up to 1.4GHz)             
stepping	: 1
microcode	: 0x7000106
cpu MHz		: 1000.000
cache size	: 2048 KB
physical id	: 0
siblings	: 4
core id		: 1
cpu cores	: 4
apicid		: 1
initial apicid	: 1
fpu		: yes
fpu_exception	: yes
cpuid level	: 13
wp		: yes
flags		: fpu vme de pse tsc msr pae mce cx8 apic sep mtrr pge mca cmov pat pse36 clflush mmx fxsr sse sse2 ht syscall nx mmxext fxsr_opt pdpe1gb rdtscp lm constant_tsc rep_good nopl nonstop_tsc extd_apicid aperfmperf eagerfpu pni pclmulqdq monitor ssse3 cx16 sse4_1 sse4_2 movbe popcnt aes xsave avx f16c lahf_lm cmp_legacy svm extapic cr8_legacy abm sse4a misalignsse 3dnowprefetch osvw ibs skinit wdt topoext perfctr_nb perfctr_l2 arat cpb xsaveopt hw_pstate proc_feedback npt lbrv svm_lock nrip_save tsc_scale flushbyasid decodeassists pausefilter pfthreshold vmmcall bmi1
bogomips	: 1996.25
TLB size	: 1024 4K pages
clflush size	: 64
cache_alignment	: 64
address sizes	: 40 bits physical, 48 bits virtual
power management: ts ttp tm 100mhzsteps hwpstate cpb [11]

processor	: 2
vendor_id	: AuthenticAMD
cpu family	: 22
model		: 0
model name	: Quad-Core Processor (up to 1.4GHz)             
stepping	: 1
microcode	: 0x7000106
cpu MHz		: 700.000
cache size	: 2048 KB
physical id	: 0
siblings	: 4
core id		: 2
cpu cores	: 4
apicid		: 2
initial apicid	: 2
fpu		: yes
fpu_exception	: yes
cpuid level	: 13
wp		: yes
flags		: fpu vme de pse tsc msr pae mce cx8 apic sep mtrr pge mca cmov pat pse36 clflush mmx fxsr sse sse2 ht syscall nx mmxext fxsr_opt pdpe1gb rdtscp lm constant_tsc rep_good nopl nonstop_tsc extd_apicid aperfmperf eagerfpu pni pclmulqdq monitor ssse3 cx16 sse4_1 sse4_2 movbe popcnt aes xsave avx f16c lahf_lm cmp_legacy svm extapic cr8_legacy abm sse4a misalignsse 3dnowprefetch osvw ibs skinit wdt topoext perfctr_nb perfctr_l2 arat cpb xsaveopt hw_pstate proc_feedback npt lbrv svm_lock nrip_save tsc_scale flushbyasid decodeassists pausefilter pfthreshold vmmcall bmi1
bogomips	: 1996.25
TLB size	: 1024 4K pages
clflush size	: 64
cache_alignment	: 64
address sizes	: 40 bits physical, 48 bits virtual
power management: ts ttp tm 100mhzsteps hwpstate cpb [11]

processor	: 3
vendor_id	: AuthenticAMD
cpu family	: 22
model		: 0
model name	: Quad-Core Processor (up to 1.4GHz)             
stepping	: 1
microcode	: 0x7000106
cpu MHz		: 600.000
cache size	: 2048 KB
physical id	: 0
siblings	: 4
core id		: 3
cpu cores	: 4
apicid		: 3
initial apicid	: 3
fpu		: yes
fpu_exception	: yes
cpuid level	: 13
wp		: yes
flags		: fpu vme de pse tsc msr pae mce cx8 apic sep mtrr pge mca cmov pat pse36 clflush mmx fxsr sse sse2 ht syscall nx mmxext fxsr_opt pdpe1gb rdtscp lm constant_tsc rep_good nopl nonstop_tsc extd_apicid aperfmperf eagerfpu pni pclmulqdq monitor ssse3 cx16 sse4_1 sse4_2 movbe popcnt aes xsave avx f16c lahf_lm cmp_legacy svm extapic cr8_legacy abm sse4a misalignsse 3dnowprefetch osvw ibs skinit wdt topoext perfctr_nb perfctr_l2 arat cpb xsaveopt hw_pstate proc_feedback npt lbrv svm_lock nrip_save tsc_scale flushbyasid decodeassists pausefilter pfthreshold vmmcall bmi1
bogomips	: 1996.25
TLB size	: 1024 4K pages
clflush size	: 64
cache_alignment	: 64
address sizes	: 40 bits physical, 48 bits virtual
power management: ts ttp tm 100mhzsteps hwpstate cpb [11]



Memory: 4k page, physical 3407836k(97084k free), swap 0k(0k free)

vm_info: OpenJDK 64-Bit Server VM (24.121-b00) for linux-amd64 JRE (1.7.0_121-b00), built on Feb  7 2017 18:45:58 by "buildd" with gcc 4.8.4

time: Sat Mar 11 21:29:23 2017
elapsed time: 4 seconds

