#
# There is insufficient memory for the Java Runtime Environment to continue.
# Native memory allocation (malloc) failed to allocate 104333312 bytes for committing reserved memory.
# Possible reasons:
#   The system is out of physical RAM or swap space
#   In 32 bit mode, the process size limit was hit
# Possible solutions:
#   Reduce memory load on the system
#   Increase physical memory or swap space
#   Check if swap backing store is full
#   Use 64 bit Java on a 64 bit OS
#   Decrease Java heap size (-Xmx/-Xms)
#   Decrease number of Java threads
#   Decrease Java thread stack sizes (-Xss)
#   Set larger code cache with -XX:ReservedCodeCacheSize=
# This output file may be truncated or incomplete.
#
#  Out of Memory Error (os_linux.cpp:2827), pid=9601, tid=140052857054976
#
# JRE version: OpenJDK Runtime Environment (7.0_121) (build 1.7.0_121-b00)
# Java VM: OpenJDK 64-Bit Server VM (24.121-b00 mixed mode linux-amd64 compressed oops)
# Derivative: IcedTea 2.6.8
# Distribution: Ubuntu 14.04 LTS, package 7u121-2.6.8-1ubuntu0.14.04.3
# Failed to write core dump. Core dumps have been disabled. To enable core dumping, try "ulimit -c unlimited" before starting Java again
#

---------------  T H R E A D  ---------------

Current thread (0x00007f60a4076000):  VMThread [stack: 0x00007f6098bb6000,0x00007f6098cb7000] [id=9609]

Stack: [0x00007f6098bb6000,0x00007f6098cb7000],  sp=0x00007f6098cb5490,  free space=1021k
Native frames: (J=compiled Java code, j=interpreted, Vv=VM code, C=native code)
V  [libjvm.so+0x95d975]
V  [libjvm.so+0x497ad4]
V  [libjvm.so+0x7d6a6b]
V  [libjvm.so+0x7d142f]
V  [libjvm.so+0x84672b]
V  [libjvm.so+0x8475a0]
V  [libjvm.so+0x847c8b]
V  [libjvm.so+0x843678]
V  [libjvm.so+0x843ee8]
V  [libjvm.so+0x7f9583]
V  [libjvm.so+0x95f384]
V  [libjvm.so+0x963487]
V  [libjvm.so+0x961f48]
V  [libjvm.so+0x9623a9]
V  [libjvm.so+0x9627f2]
V  [libjvm.so+0x7d3862]

VM_Operation (0x00007f60aaccf890): ParallelGCFailedAllocation, mode: safepoint, requested by thread 0x00007f60a400a800


---------------  P R O C E S S  ---------------

Java Threads: ( => current thread )
  0x00007f60a40af800 JavaThread "Service Thread" daemon [_thread_blocked, id=9615, stack(0x00007f6093bfc000,0x00007f6093cfd000)]
  0x00007f60a40ad800 JavaThread "C2 CompilerThread1" daemon [_thread_blocked, id=9614, stack(0x00007f6093cfd000,0x00007f6093dfe000)]
  0x00007f60a40aa800 JavaThread "C2 CompilerThread0" daemon [_thread_blocked, id=9613, stack(0x00007f6093dfe000,0x00007f6093eff000)]
  0x00007f60a40a8000 JavaThread "Signal Dispatcher" daemon [_thread_blocked, id=9612, stack(0x00007f6093eff000,0x00007f6094000000)]
  0x00007f60a407c800 JavaThread "Finalizer" daemon [_thread_blocked, id=9611, stack(0x00007f60989b4000,0x00007f6098ab5000)]
  0x00007f60a407a800 JavaThread "Reference Handler" daemon [_thread_blocked, id=9610, stack(0x00007f6098ab5000,0x00007f6098bb6000)]
  0x00007f60a400a800 JavaThread "main" [_thread_blocked, id=9604, stack(0x00007f60aabd1000,0x00007f60aacd2000)]

Other Threads:
=>0x00007f60a4076000 VMThread [stack: 0x00007f6098bb6000,0x00007f6098cb7000] [id=9609]
  0x00007f60a40ba800 WatcherThread [stack: 0x00007f6093afb000,0x00007f6093bfc000] [id=9616]

VM state:at safepoint (normal execution)

VM Mutex/Monitor currently owned by a thread:  ([mutex/lock_event])
[0x00007f60a4006f80] Threads_lock - owner thread: 0x00007f60a4076000
[0x00007f60a4007480] Heap_lock - owner thread: 0x00007f60a400a800

Heap
 PSYoungGen      total 179712K, used 32K [0x00000000eea80000, 0x00000000f9c80000, 0x0000000100000000)
  eden space 177152K, 0% used [0x00000000eea80000,0x00000000eea80000,0x00000000f9780000)
  from space 2560K, 1% used [0x00000000f9780000,0x00000000f9788000,0x00000000f9a00000)
  to   space 2560K, 0% used [0x00000000f9a00000,0x00000000f9a00000,0x00000000f9c80000)
 ParOldGen       total 35328K, used 1386K [0x00000000cc000000, 0x00000000ce280000, 0x00000000eea80000)
  object space 35328K, 3% used [0x00000000cc000000,0x00000000cc15aa40,0x00000000ce280000)
 PSPermGen       total 21504K, used 7294K [0x00000000c1a00000, 0x00000000c2f00000, 0x00000000cc000000)
  object space 21504K, 33% used [0x00000000c1a00000,0x00000000c211fa58,0x00000000c2f00000)

Card table byte_map: [0x00007f60a05d2000,0x00007f60a07c6000] byte_map_base: 0x00007f609ffc5000

Polling page: 0x00007f60aacf1000

Code Cache  [0x00007f60a07c6000, 0x00007f60a0a36000, 0x00007f60a37c6000)
 total_blobs=422 nmethods=154 adapters=223 free_code_cache=48467Kb largest_free_block=49598976

Compilation events (10 events):
Event: 4,337 Thread 0x00007f60a40ad800 nmethod 150 0x00007f60a0875410 code [0x00007f60a0875580, 0x00007f60a0875678]
Event: 4,337 Thread 0x00007f60a40ad800  151             org.duckdns.spacedock.upengine.libupsystem.RollUtils$RollResult::<init> (20 bytes)
Event: 4,338 Thread 0x00007f60a40aa800 nmethod 148 0x00007f60a0875950 code [0x00007f60a0875ae0, 0x00007f60a0875ce8]
Event: 4,338 Thread 0x00007f60a40aa800  152             org.duckdns.spacedock.upengine.libupsystem.RollUtils$RollResult::getScoreBrut (5 bytes)
Event: 4,338 Thread 0x00007f60a40aa800 nmethod 152 0x00007f60a0870150 code [0x00007f60a0870280, 0x00007f60a08702d8]
Event: 4,338 Thread 0x00007f60a40ad800 nmethod 151 0x00007f60a0875750 code [0x00007f60a0875880, 0x00007f60a08758d8]
Event: 4,338 Thread 0x00007f60a40aa800  153             org.duckdns.spacedock.upengine.libupsystem.Perso::getBlessuresGraves (8 bytes)
Event: 4,338 Thread 0x00007f60a40ad800  154             org.duckdns.spacedock.upengine.libupsystem.CoupleJauge::getRemplissage_interne (5 bytes)
Event: 4,339 Thread 0x00007f60a40ad800 nmethod 154 0x00007f60a0875f90 code [0x00007f60a08760c0, 0x00007f60a0876118]
Event: 4,339 Thread 0x00007f60a40aa800 nmethod 153 0x00007f60a0867cd0 code [0x00007f60a0867e00, 0x00007f60a0867e78]

GC Heap History (10 events):
Event: 3,170 GC heap after
Heap after GC invocations=6 (full 0):
 PSYoungGen      total 56832K, used 1360K [0x00000000eea80000, 0x00000000f2480000, 0x0000000100000000)
  eden space 55296K, 0% used [0x00000000eea80000,0x00000000eea80000,0x00000000f2080000)
  from space 1536K, 88% used [0x00000000f2300000,0x00000000f2454020,0x00000000f2480000)
  to   space 2048K, 0% used [0x00000000f2080000,0x00000000f2080000,0x00000000f2280000)
 ParOldGen       total 35328K, used 88K [0x00000000cc000000, 0x00000000ce280000, 0x00000000eea80000)
  object space 35328K, 0% used [0x00000000cc000000,0x00000000cc016380,0x00000000ce280000)
 PSPermGen       total 21504K, used 7279K [0x00000000c1a00000, 0x00000000c2f00000, 0x00000000cc000000)
  object space 21504K, 33% used [0x00000000c1a00000,0x00000000c211bfe0,0x00000000c2f00000)
}
Event: 3,332 GC heap before
{Heap before GC invocations=7 (full 0):
 PSYoungGen      total 56832K, used 56656K [0x00000000eea80000, 0x00000000f2480000, 0x0000000100000000)
  eden space 55296K, 100% used [0x00000000eea80000,0x00000000f2080000,0x00000000f2080000)
  from space 1536K, 88% used [0x00000000f2300000,0x00000000f2454020,0x00000000f2480000)
  to   space 2048K, 0% used [0x00000000f2080000,0x00000000f2080000,0x00000000f2280000)
 ParOldGen       total 35328K, used 88K [0x00000000cc000000, 0x00000000ce280000, 0x00000000eea80000)
  object space 35328K, 0% used [0x00000000cc000000,0x00000000cc016380,0x00000000ce280000)
 PSPermGen       total 21504K, used 7281K [0x00000000c1a00000, 0x00000000c2f00000, 0x00000000cc000000)
  object space 21504K, 33% used [0x00000000c1a00000,0x00000000c211c6c8,0x00000000c2f00000)
Event: 3,338 GC heap after
Heap after GC invocations=7 (full 0):
 PSYoungGen      total 57344K, used 128K [0x00000000eea80000, 0x00000000f5b80000, 0x0000000100000000)
  eden space 55296K, 0% used [0x00000000eea80000,0x00000000eea80000,0x00000000f2080000)
  from space 2048K, 6% used [0x00000000f2080000,0x00000000f20a0000,0x00000000f2280000)
  to   space 2560K, 0% used [0x00000000f5900000,0x00000000f5900000,0x00000000f5b80000)
 ParOldGen       total 35328K, used 1346K [0x00000000cc000000, 0x00000000ce280000, 0x00000000eea80000)
  object space 35328K, 3% used [0x00000000cc000000,0x00000000cc150a40,0x00000000ce280000)
 PSPermGen       total 21504K, used 7281K [0x00000000c1a00000, 0x00000000c2f00000, 0x00000000cc000000)
  object space 21504K, 33% used [0x00000000c1a00000,0x00000000c211c6c8,0x00000000c2f00000)
}
Event: 3,474 GC heap before
{Heap before GC invocations=8 (full 0):
 PSYoungGen      total 57344K, used 55424K [0x00000000eea80000, 0x00000000f5b80000, 0x0000000100000000)
  eden space 55296K, 100% used [0x00000000eea80000,0x00000000f2080000,0x00000000f2080000)
  from space 2048K, 6% used [0x00000000f2080000,0x00000000f20a0000,0x00000000f2280000)
  to   space 2560K, 0% used [0x00000000f5900000,0x00000000f5900000,0x00000000f5b80000)
 ParOldGen       total 35328K, used 1346K [0x00000000cc000000, 0x00000000ce280000, 0x00000000eea80000)
  object space 35328K, 3% used [0x00000000cc000000,0x00000000cc150a40,0x00000000ce280000)
 PSPermGen       total 21504K, used 7293K [0x00000000c1a00000, 0x00000000c2f00000, 0x00000000cc000000)
  object space 21504K, 33% used [0x00000000c1a00000,0x00000000c211f740,0x00000000c2f00000)
Event: 3,479 GC heap after
Heap after GC invocations=8 (full 0):
 PSYoungGen      total 113152K, used 128K [0x00000000eea80000, 0x00000000f5b80000, 0x0000000100000000)
  eden space 110592K, 0% used [0x00000000eea80000,0x00000000eea80000,0x00000000f5680000)
  from space 2560K, 5% used [0x00000000f5900000,0x00000000f5920000,0x00000000f5b80000)
  to   space 2560K, 0% used [0x00000000f5680000,0x00000000f5680000,0x00000000f5900000)
 ParOldGen       total 35328K, used 1362K [0x00000000cc000000, 0x00000000ce280000, 0x00000000eea80000)
  object space 35328K, 3% used [0x00000000cc000000,0x00000000cc154a40,0x00000000ce280000)
 PSPermGen       total 21504K, used 7293K [0x00000000c1a00000, 0x00000000c2f00000, 0x00000000cc000000)
  object space 21504K, 33% used [0x00000000c1a00000,0x00000000c211f740,0x00000000c2f00000)
}
Event: 3,809 GC heap before
{Heap before GC invocations=9 (full 0):
 PSYoungGen      total 113152K, used 110720K [0x00000000eea80000, 0x00000000f5b80000, 0x0000000100000000)
  eden space 110592K, 100% used [0x00000000eea80000,0x00000000f5680000,0x00000000f5680000)
  from space 2560K, 5% used [0x00000000f5900000,0x00000000f5920000,0x00000000f5b80000)
  to   space 2560K, 0% used [0x00000000f5680000,0x00000000f5680000,0x00000000f5900000)
 ParOldGen       total 35328K, used 1362K [0x00000000cc000000, 0x00000000ce280000, 0x00000000eea80000)
  object space 35328K, 3% used [0x00000000cc000000,0x00000000cc154a40,0x00000000ce280000)
 PSPermGen       total 21504K, used 7293K [0x00000000c1a00000, 0x00000000c2f00000, 0x00000000cc000000)
  object space 21504K, 33% used [0x00000000c1a00000,0x00000000c211f740,0x00000000c2f00000)
Event: 3,811 GC heap after
Heap after GC invocations=9 (full 0):
 PSYoungGen      total 113152K, used 64K [0x00000000eea80000, 0x00000000f9c80000, 0x0000000100000000)
  eden space 110592K, 0% used [0x00000000eea80000,0x00000000eea80000,0x00000000f5680000)
  from space 2560K, 2% used [0x00000000f5680000,0x00000000f5690000,0x00000000f5900000)
  to   space 2560K, 0% used [0x00000000f9a00000,0x00000000f9a00000,0x00000000f9c80000)
 ParOldGen       total 35328K, used 1370K [0x00000000cc000000, 0x00000000ce280000, 0x00000000eea80000)
  object space 35328K, 3% used [0x00000000cc000000,0x00000000cc156a40,0x00000000ce280000)
 PSPermGen       total 21504K, used 7293K [0x00000000c1a00000, 0x00000000c2f00000, 0x00000000cc000000)
  object space 21504K, 33% used [0x00000000c1a00000,0x00000000c211f740,0x00000000c2f00000)
}
Event: 4,066 GC heap before
{Heap before GC invocations=10 (full 0):
 PSYoungGen      total 113152K, used 110656K [0x00000000eea80000, 0x00000000f9c80000, 0x0000000100000000)
  eden space 110592K, 100% used [0x00000000eea80000,0x00000000f5680000,0x00000000f5680000)
  from space 2560K, 2% used [0x00000000f5680000,0x00000000f5690000,0x00000000f5900000)
  to   space 2560K, 0% used [0x00000000f9a00000,0x00000000f9a00000,0x00000000f9c80000)
 ParOldGen       total 35328K, used 1370K [0x00000000cc000000, 0x00000000ce280000, 0x00000000eea80000)
  object space 35328K, 3% used [0x00000000cc000000,0x00000000cc156a40,0x00000000ce280000)
 PSPermGen       total 21504K, used 7293K [0x00000000c1a00000, 0x00000000c2f00000, 0x00000000cc000000)
  object space 21504K, 33% used [0x00000000c1a00000,0x00000000c211f740,0x00000000c2f00000)
Event: 4,075 GC heap after
Heap after GC invocations=10 (full 0):
 PSYoungGen      total 179712K, used 128K [0x00000000eea80000, 0x00000000f9c80000, 0x0000000100000000)
  eden space 177152K, 0% used [0x00000000eea80000,0x00000000eea80000,0x00000000f9780000)
  from space 2560K, 5% used [0x00000000f9a00000,0x00000000f9a20000,0x00000000f9c80000)
  to   space 2560K, 0% used [0x00000000f9780000,0x00000000f9780000,0x00000000f9a00000)
 ParOldGen       total 35328K, used 1378K [0x00000000cc000000, 0x00000000ce280000, 0x00000000eea80000)
  object space 35328K, 3% used [0x00000000cc000000,0x00000000cc158a40,0x00000000ce280000)
 PSPermGen       total 21504K, used 7293K [0x00000000c1a00000, 0x00000000c2f00000, 0x00000000cc000000)
  object space 21504K, 33% used [0x00000000c1a00000,0x00000000c211f740,0x00000000c2f00000)
}
Event: 4,561 GC heap before
{Heap before GC invocations=11 (full 0):
 PSYoungGen      total 179712K, used 177280K [0x00000000eea80000, 0x00000000f9c80000, 0x0000000100000000)
  eden space 177152K, 100% used [0x00000000eea80000,0x00000000f9780000,0x00000000f9780000)
  from space 2560K, 5% used [0x00000000f9a00000,0x00000000f9a20000,0x00000000f9c80000)
  to   space 2560K, 0% used [0x00000000f9780000,0x00000000f9780000,0x00000000f9a00000)
 ParOldGen       total 35328K, used 1378K [0x00000000cc000000, 0x00000000ce280000, 0x00000000eea80000)
  object space 35328K, 3% used [0x00000000cc000000,0x00000000cc158a40,0x00000000ce280000)
 PSPermGen       total 21504K, used 7294K [0x00000000c1a00000, 0x00000000c2f00000, 0x00000000cc000000)
  object space 21504K, 33% used [0x00000000c1a00000,0x00000000c211fa58,0x00000000c2f00000)

Deoptimization events (6 events):
Event: 0,479 Thread 0x00007f60a400a800 Uncommon trap: reason=unstable_if action=reinterpret pc=0x00007f60a08264f4 method=java.lang.String.indexOf(II)I @ 49
Event: 0,671 Thread 0x00007f60a400a800 Uncommon trap: reason=class_check action=maybe_recompile pc=0x00007f60a0828f78 method=java.util.Properties$LineReader.readLine()I @ 62
Event: 0,674 Thread 0x00007f60a400a800 Uncommon trap: reason=unstable_if action=reinterpret pc=0x00007f60a0828e40 method=java.util.Properties$LineReader.readLine()I @ 263
Event: 0,749 Thread 0x00007f60a400a800 Uncommon trap: reason=unstable_if action=reinterpret pc=0x00007f60a082ad30 method=java.lang.String.indexOf([CII[CIII)I @ 123
Event: 1,400 Thread 0x00007f60a400a800 Uncommon trap: reason=unstable_if action=reinterpret pc=0x00007f60a082db50 method=java.util.Properties$LineReader.readLine()I @ 369
Event: 1,745 Thread 0x00007f60a400a800 Uncommon trap: reason=unstable_if action=reinterpret pc=0x00007f60a083152c method=sun.net.www.ParseUtil.encodePath(Ljava/lang/String;Z)Ljava/lang/String; @ 109

Internal exceptions (10 events):
Event: 1,908 Thread 0x00007f60a400a800 Threw 0x00000000ef12a9c8 at /build/openjdk-7-fqDl7t/openjdk-7-7u121-2.6.8/build/openjdk/hotspot/src/share/vm/prims/jvm.cpp:1322
Event: 1,912 Thread 0x00007f60a400a800 Threw 0x00000000ef12e4f8 at /build/openjdk-7-fqDl7t/openjdk-7-7u121-2.6.8/build/openjdk/hotspot/src/share/vm/prims/jvm.cpp:1322
Event: 2,002 Thread 0x00007f60a400a800 Threw 0x00000000ef15a958 at /build/openjdk-7-fqDl7t/openjdk-7-7u121-2.6.8/build/openjdk/hotspot/src/share/vm/prims/jvm.cpp:1322
Event: 2,008 Thread 0x00007f60a400a800 Threw 0x00000000ef15f918 at /build/openjdk-7-fqDl7t/openjdk-7-7u121-2.6.8/build/openjdk/hotspot/src/share/vm/prims/jvm.cpp:1322
Event: 2,012 Thread 0x00007f60a400a800 Threw 0x00000000ef1637d0 at /build/openjdk-7-fqDl7t/openjdk-7-7u121-2.6.8/build/openjdk/hotspot/src/share/vm/prims/jvm.cpp:1322
Event: 2,015 Thread 0x00007f60a400a800 Threw 0x00000000ef168458 at /build/openjdk-7-fqDl7t/openjdk-7-7u121-2.6.8/build/openjdk/hotspot/src/share/vm/prims/jvm.cpp:1322
Event: 2,032 Thread 0x00007f60a400a800 Threw 0x00000000ef187f20 at /build/openjdk-7-fqDl7t/openjdk-7-7u121-2.6.8/build/openjdk/hotspot/src/share/vm/prims/jvm.cpp:1322
Event: 2,039 Thread 0x00007f60a400a800 Threw 0x00000000ef19b7c0 at /build/openjdk-7-fqDl7t/openjdk-7-7u121-2.6.8/build/openjdk/hotspot/src/share/vm/prims/jvm.cpp:1322
Event: 2,041 Thread 0x00007f60a400a800 Threw 0x00000000ef19ed28 at /build/openjdk-7-fqDl7t/openjdk-7-7u121-2.6.8/build/openjdk/hotspot/src/share/vm/prims/jvm.cpp:1322
Event: 2,050 Thread 0x00007f60a400a800 Threw 0x00000000ef1a29a0 at /build/openjdk-7-fqDl7t/openjdk-7-7u121-2.6.8/build/openjdk/hotspot/src/share/vm/prims/jvm.cpp:1322

Events (10 events):
Event: 3,480 Executing VM operation: ParallelGCFailedAllocation done
Event: 3,809 Executing VM operation: ParallelGCFailedAllocation
Event: 3,811 Executing VM operation: ParallelGCFailedAllocation done
Event: 4,066 Executing VM operation: ParallelGCFailedAllocation
Event: 4,075 Executing VM operation: ParallelGCFailedAllocation done
Event: 4,229 loading class 0x00007f60a0041320
Event: 4,229 loading class 0x00007f60a0041320 done
Event: 4,346 Executing VM operation: EnableBiasedLocking
Event: 4,354 Executing VM operation: EnableBiasedLocking done
Event: 4,561 Executing VM operation: ParallelGCFailedAllocation


Dynamic libraries:
00400000-00401000 r-xp 00000000 08:01 3155548                            /usr/lib/jvm/java-7-openjdk-amd64/jre/bin/java
00600000-00601000 r--p 00000000 08:01 3155548                            /usr/lib/jvm/java-7-openjdk-amd64/jre/bin/java
00601000-00602000 rw-p 00001000 08:01 3155548                            /usr/lib/jvm/java-7-openjdk-amd64/jre/bin/java
011f9000-0121a000 rw-p 00000000 00:00 0                                  [heap]
c1a00000-c2f00000 rw-p 00000000 00:00 0 
c2f00000-cc000000 rw-p 00000000 00:00 0 
cc000000-ce280000 rw-p 00000000 00:00 0 
ce280000-eea80000 rw-p 00000000 00:00 0 
eea80000-f9c80000 rw-p 00000000 00:00 0 
7f6064000000-7f6064021000 rw-p 00000000 00:00 0 
7f6064021000-7f6068000000 ---p 00000000 00:00 0 
7f606c000000-7f606c407000 rw-p 00000000 00:00 0 
7f606c407000-7f6070000000 ---p 00000000 00:00 0 
7f6070000000-7f6070021000 rw-p 00000000 00:00 0 
7f6070021000-7f6074000000 ---p 00000000 00:00 0 
7f6074000000-7f6074021000 rw-p 00000000 00:00 0 
7f6074021000-7f6078000000 ---p 00000000 00:00 0 
7f6078000000-7f6078424000 rw-p 00000000 00:00 0 
7f6078424000-7f607c000000 ---p 00000000 00:00 0 
7f607c000000-7f607c021000 rw-p 00000000 00:00 0 
7f607c021000-7f6080000000 ---p 00000000 00:00 0 
7f6080000000-7f6080021000 rw-p 00000000 00:00 0 
7f6080021000-7f6084000000 ---p 00000000 00:00 0 
7f6084000000-7f6084021000 rw-p 00000000 00:00 0 
7f6084021000-7f6088000000 ---p 00000000 00:00 0 
7f6088000000-7f6088021000 rw-p 00000000 00:00 0 
7f6088021000-7f608c000000 ---p 00000000 00:00 0 
7f608c000000-7f608c021000 rw-p 00000000 00:00 0 
7f608c021000-7f6090000000 ---p 00000000 00:00 0 
7f609237d000-7f60923ba000 r-xp 00000000 08:01 2756625                    /lib/x86_64-linux-gnu/libpcre.so.3.13.1
7f60923ba000-7f60925b9000 ---p 0003d000 08:01 2756625                    /lib/x86_64-linux-gnu/libpcre.so.3.13.1
7f60925b9000-7f60925ba000 r--p 0003c000 08:01 2756625                    /lib/x86_64-linux-gnu/libpcre.so.3.13.1
7f60925ba000-7f60925bb000 rw-p 0003d000 08:01 2756625                    /lib/x86_64-linux-gnu/libpcre.so.3.13.1
7f60925bb000-7f60925c2000 r-xp 00000000 08:01 3146096                    /usr/lib/x86_64-linux-gnu/libffi.so.6.0.1
7f60925c2000-7f60927c1000 ---p 00007000 08:01 3146096                    /usr/lib/x86_64-linux-gnu/libffi.so.6.0.1
7f60927c1000-7f60927c2000 r--p 00006000 08:01 3146096                    /usr/lib/x86_64-linux-gnu/libffi.so.6.0.1
7f60927c2000-7f60927c3000 rw-p 00007000 08:01 3146096                    /usr/lib/x86_64-linux-gnu/libffi.so.6.0.1
7f60927c3000-7f60927da000 r-xp 00000000 08:01 2752516                    /lib/x86_64-linux-gnu/libresolv-2.19.so
7f60927da000-7f60929da000 ---p 00017000 08:01 2752516                    /lib/x86_64-linux-gnu/libresolv-2.19.so
7f60929da000-7f60929db000 r--p 00017000 08:01 2752516                    /lib/x86_64-linux-gnu/libresolv-2.19.so
7f60929db000-7f60929dc000 rw-p 00018000 08:01 2752516                    /lib/x86_64-linux-gnu/libresolv-2.19.so
7f60929dc000-7f60929de000 rw-p 00000000 00:00 0 
7f60929de000-7f60929fe000 r-xp 00000000 08:01 2756767                    /lib/x86_64-linux-gnu/libselinux.so.1
7f60929fe000-7f6092bfd000 ---p 00020000 08:01 2756767                    /lib/x86_64-linux-gnu/libselinux.so.1
7f6092bfd000-7f6092bfe000 r--p 0001f000 08:01 2756767                    /lib/x86_64-linux-gnu/libselinux.so.1
7f6092bfe000-7f6092bff000 rw-p 00020000 08:01 2756767                    /lib/x86_64-linux-gnu/libselinux.so.1
7f6092bff000-7f6092c01000 rw-p 00000000 00:00 0 
7f6092c01000-7f6092c04000 r-xp 00000000 08:01 3153259                    /usr/lib/x86_64-linux-gnu/libgmodule-2.0.so.0.4002.0
7f6092c04000-7f6092e03000 ---p 00003000 08:01 3153259                    /usr/lib/x86_64-linux-gnu/libgmodule-2.0.so.0.4002.0
7f6092e03000-7f6092e04000 r--p 00002000 08:01 3153259                    /usr/lib/x86_64-linux-gnu/libgmodule-2.0.so.0.4002.0
7f6092e04000-7f6092e05000 rw-p 00003000 08:01 3153259                    /usr/lib/x86_64-linux-gnu/libgmodule-2.0.so.0.4002.0
7f6092e05000-7f6092f0b000 r-xp 00000000 08:01 2756673                    /lib/x86_64-linux-gnu/libglib-2.0.so.0.4002.0
7f6092f0b000-7f609310a000 ---p 00106000 08:01 2756673                    /lib/x86_64-linux-gnu/libglib-2.0.so.0.4002.0
7f609310a000-7f609310b000 r--p 00105000 08:01 2756673                    /lib/x86_64-linux-gnu/libglib-2.0.so.0.4002.0
7f609310b000-7f609310c000 rw-p 00106000 08:01 2756673                    /lib/x86_64-linux-gnu/libglib-2.0.so.0.4002.0
7f609310c000-7f609310d000 rw-p 00000000 00:00 0 
7f609310d000-7f609315c000 r-xp 00000000 08:01 3153275                    /usr/lib/x86_64-linux-gnu/libgobject-2.0.so.0.4002.0
7f609315c000-7f609335c000 ---p 0004f000 08:01 3153275                    /usr/lib/x86_64-linux-gnu/libgobject-2.0.so.0.4002.0
7f609335c000-7f609335d000 r--p 0004f000 08:01 3153275                    /usr/lib/x86_64-linux-gnu/libgobject-2.0.so.0.4002.0
7f609335d000-7f609335e000 rw-p 00050000 08:01 3153275                    /usr/lib/x86_64-linux-gnu/libgobject-2.0.so.0.4002.0
7f609335e000-7f60934ca000 r-xp 00000000 08:01 3153245                    /usr/lib/x86_64-linux-gnu/libgio-2.0.so.0.4002.0
7f60934ca000-7f60936c9000 ---p 0016c000 08:01 3153245                    /usr/lib/x86_64-linux-gnu/libgio-2.0.so.0.4002.0
7f60936c9000-7f60936cd000 r--p 0016b000 08:01 3153245                    /usr/lib/x86_64-linux-gnu/libgio-2.0.so.0.4002.0
7f60936cd000-7f60936cf000 rw-p 0016f000 08:01 3153245                    /usr/lib/x86_64-linux-gnu/libgio-2.0.so.0.4002.0
7f60936cf000-7f60936d1000 rw-p 00000000 00:00 0 
7f60936d1000-7f60936e8000 r-xp 00000000 08:01 3155475                    /usr/lib/jvm/java-7-openjdk-amd64/jre/lib/amd64/libnet.so
7f60936e8000-7f60938e7000 ---p 00017000 08:01 3155475                    /usr/lib/jvm/java-7-openjdk-amd64/jre/lib/amd64/libnet.so
7f60938e7000-7f60938e8000 r--p 00016000 08:01 3155475                    /usr/lib/jvm/java-7-openjdk-amd64/jre/lib/amd64/libnet.so
7f60938e8000-7f60938e9000 rw-p 00017000 08:01 3155475                    /usr/lib/jvm/java-7-openjdk-amd64/jre/lib/amd64/libnet.so
7f60938e9000-7f60938f9000 r-xp 00000000 08:01 3152632                    /usr/lib/jvm/java-7-openjdk-amd64/jre/lib/amd64/libnio.so
7f60938f9000-7f6093af9000 ---p 00010000 08:01 3152632                    /usr/lib/jvm/java-7-openjdk-amd64/jre/lib/amd64/libnio.so
7f6093af9000-7f6093afa000 r--p 00010000 08:01 3152632                    /usr/lib/jvm/java-7-openjdk-amd64/jre/lib/amd64/libnio.so
7f6093afa000-7f6093afb000 rw-p 00011000 08:01 3152632                    /usr/lib/jvm/java-7-openjdk-amd64/jre/lib/amd64/libnio.so
7f6093afb000-7f6093afc000 ---p 00000000 00:00 0 
7f6093afc000-7f6093bfc000 rw-p 00000000 00:00 0                          [stack:9616]
7f6093bfc000-7f6093bff000 ---p 00000000 00:00 0 
7f6093bff000-7f6093cfd000 rw-p 00000000 00:00 0                          [stack:9615]
7f6093cfd000-7f6093d00000 ---p 00000000 00:00 0 
7f6093d00000-7f6093dfe000 rw-p 00000000 00:00 0                          [stack:9614]
7f6093dfe000-7f6093e01000 ---p 00000000 00:00 0 
7f6093e01000-7f6093eff000 rw-p 00000000 00:00 0                          [stack:9613]
7f6093eff000-7f6093f02000 ---p 00000000 00:00 0 
7f6093f02000-7f6094000000 rw-p 00000000 00:00 0                          [stack:9612]
7f6094000000-7f6094021000 rw-p 00000000 00:00 0 
7f6094021000-7f6098000000 ---p 00000000 00:00 0 
7f6098062000-7f6098093000 rw-p 00000000 00:00 0 
7f60980ae000-7f60980b8000 r--s 000ae000 08:01 3148563                    /usr/lib/jvm/java-7-openjdk-amd64/jre/lib/resources.jar
7f60980b8000-7f60980ba000 r--s 00002000 08:01 1444758                    /home/audreyazura/Documents/Project/Tools/netbeans-8.1/extide/ant/lib/ant-junit4.jar
7f60980ba000-7f60980d8000 r--s 001c8000 08:01 1444773                    /home/audreyazura/Documents/Project/Tools/netbeans-8.1/extide/ant/lib/ant.jar
7f60980d8000-7f60989b4000 r--p 00000000 08:01 3148861                    /usr/lib/locale/locale-archive
7f60989b4000-7f60989b7000 ---p 00000000 00:00 0 
7f60989b7000-7f6098ab5000 rw-p 00000000 00:00 0                          [stack:9611]
7f6098ab5000-7f6098ab8000 ---p 00000000 00:00 0 
7f6098ab8000-7f6098bb6000 rw-p 00000000 00:00 0                          [stack:9610]
7f6098bb6000-7f6098bb7000 ---p 00000000 00:00 0 
7f6098bb7000-7f6099cb4000 rw-p 00000000 00:00 0                          [stack:9609]
7f6099cb4000-7f6099e67000 r--s 01d49000 08:01 3155504                    /usr/lib/jvm/java-7-openjdk-amd64/jre/lib/rt.jar
7f6099e67000-7f609c000000 rw-p 00000000 00:00 0 
7f609c000000-7f609c021000 rw-p 00000000 00:00 0 
7f609c021000-7f60a0000000 ---p 00000000 00:00 0 
7f60a0000000-7f60a0001000 rw-p 00000000 00:00 0 
7f60a0001000-7f60a000a000 r--s 00044000 08:01 1449897                    /home/audreyazura/Documents/Project/libupsystem/lib/junit_4/junit-4.12.jar
7f60a000a000-7f60a0065000 rw-p 00000000 00:00 0 
7f60a0065000-7f60a0066000 ---p 00000000 00:00 0 
7f60a0066000-7f60a0166000 rw-p 00000000 00:00 0                          [stack:9608]
7f60a0166000-7f60a0167000 ---p 00000000 00:00 0 
7f60a0167000-7f60a0267000 rw-p 00000000 00:00 0                          [stack:9607]
7f60a0267000-7f60a0268000 ---p 00000000 00:00 0 
7f60a0268000-7f60a0368000 rw-p 00000000 00:00 0                          [stack:9606]
7f60a0368000-7f60a0369000 ---p 00000000 00:00 0 
7f60a0369000-7f60a0474000 rw-p 00000000 00:00 0                          [stack:9605]
7f60a0474000-7f60a04bc000 rw-p 00000000 00:00 0 
7f60a04bc000-7f60a04ce000 rw-p 00000000 00:00 0 
7f60a04ce000-7f60a05d2000 rw-p 00000000 00:00 0 
7f60a05d2000-7f60a05dd000 rw-p 00000000 00:00 0 
7f60a05dd000-7f60a0625000 rw-p 00000000 00:00 0 
7f60a0625000-7f60a0637000 rw-p 00000000 00:00 0 
7f60a0637000-7f60a073a000 rw-p 00000000 00:00 0 
7f60a073a000-7f60a0794000 rw-p 00000000 00:00 0 
7f60a0794000-7f60a07c5000 rw-p 00000000 00:00 0 
7f60a07c5000-7f60a07c6000 rw-p 00000000 00:00 0 
7f60a07c6000-7f60a0a36000 rwxp 00000000 00:00 0 
7f60a0a36000-7f60a37c6000 rw-p 00000000 00:00 0 
7f60a37c6000-7f60a37ce000 r-xp 00000000 08:01 3155066                    /usr/lib/jvm/java-7-openjdk-amd64/jre/lib/amd64/libzip.so
7f60a37ce000-7f60a39cd000 ---p 00008000 08:01 3155066                    /usr/lib/jvm/java-7-openjdk-amd64/jre/lib/amd64/libzip.so
7f60a39cd000-7f60a39ce000 r--p 00007000 08:01 3155066                    /usr/lib/jvm/java-7-openjdk-amd64/jre/lib/amd64/libzip.so
7f60a39ce000-7f60a39cf000 rw-p 00008000 08:01 3155066                    /usr/lib/jvm/java-7-openjdk-amd64/jre/lib/amd64/libzip.so
7f60a39cf000-7f60a39d9000 r-xp 00000000 08:01 2752570                    /lib/x86_64-linux-gnu/libnss_files-2.19.so
7f60a39d9000-7f60a3bd8000 ---p 0000a000 08:01 2752570                    /lib/x86_64-linux-gnu/libnss_files-2.19.so
7f60a3bd8000-7f60a3bd9000 r--p 00009000 08:01 2752570                    /lib/x86_64-linux-gnu/libnss_files-2.19.so
7f60a3bd9000-7f60a3bda000 rw-p 0000a000 08:01 2752570                    /lib/x86_64-linux-gnu/libnss_files-2.19.so
7f60a3bda000-7f60a3be5000 r-xp 00000000 08:01 2752562                    /lib/x86_64-linux-gnu/libnss_nis-2.19.so
7f60a3be5000-7f60a3de4000 ---p 0000b000 08:01 2752562                    /lib/x86_64-linux-gnu/libnss_nis-2.19.so
7f60a3de4000-7f60a3de5000 r--p 0000a000 08:01 2752562                    /lib/x86_64-linux-gnu/libnss_nis-2.19.so
7f60a3de5000-7f60a3de6000 rw-p 0000b000 08:01 2752562                    /lib/x86_64-linux-gnu/libnss_nis-2.19.so
7f60a3de6000-7f60a3dfd000 r-xp 00000000 08:01 2752558                    /lib/x86_64-linux-gnu/libnsl-2.19.so
7f60a3dfd000-7f60a3ffc000 ---p 00017000 08:01 2752558                    /lib/x86_64-linux-gnu/libnsl-2.19.so
7f60a3ffc000-7f60a3ffd000 r--p 00016000 08:01 2752558                    /lib/x86_64-linux-gnu/libnsl-2.19.so
7f60a3ffd000-7f60a3ffe000 rw-p 00017000 08:01 2752558                    /lib/x86_64-linux-gnu/libnsl-2.19.so
7f60a3ffe000-7f60a4000000 rw-p 00000000 00:00 0 
7f60a4000000-7f60a4235000 rw-p 00000000 00:00 0 
7f60a4235000-7f60a8000000 ---p 00000000 00:00 0 
7f60a8000000-7f60a8003000 r--s 0001a000 08:01 1444760                    /home/audreyazura/Documents/Project/Tools/netbeans-8.1/extide/ant/lib/ant-junit.jar
7f60a8003000-7f60a802b000 rw-p 00000000 00:00 0 
7f60a802b000-7f60a8034000 r-xp 00000000 08:01 2752557                    /lib/x86_64-linux-gnu/libnss_compat-2.19.so
7f60a8034000-7f60a8233000 ---p 00009000 08:01 2752557                    /lib/x86_64-linux-gnu/libnss_compat-2.19.so
7f60a8233000-7f60a8234000 r--p 00008000 08:01 2752557                    /lib/x86_64-linux-gnu/libnss_compat-2.19.so
7f60a8234000-7f60a8235000 rw-p 00009000 08:01 2752557                    /lib/x86_64-linux-gnu/libnss_compat-2.19.so
7f60a8235000-7f60a825f000 r-xp 00000000 08:01 3152636                    /usr/lib/jvm/java-7-openjdk-amd64/jre/lib/amd64/libjava.so
7f60a825f000-7f60a845f000 ---p 0002a000 08:01 3152636                    /usr/lib/jvm/java-7-openjdk-amd64/jre/lib/amd64/libjava.so
7f60a845f000-7f60a8460000 r--p 0002a000 08:01 3152636                    /usr/lib/jvm/java-7-openjdk-amd64/jre/lib/amd64/libjava.so
7f60a8460000-7f60a8462000 rw-p 0002b000 08:01 3152636                    /usr/lib/jvm/java-7-openjdk-amd64/jre/lib/amd64/libjava.so
7f60a8462000-7f60a8472000 r-xp 00000000 08:01 3155494                    /usr/lib/jvm/java-7-openjdk-amd64/jre/lib/amd64/libverify.so
7f60a8472000-7f60a8671000 ---p 00010000 08:01 3155494                    /usr/lib/jvm/java-7-openjdk-amd64/jre/lib/amd64/libverify.so
7f60a8671000-7f60a8673000 r--p 0000f000 08:01 3155494                    /usr/lib/jvm/java-7-openjdk-amd64/jre/lib/amd64/libverify.so
7f60a8673000-7f60a8674000 rw-p 00011000 08:01 3155494                    /usr/lib/jvm/java-7-openjdk-amd64/jre/lib/amd64/libverify.so
7f60a8674000-7f60a867b000 r-xp 00000000 08:01 2752566                    /lib/x86_64-linux-gnu/librt-2.19.so
7f60a867b000-7f60a887a000 ---p 00007000 08:01 2752566                    /lib/x86_64-linux-gnu/librt-2.19.so
7f60a887a000-7f60a887b000 r--p 00006000 08:01 2752566                    /lib/x86_64-linux-gnu/librt-2.19.so
7f60a887b000-7f60a887c000 rw-p 00007000 08:01 2752566                    /lib/x86_64-linux-gnu/librt-2.19.so
7f60a887c000-7f60a8892000 r-xp 00000000 08:01 2756650                    /lib/x86_64-linux-gnu/libgcc_s.so.1
7f60a8892000-7f60a8a91000 ---p 00016000 08:01 2756650                    /lib/x86_64-linux-gnu/libgcc_s.so.1
7f60a8a91000-7f60a8a92000 rw-p 00015000 08:01 2756650                    /lib/x86_64-linux-gnu/libgcc_s.so.1
7f60a8a92000-7f60a8b97000 r-xp 00000000 08:01 2752530                    /lib/x86_64-linux-gnu/libm-2.19.so
7f60a8b97000-7f60a8d96000 ---p 00105000 08:01 2752530                    /lib/x86_64-linux-gnu/libm-2.19.so
7f60a8d96000-7f60a8d97000 r--p 00104000 08:01 2752530                    /lib/x86_64-linux-gnu/libm-2.19.so
7f60a8d97000-7f60a8d98000 rw-p 00105000 08:01 2752530                    /lib/x86_64-linux-gnu/libm-2.19.so
7f60a8d98000-7f60a8e9e000 r-xp 00000000 08:01 3147884                    /usr/lib/x86_64-linux-gnu/libstdc++.so.6.0.22
7f60a8e9e000-7f60a909d000 ---p 00106000 08:01 3147884                    /usr/lib/x86_64-linux-gnu/libstdc++.so.6.0.22
7f60a909d000-7f60a90a5000 r--p 00105000 08:01 3147884                    /usr/lib/x86_64-linux-gnu/libstdc++.so.6.0.22
7f60a90a5000-7f60a90a7000 rw-p 0010d000 08:01 3147884                    /usr/lib/x86_64-linux-gnu/libstdc++.so.6.0.22
7f60a90a7000-7f60a90aa000 rw-p 00000000 00:00 0 
7f60a90aa000-7f60a9bd8000 r-xp 00000000 08:01 3154760                    /usr/lib/jvm/java-7-openjdk-amd64/jre/lib/amd64/server/libjvm.so
7f60a9bd8000-7f60a9dd8000 ---p 00b2e000 08:01 3154760                    /usr/lib/jvm/java-7-openjdk-amd64/jre/lib/amd64/server/libjvm.so
7f60a9dd8000-7f60a9e72000 r--p 00b2e000 08:01 3154760                    /usr/lib/jvm/java-7-openjdk-amd64/jre/lib/amd64/server/libjvm.so
7f60a9e72000-7f60a9e95000 rw-p 00bc8000 08:01 3154760                    /usr/lib/jvm/java-7-openjdk-amd64/jre/lib/amd64/server/libjvm.so
7f60a9e95000-7f60a9ec4000 rw-p 00000000 00:00 0 
7f60a9ec4000-7f60a9edc000 r-xp 00000000 08:01 2756797                    /lib/x86_64-linux-gnu/libz.so.1.2.8
7f60a9edc000-7f60aa0db000 ---p 00018000 08:01 2756797                    /lib/x86_64-linux-gnu/libz.so.1.2.8
7f60aa0db000-7f60aa0dc000 r--p 00017000 08:01 2756797                    /lib/x86_64-linux-gnu/libz.so.1.2.8
7f60aa0dc000-7f60aa0dd000 rw-p 00018000 08:01 2756797                    /lib/x86_64-linux-gnu/libz.so.1.2.8
7f60aa0dd000-7f60aa0f6000 r-xp 00000000 08:01 2752559                    /lib/x86_64-linux-gnu/libpthread-2.19.so
7f60aa0f6000-7f60aa2f5000 ---p 00019000 08:01 2752559                    /lib/x86_64-linux-gnu/libpthread-2.19.so
7f60aa2f5000-7f60aa2f6000 r--p 00018000 08:01 2752559                    /lib/x86_64-linux-gnu/libpthread-2.19.so
7f60aa2f6000-7f60aa2f7000 rw-p 00019000 08:01 2752559                    /lib/x86_64-linux-gnu/libpthread-2.19.so
7f60aa2f7000-7f60aa2fb000 rw-p 00000000 00:00 0 
7f60aa2fb000-7f60aa2fe000 r-xp 00000000 08:01 2752539                    /lib/x86_64-linux-gnu/libdl-2.19.so
7f60aa2fe000-7f60aa4fd000 ---p 00003000 08:01 2752539                    /lib/x86_64-linux-gnu/libdl-2.19.so
7f60aa4fd000-7f60aa4fe000 r--p 00002000 08:01 2752539                    /lib/x86_64-linux-gnu/libdl-2.19.so
7f60aa4fe000-7f60aa4ff000 rw-p 00003000 08:01 2752539                    /lib/x86_64-linux-gnu/libdl-2.19.so
7f60aa4ff000-7f60aa6b9000 r-xp 00000000 08:01 2752567                    /lib/x86_64-linux-gnu/libc-2.19.so
7f60aa6b9000-7f60aa8b9000 ---p 001ba000 08:01 2752567                    /lib/x86_64-linux-gnu/libc-2.19.so
7f60aa8b9000-7f60aa8bd000 r--p 001ba000 08:01 2752567                    /lib/x86_64-linux-gnu/libc-2.19.so
7f60aa8bd000-7f60aa8bf000 rw-p 001be000 08:01 2752567                    /lib/x86_64-linux-gnu/libc-2.19.so
7f60aa8bf000-7f60aa8c4000 rw-p 00000000 00:00 0 
7f60aa8c4000-7f60aa8d1000 r-xp 00000000 08:01 3152640                    /usr/lib/jvm/java-7-openjdk-amd64/jre/lib/amd64/jli/libjli.so
7f60aa8d1000-7f60aaad0000 ---p 0000d000 08:01 3152640                    /usr/lib/jvm/java-7-openjdk-amd64/jre/lib/amd64/jli/libjli.so
7f60aaad0000-7f60aaad1000 r--p 0000c000 08:01 3152640                    /usr/lib/jvm/java-7-openjdk-amd64/jre/lib/amd64/jli/libjli.so
7f60aaad1000-7f60aaad2000 rw-p 0000d000 08:01 3152640                    /usr/lib/jvm/java-7-openjdk-amd64/jre/lib/amd64/jli/libjli.so
7f60aaad2000-7f60aaaf5000 r-xp 00000000 08:01 2752560                    /lib/x86_64-linux-gnu/ld-2.19.so
7f60aaaf5000-7f60aaaf7000 r--s 00009000 08:01 1449889                    /home/audreyazura/Documents/Project/libupsystem/lib/hamcrest/hamcrest-core-1.3.jar
7f60aaaf7000-7f60aaafa000 r--s 00013000 08:01 1449179                    /home/audreyazura/Documents/Project/libupsystem/lib/commonutils.portable1-0.jar
7f60aaafa000-7f60aaafd000 r--s 0003d000 08:01 3152622                    /usr/lib/jvm/java-7-openjdk-amd64/jre/lib/ext/sunpkcs11.jar
7f60aaafd000-7f60aab1b000 rw-p 00000000 00:00 0 
7f60aab1b000-7f60aabd1000 rw-p 00000000 00:00 0 
7f60aabd1000-7f60aabd4000 ---p 00000000 00:00 0 
7f60aabd4000-7f60aacd7000 rw-p 00000000 00:00 0                          [stack:9604]
7f60aacd7000-7f60aacd8000 r--s 00004000 08:01 1444752                    /home/audreyazura/Documents/Project/Tools/netbeans-8.1/extide/ant/lib/ant-launcher.jar
7f60aacd8000-7f60aacdc000 r--s 00085000 08:01 3152619                    /usr/lib/jvm/java-7-openjdk-amd64/jre/lib/ext/localedata.jar
7f60aacdc000-7f60aacdd000 r--s 00002000 08:01 3152621                    /usr/lib/jvm/java-7-openjdk-amd64/jre/lib/ext/dnsns.jar
7f60aacdd000-7f60aacdf000 r--s 00006000 08:01 3283851                    /usr/share/java/java-atk-wrapper.jar
7f60aacdf000-7f60aace1000 r--s 00012000 08:01 3152620                    /usr/lib/jvm/java-7-openjdk-amd64/jre/lib/ext/zipfs.jar
7f60aace1000-7f60aace4000 r--s 0000f000 08:01 3152623                    /usr/lib/jvm/java-7-openjdk-amd64/jre/lib/ext/icedtea-sound.jar
7f60aace4000-7f60aace8000 r--s 00034000 08:01 3152618                    /usr/lib/jvm/java-7-openjdk-amd64/jre/lib/ext/sunjce_provider.jar
7f60aace8000-7f60aacf0000 rw-s 00000000 08:01 1835123                    /tmp/hsperfdata_audreyazura/9601
7f60aacf0000-7f60aacf1000 rw-p 00000000 00:00 0 
7f60aacf1000-7f60aacf2000 ---p 00000000 00:00 0 
7f60aacf2000-7f60aacf4000 rw-p 00000000 00:00 0 
7f60aacf4000-7f60aacf5000 r--p 00022000 08:01 2752560                    /lib/x86_64-linux-gnu/ld-2.19.so
7f60aacf5000-7f60aacf6000 rw-p 00023000 08:01 2752560                    /lib/x86_64-linux-gnu/ld-2.19.so
7f60aacf6000-7f60aacf7000 rw-p 00000000 00:00 0 
7ffd65b88000-7ffd65ba9000 rw-p 00000000 00:00 0                          [stack]
7ffd65bf3000-7ffd65bf5000 r-xp 00000000 00:00 0                          [vdso]
7ffd65bf5000-7ffd65bf7000 r--p 00000000 00:00 0                          [vvar]
ffffffffff600000-ffffffffff601000 r-xp 00000000 00:00 0                  [vsyscall]

VM Arguments:
jvm_args: -ea 
java_command: org.apache.tools.ant.taskdefs.optional.junit.JUnitTestRunner org.duckdns.spacedock.upengine.libupsystem.PersoStatDegatsLourdsTest skipNonTests=false filtertrace=true haltOnError=false haltOnFailure=false showoutput=true outputtoformatters=true logfailedtests=true threadid=0 logtestlistenerevents=true formatter=org.apache.tools.ant.taskdefs.optional.junit.BriefJUnitResultFormatter formatter=org.apache.tools.ant.taskdefs.optional.junit.XMLJUnitResultFormatter,/home/audreyazura/Documents/Project/libupsystem/build/test/results/TEST-org.duckdns.spacedock.upengine.libupsystem.PersoStatDegatsLourdsTest.xml crashfile=/home/audreyazura/Documents/Project/libupsystem/build/junitvmwatcher7972040855685643640.properties propsfile=/home/audreyazura/Documents/Project/libupsystem/build/junit8323737422036189537.properties
Launcher Type: SUN_STANDARD

Environment Variables:
JAVA_HOME=/usr/lib/jvm/java-7-openjdk-amd64
PATH=/usr/local/sbin:/usr/local/bin:/usr/sbin:/usr/bin:/sbin:/bin:/usr/games:/usr/local/games:/usr/lib/jvm/java-7-openjdk-amd64/bin:/home/audreyazura/Documents/Project/Tools/netbeans-8.1/extide/ant/bin
LD_LIBRARY_PATH=/usr/lib/jvm/java-7-openjdk-amd64/jre/lib/amd64:/usr/lib/jvm/java-7-openjdk-amd64/jre/lib/i386:
SHELL=/bin/bash
DISPLAY=:0

Signal Handlers:
SIGSEGV: [libjvm.so+0x95e460], sa_mask[0]=0x7ffbfeff, sa_flags=0x10000004
SIGBUS: [libjvm.so+0x95e460], sa_mask[0]=0x7ffbfeff, sa_flags=0x10000004
SIGFPE: [libjvm.so+0x7d2030], sa_mask[0]=0x7ffbfeff, sa_flags=0x10000004
SIGPIPE: [libjvm.so+0x7d2030], sa_mask[0]=0x7ffbfeff, sa_flags=0x10000004
SIGXFSZ: [libjvm.so+0x7d2030], sa_mask[0]=0x7ffbfeff, sa_flags=0x10000004
SIGILL: [libjvm.so+0x7d2030], sa_mask[0]=0x7ffbfeff, sa_flags=0x10000004
SIGUSR1: SIG_DFL, sa_mask[0]=0x00000000, sa_flags=0x00000000
SIGUSR2: [libjvm.so+0x7d2160], sa_mask[0]=0x00000004, sa_flags=0x10000004
SIGHUP: [libjvm.so+0x7d20b0], sa_mask[0]=0x7ffbfeff, sa_flags=0x10000004
SIGINT: SIG_IGN, sa_mask[0]=0x00000000, sa_flags=0x00000000
SIGTERM: [libjvm.so+0x7d20b0], sa_mask[0]=0x7ffbfeff, sa_flags=0x10000004
SIGQUIT: [libjvm.so+0x7d20b0], sa_mask[0]=0x7ffbfeff, sa_flags=0x10000004
SIGTRAP: SIG_DFL, sa_mask[0]=0x00000000, sa_flags=0x00000000


---------------  S Y S T E M  ---------------

OS:Peppermint 6 (trusty)
uname:Linux 3.16.0-77-generic #99~14.04.1-Ubuntu SMP Tue Jun 28 19:17:10 UTC 2016 x86_64
libc:glibc 2.19 NPTL 2.19 
rlimit: STACK 8192k, CORE 0k, NPROC 13224, NOFILE 4096, AS infinity
load average:1,40 0,79 0,74

/proc/meminfo:
MemTotal:        3407836 kB
MemFree:          101656 kB
MemAvailable:      64384 kB
Buffers:             712 kB
Cached:           101352 kB
SwapCached:            0 kB
Active:          3028640 kB
Inactive:          72892 kB
Active(anon):    3002856 kB
Inactive(anon):    48944 kB
Active(file):      25784 kB
Inactive(file):    23948 kB
Unevictable:          64 kB
Mlocked:              64 kB
SwapTotal:             0 kB
SwapFree:              0 kB
Dirty:               192 kB
Writeback:             0 kB
AnonPages:       3000172 kB
Mapped:            96784 kB
Shmem:             51852 kB
Slab:              76888 kB
SReclaimable:      44644 kB
SUnreclaim:        32244 kB
KernelStack:       10208 kB
PageTables:        31792 kB
NFS_Unstable:          0 kB
Bounce:                0 kB
WritebackTmp:          0 kB
CommitLimit:     1703916 kB
Committed_AS:    5703408 kB
VmallocTotal:   34359738367 kB
VmallocUsed:      291412 kB
VmallocChunk:   34359367224 kB
HardwareCorrupted:     0 kB
AnonHugePages:   1945600 kB
HugePages_Total:       0
HugePages_Free:        0
HugePages_Rsvd:        0
HugePages_Surp:        0
Hugepagesize:       2048 kB
DirectMap4k:      138324 kB
DirectMap2M:     3473408 kB
DirectMap1G:           0 kB


CPU:total 4 (4 cores per cpu, 1 threads per core) family 22 model 0 stepping 1, cmov, cx8, fxsr, mmx, sse, sse2, sse3, ssse3, sse4.1, sse4.2, popcnt, avx, aes, mmxext, 3dnowpref, lzcnt, sse4a, tsc, tscinvbit, tscinv

/proc/cpuinfo:
processor	: 0
vendor_id	: AuthenticAMD
cpu family	: 22
model		: 0
model name	: Quad-Core Processor (up to 1.4GHz)
stepping	: 1
microcode	: 0x7000106
cpu MHz		: 1000.000
cache size	: 2048 KB
physical id	: 0
siblings	: 4
core id		: 0
cpu cores	: 4
apicid		: 0
initial apicid	: 0
fpu		: yes
fpu_exception	: yes
cpuid level	: 13
wp		: yes
flags		: fpu vme de pse tsc msr pae mce cx8 apic sep mtrr pge mca cmov pat pse36 clflush mmx fxsr sse sse2 ht syscall nx mmxext fxsr_opt pdpe1gb rdtscp lm constant_tsc rep_good nopl nonstop_tsc extd_apicid aperfmperf eagerfpu pni pclmulqdq monitor ssse3 cx16 sse4_1 sse4_2 movbe popcnt aes xsave avx f16c lahf_lm cmp_legacy svm extapic cr8_legacy abm sse4a misalignsse 3dnowprefetch osvw ibs skinit wdt topoext perfctr_nb perfctr_l2 arat cpb xsaveopt hw_pstate proc_feedback npt lbrv svm_lock nrip_save tsc_scale flushbyasid decodeassists pausefilter pfthreshold vmmcall bmi1
bogomips	: 1996.25
TLB size	: 1024 4K pages
clflush size	: 64
cache_alignment	: 64
address sizes	: 40 bits physical, 48 bits virtual
power management: ts ttp tm 100mhzsteps hwpstate cpb [11]

processor	: 1
vendor_id	: AuthenticAMD
cpu family	: 22
model		: 0
model name	: Quad-Core Processor (up to 1.4GHz)             
stepping	: 1
microcode	: 0x7000106
cpu MHz		: 1000.000
cache size	: 2048 KB
physical id	: 0
siblings	: 4
core id		: 1
cpu cores	: 4
apicid		: 1
initial apicid	: 1
fpu		: yes
fpu_exception	: yes
cpuid level	: 13
wp		: yes
flags		: fpu vme de pse tsc msr pae mce cx8 apic sep mtrr pge mca cmov pat pse36 clflush mmx fxsr sse sse2 ht syscall nx mmxext fxsr_opt pdpe1gb rdtscp lm constant_tsc rep_good nopl nonstop_tsc extd_apicid aperfmperf eagerfpu pni pclmulqdq monitor ssse3 cx16 sse4_1 sse4_2 movbe popcnt aes xsave avx f16c lahf_lm cmp_legacy svm extapic cr8_legacy abm sse4a misalignsse 3dnowprefetch osvw ibs skinit wdt topoext perfctr_nb perfctr_l2 arat cpb xsaveopt hw_pstate proc_feedback npt lbrv svm_lock nrip_save tsc_scale flushbyasid decodeassists pausefilter pfthreshold vmmcall bmi1
bogomips	: 1996.25
TLB size	: 1024 4K pages
clflush size	: 64
cache_alignment	: 64
address sizes	: 40 bits physical, 48 bits virtual
power management: ts ttp tm 100mhzsteps hwpstate cpb [11]

processor	: 2
vendor_id	: AuthenticAMD
cpu family	: 22
model		: 0
model name	: Quad-Core Processor (up to 1.4GHz)             
stepping	: 1
microcode	: 0x7000106
cpu MHz		: 1000.000
cache size	: 2048 KB
physical id	: 0
siblings	: 4
core id		: 2
cpu cores	: 4
apicid		: 2
initial apicid	: 2
fpu		: yes
fpu_exception	: yes
cpuid level	: 13
wp		: yes
flags		: fpu vme de pse tsc msr pae mce cx8 apic sep mtrr pge mca cmov pat pse36 clflush mmx fxsr sse sse2 ht syscall nx mmxext fxsr_opt pdpe1gb rdtscp lm constant_tsc rep_good nopl nonstop_tsc extd_apicid aperfmperf eagerfpu pni pclmulqdq monitor ssse3 cx16 sse4_1 sse4_2 movbe popcnt aes xsave avx f16c lahf_lm cmp_legacy svm extapic cr8_legacy abm sse4a misalignsse 3dnowprefetch osvw ibs skinit wdt topoext perfctr_nb perfctr_l2 arat cpb xsaveopt hw_pstate proc_feedback npt lbrv svm_lock nrip_save tsc_scale flushbyasid decodeassists pausefilter pfthreshold vmmcall bmi1
bogomips	: 1996.25
TLB size	: 1024 4K pages
clflush size	: 64
cache_alignment	: 64
address sizes	: 40 bits physical, 48 bits virtual
power management: ts ttp tm 100mhzsteps hwpstate cpb [11]

processor	: 3
vendor_id	: AuthenticAMD
cpu family	: 22
model		: 0
model name	: Quad-Core Processor (up to 1.4GHz)             
stepping	: 1
microcode	: 0x7000106
cpu MHz		: 900.000
cache size	: 2048 KB
physical id	: 0
siblings	: 4
core id		: 3
cpu cores	: 4
apicid		: 3
initial apicid	: 3
fpu		: yes
fpu_exception	: yes
cpuid level	: 13
wp		: yes
flags		: fpu vme de pse tsc msr pae mce cx8 apic sep mtrr pge mca cmov pat pse36 clflush mmx fxsr sse sse2 ht syscall nx mmxext fxsr_opt pdpe1gb rdtscp lm constant_tsc rep_good nopl nonstop_tsc extd_apicid aperfmperf eagerfpu pni pclmulqdq monitor ssse3 cx16 sse4_1 sse4_2 movbe popcnt aes xsave avx f16c lahf_lm cmp_legacy svm extapic cr8_legacy abm sse4a misalignsse 3dnowprefetch osvw ibs skinit wdt topoext perfctr_nb perfctr_l2 arat cpb xsaveopt hw_pstate proc_feedback npt lbrv svm_lock nrip_save tsc_scale flushbyasid decodeassists pausefilter pfthreshold vmmcall bmi1
bogomips	: 1996.25
TLB size	: 1024 4K pages
clflush size	: 64
cache_alignment	: 64
address sizes	: 40 bits physical, 48 bits virtual
power management: ts ttp tm 100mhzsteps hwpstate cpb [11]



Memory: 4k page, physical 3407836k(102988k free), swap 0k(0k free)

vm_info: OpenJDK 64-Bit Server VM (24.121-b00) for linux-amd64 JRE (1.7.0_121-b00), built on Feb  7 2017 18:45:58 by "buildd" with gcc 4.8.4

time: Sat Mar 11 21:29:18 2017
elapsed time: 4 seconds

