#
# There is insufficient memory for the Java Runtime Environment to continue.
# Native memory allocation (malloc) failed to allocate 68157440 bytes for committing reserved memory.
# Possible reasons:
#   The system is out of physical RAM or swap space
#   In 32 bit mode, the process size limit was hit
# Possible solutions:
#   Reduce memory load on the system
#   Increase physical memory or swap space
#   Check if swap backing store is full
#   Use 64 bit Java on a 64 bit OS
#   Decrease Java heap size (-Xmx/-Xms)
#   Decrease number of Java threads
#   Decrease Java thread stack sizes (-Xss)
#   Set larger code cache with -XX:ReservedCodeCacheSize=
# This output file may be truncated or incomplete.
#
#  Out of Memory Error (os_linux.cpp:2827), pid=6536, tid=140683400242944
#
# JRE version: OpenJDK Runtime Environment (7.0_121) (build 1.7.0_121-b00)
# Java VM: OpenJDK 64-Bit Server VM (24.121-b00 mixed mode linux-amd64 compressed oops)
# Derivative: IcedTea 2.6.8
# Distribution: Ubuntu 14.04 LTS, package 7u121-2.6.8-1ubuntu0.14.04.3
# Failed to write core dump. Core dumps have been disabled. To enable core dumping, try "ulimit -c unlimited" before starting Java again
#

---------------  T H R E A D  ---------------

Current thread (0x00007ff36c076000):  VMThread [stack: 0x00007ff36808e000,0x00007ff36818f000] [id=6544]

Stack: [0x00007ff36808e000,0x00007ff36818f000],  sp=0x00007ff36818d490,  free space=1021k
Native frames: (J=compiled Java code, j=interpreted, Vv=VM code, C=native code)
V  [libjvm.so+0x95d975]
V  [libjvm.so+0x497ad4]
V  [libjvm.so+0x7d6a6b]
V  [libjvm.so+0x7d142f]
V  [libjvm.so+0x84672b]
V  [libjvm.so+0x8475a0]
V  [libjvm.so+0x847c8b]
V  [libjvm.so+0x843678]
V  [libjvm.so+0x843ee8]
V  [libjvm.so+0x7f9583]
V  [libjvm.so+0x95f384]
V  [libjvm.so+0x963487]
V  [libjvm.so+0x961f48]
V  [libjvm.so+0x9623a9]
V  [libjvm.so+0x9627f2]
V  [libjvm.so+0x7d3862]

VM_Operation (0x00007ff3761b2840): ParallelGCFailedAllocation, mode: safepoint, requested by thread 0x00007ff36c00a800


---------------  P R O C E S S  ---------------

Java Threads: ( => current thread )
  0x00007ff36c0af800 JavaThread "Service Thread" daemon [_thread_blocked, id=6550, stack(0x00007ff36311e000,0x00007ff36321f000)]
  0x00007ff36c0ad800 JavaThread "C2 CompilerThread1" daemon [_thread_blocked, id=6549, stack(0x00007ff36321f000,0x00007ff363320000)]
  0x00007ff36c0aa800 JavaThread "C2 CompilerThread0" daemon [_thread_blocked, id=6548, stack(0x00007ff363320000,0x00007ff363421000)]
  0x00007ff36c0a8000 JavaThread "Signal Dispatcher" daemon [_thread_blocked, id=6547, stack(0x00007ff363421000,0x00007ff363522000)]
  0x00007ff36c07c800 JavaThread "Finalizer" daemon [_thread_blocked, id=6546, stack(0x00007ff363dfe000,0x00007ff363eff000)]
  0x00007ff36c07a800 JavaThread "Reference Handler" daemon [_thread_blocked, id=6545, stack(0x00007ff363eff000,0x00007ff364000000)]
  0x00007ff36c00a800 JavaThread "main" [_thread_blocked, id=6539, stack(0x00007ff3760b4000,0x00007ff3761b5000)]

Other Threads:
=>0x00007ff36c076000 VMThread [stack: 0x00007ff36808e000,0x00007ff36818f000] [id=6544]
  0x00007ff36c0ba800 WatcherThread [stack: 0x00007ff36301d000,0x00007ff36311e000] [id=6551]

VM state:at safepoint (normal execution)

VM Mutex/Monitor currently owned by a thread:  ([mutex/lock_event])
[0x00007ff36c006f80] Threads_lock - owner thread: 0x00007ff36c076000
[0x00007ff36c007480] Heap_lock - owner thread: 0x00007ff36c00a800

Heap
 PSYoungGen      total 113152K, used 96K [0x00000000eea80000, 0x00000000f5b80000, 0x0000000100000000)
  eden space 110592K, 0% used [0x00000000eea80000,0x00000000eea80000,0x00000000f5680000)
  from space 2560K, 3% used [0x00000000f5680000,0x00000000f5698000,0x00000000f5900000)
  to   space 2560K, 0% used [0x00000000f5900000,0x00000000f5900000,0x00000000f5b80000)
 ParOldGen       total 35328K, used 1415K [0x00000000cc000000, 0x00000000ce280000, 0x00000000eea80000)
  object space 35328K, 4% used [0x00000000cc000000,0x00000000cc161d38,0x00000000ce280000)
 PSPermGen       total 21504K, used 7292K [0x00000000c1a00000, 0x00000000c2f00000, 0x00000000cc000000)
  object space 21504K, 33% used [0x00000000c1a00000,0x00000000c211f040,0x00000000c2f00000)

Card table byte_map: [0x00007ff372ae0000,0x00007ff372cd4000] byte_map_base: 0x00007ff3724d3000

Polling page: 0x00007ff3761d4000

Code Cache  [0x00007ff369000000, 0x00007ff369270000, 0x00007ff36c000000)
 total_blobs=379 nmethods=111 adapters=223 free_code_cache=48538Kb largest_free_block=49676288

Compilation events (10 events):
Event: 2,891 Thread 0x00007ff36c0aa800 nmethod 107 0x00007ff369097850 code [0x00007ff369097980, 0x00007ff3690979f8]
Event: 2,891 Thread 0x00007ff36c0aa800  108             java.util.Random::next (47 bytes)
Event: 2,894 Thread 0x00007ff36c0ad800 nmethod 105 0x00007ff369097350 code [0x00007ff3690974a0, 0x00007ff3690976b8]
Event: 2,894 Thread 0x00007ff36c0ad800  109             org.duckdns.spacedock.upengine.libupsystem.Perso::genInit (62 bytes)
Event: 2,897 Thread 0x00007ff36c0aa800 nmethod 108 0x00007ff36909b210 code [0x00007ff36909b360, 0x00007ff36909b418]
Event: 2,897 Thread 0x00007ff36c0aa800  110             java.util.Collections::sort (52 bytes)
Event: 2,936 Thread 0x00007ff36c0aa800 nmethod 110 0x00007ff36909a590 code [0x00007ff36909a740, 0x00007ff36909ad98]
Event: 2,936 Thread 0x00007ff36c0aa800  111             java.lang.Boolean::booleanValue (5 bytes)
Event: 2,936 Thread 0x00007ff36c0aa800 nmethod 111 0x00007ff36909a390 code [0x00007ff36909a4c0, 0x00007ff36909a518]
Event: 2,964 Thread 0x00007ff36c0ad800 nmethod 109 0x00007ff36909ea10 code [0x00007ff36909ec00, 0x00007ff36909f750]

GC Heap History (10 events):
Event: 2,068 GC heap after
Heap after GC invocations=4 (full 0):
 PSYoungGen      total 29696K, used 1344K [0x00000000eea80000, 0x00000000f0980000, 0x0000000100000000)
  eden space 27648K, 0% used [0x00000000eea80000,0x00000000eea80000,0x00000000f0580000)
  from space 2048K, 65% used [0x00000000f0780000,0x00000000f08d0050,0x00000000f0980000)
  to   space 2048K, 0% used [0x00000000f0580000,0x00000000f0580000,0x00000000f0780000)
 ParOldGen       total 35328K, used 105K [0x00000000cc000000, 0x00000000ce280000, 0x00000000eea80000)
  object space 35328K, 0% used [0x00000000cc000000,0x00000000cc01a688,0x00000000ce280000)
 PSPermGen       total 21504K, used 7271K [0x00000000c1a00000, 0x00000000c2f00000, 0x00000000cc000000)
  object space 21504K, 33% used [0x00000000c1a00000,0x00000000c2119d80,0x00000000c2f00000)
}
Event: 2,224 GC heap before
{Heap before GC invocations=5 (full 0):
 PSYoungGen      total 29696K, used 28992K [0x00000000eea80000, 0x00000000f0980000, 0x0000000100000000)
  eden space 27648K, 100% used [0x00000000eea80000,0x00000000f0580000,0x00000000f0580000)
  from space 2048K, 65% used [0x00000000f0780000,0x00000000f08d0050,0x00000000f0980000)
  to   space 2048K, 0% used [0x00000000f0580000,0x00000000f0580000,0x00000000f0780000)
 ParOldGen       total 35328K, used 105K [0x00000000cc000000, 0x00000000ce280000, 0x00000000eea80000)
  object space 35328K, 0% used [0x00000000cc000000,0x00000000cc01a688,0x00000000ce280000)
 PSPermGen       total 21504K, used 7272K [0x00000000c1a00000, 0x00000000c2f00000, 0x00000000cc000000)
  object space 21504K, 33% used [0x00000000c1a00000,0x00000000c211a398,0x00000000c2f00000)
Event: 2,231 GC heap after
Heap after GC invocations=5 (full 0):
 PSYoungGen      total 29696K, used 1328K [0x00000000eea80000, 0x00000000f2580000, 0x0000000100000000)
  eden space 27648K, 0% used [0x00000000eea80000,0x00000000eea80000,0x00000000f0580000)
  from space 2048K, 64% used [0x00000000f0580000,0x00000000f06cc040,0x00000000f0780000)
  to   space 2560K, 0% used [0x00000000f2300000,0x00000000f2300000,0x00000000f2580000)
 ParOldGen       total 35328K, used 113K [0x00000000cc000000, 0x00000000ce280000, 0x00000000eea80000)
  object space 35328K, 0% used [0x00000000cc000000,0x00000000cc01c688,0x00000000ce280000)
 PSPermGen       total 21504K, used 7272K [0x00000000c1a00000, 0x00000000c2f00000, 0x00000000cc000000)
  object space 21504K, 33% used [0x00000000c1a00000,0x00000000c211a398,0x00000000c2f00000)
}
Event: 2,322 GC heap before
{Heap before GC invocations=6 (full 0):
 PSYoungGen      total 29696K, used 28976K [0x00000000eea80000, 0x00000000f2580000, 0x0000000100000000)
  eden space 27648K, 100% used [0x00000000eea80000,0x00000000f0580000,0x00000000f0580000)
  from space 2048K, 64% used [0x00000000f0580000,0x00000000f06cc040,0x00000000f0780000)
  to   space 2560K, 0% used [0x00000000f2300000,0x00000000f2300000,0x00000000f2580000)
 ParOldGen       total 35328K, used 113K [0x00000000cc000000, 0x00000000ce280000, 0x00000000eea80000)
  object space 35328K, 0% used [0x00000000cc000000,0x00000000cc01c688,0x00000000ce280000)
 PSPermGen       total 21504K, used 7276K [0x00000000c1a00000, 0x00000000c2f00000, 0x00000000cc000000)
  object space 21504K, 33% used [0x00000000c1a00000,0x00000000c211b330,0x00000000c2f00000)
Event: 2,329 GC heap after
Heap after GC invocations=6 (full 0):
 PSYoungGen      total 56832K, used 1344K [0x00000000eea80000, 0x00000000f2480000, 0x0000000100000000)
  eden space 55296K, 0% used [0x00000000eea80000,0x00000000eea80000,0x00000000f2080000)
  from space 1536K, 87% used [0x00000000f2300000,0x00000000f2450050,0x00000000f2480000)
  to   space 2048K, 0% used [0x00000000f2080000,0x00000000f2080000,0x00000000f2280000)
 ParOldGen       total 35328K, used 113K [0x00000000cc000000, 0x00000000ce280000, 0x00000000eea80000)
  object space 35328K, 0% used [0x00000000cc000000,0x00000000cc01c688,0x00000000ce280000)
 PSPermGen       total 21504K, used 7276K [0x00000000c1a00000, 0x00000000c2f00000, 0x00000000cc000000)
  object space 21504K, 33% used [0x00000000c1a00000,0x00000000c211b330,0x00000000c2f00000)
}
Event: 2,571 GC heap before
{Heap before GC invocations=7 (full 0):
 PSYoungGen      total 56832K, used 56640K [0x00000000eea80000, 0x00000000f2480000, 0x0000000100000000)
  eden space 55296K, 100% used [0x00000000eea80000,0x00000000f2080000,0x00000000f2080000)
  from space 1536K, 87% used [0x00000000f2300000,0x00000000f2450050,0x00000000f2480000)
  to   space 2048K, 0% used [0x00000000f2080000,0x00000000f2080000,0x00000000f2280000)
 ParOldGen       total 35328K, used 113K [0x00000000cc000000, 0x00000000ce280000, 0x00000000eea80000)
  object space 35328K, 0% used [0x00000000cc000000,0x00000000cc01c688,0x00000000ce280000)
 PSPermGen       total 21504K, used 7277K [0x00000000c1a00000, 0x00000000c2f00000, 0x00000000cc000000)
  object space 21504K, 33% used [0x00000000c1a00000,0x00000000c211b7f8,0x00000000c2f00000)
Event: 2,579 GC heap after
Heap after GC invocations=7 (full 0):
 PSYoungGen      total 57344K, used 128K [0x00000000eea80000, 0x00000000f5b80000, 0x0000000100000000)
  eden space 55296K, 0% used [0x00000000eea80000,0x00000000eea80000,0x00000000f2080000)
  from space 2048K, 6% used [0x00000000f2080000,0x00000000f20a0000,0x00000000f2280000)
  to   space 2560K, 0% used [0x00000000f5900000,0x00000000f5900000,0x00000000f5b80000)
 ParOldGen       total 35328K, used 1383K [0x00000000cc000000, 0x00000000ce280000, 0x00000000eea80000)
  object space 35328K, 3% used [0x00000000cc000000,0x00000000cc159d38,0x00000000ce280000)
 PSPermGen       total 21504K, used 7277K [0x00000000c1a00000, 0x00000000c2f00000, 0x00000000cc000000)
  object space 21504K, 33% used [0x00000000c1a00000,0x00000000c211b7f8,0x00000000c2f00000)
}
Event: 2,739 GC heap before
{Heap before GC invocations=8 (full 0):
 PSYoungGen      total 57344K, used 55424K [0x00000000eea80000, 0x00000000f5b80000, 0x0000000100000000)
  eden space 55296K, 100% used [0x00000000eea80000,0x00000000f2080000,0x00000000f2080000)
  from space 2048K, 6% used [0x00000000f2080000,0x00000000f20a0000,0x00000000f2280000)
  to   space 2560K, 0% used [0x00000000f5900000,0x00000000f5900000,0x00000000f5b80000)
 ParOldGen       total 35328K, used 1383K [0x00000000cc000000, 0x00000000ce280000, 0x00000000eea80000)
  object space 35328K, 3% used [0x00000000cc000000,0x00000000cc159d38,0x00000000ce280000)
 PSPermGen       total 21504K, used 7292K [0x00000000c1a00000, 0x00000000c2f00000, 0x00000000cc000000)
  object space 21504K, 33% used [0x00000000c1a00000,0x00000000c211f040,0x00000000c2f00000)
Event: 2,779 GC heap after
Heap after GC invocations=8 (full 0):
 PSYoungGen      total 113152K, used 128K [0x00000000eea80000, 0x00000000f5b80000, 0x0000000100000000)
  eden space 110592K, 0% used [0x00000000eea80000,0x00000000eea80000,0x00000000f5680000)
  from space 2560K, 5% used [0x00000000f5900000,0x00000000f5920000,0x00000000f5b80000)
  to   space 2560K, 0% used [0x00000000f5680000,0x00000000f5680000,0x00000000f5900000)
 ParOldGen       total 35328K, used 1407K [0x00000000cc000000, 0x00000000ce280000, 0x00000000eea80000)
  object space 35328K, 3% used [0x00000000cc000000,0x00000000cc15fd38,0x00000000ce280000)
 PSPermGen       total 21504K, used 7292K [0x00000000c1a00000, 0x00000000c2f00000, 0x00000000cc000000)
  object space 21504K, 33% used [0x00000000c1a00000,0x00000000c211f040,0x00000000c2f00000)
}
Event: 3,190 GC heap before
{Heap before GC invocations=9 (full 0):
 PSYoungGen      total 113152K, used 110720K [0x00000000eea80000, 0x00000000f5b80000, 0x0000000100000000)
  eden space 110592K, 100% used [0x00000000eea80000,0x00000000f5680000,0x00000000f5680000)
  from space 2560K, 5% used [0x00000000f5900000,0x00000000f5920000,0x00000000f5b80000)
  to   space 2560K, 0% used [0x00000000f5680000,0x00000000f5680000,0x00000000f5900000)
 ParOldGen       total 35328K, used 1407K [0x00000000cc000000, 0x00000000ce280000, 0x00000000eea80000)
  object space 35328K, 3% used [0x00000000cc000000,0x00000000cc15fd38,0x00000000ce280000)
 PSPermGen       total 21504K, used 7292K [0x00000000c1a00000, 0x00000000c2f00000, 0x00000000cc000000)
  object space 21504K, 33% used [0x00000000c1a00000,0x00000000c211f040,0x00000000c2f00000)

Deoptimization events (6 events):
Event: 0,276 Thread 0x00007ff36c00a800 Uncommon trap: reason=unstable_if action=reinterpret pc=0x00007ff3690603b4 method=java.lang.String.indexOf(II)I @ 49
Event: 0,420 Thread 0x00007ff36c00a800 Uncommon trap: reason=class_check action=maybe_recompile pc=0x00007ff369062f40 method=java.util.Properties$LineReader.readLine()I @ 62
Event: 0,421 Thread 0x00007ff36c00a800 Uncommon trap: reason=unstable_if action=reinterpret pc=0x00007ff369062e08 method=java.util.Properties$LineReader.readLine()I @ 263
Event: 0,490 Thread 0x00007ff36c00a800 Uncommon trap: reason=unstable_if action=reinterpret pc=0x00007ff369060da4 method=java.lang.String.indexOf([CII[CIII)I @ 123
Event: 0,903 Thread 0x00007ff36c00a800 Uncommon trap: reason=unstable_if action=reinterpret pc=0x00007ff36906b2c4 method=java.util.Properties$LineReader.readLine()I @ 369
Event: 1,104 Thread 0x00007ff36c00a800 Uncommon trap: reason=unstable_if action=reinterpret pc=0x00007ff36906eeec method=sun.net.www.ParseUtil.encodePath(Ljava/lang/String;Z)Ljava/lang/String; @ 109

Internal exceptions (10 events):
Event: 1,204 Thread 0x00007ff36c00a800 Threw 0x00000000ef12bbc0 at /build/openjdk-7-fqDl7t/openjdk-7-7u121-2.6.8/build/openjdk/hotspot/src/share/vm/prims/jvm.cpp:1322
Event: 1,205 Thread 0x00007ff36c00a800 Threw 0x00000000ef12f6f0 at /build/openjdk-7-fqDl7t/openjdk-7-7u121-2.6.8/build/openjdk/hotspot/src/share/vm/prims/jvm.cpp:1322
Event: 1,279 Thread 0x00007ff36c00a800 Threw 0x00000000ef15bb50 at /build/openjdk-7-fqDl7t/openjdk-7-7u121-2.6.8/build/openjdk/hotspot/src/share/vm/prims/jvm.cpp:1322
Event: 1,284 Thread 0x00007ff36c00a800 Threw 0x00000000ef1609c0 at /build/openjdk-7-fqDl7t/openjdk-7-7u121-2.6.8/build/openjdk/hotspot/src/share/vm/prims/jvm.cpp:1322
Event: 1,287 Thread 0x00007ff36c00a800 Threw 0x00000000ef164878 at /build/openjdk-7-fqDl7t/openjdk-7-7u121-2.6.8/build/openjdk/hotspot/src/share/vm/prims/jvm.cpp:1322
Event: 1,290 Thread 0x00007ff36c00a800 Threw 0x00000000ef169500 at /build/openjdk-7-fqDl7t/openjdk-7-7u121-2.6.8/build/openjdk/hotspot/src/share/vm/prims/jvm.cpp:1322
Event: 1,312 Thread 0x00007ff36c00a800 Threw 0x00000000ef188fc8 at /build/openjdk-7-fqDl7t/openjdk-7-7u121-2.6.8/build/openjdk/hotspot/src/share/vm/prims/jvm.cpp:1322
Event: 1,320 Thread 0x00007ff36c00a800 Threw 0x00000000ef19c868 at /build/openjdk-7-fqDl7t/openjdk-7-7u121-2.6.8/build/openjdk/hotspot/src/share/vm/prims/jvm.cpp:1322
Event: 1,323 Thread 0x00007ff36c00a800 Threw 0x00000000ef19fd50 at /build/openjdk-7-fqDl7t/openjdk-7-7u121-2.6.8/build/openjdk/hotspot/src/share/vm/prims/jvm.cpp:1322
Event: 1,331 Thread 0x00007ff36c00a800 Threw 0x00000000ef1a39b8 at /build/openjdk-7-fqDl7t/openjdk-7-7u121-2.6.8/build/openjdk/hotspot/src/share/vm/prims/jvm.cpp:1322

Events (10 events):
Event: 2,068 Executing VM operation: ParallelGCFailedAllocation done
Event: 2,224 Executing VM operation: ParallelGCFailedAllocation
Event: 2,231 Executing VM operation: ParallelGCFailedAllocation done
Event: 2,322 Executing VM operation: ParallelGCFailedAllocation
Event: 2,329 Executing VM operation: ParallelGCFailedAllocation done
Event: 2,571 Executing VM operation: ParallelGCFailedAllocation
Event: 2,579 Executing VM operation: ParallelGCFailedAllocation done
Event: 2,739 Executing VM operation: ParallelGCFailedAllocation
Event: 2,779 Executing VM operation: ParallelGCFailedAllocation done
Event: 3,189 Executing VM operation: ParallelGCFailedAllocation


Dynamic libraries:
00400000-00401000 r-xp 00000000 08:01 3155548                            /usr/lib/jvm/java-7-openjdk-amd64/jre/bin/java
00600000-00601000 r--p 00000000 08:01 3155548                            /usr/lib/jvm/java-7-openjdk-amd64/jre/bin/java
00601000-00602000 rw-p 00001000 08:01 3155548                            /usr/lib/jvm/java-7-openjdk-amd64/jre/bin/java
01a4f000-01a70000 rw-p 00000000 00:00 0                                  [heap]
c1a00000-c2f00000 rw-p 00000000 00:00 0 
c2f00000-cc000000 rw-p 00000000 00:00 0 
cc000000-ce280000 rw-p 00000000 00:00 0 
ce280000-eea80000 rw-p 00000000 00:00 0 
eea80000-f5b80000 rw-p 00000000 00:00 0 
f9c80000-100000000 rw-p 00000000 00:00 0 
7ff32c000000-7ff32c021000 rw-p 00000000 00:00 0 
7ff32c021000-7ff330000000 ---p 00000000 00:00 0 
7ff334000000-7ff33423d000 rw-p 00000000 00:00 0 
7ff33423d000-7ff338000000 ---p 00000000 00:00 0 
7ff338000000-7ff338021000 rw-p 00000000 00:00 0 
7ff338021000-7ff33c000000 ---p 00000000 00:00 0 
7ff33c000000-7ff33c021000 rw-p 00000000 00:00 0 
7ff33c021000-7ff340000000 ---p 00000000 00:00 0 
7ff340000000-7ff340631000 rw-p 00000000 00:00 0 
7ff340631000-7ff344000000 ---p 00000000 00:00 0 
7ff344000000-7ff344021000 rw-p 00000000 00:00 0 
7ff344021000-7ff348000000 ---p 00000000 00:00 0 
7ff348000000-7ff348021000 rw-p 00000000 00:00 0 
7ff348021000-7ff34c000000 ---p 00000000 00:00 0 
7ff34c000000-7ff34c021000 rw-p 00000000 00:00 0 
7ff34c021000-7ff350000000 ---p 00000000 00:00 0 
7ff350000000-7ff350021000 rw-p 00000000 00:00 0 
7ff350021000-7ff354000000 ---p 00000000 00:00 0 
7ff354000000-7ff354021000 rw-p 00000000 00:00 0 
7ff354021000-7ff358000000 ---p 00000000 00:00 0 
7ff35c000000-7ff35c021000 rw-p 00000000 00:00 0 
7ff35c021000-7ff360000000 ---p 00000000 00:00 0 
7ff36189f000-7ff3618dc000 r-xp 00000000 08:01 2756625                    /lib/x86_64-linux-gnu/libpcre.so.3.13.1
7ff3618dc000-7ff361adb000 ---p 0003d000 08:01 2756625                    /lib/x86_64-linux-gnu/libpcre.so.3.13.1
7ff361adb000-7ff361adc000 r--p 0003c000 08:01 2756625                    /lib/x86_64-linux-gnu/libpcre.so.3.13.1
7ff361adc000-7ff361add000 rw-p 0003d000 08:01 2756625                    /lib/x86_64-linux-gnu/libpcre.so.3.13.1
7ff361add000-7ff361ae4000 r-xp 00000000 08:01 3146096                    /usr/lib/x86_64-linux-gnu/libffi.so.6.0.1
7ff361ae4000-7ff361ce3000 ---p 00007000 08:01 3146096                    /usr/lib/x86_64-linux-gnu/libffi.so.6.0.1
7ff361ce3000-7ff361ce4000 r--p 00006000 08:01 3146096                    /usr/lib/x86_64-linux-gnu/libffi.so.6.0.1
7ff361ce4000-7ff361ce5000 rw-p 00007000 08:01 3146096                    /usr/lib/x86_64-linux-gnu/libffi.so.6.0.1
7ff361ce5000-7ff361cfc000 r-xp 00000000 08:01 2752516                    /lib/x86_64-linux-gnu/libresolv-2.19.so
7ff361cfc000-7ff361efc000 ---p 00017000 08:01 2752516                    /lib/x86_64-linux-gnu/libresolv-2.19.so
7ff361efc000-7ff361efd000 r--p 00017000 08:01 2752516                    /lib/x86_64-linux-gnu/libresolv-2.19.so
7ff361efd000-7ff361efe000 rw-p 00018000 08:01 2752516                    /lib/x86_64-linux-gnu/libresolv-2.19.so
7ff361efe000-7ff361f00000 rw-p 00000000 00:00 0 
7ff361f00000-7ff361f20000 r-xp 00000000 08:01 2756767                    /lib/x86_64-linux-gnu/libselinux.so.1
7ff361f20000-7ff36211f000 ---p 00020000 08:01 2756767                    /lib/x86_64-linux-gnu/libselinux.so.1
7ff36211f000-7ff362120000 r--p 0001f000 08:01 2756767                    /lib/x86_64-linux-gnu/libselinux.so.1
7ff362120000-7ff362121000 rw-p 00020000 08:01 2756767                    /lib/x86_64-linux-gnu/libselinux.so.1
7ff362121000-7ff362123000 rw-p 00000000 00:00 0 
7ff362123000-7ff362126000 r-xp 00000000 08:01 3153259                    /usr/lib/x86_64-linux-gnu/libgmodule-2.0.so.0.4002.0
7ff362126000-7ff362325000 ---p 00003000 08:01 3153259                    /usr/lib/x86_64-linux-gnu/libgmodule-2.0.so.0.4002.0
7ff362325000-7ff362326000 r--p 00002000 08:01 3153259                    /usr/lib/x86_64-linux-gnu/libgmodule-2.0.so.0.4002.0
7ff362326000-7ff362327000 rw-p 00003000 08:01 3153259                    /usr/lib/x86_64-linux-gnu/libgmodule-2.0.so.0.4002.0
7ff362327000-7ff36242d000 r-xp 00000000 08:01 2756673                    /lib/x86_64-linux-gnu/libglib-2.0.so.0.4002.0
7ff36242d000-7ff36262c000 ---p 00106000 08:01 2756673                    /lib/x86_64-linux-gnu/libglib-2.0.so.0.4002.0
7ff36262c000-7ff36262d000 r--p 00105000 08:01 2756673                    /lib/x86_64-linux-gnu/libglib-2.0.so.0.4002.0
7ff36262d000-7ff36262e000 rw-p 00106000 08:01 2756673                    /lib/x86_64-linux-gnu/libglib-2.0.so.0.4002.0
7ff36262e000-7ff36262f000 rw-p 00000000 00:00 0 
7ff36262f000-7ff36267e000 r-xp 00000000 08:01 3153275                    /usr/lib/x86_64-linux-gnu/libgobject-2.0.so.0.4002.0
7ff36267e000-7ff36287e000 ---p 0004f000 08:01 3153275                    /usr/lib/x86_64-linux-gnu/libgobject-2.0.so.0.4002.0
7ff36287e000-7ff36287f000 r--p 0004f000 08:01 3153275                    /usr/lib/x86_64-linux-gnu/libgobject-2.0.so.0.4002.0
7ff36287f000-7ff362880000 rw-p 00050000 08:01 3153275                    /usr/lib/x86_64-linux-gnu/libgobject-2.0.so.0.4002.0
7ff362880000-7ff3629ec000 r-xp 00000000 08:01 3153245                    /usr/lib/x86_64-linux-gnu/libgio-2.0.so.0.4002.0
7ff3629ec000-7ff362beb000 ---p 0016c000 08:01 3153245                    /usr/lib/x86_64-linux-gnu/libgio-2.0.so.0.4002.0
7ff362beb000-7ff362bef000 r--p 0016b000 08:01 3153245                    /usr/lib/x86_64-linux-gnu/libgio-2.0.so.0.4002.0
7ff362bef000-7ff362bf1000 rw-p 0016f000 08:01 3153245                    /usr/lib/x86_64-linux-gnu/libgio-2.0.so.0.4002.0
7ff362bf1000-7ff362bf3000 rw-p 00000000 00:00 0 
7ff362bf3000-7ff362c0a000 r-xp 00000000 08:01 3155475                    /usr/lib/jvm/java-7-openjdk-amd64/jre/lib/amd64/libnet.so
7ff362c0a000-7ff362e09000 ---p 00017000 08:01 3155475                    /usr/lib/jvm/java-7-openjdk-amd64/jre/lib/amd64/libnet.so
7ff362e09000-7ff362e0a000 r--p 00016000 08:01 3155475                    /usr/lib/jvm/java-7-openjdk-amd64/jre/lib/amd64/libnet.so
7ff362e0a000-7ff362e0b000 rw-p 00017000 08:01 3155475                    /usr/lib/jvm/java-7-openjdk-amd64/jre/lib/amd64/libnet.so
7ff362e0b000-7ff362e1b000 r-xp 00000000 08:01 3152632                    /usr/lib/jvm/java-7-openjdk-amd64/jre/lib/amd64/libnio.so
7ff362e1b000-7ff36301b000 ---p 00010000 08:01 3152632                    /usr/lib/jvm/java-7-openjdk-amd64/jre/lib/amd64/libnio.so
7ff36301b000-7ff36301c000 r--p 00010000 08:01 3152632                    /usr/lib/jvm/java-7-openjdk-amd64/jre/lib/amd64/libnio.so
7ff36301c000-7ff36301d000 rw-p 00011000 08:01 3152632                    /usr/lib/jvm/java-7-openjdk-amd64/jre/lib/amd64/libnio.so
7ff36301d000-7ff36301e000 ---p 00000000 00:00 0 
7ff36301e000-7ff36311e000 rw-p 00000000 00:00 0                          [stack:6551]
7ff36311e000-7ff363121000 ---p 00000000 00:00 0 
7ff363121000-7ff36321f000 rw-p 00000000 00:00 0                          [stack:6550]
7ff36321f000-7ff363222000 ---p 00000000 00:00 0 
7ff363222000-7ff363320000 rw-p 00000000 00:00 0                          [stack:6549]
7ff363320000-7ff363323000 ---p 00000000 00:00 0 
7ff363323000-7ff363421000 rw-p 00000000 00:00 0                          [stack:6548]
7ff363421000-7ff363424000 ---p 00000000 00:00 0 
7ff363424000-7ff363522000 rw-p 00000000 00:00 0                          [stack:6547]
7ff363522000-7ff363dfe000 r--p 00000000 08:01 3148861                    /usr/lib/locale/locale-archive
7ff363dfe000-7ff363e01000 ---p 00000000 00:00 0 
7ff363e01000-7ff363eff000 rw-p 00000000 00:00 0                          [stack:6546]
7ff363eff000-7ff363f02000 ---p 00000000 00:00 0 
7ff363f02000-7ff364000000 rw-p 00000000 00:00 0                          [stack:6545]
7ff364000000-7ff364021000 rw-p 00000000 00:00 0 
7ff364021000-7ff368000000 ---p 00000000 00:00 0 
7ff368024000-7ff368055000 rw-p 00000000 00:00 0 
7ff36806f000-7ff368070000 rw-p 00000000 00:00 0 
7ff368070000-7ff36808e000 r--s 001c8000 08:01 1444773                    /home/audreyazura/Documents/Project/Tools/netbeans-8.1/extide/ant/lib/ant.jar
7ff36808e000-7ff36808f000 ---p 00000000 00:00 0 
7ff36808f000-7ff369000000 rw-p 00000000 00:00 0                          [stack:6544]
7ff369000000-7ff369270000 rwxp 00000000 00:00 0 
7ff369270000-7ff36c225000 rw-p 00000000 00:00 0 
7ff36c225000-7ff370000000 ---p 00000000 00:00 0 
7ff370000000-7ff37000a000 r--s 000ae000 08:01 3148563                    /usr/lib/jvm/java-7-openjdk-amd64/jre/lib/resources.jar
7ff37000a000-7ff37000c000 r--s 00002000 08:01 1444758                    /home/audreyazura/Documents/Project/Tools/netbeans-8.1/extide/ant/lib/ant-junit4.jar
7ff37000c000-7ff37000f000 r--s 0001a000 08:01 1444760                    /home/audreyazura/Documents/Project/Tools/netbeans-8.1/extide/ant/lib/ant-junit.jar
7ff37000f000-7ff370018000 r--s 00044000 08:01 1449897                    /home/audreyazura/Documents/Project/libupsystem/lib/junit_4/junit-4.12.jar
7ff370018000-7ff3701a4000 rw-p 00000000 00:00 0 
7ff3701a4000-7ff370357000 r--s 01d49000 08:01 3155504                    /usr/lib/jvm/java-7-openjdk-amd64/jre/lib/rt.jar
7ff370357000-7ff372573000 rw-p 00000000 00:00 0 
7ff372573000-7ff372574000 ---p 00000000 00:00 0 
7ff372574000-7ff372674000 rw-p 00000000 00:00 0                          [stack:6543]
7ff372674000-7ff372675000 ---p 00000000 00:00 0 
7ff372675000-7ff372775000 rw-p 00000000 00:00 0                          [stack:6542]
7ff372775000-7ff372776000 ---p 00000000 00:00 0 
7ff372776000-7ff372876000 rw-p 00000000 00:00 0                          [stack:6541]
7ff372876000-7ff372877000 ---p 00000000 00:00 0 
7ff372877000-7ff372982000 rw-p 00000000 00:00 0                          [stack:6540]
7ff372982000-7ff3729ca000 rw-p 00000000 00:00 0 
7ff3729ca000-7ff3729dc000 rw-p 00000000 00:00 0 
7ff3729dc000-7ff372ae0000 rw-p 00000000 00:00 0 
7ff372ae0000-7ff372aeb000 rw-p 00000000 00:00 0 
7ff372aeb000-7ff372b33000 rw-p 00000000 00:00 0 
7ff372b33000-7ff372b45000 rw-p 00000000 00:00 0 
7ff372b45000-7ff372c48000 rw-p 00000000 00:00 0 
7ff372c48000-7ff372c81000 rw-p 00000000 00:00 0 
7ff372c81000-7ff372cd3000 rw-p 00000000 00:00 0 
7ff372cd3000-7ff372cd4000 rw-p 00000000 00:00 0 
7ff372cd4000-7ff372cdc000 r-xp 00000000 08:01 3155066                    /usr/lib/jvm/java-7-openjdk-amd64/jre/lib/amd64/libzip.so
7ff372cdc000-7ff372edb000 ---p 00008000 08:01 3155066                    /usr/lib/jvm/java-7-openjdk-amd64/jre/lib/amd64/libzip.so
7ff372edb000-7ff372edc000 r--p 00007000 08:01 3155066                    /usr/lib/jvm/java-7-openjdk-amd64/jre/lib/amd64/libzip.so
7ff372edc000-7ff372edd000 rw-p 00008000 08:01 3155066                    /usr/lib/jvm/java-7-openjdk-amd64/jre/lib/amd64/libzip.so
7ff372edd000-7ff372ee7000 r-xp 00000000 08:01 2752570                    /lib/x86_64-linux-gnu/libnss_files-2.19.so
7ff372ee7000-7ff3730e6000 ---p 0000a000 08:01 2752570                    /lib/x86_64-linux-gnu/libnss_files-2.19.so
7ff3730e6000-7ff3730e7000 r--p 00009000 08:01 2752570                    /lib/x86_64-linux-gnu/libnss_files-2.19.so
7ff3730e7000-7ff3730e8000 rw-p 0000a000 08:01 2752570                    /lib/x86_64-linux-gnu/libnss_files-2.19.so
7ff3730e8000-7ff3730f3000 r-xp 00000000 08:01 2752562                    /lib/x86_64-linux-gnu/libnss_nis-2.19.so
7ff3730f3000-7ff3732f2000 ---p 0000b000 08:01 2752562                    /lib/x86_64-linux-gnu/libnss_nis-2.19.so
7ff3732f2000-7ff3732f3000 r--p 0000a000 08:01 2752562                    /lib/x86_64-linux-gnu/libnss_nis-2.19.so
7ff3732f3000-7ff3732f4000 rw-p 0000b000 08:01 2752562                    /lib/x86_64-linux-gnu/libnss_nis-2.19.so
7ff3732f4000-7ff37330b000 r-xp 00000000 08:01 2752558                    /lib/x86_64-linux-gnu/libnsl-2.19.so
7ff37330b000-7ff37350a000 ---p 00017000 08:01 2752558                    /lib/x86_64-linux-gnu/libnsl-2.19.so
7ff37350a000-7ff37350b000 r--p 00016000 08:01 2752558                    /lib/x86_64-linux-gnu/libnsl-2.19.so
7ff37350b000-7ff37350c000 rw-p 00017000 08:01 2752558                    /lib/x86_64-linux-gnu/libnsl-2.19.so
7ff37350c000-7ff37350e000 rw-p 00000000 00:00 0 
7ff37350e000-7ff373517000 r-xp 00000000 08:01 2752557                    /lib/x86_64-linux-gnu/libnss_compat-2.19.so
7ff373517000-7ff373716000 ---p 00009000 08:01 2752557                    /lib/x86_64-linux-gnu/libnss_compat-2.19.so
7ff373716000-7ff373717000 r--p 00008000 08:01 2752557                    /lib/x86_64-linux-gnu/libnss_compat-2.19.so
7ff373717000-7ff373718000 rw-p 00009000 08:01 2752557                    /lib/x86_64-linux-gnu/libnss_compat-2.19.so
7ff373718000-7ff373742000 r-xp 00000000 08:01 3152636                    /usr/lib/jvm/java-7-openjdk-amd64/jre/lib/amd64/libjava.so
7ff373742000-7ff373942000 ---p 0002a000 08:01 3152636                    /usr/lib/jvm/java-7-openjdk-amd64/jre/lib/amd64/libjava.so
7ff373942000-7ff373943000 r--p 0002a000 08:01 3152636                    /usr/lib/jvm/java-7-openjdk-amd64/jre/lib/amd64/libjava.so
7ff373943000-7ff373945000 rw-p 0002b000 08:01 3152636                    /usr/lib/jvm/java-7-openjdk-amd64/jre/lib/amd64/libjava.so
7ff373945000-7ff373955000 r-xp 00000000 08:01 3155494                    /usr/lib/jvm/java-7-openjdk-amd64/jre/lib/amd64/libverify.so
7ff373955000-7ff373b54000 ---p 00010000 08:01 3155494                    /usr/lib/jvm/java-7-openjdk-amd64/jre/lib/amd64/libverify.so
7ff373b54000-7ff373b56000 r--p 0000f000 08:01 3155494                    /usr/lib/jvm/java-7-openjdk-amd64/jre/lib/amd64/libverify.so
7ff373b56000-7ff373b57000 rw-p 00011000 08:01 3155494                    /usr/lib/jvm/java-7-openjdk-amd64/jre/lib/amd64/libverify.so
7ff373b57000-7ff373b5e000 r-xp 00000000 08:01 2752566                    /lib/x86_64-linux-gnu/librt-2.19.so
7ff373b5e000-7ff373d5d000 ---p 00007000 08:01 2752566                    /lib/x86_64-linux-gnu/librt-2.19.so
7ff373d5d000-7ff373d5e000 r--p 00006000 08:01 2752566                    /lib/x86_64-linux-gnu/librt-2.19.so
7ff373d5e000-7ff373d5f000 rw-p 00007000 08:01 2752566                    /lib/x86_64-linux-gnu/librt-2.19.so
7ff373d5f000-7ff373d75000 r-xp 00000000 08:01 2756650                    /lib/x86_64-linux-gnu/libgcc_s.so.1
7ff373d75000-7ff373f74000 ---p 00016000 08:01 2756650                    /lib/x86_64-linux-gnu/libgcc_s.so.1
7ff373f74000-7ff373f75000 rw-p 00015000 08:01 2756650                    /lib/x86_64-linux-gnu/libgcc_s.so.1
7ff373f75000-7ff37407a000 r-xp 00000000 08:01 2752530                    /lib/x86_64-linux-gnu/libm-2.19.so
7ff37407a000-7ff374279000 ---p 00105000 08:01 2752530                    /lib/x86_64-linux-gnu/libm-2.19.so
7ff374279000-7ff37427a000 r--p 00104000 08:01 2752530                    /lib/x86_64-linux-gnu/libm-2.19.so
7ff37427a000-7ff37427b000 rw-p 00105000 08:01 2752530                    /lib/x86_64-linux-gnu/libm-2.19.so
7ff37427b000-7ff374381000 r-xp 00000000 08:01 3147884                    /usr/lib/x86_64-linux-gnu/libstdc++.so.6.0.22
7ff374381000-7ff374580000 ---p 00106000 08:01 3147884                    /usr/lib/x86_64-linux-gnu/libstdc++.so.6.0.22
7ff374580000-7ff374588000 r--p 00105000 08:01 3147884                    /usr/lib/x86_64-linux-gnu/libstdc++.so.6.0.22
7ff374588000-7ff37458a000 rw-p 0010d000 08:01 3147884                    /usr/lib/x86_64-linux-gnu/libstdc++.so.6.0.22
7ff37458a000-7ff37458d000 rw-p 00000000 00:00 0 
7ff37458d000-7ff3750bb000 r-xp 00000000 08:01 3154760                    /usr/lib/jvm/java-7-openjdk-amd64/jre/lib/amd64/server/libjvm.so
7ff3750bb000-7ff3752bb000 ---p 00b2e000 08:01 3154760                    /usr/lib/jvm/java-7-openjdk-amd64/jre/lib/amd64/server/libjvm.so
7ff3752bb000-7ff375355000 r--p 00b2e000 08:01 3154760                    /usr/lib/jvm/java-7-openjdk-amd64/jre/lib/amd64/server/libjvm.so
7ff375355000-7ff375378000 rw-p 00bc8000 08:01 3154760                    /usr/lib/jvm/java-7-openjdk-amd64/jre/lib/amd64/server/libjvm.so
7ff375378000-7ff3753a7000 rw-p 00000000 00:00 0 
7ff3753a7000-7ff3753bf000 r-xp 00000000 08:01 2756797                    /lib/x86_64-linux-gnu/libz.so.1.2.8
7ff3753bf000-7ff3755be000 ---p 00018000 08:01 2756797                    /lib/x86_64-linux-gnu/libz.so.1.2.8
7ff3755be000-7ff3755bf000 r--p 00017000 08:01 2756797                    /lib/x86_64-linux-gnu/libz.so.1.2.8
7ff3755bf000-7ff3755c0000 rw-p 00018000 08:01 2756797                    /lib/x86_64-linux-gnu/libz.so.1.2.8
7ff3755c0000-7ff3755d9000 r-xp 00000000 08:01 2752559                    /lib/x86_64-linux-gnu/libpthread-2.19.so
7ff3755d9000-7ff3757d8000 ---p 00019000 08:01 2752559                    /lib/x86_64-linux-gnu/libpthread-2.19.so
7ff3757d8000-7ff3757d9000 r--p 00018000 08:01 2752559                    /lib/x86_64-linux-gnu/libpthread-2.19.so
7ff3757d9000-7ff3757da000 rw-p 00019000 08:01 2752559                    /lib/x86_64-linux-gnu/libpthread-2.19.so
7ff3757da000-7ff3757de000 rw-p 00000000 00:00 0 
7ff3757de000-7ff3757e1000 r-xp 00000000 08:01 2752539                    /lib/x86_64-linux-gnu/libdl-2.19.so
7ff3757e1000-7ff3759e0000 ---p 00003000 08:01 2752539                    /lib/x86_64-linux-gnu/libdl-2.19.so
7ff3759e0000-7ff3759e1000 r--p 00002000 08:01 2752539                    /lib/x86_64-linux-gnu/libdl-2.19.so
7ff3759e1000-7ff3759e2000 rw-p 00003000 08:01 2752539                    /lib/x86_64-linux-gnu/libdl-2.19.so
7ff3759e2000-7ff375b9c000 r-xp 00000000 08:01 2752567                    /lib/x86_64-linux-gnu/libc-2.19.so
7ff375b9c000-7ff375d9c000 ---p 001ba000 08:01 2752567                    /lib/x86_64-linux-gnu/libc-2.19.so
7ff375d9c000-7ff375da0000 r--p 001ba000 08:01 2752567                    /lib/x86_64-linux-gnu/libc-2.19.so
7ff375da0000-7ff375da2000 rw-p 001be000 08:01 2752567                    /lib/x86_64-linux-gnu/libc-2.19.so
7ff375da2000-7ff375da7000 rw-p 00000000 00:00 0 
7ff375da7000-7ff375db4000 r-xp 00000000 08:01 3152640                    /usr/lib/jvm/java-7-openjdk-amd64/jre/lib/amd64/jli/libjli.so
7ff375db4000-7ff375fb3000 ---p 0000d000 08:01 3152640                    /usr/lib/jvm/java-7-openjdk-amd64/jre/lib/amd64/jli/libjli.so
7ff375fb3000-7ff375fb4000 r--p 0000c000 08:01 3152640                    /usr/lib/jvm/java-7-openjdk-amd64/jre/lib/amd64/jli/libjli.so
7ff375fb4000-7ff375fb5000 rw-p 0000d000 08:01 3152640                    /usr/lib/jvm/java-7-openjdk-amd64/jre/lib/amd64/jli/libjli.so
7ff375fb5000-7ff375fd8000 r-xp 00000000 08:01 2752560                    /lib/x86_64-linux-gnu/ld-2.19.so
7ff375fd8000-7ff375fda000 r--s 00009000 08:01 1449889                    /home/audreyazura/Documents/Project/libupsystem/lib/hamcrest/hamcrest-core-1.3.jar
7ff375fda000-7ff375fdd000 r--s 00013000 08:01 1449179                    /home/audreyazura/Documents/Project/libupsystem/lib/commonutils.portable1-0.jar
7ff375fdd000-7ff375fe0000 r--s 0003d000 08:01 3152622                    /usr/lib/jvm/java-7-openjdk-amd64/jre/lib/ext/sunpkcs11.jar
7ff375fe0000-7ff375ffe000 rw-p 00000000 00:00 0 
7ff375ffe000-7ff3760b4000 rw-p 00000000 00:00 0 
7ff3760b4000-7ff3760b7000 ---p 00000000 00:00 0 
7ff3760b7000-7ff3761ba000 rw-p 00000000 00:00 0                          [stack:6539]
7ff3761ba000-7ff3761bb000 r--s 00004000 08:01 1444752                    /home/audreyazura/Documents/Project/Tools/netbeans-8.1/extide/ant/lib/ant-launcher.jar
7ff3761bb000-7ff3761bf000 r--s 00085000 08:01 3152619                    /usr/lib/jvm/java-7-openjdk-amd64/jre/lib/ext/localedata.jar
7ff3761bf000-7ff3761c0000 r--s 00002000 08:01 3152621                    /usr/lib/jvm/java-7-openjdk-amd64/jre/lib/ext/dnsns.jar
7ff3761c0000-7ff3761c2000 r--s 00006000 08:01 3283851                    /usr/share/java/java-atk-wrapper.jar
7ff3761c2000-7ff3761c4000 r--s 00012000 08:01 3152620                    /usr/lib/jvm/java-7-openjdk-amd64/jre/lib/ext/zipfs.jar
7ff3761c4000-7ff3761c7000 r--s 0000f000 08:01 3152623                    /usr/lib/jvm/java-7-openjdk-amd64/jre/lib/ext/icedtea-sound.jar
7ff3761c7000-7ff3761cb000 r--s 00034000 08:01 3152618                    /usr/lib/jvm/java-7-openjdk-amd64/jre/lib/ext/sunjce_provider.jar
7ff3761cb000-7ff3761d3000 rw-s 00000000 08:01 1835123                    /tmp/hsperfdata_audreyazura/6536
7ff3761d3000-7ff3761d4000 rw-p 00000000 00:00 0 
7ff3761d4000-7ff3761d5000 ---p 00000000 00:00 0 
7ff3761d5000-7ff3761d7000 rw-p 00000000 00:00 0 
7ff3761d7000-7ff3761d8000 r--p 00022000 08:01 2752560                    /lib/x86_64-linux-gnu/ld-2.19.so
7ff3761d8000-7ff3761d9000 rw-p 00023000 08:01 2752560                    /lib/x86_64-linux-gnu/ld-2.19.so
7ff3761d9000-7ff3761da000 rw-p 00000000 00:00 0 
7ffd7ece9000-7ffd7ed0a000 rw-p 00000000 00:00 0                          [stack]
7ffd7ed9c000-7ffd7ed9e000 r-xp 00000000 00:00 0                          [vdso]
7ffd7ed9e000-7ffd7eda0000 r--p 00000000 00:00 0                          [vvar]
ffffffffff600000-ffffffffff601000 r-xp 00000000 00:00 0                  [vsyscall]

VM Arguments:
jvm_args: -ea 
java_command: org.apache.tools.ant.taskdefs.optional.junit.JUnitTestRunner org.duckdns.spacedock.upengine.libupsystem.PersoStatDegatsLegersTest skipNonTests=false filtertrace=true haltOnError=false haltOnFailure=false showoutput=true outputtoformatters=true logfailedtests=true threadid=0 logtestlistenerevents=true formatter=org.apache.tools.ant.taskdefs.optional.junit.BriefJUnitResultFormatter formatter=org.apache.tools.ant.taskdefs.optional.junit.XMLJUnitResultFormatter,/home/audreyazura/Documents/Project/libupsystem/build/test/results/TEST-org.duckdns.spacedock.upengine.libupsystem.PersoStatDegatsLegersTest.xml crashfile=/home/audreyazura/Documents/Project/libupsystem/build/junitvmwatcher4225722390046079355.properties propsfile=/home/audreyazura/Documents/Project/libupsystem/build/junit1094053004890256800.properties
Launcher Type: SUN_STANDARD

Environment Variables:
JAVA_HOME=/usr/lib/jvm/java-7-openjdk-amd64
PATH=/usr/local/sbin:/usr/local/bin:/usr/sbin:/usr/bin:/sbin:/bin:/usr/games:/usr/local/games:/usr/lib/jvm/java-7-openjdk-amd64/bin:/home/audreyazura/Documents/Project/Tools/netbeans-8.1/extide/ant/bin
LD_LIBRARY_PATH=/usr/lib/jvm/java-7-openjdk-amd64/jre/lib/amd64:/usr/lib/jvm/java-7-openjdk-amd64/jre/lib/i386:
SHELL=/bin/bash
DISPLAY=:0

Signal Handlers:
SIGSEGV: [libjvm.so+0x95e460], sa_mask[0]=0x7ffbfeff, sa_flags=0x10000004
SIGBUS: [libjvm.so+0x95e460], sa_mask[0]=0x7ffbfeff, sa_flags=0x10000004
SIGFPE: [libjvm.so+0x7d2030], sa_mask[0]=0x7ffbfeff, sa_flags=0x10000004
SIGPIPE: [libjvm.so+0x7d2030], sa_mask[0]=0x7ffbfeff, sa_flags=0x10000004
SIGXFSZ: [libjvm.so+0x7d2030], sa_mask[0]=0x7ffbfeff, sa_flags=0x10000004
SIGILL: [libjvm.so+0x7d2030], sa_mask[0]=0x7ffbfeff, sa_flags=0x10000004
SIGUSR1: SIG_DFL, sa_mask[0]=0x00000000, sa_flags=0x00000000
SIGUSR2: [libjvm.so+0x7d2160], sa_mask[0]=0x00000004, sa_flags=0x10000004
SIGHUP: [libjvm.so+0x7d20b0], sa_mask[0]=0x7ffbfeff, sa_flags=0x10000004
SIGINT: SIG_IGN, sa_mask[0]=0x00000000, sa_flags=0x00000000
SIGTERM: [libjvm.so+0x7d20b0], sa_mask[0]=0x7ffbfeff, sa_flags=0x10000004
SIGQUIT: [libjvm.so+0x7d20b0], sa_mask[0]=0x7ffbfeff, sa_flags=0x10000004
SIGTRAP: SIG_DFL, sa_mask[0]=0x00000000, sa_flags=0x00000000


---------------  S Y S T E M  ---------------

OS:Peppermint 6 (trusty)
uname:Linux 3.16.0-77-generic #99~14.04.1-Ubuntu SMP Tue Jun 28 19:17:10 UTC 2016 x86_64
libc:glibc 2.19 NPTL 2.19 
rlimit: STACK 8192k, CORE 0k, NPROC 13224, NOFILE 4096, AS infinity
load average:1,45 1,12 1,24

/proc/meminfo:
MemTotal:        3407836 kB
MemFree:           91116 kB
MemAvailable:      38784 kB
Buffers:            1740 kB
Cached:            75420 kB
SwapCached:            0 kB
Active:          3045308 kB
Inactive:          63716 kB
Active(anon):    3035676 kB
Inactive(anon):    53796 kB
Active(file):       9632 kB
Inactive(file):     9920 kB
Unevictable:          64 kB
Mlocked:              64 kB
SwapTotal:             0 kB
SwapFree:              0 kB
Dirty:              1060 kB
Writeback:           168 kB
AnonPages:       3032840 kB
Mapped:            70660 kB
Shmem:             56700 kB
Slab:              77072 kB
SReclaimable:      44712 kB
SUnreclaim:        32360 kB
KernelStack:       10496 kB
PageTables:        32640 kB
NFS_Unstable:          0 kB
Bounce:                0 kB
WritebackTmp:          0 kB
CommitLimit:     1703916 kB
Committed_AS:    5739248 kB
VmallocTotal:   34359738367 kB
VmallocUsed:      291412 kB
VmallocChunk:   34359394656 kB
HardwareCorrupted:     0 kB
AnonHugePages:   1781760 kB
HugePages_Total:       0
HugePages_Free:        0
HugePages_Rsvd:        0
HugePages_Surp:        0
Hugepagesize:       2048 kB
DirectMap4k:      138324 kB
DirectMap2M:     3473408 kB
DirectMap1G:           0 kB


CPU:total 4 (4 cores per cpu, 1 threads per core) family 22 model 0 stepping 1, cmov, cx8, fxsr, mmx, sse, sse2, sse3, ssse3, sse4.1, sse4.2, popcnt, avx, aes, mmxext, 3dnowpref, lzcnt, sse4a, tsc, tscinvbit, tscinv

/proc/cpuinfo:
processor	: 0
vendor_id	: AuthenticAMD
cpu family	: 22
model		: 0
model name	: Quad-Core Processor (up to 1.4GHz)
stepping	: 1
microcode	: 0x7000106
cpu MHz		: 600.000
cache size	: 2048 KB
physical id	: 0
siblings	: 4
core id		: 0
cpu cores	: 4
apicid		: 0
initial apicid	: 0
fpu		: yes
fpu_exception	: yes
cpuid level	: 13
wp		: yes
flags		: fpu vme de pse tsc msr pae mce cx8 apic sep mtrr pge mca cmov pat pse36 clflush mmx fxsr sse sse2 ht syscall nx mmxext fxsr_opt pdpe1gb rdtscp lm constant_tsc rep_good nopl nonstop_tsc extd_apicid aperfmperf eagerfpu pni pclmulqdq monitor ssse3 cx16 sse4_1 sse4_2 movbe popcnt aes xsave avx f16c lahf_lm cmp_legacy svm extapic cr8_legacy abm sse4a misalignsse 3dnowprefetch osvw ibs skinit wdt topoext perfctr_nb perfctr_l2 arat cpb xsaveopt hw_pstate proc_feedback npt lbrv svm_lock nrip_save tsc_scale flushbyasid decodeassists pausefilter pfthreshold vmmcall bmi1
bogomips	: 1996.25
TLB size	: 1024 4K pages
clflush size	: 64
cache_alignment	: 64
address sizes	: 40 bits physical, 48 bits virtual
power management: ts ttp tm 100mhzsteps hwpstate cpb [11]

processor	: 1
vendor_id	: AuthenticAMD
cpu family	: 22
model		: 0
model name	: Quad-Core Processor (up to 1.4GHz)             
stepping	: 1
microcode	: 0x7000106
cpu MHz		: 600.000
cache size	: 2048 KB
physical id	: 0
siblings	: 4
core id		: 1
cpu cores	: 4
apicid		: 1
initial apicid	: 1
fpu		: yes
fpu_exception	: yes
cpuid level	: 13
wp		: yes
flags		: fpu vme de pse tsc msr pae mce cx8 apic sep mtrr pge mca cmov pat pse36 clflush mmx fxsr sse sse2 ht syscall nx mmxext fxsr_opt pdpe1gb rdtscp lm constant_tsc rep_good nopl nonstop_tsc extd_apicid aperfmperf eagerfpu pni pclmulqdq monitor ssse3 cx16 sse4_1 sse4_2 movbe popcnt aes xsave avx f16c lahf_lm cmp_legacy svm extapic cr8_legacy abm sse4a misalignsse 3dnowprefetch osvw ibs skinit wdt topoext perfctr_nb perfctr_l2 arat cpb xsaveopt hw_pstate proc_feedback npt lbrv svm_lock nrip_save tsc_scale flushbyasid decodeassists pausefilter pfthreshold vmmcall bmi1
bogomips	: 1996.25
TLB size	: 1024 4K pages
clflush size	: 64
cache_alignment	: 64
address sizes	: 40 bits physical, 48 bits virtual
power management: ts ttp tm 100mhzsteps hwpstate cpb [11]

processor	: 2
vendor_id	: AuthenticAMD
cpu family	: 22
model		: 0
model name	: Quad-Core Processor (up to 1.4GHz)             
stepping	: 1
microcode	: 0x7000106
cpu MHz		: 1000.000
cache size	: 2048 KB
physical id	: 0
siblings	: 4
core id		: 2
cpu cores	: 4
apicid		: 2
initial apicid	: 2
fpu		: yes
fpu_exception	: yes
cpuid level	: 13
wp		: yes
flags		: fpu vme de pse tsc msr pae mce cx8 apic sep mtrr pge mca cmov pat pse36 clflush mmx fxsr sse sse2 ht syscall nx mmxext fxsr_opt pdpe1gb rdtscp lm constant_tsc rep_good nopl nonstop_tsc extd_apicid aperfmperf eagerfpu pni pclmulqdq monitor ssse3 cx16 sse4_1 sse4_2 movbe popcnt aes xsave avx f16c lahf_lm cmp_legacy svm extapic cr8_legacy abm sse4a misalignsse 3dnowprefetch osvw ibs skinit wdt topoext perfctr_nb perfctr_l2 arat cpb xsaveopt hw_pstate proc_feedback npt lbrv svm_lock nrip_save tsc_scale flushbyasid decodeassists pausefilter pfthreshold vmmcall bmi1
bogomips	: 1996.25
TLB size	: 1024 4K pages
clflush size	: 64
cache_alignment	: 64
address sizes	: 40 bits physical, 48 bits virtual
power management: ts ttp tm 100mhzsteps hwpstate cpb [11]

processor	: 3
vendor_id	: AuthenticAMD
cpu family	: 22
model		: 0
model name	: Quad-Core Processor (up to 1.4GHz)             
stepping	: 1
microcode	: 0x7000106
cpu MHz		: 600.000
cache size	: 2048 KB
physical id	: 0
siblings	: 4
core id		: 3
cpu cores	: 4
apicid		: 3
initial apicid	: 3
fpu		: yes
fpu_exception	: yes
cpuid level	: 13
wp		: yes
flags		: fpu vme de pse tsc msr pae mce cx8 apic sep mtrr pge mca cmov pat pse36 clflush mmx fxsr sse sse2 ht syscall nx mmxext fxsr_opt pdpe1gb rdtscp lm constant_tsc rep_good nopl nonstop_tsc extd_apicid aperfmperf eagerfpu pni pclmulqdq monitor ssse3 cx16 sse4_1 sse4_2 movbe popcnt aes xsave avx f16c lahf_lm cmp_legacy svm extapic cr8_legacy abm sse4a misalignsse 3dnowprefetch osvw ibs skinit wdt topoext perfctr_nb perfctr_l2 arat cpb xsaveopt hw_pstate proc_feedback npt lbrv svm_lock nrip_save tsc_scale flushbyasid decodeassists pausefilter pfthreshold vmmcall bmi1
bogomips	: 1996.25
TLB size	: 1024 4K pages
clflush size	: 64
cache_alignment	: 64
address sizes	: 40 bits physical, 48 bits virtual
power management: ts ttp tm 100mhzsteps hwpstate cpb [11]



Memory: 4k page, physical 3407836k(91456k free), swap 0k(0k free)

vm_info: OpenJDK 64-Bit Server VM (24.121-b00) for linux-amd64 JRE (1.7.0_121-b00), built on Feb  7 2017 18:45:58 by "buildd" with gcc 4.8.4

time: Sat Mar 11 20:18:55 2017
elapsed time: 3 seconds

