#
# There is insufficient memory for the Java Runtime Environment to continue.
# Native memory allocation (malloc) failed to allocate 104333312 bytes for committing reserved memory.
# Possible reasons:
#   The system is out of physical RAM or swap space
#   In 32 bit mode, the process size limit was hit
# Possible solutions:
#   Reduce memory load on the system
#   Increase physical memory or swap space
#   Check if swap backing store is full
#   Use 64 bit Java on a 64 bit OS
#   Decrease Java heap size (-Xmx/-Xms)
#   Decrease number of Java threads
#   Decrease Java thread stack sizes (-Xss)
#   Set larger code cache with -XX:ReservedCodeCacheSize=
# This output file may be truncated or incomplete.
#
#  Out of Memory Error (os_linux.cpp:2827), pid=9971, tid=139723948308224
#
# JRE version: OpenJDK Runtime Environment (7.0_121) (build 1.7.0_121-b00)
# Java VM: OpenJDK 64-Bit Server VM (24.121-b00 mixed mode linux-amd64 compressed oops)
# Derivative: IcedTea 2.6.8
# Distribution: Ubuntu 14.04 LTS, package 7u121-2.6.8-1ubuntu0.14.04.3
# Failed to write core dump. Core dumps have been disabled. To enable core dumping, try "ulimit -c unlimited" before starting Java again
#

---------------  T H R E A D  ---------------

Current thread (0x00007f140c076000):  VMThread [stack: 0x00007f14043e3000,0x00007f14044e4000] [id=9979]

Stack: [0x00007f14043e3000,0x00007f14044e4000],  sp=0x00007f14044e2490,  free space=1021k
Native frames: (J=compiled Java code, j=interpreted, Vv=VM code, C=native code)
V  [libjvm.so+0x95d975]
V  [libjvm.so+0x497ad4]
V  [libjvm.so+0x7d6a6b]
V  [libjvm.so+0x7d142f]
V  [libjvm.so+0x84672b]
V  [libjvm.so+0x8475a0]
V  [libjvm.so+0x847c8b]
V  [libjvm.so+0x843678]
V  [libjvm.so+0x843ee8]
V  [libjvm.so+0x7f9583]
V  [libjvm.so+0x95f384]
V  [libjvm.so+0x963487]
V  [libjvm.so+0x961f48]
V  [libjvm.so+0x9623a9]
V  [libjvm.so+0x9627f2]
V  [libjvm.so+0x7d3862]

VM_Operation (0x00007f14124f78a0): ParallelGCFailedAllocation, mode: safepoint, requested by thread 0x00007f140c00a800


---------------  P R O C E S S  ---------------

Java Threads: ( => current thread )
  0x00007f140c0b1800 JavaThread "Service Thread" daemon [_thread_blocked, id=9985, stack(0x00007f13ff421000,0x00007f13ff522000)]
  0x00007f140c0af000 JavaThread "C2 CompilerThread1" daemon [_thread_blocked, id=9984, stack(0x00007f13ff522000,0x00007f13ff623000)]
  0x00007f140c0ac800 JavaThread "C2 CompilerThread0" daemon [_thread_blocked, id=9983, stack(0x00007f13ff623000,0x00007f13ff724000)]
  0x00007f140c0aa000 JavaThread "Signal Dispatcher" daemon [_thread_blocked, id=9982, stack(0x00007f14040e0000,0x00007f14041e1000)]
  0x00007f140c07c800 JavaThread "Finalizer" daemon [_thread_blocked, id=9981, stack(0x00007f14041e1000,0x00007f14042e2000)]
  0x00007f140c07a800 JavaThread "Reference Handler" daemon [_thread_blocked, id=9980, stack(0x00007f14042e2000,0x00007f14043e3000)]
  0x00007f140c00a800 JavaThread "main" [_thread_blocked, id=9974, stack(0x00007f14123f9000,0x00007f14124fa000)]

Other Threads:
=>0x00007f140c076000 VMThread [stack: 0x00007f14043e3000,0x00007f14044e4000] [id=9979]
  0x00007f140c0bc800 WatcherThread [stack: 0x00007f13ff320000,0x00007f13ff421000] [id=9986]

VM state:at safepoint (normal execution)

VM Mutex/Monitor currently owned by a thread:  ([mutex/lock_event])
[0x00007f140c006f80] Threads_lock - owner thread: 0x00007f140c076000
[0x00007f140c007480] Heap_lock - owner thread: 0x00007f140c00a800

Heap
 PSYoungGen      total 179712K, used 96K [0x00000000eea80000, 0x00000000f9c80000, 0x0000000100000000)
  eden space 177152K, 0% used [0x00000000eea80000,0x00000000eea80000,0x00000000f9780000)
  from space 2560K, 3% used [0x00000000f9780000,0x00000000f9798000,0x00000000f9a00000)
  to   space 2560K, 0% used [0x00000000f9a00000,0x00000000f9a00000,0x00000000f9c80000)
 ParOldGen       total 35328K, used 1403K [0x00000000cc000000, 0x00000000ce280000, 0x00000000eea80000)
  object space 35328K, 3% used [0x00000000cc000000,0x00000000cc15ed38,0x00000000ce280000)
 PSPermGen       total 21504K, used 7294K [0x00000000c1a00000, 0x00000000c2f00000, 0x00000000cc000000)
  object space 21504K, 33% used [0x00000000c1a00000,0x00000000c211fa58,0x00000000c2f00000)

Card table byte_map: [0x00007f1407d81000,0x00007f1407f75000] byte_map_base: 0x00007f1407774000

Polling page: 0x00007f1412519000

Code Cache  [0x00007f1407f75000, 0x00007f14081e5000, 0x00007f140af75000)
 total_blobs=423 nmethods=155 adapters=223 free_code_cache=48465Kb largest_free_block=49593600

Compilation events (10 events):
Event: 4,311 Thread 0x00007f140c0af000 nmethod 151 0x00007f1408020650 code [0x00007f14080207c0, 0x00007f14080208b8]
Event: 4,311 Thread 0x00007f140c0af000  152             org.duckdns.spacedock.upengine.libupsystem.RollUtils$RollResult::<init> (20 bytes)
Event: 4,312 Thread 0x00007f140c0ac800 nmethod 149 0x00007f140801ae50 code [0x00007f140801afe0, 0x00007f140801b1e8]
Event: 4,312 Thread 0x00007f140c0ac800  153             org.duckdns.spacedock.upengine.libupsystem.RollUtils$RollResult::getScoreBrut (5 bytes)
Event: 4,313 Thread 0x00007f140c0ac800 nmethod 153 0x00007f1408023890 code [0x00007f14080239c0, 0x00007f1408023a18]
Event: 4,313 Thread 0x00007f140c0af000 nmethod 152 0x00007f14080235d0 code [0x00007f1408023700, 0x00007f1408023758]
Event: 4,313 Thread 0x00007f140c0ac800  154             org.duckdns.spacedock.upengine.libupsystem.Perso::getBlessuresGraves (8 bytes)
Event: 4,313 Thread 0x00007f140c0af000  155             org.duckdns.spacedock.upengine.libupsystem.CoupleJauge::getRemplissage_interne (5 bytes)
Event: 4,314 Thread 0x00007f140c0af000 nmethod 155 0x00007f1407ff54d0 code [0x00007f1407ff5600, 0x00007f1407ff5658]
Event: 4,314 Thread 0x00007f140c0ac800 nmethod 154 0x00007f1407ff51d0 code [0x00007f1407ff5300, 0x00007f1407ff5378]

GC Heap History (10 events):
Event: 3,124 GC heap after
Heap after GC invocations=6 (full 0):
 PSYoungGen      total 56832K, used 1312K [0x00000000eea80000, 0x00000000f2480000, 0x0000000100000000)
  eden space 55296K, 0% used [0x00000000eea80000,0x00000000eea80000,0x00000000f2080000)
  from space 1536K, 85% used [0x00000000f2300000,0x00000000f2448030,0x00000000f2480000)
  to   space 2048K, 0% used [0x00000000f2080000,0x00000000f2080000,0x00000000f2280000)
 ParOldGen       total 35328K, used 77K [0x00000000cc000000, 0x00000000ce280000, 0x00000000eea80000)
  object space 35328K, 0% used [0x00000000cc000000,0x00000000cc013688,0x00000000ce280000)
 PSPermGen       total 21504K, used 7279K [0x00000000c1a00000, 0x00000000c2f00000, 0x00000000cc000000)
  object space 21504K, 33% used [0x00000000c1a00000,0x00000000c211bfe0,0x00000000c2f00000)
}
Event: 3,290 GC heap before
{Heap before GC invocations=7 (full 0):
 PSYoungGen      total 56832K, used 56608K [0x00000000eea80000, 0x00000000f2480000, 0x0000000100000000)
  eden space 55296K, 100% used [0x00000000eea80000,0x00000000f2080000,0x00000000f2080000)
  from space 1536K, 85% used [0x00000000f2300000,0x00000000f2448030,0x00000000f2480000)
  to   space 2048K, 0% used [0x00000000f2080000,0x00000000f2080000,0x00000000f2280000)
 ParOldGen       total 35328K, used 77K [0x00000000cc000000, 0x00000000ce280000, 0x00000000eea80000)
  object space 35328K, 0% used [0x00000000cc000000,0x00000000cc013688,0x00000000ce280000)
 PSPermGen       total 21504K, used 7281K [0x00000000c1a00000, 0x00000000c2f00000, 0x00000000cc000000)
  object space 21504K, 33% used [0x00000000c1a00000,0x00000000c211c6c8,0x00000000c2f00000)
Event: 3,296 GC heap after
Heap after GC invocations=7 (full 0):
 PSYoungGen      total 57344K, used 128K [0x00000000eea80000, 0x00000000f5b80000, 0x0000000100000000)
  eden space 55296K, 0% used [0x00000000eea80000,0x00000000eea80000,0x00000000f2080000)
  from space 2048K, 6% used [0x00000000f2080000,0x00000000f20a0000,0x00000000f2280000)
  to   space 2560K, 0% used [0x00000000f5900000,0x00000000f5900000,0x00000000f5b80000)
 ParOldGen       total 35328K, used 1347K [0x00000000cc000000, 0x00000000ce280000, 0x00000000eea80000)
  object space 35328K, 3% used [0x00000000cc000000,0x00000000cc150d38,0x00000000ce280000)
 PSPermGen       total 21504K, used 7281K [0x00000000c1a00000, 0x00000000c2f00000, 0x00000000cc000000)
  object space 21504K, 33% used [0x00000000c1a00000,0x00000000c211c6c8,0x00000000c2f00000)
}
Event: 3,432 GC heap before
{Heap before GC invocations=8 (full 0):
 PSYoungGen      total 57344K, used 55424K [0x00000000eea80000, 0x00000000f5b80000, 0x0000000100000000)
  eden space 55296K, 100% used [0x00000000eea80000,0x00000000f2080000,0x00000000f2080000)
  from space 2048K, 6% used [0x00000000f2080000,0x00000000f20a0000,0x00000000f2280000)
  to   space 2560K, 0% used [0x00000000f5900000,0x00000000f5900000,0x00000000f5b80000)
 ParOldGen       total 35328K, used 1347K [0x00000000cc000000, 0x00000000ce280000, 0x00000000eea80000)
  object space 35328K, 3% used [0x00000000cc000000,0x00000000cc150d38,0x00000000ce280000)
 PSPermGen       total 21504K, used 7293K [0x00000000c1a00000, 0x00000000c2f00000, 0x00000000cc000000)
  object space 21504K, 33% used [0x00000000c1a00000,0x00000000c211f740,0x00000000c2f00000)
Event: 3,448 GC heap after
Heap after GC invocations=8 (full 0):
 PSYoungGen      total 113152K, used 96K [0x00000000eea80000, 0x00000000f5b80000, 0x0000000100000000)
  eden space 110592K, 0% used [0x00000000eea80000,0x00000000eea80000,0x00000000f5680000)
  from space 2560K, 3% used [0x00000000f5900000,0x00000000f5918000,0x00000000f5b80000)
  to   space 2560K, 0% used [0x00000000f5680000,0x00000000f5680000,0x00000000f5900000)
 ParOldGen       total 35328K, used 1371K [0x00000000cc000000, 0x00000000ce280000, 0x00000000eea80000)
  object space 35328K, 3% used [0x00000000cc000000,0x00000000cc156d38,0x00000000ce280000)
 PSPermGen       total 21504K, used 7293K [0x00000000c1a00000, 0x00000000c2f00000, 0x00000000cc000000)
  object space 21504K, 33% used [0x00000000c1a00000,0x00000000c211f740,0x00000000c2f00000)
}
Event: 3,784 GC heap before
{Heap before GC invocations=9 (full 0):
 PSYoungGen      total 113152K, used 110688K [0x00000000eea80000, 0x00000000f5b80000, 0x0000000100000000)
  eden space 110592K, 100% used [0x00000000eea80000,0x00000000f5680000,0x00000000f5680000)
  from space 2560K, 3% used [0x00000000f5900000,0x00000000f5918000,0x00000000f5b80000)
  to   space 2560K, 0% used [0x00000000f5680000,0x00000000f5680000,0x00000000f5900000)
 ParOldGen       total 35328K, used 1371K [0x00000000cc000000, 0x00000000ce280000, 0x00000000eea80000)
  object space 35328K, 3% used [0x00000000cc000000,0x00000000cc156d38,0x00000000ce280000)
 PSPermGen       total 21504K, used 7293K [0x00000000c1a00000, 0x00000000c2f00000, 0x00000000cc000000)
  object space 21504K, 33% used [0x00000000c1a00000,0x00000000c211f740,0x00000000c2f00000)
Event: 3,786 GC heap after
Heap after GC invocations=9 (full 0):
 PSYoungGen      total 113152K, used 96K [0x00000000eea80000, 0x00000000f9c80000, 0x0000000100000000)
  eden space 110592K, 0% used [0x00000000eea80000,0x00000000eea80000,0x00000000f5680000)
  from space 2560K, 3% used [0x00000000f5680000,0x00000000f5698000,0x00000000f5900000)
  to   space 2560K, 0% used [0x00000000f9a00000,0x00000000f9a00000,0x00000000f9c80000)
 ParOldGen       total 35328K, used 1387K [0x00000000cc000000, 0x00000000ce280000, 0x00000000eea80000)
  object space 35328K, 3% used [0x00000000cc000000,0x00000000cc15ad38,0x00000000ce280000)
 PSPermGen       total 21504K, used 7293K [0x00000000c1a00000, 0x00000000c2f00000, 0x00000000cc000000)
  object space 21504K, 33% used [0x00000000c1a00000,0x00000000c211f740,0x00000000c2f00000)
}
Event: 4,038 GC heap before
{Heap before GC invocations=10 (full 0):
 PSYoungGen      total 113152K, used 110688K [0x00000000eea80000, 0x00000000f9c80000, 0x0000000100000000)
  eden space 110592K, 100% used [0x00000000eea80000,0x00000000f5680000,0x00000000f5680000)
  from space 2560K, 3% used [0x00000000f5680000,0x00000000f5698000,0x00000000f5900000)
  to   space 2560K, 0% used [0x00000000f9a00000,0x00000000f9a00000,0x00000000f9c80000)
 ParOldGen       total 35328K, used 1387K [0x00000000cc000000, 0x00000000ce280000, 0x00000000eea80000)
  object space 35328K, 3% used [0x00000000cc000000,0x00000000cc15ad38,0x00000000ce280000)
 PSPermGen       total 21504K, used 7293K [0x00000000c1a00000, 0x00000000c2f00000, 0x00000000cc000000)
  object space 21504K, 33% used [0x00000000c1a00000,0x00000000c211f740,0x00000000c2f00000)
Event: 4,053 GC heap after
Heap after GC invocations=10 (full 0):
 PSYoungGen      total 179712K, used 128K [0x00000000eea80000, 0x00000000f9c80000, 0x0000000100000000)
  eden space 177152K, 0% used [0x00000000eea80000,0x00000000eea80000,0x00000000f9780000)
  from space 2560K, 5% used [0x00000000f9a00000,0x00000000f9a20000,0x00000000f9c80000)
  to   space 2560K, 0% used [0x00000000f9780000,0x00000000f9780000,0x00000000f9a00000)
 ParOldGen       total 35328K, used 1395K [0x00000000cc000000, 0x00000000ce280000, 0x00000000eea80000)
  object space 35328K, 3% used [0x00000000cc000000,0x00000000cc15cd38,0x00000000ce280000)
 PSPermGen       total 21504K, used 7293K [0x00000000c1a00000, 0x00000000c2f00000, 0x00000000cc000000)
  object space 21504K, 33% used [0x00000000c1a00000,0x00000000c211f740,0x00000000c2f00000)
}
Event: 4,540 GC heap before
{Heap before GC invocations=11 (full 0):
 PSYoungGen      total 179712K, used 177280K [0x00000000eea80000, 0x00000000f9c80000, 0x0000000100000000)
  eden space 177152K, 100% used [0x00000000eea80000,0x00000000f9780000,0x00000000f9780000)
  from space 2560K, 5% used [0x00000000f9a00000,0x00000000f9a20000,0x00000000f9c80000)
  to   space 2560K, 0% used [0x00000000f9780000,0x00000000f9780000,0x00000000f9a00000)
 ParOldGen       total 35328K, used 1395K [0x00000000cc000000, 0x00000000ce280000, 0x00000000eea80000)
  object space 35328K, 3% used [0x00000000cc000000,0x00000000cc15cd38,0x00000000ce280000)
 PSPermGen       total 21504K, used 7294K [0x00000000c1a00000, 0x00000000c2f00000, 0x00000000cc000000)
  object space 21504K, 33% used [0x00000000c1a00000,0x00000000c211fa58,0x00000000c2f00000)

Deoptimization events (6 events):
Event: 0,546 Thread 0x00007f140c00a800 Uncommon trap: reason=unstable_if action=reinterpret pc=0x00007f1407fd5834 method=java.lang.String.indexOf(II)I @ 49
Event: 0,730 Thread 0x00007f140c00a800 Uncommon trap: reason=class_check action=maybe_recompile pc=0x00007f1407fd4d74 method=java.util.Properties$LineReader.readLine()I @ 62
Event: 0,734 Thread 0x00007f140c00a800 Uncommon trap: reason=unstable_if action=reinterpret pc=0x00007f1407fd4c3c method=java.util.Properties$LineReader.readLine()I @ 263
Event: 0,832 Thread 0x00007f140c00a800 Uncommon trap: reason=unstable_if action=reinterpret pc=0x00007f1407fda130 method=java.lang.String.indexOf([CII[CIII)I @ 123
Event: 1,401 Thread 0x00007f140c00a800 Uncommon trap: reason=unstable_if action=reinterpret pc=0x00007f1407fdcee0 method=java.util.Properties$LineReader.readLine()I @ 369
Event: 1,733 Thread 0x00007f140c00a800 Uncommon trap: reason=unstable_if action=reinterpret pc=0x00007f1407fe5a6c method=sun.net.www.ParseUtil.encodePath(Ljava/lang/String;Z)Ljava/lang/String; @ 109

Internal exceptions (10 events):
Event: 1,883 Thread 0x00007f140c00a800 Threw 0x00000000ef12aa28 at /build/openjdk-7-fqDl7t/openjdk-7-7u121-2.6.8/build/openjdk/hotspot/src/share/vm/prims/jvm.cpp:1322
Event: 1,886 Thread 0x00007f140c00a800 Threw 0x00000000ef12e558 at /build/openjdk-7-fqDl7t/openjdk-7-7u121-2.6.8/build/openjdk/hotspot/src/share/vm/prims/jvm.cpp:1322
Event: 1,966 Thread 0x00007f140c00a800 Threw 0x00000000ef15a9b8 at /build/openjdk-7-fqDl7t/openjdk-7-7u121-2.6.8/build/openjdk/hotspot/src/share/vm/prims/jvm.cpp:1322
Event: 1,973 Thread 0x00007f140c00a800 Threw 0x00000000ef15f978 at /build/openjdk-7-fqDl7t/openjdk-7-7u121-2.6.8/build/openjdk/hotspot/src/share/vm/prims/jvm.cpp:1322
Event: 1,976 Thread 0x00007f140c00a800 Threw 0x00000000ef163830 at /build/openjdk-7-fqDl7t/openjdk-7-7u121-2.6.8/build/openjdk/hotspot/src/share/vm/prims/jvm.cpp:1322
Event: 1,980 Thread 0x00007f140c00a800 Threw 0x00000000ef1684b8 at /build/openjdk-7-fqDl7t/openjdk-7-7u121-2.6.8/build/openjdk/hotspot/src/share/vm/prims/jvm.cpp:1322
Event: 2,001 Thread 0x00007f140c00a800 Threw 0x00000000ef187f80 at /build/openjdk-7-fqDl7t/openjdk-7-7u121-2.6.8/build/openjdk/hotspot/src/share/vm/prims/jvm.cpp:1322
Event: 2,010 Thread 0x00007f140c00a800 Threw 0x00000000ef19b820 at /build/openjdk-7-fqDl7t/openjdk-7-7u121-2.6.8/build/openjdk/hotspot/src/share/vm/prims/jvm.cpp:1322
Event: 2,014 Thread 0x00007f140c00a800 Threw 0x00000000ef19ed88 at /build/openjdk-7-fqDl7t/openjdk-7-7u121-2.6.8/build/openjdk/hotspot/src/share/vm/prims/jvm.cpp:1322
Event: 2,030 Thread 0x00007f140c00a800 Threw 0x00000000ef1a2a00 at /build/openjdk-7-fqDl7t/openjdk-7-7u121-2.6.8/build/openjdk/hotspot/src/share/vm/prims/jvm.cpp:1322

Events (10 events):
Event: 3,449 Executing VM operation: ParallelGCFailedAllocation done
Event: 3,784 Executing VM operation: ParallelGCFailedAllocation
Event: 3,786 Executing VM operation: ParallelGCFailedAllocation done
Event: 4,038 Executing VM operation: ParallelGCFailedAllocation
Event: 4,053 Executing VM operation: ParallelGCFailedAllocation done
Event: 4,189 loading class 0x00007f1405720320
Event: 4,189 loading class 0x00007f1405720320 done
Event: 4,379 Executing VM operation: EnableBiasedLocking
Event: 4,380 Executing VM operation: EnableBiasedLocking done
Event: 4,534 Executing VM operation: ParallelGCFailedAllocation


Dynamic libraries:
00400000-00401000 r-xp 00000000 08:01 3155548                            /usr/lib/jvm/java-7-openjdk-amd64/jre/bin/java
00600000-00601000 r--p 00000000 08:01 3155548                            /usr/lib/jvm/java-7-openjdk-amd64/jre/bin/java
00601000-00602000 rw-p 00001000 08:01 3155548                            /usr/lib/jvm/java-7-openjdk-amd64/jre/bin/java
020db000-020fc000 rw-p 00000000 00:00 0                                  [heap]
c1a00000-c2f00000 rw-p 00000000 00:00 0 
c2f00000-cc000000 rw-p 00000000 00:00 0 
cc000000-ce280000 rw-p 00000000 00:00 0 
ce280000-eea80000 rw-p 00000000 00:00 0 
eea80000-f9c80000 rw-p 00000000 00:00 0 
7f13c8000000-7f13c8021000 rw-p 00000000 00:00 0 
7f13c8021000-7f13cc000000 ---p 00000000 00:00 0 
7f13d0000000-7f13d0572000 rw-p 00000000 00:00 0 
7f13d0572000-7f13d4000000 ---p 00000000 00:00 0 
7f13d4000000-7f13d4021000 rw-p 00000000 00:00 0 
7f13d4021000-7f13d8000000 ---p 00000000 00:00 0 
7f13d8000000-7f13d8021000 rw-p 00000000 00:00 0 
7f13d8021000-7f13dc000000 ---p 00000000 00:00 0 
7f13dc000000-7f13dc2c7000 rw-p 00000000 00:00 0 
7f13dc2c7000-7f13e0000000 ---p 00000000 00:00 0 
7f13e0000000-7f13e0021000 rw-p 00000000 00:00 0 
7f13e0021000-7f13e4000000 ---p 00000000 00:00 0 
7f13e4000000-7f13e4021000 rw-p 00000000 00:00 0 
7f13e4021000-7f13e8000000 ---p 00000000 00:00 0 
7f13e8000000-7f13e8021000 rw-p 00000000 00:00 0 
7f13e8021000-7f13ec000000 ---p 00000000 00:00 0 
7f13ec000000-7f13ec021000 rw-p 00000000 00:00 0 
7f13ec021000-7f13f0000000 ---p 00000000 00:00 0 
7f13f0000000-7f13f0021000 rw-p 00000000 00:00 0 
7f13f0021000-7f13f4000000 ---p 00000000 00:00 0 
7f13f8000000-7f13f8021000 rw-p 00000000 00:00 0 
7f13f8021000-7f13fc000000 ---p 00000000 00:00 0 
7f13fdba2000-7f13fdbdf000 r-xp 00000000 08:01 2756625                    /lib/x86_64-linux-gnu/libpcre.so.3.13.1
7f13fdbdf000-7f13fddde000 ---p 0003d000 08:01 2756625                    /lib/x86_64-linux-gnu/libpcre.so.3.13.1
7f13fddde000-7f13fdddf000 r--p 0003c000 08:01 2756625                    /lib/x86_64-linux-gnu/libpcre.so.3.13.1
7f13fdddf000-7f13fdde0000 rw-p 0003d000 08:01 2756625                    /lib/x86_64-linux-gnu/libpcre.so.3.13.1
7f13fdde0000-7f13fdde7000 r-xp 00000000 08:01 3146096                    /usr/lib/x86_64-linux-gnu/libffi.so.6.0.1
7f13fdde7000-7f13fdfe6000 ---p 00007000 08:01 3146096                    /usr/lib/x86_64-linux-gnu/libffi.so.6.0.1
7f13fdfe6000-7f13fdfe7000 r--p 00006000 08:01 3146096                    /usr/lib/x86_64-linux-gnu/libffi.so.6.0.1
7f13fdfe7000-7f13fdfe8000 rw-p 00007000 08:01 3146096                    /usr/lib/x86_64-linux-gnu/libffi.so.6.0.1
7f13fdfe8000-7f13fdfff000 r-xp 00000000 08:01 2752516                    /lib/x86_64-linux-gnu/libresolv-2.19.so
7f13fdfff000-7f13fe1ff000 ---p 00017000 08:01 2752516                    /lib/x86_64-linux-gnu/libresolv-2.19.so
7f13fe1ff000-7f13fe200000 r--p 00017000 08:01 2752516                    /lib/x86_64-linux-gnu/libresolv-2.19.so
7f13fe200000-7f13fe201000 rw-p 00018000 08:01 2752516                    /lib/x86_64-linux-gnu/libresolv-2.19.so
7f13fe201000-7f13fe203000 rw-p 00000000 00:00 0 
7f13fe203000-7f13fe223000 r-xp 00000000 08:01 2756767                    /lib/x86_64-linux-gnu/libselinux.so.1
7f13fe223000-7f13fe422000 ---p 00020000 08:01 2756767                    /lib/x86_64-linux-gnu/libselinux.so.1
7f13fe422000-7f13fe423000 r--p 0001f000 08:01 2756767                    /lib/x86_64-linux-gnu/libselinux.so.1
7f13fe423000-7f13fe424000 rw-p 00020000 08:01 2756767                    /lib/x86_64-linux-gnu/libselinux.so.1
7f13fe424000-7f13fe426000 rw-p 00000000 00:00 0 
7f13fe426000-7f13fe429000 r-xp 00000000 08:01 3153259                    /usr/lib/x86_64-linux-gnu/libgmodule-2.0.so.0.4002.0
7f13fe429000-7f13fe628000 ---p 00003000 08:01 3153259                    /usr/lib/x86_64-linux-gnu/libgmodule-2.0.so.0.4002.0
7f13fe628000-7f13fe629000 r--p 00002000 08:01 3153259                    /usr/lib/x86_64-linux-gnu/libgmodule-2.0.so.0.4002.0
7f13fe629000-7f13fe62a000 rw-p 00003000 08:01 3153259                    /usr/lib/x86_64-linux-gnu/libgmodule-2.0.so.0.4002.0
7f13fe62a000-7f13fe730000 r-xp 00000000 08:01 2756673                    /lib/x86_64-linux-gnu/libglib-2.0.so.0.4002.0
7f13fe730000-7f13fe92f000 ---p 00106000 08:01 2756673                    /lib/x86_64-linux-gnu/libglib-2.0.so.0.4002.0
7f13fe92f000-7f13fe930000 r--p 00105000 08:01 2756673                    /lib/x86_64-linux-gnu/libglib-2.0.so.0.4002.0
7f13fe930000-7f13fe931000 rw-p 00106000 08:01 2756673                    /lib/x86_64-linux-gnu/libglib-2.0.so.0.4002.0
7f13fe931000-7f13fe932000 rw-p 00000000 00:00 0 
7f13fe932000-7f13fe981000 r-xp 00000000 08:01 3153275                    /usr/lib/x86_64-linux-gnu/libgobject-2.0.so.0.4002.0
7f13fe981000-7f13feb81000 ---p 0004f000 08:01 3153275                    /usr/lib/x86_64-linux-gnu/libgobject-2.0.so.0.4002.0
7f13feb81000-7f13feb82000 r--p 0004f000 08:01 3153275                    /usr/lib/x86_64-linux-gnu/libgobject-2.0.so.0.4002.0
7f13feb82000-7f13feb83000 rw-p 00050000 08:01 3153275                    /usr/lib/x86_64-linux-gnu/libgobject-2.0.so.0.4002.0
7f13feb83000-7f13fecef000 r-xp 00000000 08:01 3153245                    /usr/lib/x86_64-linux-gnu/libgio-2.0.so.0.4002.0
7f13fecef000-7f13feeee000 ---p 0016c000 08:01 3153245                    /usr/lib/x86_64-linux-gnu/libgio-2.0.so.0.4002.0
7f13feeee000-7f13feef2000 r--p 0016b000 08:01 3153245                    /usr/lib/x86_64-linux-gnu/libgio-2.0.so.0.4002.0
7f13feef2000-7f13feef4000 rw-p 0016f000 08:01 3153245                    /usr/lib/x86_64-linux-gnu/libgio-2.0.so.0.4002.0
7f13feef4000-7f13feef6000 rw-p 00000000 00:00 0 
7f13feef6000-7f13fef0d000 r-xp 00000000 08:01 3155475                    /usr/lib/jvm/java-7-openjdk-amd64/jre/lib/amd64/libnet.so
7f13fef0d000-7f13ff10c000 ---p 00017000 08:01 3155475                    /usr/lib/jvm/java-7-openjdk-amd64/jre/lib/amd64/libnet.so
7f13ff10c000-7f13ff10d000 r--p 00016000 08:01 3155475                    /usr/lib/jvm/java-7-openjdk-amd64/jre/lib/amd64/libnet.so
7f13ff10d000-7f13ff10e000 rw-p 00017000 08:01 3155475                    /usr/lib/jvm/java-7-openjdk-amd64/jre/lib/amd64/libnet.so
7f13ff10e000-7f13ff11e000 r-xp 00000000 08:01 3152632                    /usr/lib/jvm/java-7-openjdk-amd64/jre/lib/amd64/libnio.so
7f13ff11e000-7f13ff31e000 ---p 00010000 08:01 3152632                    /usr/lib/jvm/java-7-openjdk-amd64/jre/lib/amd64/libnio.so
7f13ff31e000-7f13ff31f000 r--p 00010000 08:01 3152632                    /usr/lib/jvm/java-7-openjdk-amd64/jre/lib/amd64/libnio.so
7f13ff31f000-7f13ff320000 rw-p 00011000 08:01 3152632                    /usr/lib/jvm/java-7-openjdk-amd64/jre/lib/amd64/libnio.so
7f13ff320000-7f13ff321000 ---p 00000000 00:00 0 
7f13ff321000-7f13ff421000 rw-p 00000000 00:00 0                          [stack:9986]
7f13ff421000-7f13ff424000 ---p 00000000 00:00 0 
7f13ff424000-7f13ff522000 rw-p 00000000 00:00 0                          [stack:9985]
7f13ff522000-7f13ff525000 ---p 00000000 00:00 0 
7f13ff525000-7f13ff623000 rw-p 00000000 00:00 0                          [stack:9984]
7f13ff623000-7f13ff626000 ---p 00000000 00:00 0 
7f13ff626000-7f13ff724000 rw-p 00000000 00:00 0                          [stack:9983]
7f13ff724000-7f1400000000 r--p 00000000 08:01 3148861                    /usr/lib/locale/locale-archive
7f1400000000-7f1400021000 rw-p 00000000 00:00 0 
7f1400021000-7f1404000000 ---p 00000000 00:00 0 
7f1404063000-7f1404094000 rw-p 00000000 00:00 0 
7f14040af000-7f14040b9000 r--s 000ae000 08:01 3148563                    /usr/lib/jvm/java-7-openjdk-amd64/jre/lib/resources.jar
7f14040b9000-7f14040d7000 r--s 001c8000 08:01 1444773                    /home/audreyazura/Documents/Project/Tools/netbeans-8.1/extide/ant/lib/ant.jar
7f14040d7000-7f14040e0000 r--s 00044000 08:01 1449897                    /home/audreyazura/Documents/Project/libupsystem/lib/junit_4/junit-4.12.jar
7f14040e0000-7f14040e3000 ---p 00000000 00:00 0 
7f14040e3000-7f14041e1000 rw-p 00000000 00:00 0                          [stack:9982]
7f14041e1000-7f14041e4000 ---p 00000000 00:00 0 
7f14041e4000-7f14042e2000 rw-p 00000000 00:00 0                          [stack:9981]
7f14042e2000-7f14042e5000 ---p 00000000 00:00 0 
7f14042e5000-7f14043e3000 rw-p 00000000 00:00 0                          [stack:9980]
7f14043e3000-7f14043e4000 ---p 00000000 00:00 0 
7f14043e4000-7f14054c0000 rw-p 00000000 00:00 0                          [stack:9979]
7f14054c0000-7f1405673000 r--s 01d49000 08:01 3155504                    /usr/lib/jvm/java-7-openjdk-amd64/jre/lib/rt.jar
7f1405673000-7f1407867000 rw-p 00000000 00:00 0 
7f1407867000-7f1407868000 ---p 00000000 00:00 0 
7f1407868000-7f1407968000 rw-p 00000000 00:00 0                          [stack:9978]
7f1407968000-7f1407969000 ---p 00000000 00:00 0 
7f1407969000-7f1407a69000 rw-p 00000000 00:00 0                          [stack:9977]
7f1407a69000-7f1407a6a000 ---p 00000000 00:00 0 
7f1407a6a000-7f1407b6a000 rw-p 00000000 00:00 0                          [stack:9976]
7f1407b6a000-7f1407b6b000 ---p 00000000 00:00 0 
7f1407b6b000-7f1407c7d000 rw-p 00000000 00:00 0                          [stack:9975]
7f1407c7d000-7f1407d81000 rw-p 00000000 00:00 0 
7f1407d81000-7f1407d8c000 rw-p 00000000 00:00 0 
7f1407d8c000-7f1407dd4000 rw-p 00000000 00:00 0 
7f1407dd4000-7f1407de6000 rw-p 00000000 00:00 0 
7f1407de6000-7f1407ee9000 rw-p 00000000 00:00 0 
7f1407ee9000-7f1407f43000 rw-p 00000000 00:00 0 
7f1407f43000-7f1407f74000 rw-p 00000000 00:00 0 
7f1407f74000-7f1407f75000 rw-p 00000000 00:00 0 
7f1407f75000-7f14081e5000 rwxp 00000000 00:00 0 
7f14081e5000-7f140af75000 rw-p 00000000 00:00 0 
7f140af75000-7f140af7d000 r-xp 00000000 08:01 3155066                    /usr/lib/jvm/java-7-openjdk-amd64/jre/lib/amd64/libzip.so
7f140af7d000-7f140b17c000 ---p 00008000 08:01 3155066                    /usr/lib/jvm/java-7-openjdk-amd64/jre/lib/amd64/libzip.so
7f140b17c000-7f140b17d000 r--p 00007000 08:01 3155066                    /usr/lib/jvm/java-7-openjdk-amd64/jre/lib/amd64/libzip.so
7f140b17d000-7f140b17e000 rw-p 00008000 08:01 3155066                    /usr/lib/jvm/java-7-openjdk-amd64/jre/lib/amd64/libzip.so
7f140b17e000-7f140b188000 r-xp 00000000 08:01 2752570                    /lib/x86_64-linux-gnu/libnss_files-2.19.so
7f140b188000-7f140b387000 ---p 0000a000 08:01 2752570                    /lib/x86_64-linux-gnu/libnss_files-2.19.so
7f140b387000-7f140b388000 r--p 00009000 08:01 2752570                    /lib/x86_64-linux-gnu/libnss_files-2.19.so
7f140b388000-7f140b389000 rw-p 0000a000 08:01 2752570                    /lib/x86_64-linux-gnu/libnss_files-2.19.so
7f140b389000-7f140b394000 r-xp 00000000 08:01 2752562                    /lib/x86_64-linux-gnu/libnss_nis-2.19.so
7f140b394000-7f140b593000 ---p 0000b000 08:01 2752562                    /lib/x86_64-linux-gnu/libnss_nis-2.19.so
7f140b593000-7f140b594000 r--p 0000a000 08:01 2752562                    /lib/x86_64-linux-gnu/libnss_nis-2.19.so
7f140b594000-7f140b595000 rw-p 0000b000 08:01 2752562                    /lib/x86_64-linux-gnu/libnss_nis-2.19.so
7f140b595000-7f140b5ac000 r-xp 00000000 08:01 2752558                    /lib/x86_64-linux-gnu/libnsl-2.19.so
7f140b5ac000-7f140b7ab000 ---p 00017000 08:01 2752558                    /lib/x86_64-linux-gnu/libnsl-2.19.so
7f140b7ab000-7f140b7ac000 r--p 00016000 08:01 2752558                    /lib/x86_64-linux-gnu/libnsl-2.19.so
7f140b7ac000-7f140b7ad000 rw-p 00017000 08:01 2752558                    /lib/x86_64-linux-gnu/libnsl-2.19.so
7f140b7ad000-7f140b7af000 rw-p 00000000 00:00 0 
7f140b7af000-7f140b7b8000 r-xp 00000000 08:01 2752557                    /lib/x86_64-linux-gnu/libnss_compat-2.19.so
7f140b7b8000-7f140b9b7000 ---p 00009000 08:01 2752557                    /lib/x86_64-linux-gnu/libnss_compat-2.19.so
7f140b9b7000-7f140b9b8000 r--p 00008000 08:01 2752557                    /lib/x86_64-linux-gnu/libnss_compat-2.19.so
7f140b9b8000-7f140b9b9000 rw-p 00009000 08:01 2752557                    /lib/x86_64-linux-gnu/libnss_compat-2.19.so
7f140b9b9000-7f140b9e3000 r-xp 00000000 08:01 3152636                    /usr/lib/jvm/java-7-openjdk-amd64/jre/lib/amd64/libjava.so
7f140b9e3000-7f140bbe3000 ---p 0002a000 08:01 3152636                    /usr/lib/jvm/java-7-openjdk-amd64/jre/lib/amd64/libjava.so
7f140bbe3000-7f140bbe4000 r--p 0002a000 08:01 3152636                    /usr/lib/jvm/java-7-openjdk-amd64/jre/lib/amd64/libjava.so
7f140bbe4000-7f140bbe6000 rw-p 0002b000 08:01 3152636                    /usr/lib/jvm/java-7-openjdk-amd64/jre/lib/amd64/libjava.so
7f140bbe6000-7f140bbf6000 r-xp 00000000 08:01 3155494                    /usr/lib/jvm/java-7-openjdk-amd64/jre/lib/amd64/libverify.so
7f140bbf6000-7f140bdf5000 ---p 00010000 08:01 3155494                    /usr/lib/jvm/java-7-openjdk-amd64/jre/lib/amd64/libverify.so
7f140bdf5000-7f140bdf7000 r--p 0000f000 08:01 3155494                    /usr/lib/jvm/java-7-openjdk-amd64/jre/lib/amd64/libverify.so
7f140bdf7000-7f140bdf8000 rw-p 00011000 08:01 3155494                    /usr/lib/jvm/java-7-openjdk-amd64/jre/lib/amd64/libverify.so
7f140bdf8000-7f140bdff000 r-xp 00000000 08:01 2752566                    /lib/x86_64-linux-gnu/librt-2.19.so
7f140bdff000-7f140bffe000 ---p 00007000 08:01 2752566                    /lib/x86_64-linux-gnu/librt-2.19.so
7f140bffe000-7f140bfff000 r--p 00006000 08:01 2752566                    /lib/x86_64-linux-gnu/librt-2.19.so
7f140bfff000-7f140c000000 rw-p 00007000 08:01 2752566                    /lib/x86_64-linux-gnu/librt-2.19.so
7f140c000000-7f140c247000 rw-p 00000000 00:00 0 
7f140c247000-7f1410000000 ---p 00000000 00:00 0 
7f1410002000-7f1410003000 rw-p 00000000 00:00 0 
7f1410003000-7f1410005000 r--s 00002000 08:01 1444758                    /home/audreyazura/Documents/Project/Tools/netbeans-8.1/extide/ant/lib/ant-junit4.jar
7f1410005000-7f1410008000 r--s 0001a000 08:01 1444760                    /home/audreyazura/Documents/Project/Tools/netbeans-8.1/extide/ant/lib/ant-junit.jar
7f1410008000-7f141005c000 rw-p 00000000 00:00 0 
7f141005c000-7f14100a4000 rw-p 00000000 00:00 0 
7f14100a4000-7f14100ba000 r-xp 00000000 08:01 2756650                    /lib/x86_64-linux-gnu/libgcc_s.so.1
7f14100ba000-7f14102b9000 ---p 00016000 08:01 2756650                    /lib/x86_64-linux-gnu/libgcc_s.so.1
7f14102b9000-7f14102ba000 rw-p 00015000 08:01 2756650                    /lib/x86_64-linux-gnu/libgcc_s.so.1
7f14102ba000-7f14103bf000 r-xp 00000000 08:01 2752530                    /lib/x86_64-linux-gnu/libm-2.19.so
7f14103bf000-7f14105be000 ---p 00105000 08:01 2752530                    /lib/x86_64-linux-gnu/libm-2.19.so
7f14105be000-7f14105bf000 r--p 00104000 08:01 2752530                    /lib/x86_64-linux-gnu/libm-2.19.so
7f14105bf000-7f14105c0000 rw-p 00105000 08:01 2752530                    /lib/x86_64-linux-gnu/libm-2.19.so
7f14105c0000-7f14106c6000 r-xp 00000000 08:01 3147884                    /usr/lib/x86_64-linux-gnu/libstdc++.so.6.0.22
7f14106c6000-7f14108c5000 ---p 00106000 08:01 3147884                    /usr/lib/x86_64-linux-gnu/libstdc++.so.6.0.22
7f14108c5000-7f14108cd000 r--p 00105000 08:01 3147884                    /usr/lib/x86_64-linux-gnu/libstdc++.so.6.0.22
7f14108cd000-7f14108cf000 rw-p 0010d000 08:01 3147884                    /usr/lib/x86_64-linux-gnu/libstdc++.so.6.0.22
7f14108cf000-7f14108d2000 rw-p 00000000 00:00 0 
7f14108d2000-7f1411400000 r-xp 00000000 08:01 3154760                    /usr/lib/jvm/java-7-openjdk-amd64/jre/lib/amd64/server/libjvm.so
7f1411400000-7f1411600000 ---p 00b2e000 08:01 3154760                    /usr/lib/jvm/java-7-openjdk-amd64/jre/lib/amd64/server/libjvm.so
7f1411600000-7f141169a000 r--p 00b2e000 08:01 3154760                    /usr/lib/jvm/java-7-openjdk-amd64/jre/lib/amd64/server/libjvm.so
7f141169a000-7f14116bd000 rw-p 00bc8000 08:01 3154760                    /usr/lib/jvm/java-7-openjdk-amd64/jre/lib/amd64/server/libjvm.so
7f14116bd000-7f14116ec000 rw-p 00000000 00:00 0 
7f14116ec000-7f1411704000 r-xp 00000000 08:01 2756797                    /lib/x86_64-linux-gnu/libz.so.1.2.8
7f1411704000-7f1411903000 ---p 00018000 08:01 2756797                    /lib/x86_64-linux-gnu/libz.so.1.2.8
7f1411903000-7f1411904000 r--p 00017000 08:01 2756797                    /lib/x86_64-linux-gnu/libz.so.1.2.8
7f1411904000-7f1411905000 rw-p 00018000 08:01 2756797                    /lib/x86_64-linux-gnu/libz.so.1.2.8
7f1411905000-7f141191e000 r-xp 00000000 08:01 2752559                    /lib/x86_64-linux-gnu/libpthread-2.19.so
7f141191e000-7f1411b1d000 ---p 00019000 08:01 2752559                    /lib/x86_64-linux-gnu/libpthread-2.19.so
7f1411b1d000-7f1411b1e000 r--p 00018000 08:01 2752559                    /lib/x86_64-linux-gnu/libpthread-2.19.so
7f1411b1e000-7f1411b1f000 rw-p 00019000 08:01 2752559                    /lib/x86_64-linux-gnu/libpthread-2.19.so
7f1411b1f000-7f1411b23000 rw-p 00000000 00:00 0 
7f1411b23000-7f1411b26000 r-xp 00000000 08:01 2752539                    /lib/x86_64-linux-gnu/libdl-2.19.so
7f1411b26000-7f1411d25000 ---p 00003000 08:01 2752539                    /lib/x86_64-linux-gnu/libdl-2.19.so
7f1411d25000-7f1411d26000 r--p 00002000 08:01 2752539                    /lib/x86_64-linux-gnu/libdl-2.19.so
7f1411d26000-7f1411d27000 rw-p 00003000 08:01 2752539                    /lib/x86_64-linux-gnu/libdl-2.19.so
7f1411d27000-7f1411ee1000 r-xp 00000000 08:01 2752567                    /lib/x86_64-linux-gnu/libc-2.19.so
7f1411ee1000-7f14120e1000 ---p 001ba000 08:01 2752567                    /lib/x86_64-linux-gnu/libc-2.19.so
7f14120e1000-7f14120e5000 r--p 001ba000 08:01 2752567                    /lib/x86_64-linux-gnu/libc-2.19.so
7f14120e5000-7f14120e7000 rw-p 001be000 08:01 2752567                    /lib/x86_64-linux-gnu/libc-2.19.so
7f14120e7000-7f14120ec000 rw-p 00000000 00:00 0 
7f14120ec000-7f14120f9000 r-xp 00000000 08:01 3152640                    /usr/lib/jvm/java-7-openjdk-amd64/jre/lib/amd64/jli/libjli.so
7f14120f9000-7f14122f8000 ---p 0000d000 08:01 3152640                    /usr/lib/jvm/java-7-openjdk-amd64/jre/lib/amd64/jli/libjli.so
7f14122f8000-7f14122f9000 r--p 0000c000 08:01 3152640                    /usr/lib/jvm/java-7-openjdk-amd64/jre/lib/amd64/jli/libjli.so
7f14122f9000-7f14122fa000 rw-p 0000d000 08:01 3152640                    /usr/lib/jvm/java-7-openjdk-amd64/jre/lib/amd64/jli/libjli.so
7f14122fa000-7f141231d000 r-xp 00000000 08:01 2752560                    /lib/x86_64-linux-gnu/ld-2.19.so
7f141231d000-7f141231f000 r--s 00009000 08:01 1449889                    /home/audreyazura/Documents/Project/libupsystem/lib/hamcrest/hamcrest-core-1.3.jar
7f141231f000-7f1412322000 r--s 00013000 08:01 1449179                    /home/audreyazura/Documents/Project/libupsystem/lib/commonutils.portable1-0.jar
7f1412322000-7f1412325000 r--s 0003d000 08:01 3152622                    /usr/lib/jvm/java-7-openjdk-amd64/jre/lib/ext/sunpkcs11.jar
7f1412325000-7f1412343000 rw-p 00000000 00:00 0 
7f1412343000-7f14123f9000 rw-p 00000000 00:00 0 
7f14123f9000-7f14123fc000 ---p 00000000 00:00 0 
7f14123fc000-7f14124ff000 rw-p 00000000 00:00 0                          [stack:9974]
7f14124ff000-7f1412500000 r--s 00004000 08:01 1444752                    /home/audreyazura/Documents/Project/Tools/netbeans-8.1/extide/ant/lib/ant-launcher.jar
7f1412500000-7f1412504000 r--s 00085000 08:01 3152619                    /usr/lib/jvm/java-7-openjdk-amd64/jre/lib/ext/localedata.jar
7f1412504000-7f1412505000 r--s 00002000 08:01 3152621                    /usr/lib/jvm/java-7-openjdk-amd64/jre/lib/ext/dnsns.jar
7f1412505000-7f1412507000 r--s 00006000 08:01 3283851                    /usr/share/java/java-atk-wrapper.jar
7f1412507000-7f1412509000 r--s 00012000 08:01 3152620                    /usr/lib/jvm/java-7-openjdk-amd64/jre/lib/ext/zipfs.jar
7f1412509000-7f141250c000 r--s 0000f000 08:01 3152623                    /usr/lib/jvm/java-7-openjdk-amd64/jre/lib/ext/icedtea-sound.jar
7f141250c000-7f1412510000 r--s 00034000 08:01 3152618                    /usr/lib/jvm/java-7-openjdk-amd64/jre/lib/ext/sunjce_provider.jar
7f1412510000-7f1412518000 rw-s 00000000 08:01 1835249                    /tmp/hsperfdata_audreyazura/9971
7f1412518000-7f1412519000 rw-p 00000000 00:00 0 
7f1412519000-7f141251a000 ---p 00000000 00:00 0 
7f141251a000-7f141251c000 rw-p 00000000 00:00 0 
7f141251c000-7f141251d000 r--p 00022000 08:01 2752560                    /lib/x86_64-linux-gnu/ld-2.19.so
7f141251d000-7f141251e000 rw-p 00023000 08:01 2752560                    /lib/x86_64-linux-gnu/ld-2.19.so
7f141251e000-7f141251f000 rw-p 00000000 00:00 0 
7ffd5935c000-7ffd5937d000 rw-p 00000000 00:00 0                          [stack]
7ffd5938f000-7ffd59391000 r-xp 00000000 00:00 0                          [vdso]
7ffd59391000-7ffd59393000 r--p 00000000 00:00 0                          [vvar]
ffffffffff600000-ffffffffff601000 r-xp 00000000 00:00 0                  [vsyscall]

VM Arguments:
jvm_args: -ea 
java_command: org.apache.tools.ant.taskdefs.optional.junit.JUnitTestRunner org.duckdns.spacedock.upengine.libupsystem.PersoStatDegatsLourdsTest skipNonTests=false filtertrace=true haltOnError=false haltOnFailure=false showoutput=true outputtoformatters=true logfailedtests=true threadid=0 logtestlistenerevents=true formatter=org.apache.tools.ant.taskdefs.optional.junit.BriefJUnitResultFormatter formatter=org.apache.tools.ant.taskdefs.optional.junit.XMLJUnitResultFormatter,/home/audreyazura/Documents/Project/libupsystem/build/test/results/TEST-org.duckdns.spacedock.upengine.libupsystem.PersoStatDegatsLourdsTest.xml crashfile=/home/audreyazura/Documents/Project/libupsystem/build/junitvmwatcher126695757951350634.properties propsfile=/home/audreyazura/Documents/Project/libupsystem/build/junit2391166521217848032.properties
Launcher Type: SUN_STANDARD

Environment Variables:
JAVA_HOME=/usr/lib/jvm/java-7-openjdk-amd64
PATH=/usr/local/sbin:/usr/local/bin:/usr/sbin:/usr/bin:/sbin:/bin:/usr/games:/usr/local/games:/usr/lib/jvm/java-7-openjdk-amd64/bin:/home/audreyazura/Documents/Project/Tools/netbeans-8.1/extide/ant/bin
LD_LIBRARY_PATH=/usr/lib/jvm/java-7-openjdk-amd64/jre/lib/amd64:/usr/lib/jvm/java-7-openjdk-amd64/jre/lib/i386:
SHELL=/bin/bash
DISPLAY=:0

Signal Handlers:
SIGSEGV: [libjvm.so+0x95e460], sa_mask[0]=0x7ffbfeff, sa_flags=0x10000004
SIGBUS: [libjvm.so+0x95e460], sa_mask[0]=0x7ffbfeff, sa_flags=0x10000004
SIGFPE: [libjvm.so+0x7d2030], sa_mask[0]=0x7ffbfeff, sa_flags=0x10000004
SIGPIPE: [libjvm.so+0x7d2030], sa_mask[0]=0x7ffbfeff, sa_flags=0x10000004
SIGXFSZ: [libjvm.so+0x7d2030], sa_mask[0]=0x7ffbfeff, sa_flags=0x10000004
SIGILL: [libjvm.so+0x7d2030], sa_mask[0]=0x7ffbfeff, sa_flags=0x10000004
SIGUSR1: SIG_DFL, sa_mask[0]=0x00000000, sa_flags=0x00000000
SIGUSR2: [libjvm.so+0x7d2160], sa_mask[0]=0x00000004, sa_flags=0x10000004
SIGHUP: [libjvm.so+0x7d20b0], sa_mask[0]=0x7ffbfeff, sa_flags=0x10000004
SIGINT: SIG_IGN, sa_mask[0]=0x00000000, sa_flags=0x00000000
SIGTERM: [libjvm.so+0x7d20b0], sa_mask[0]=0x7ffbfeff, sa_flags=0x10000004
SIGQUIT: [libjvm.so+0x7d20b0], sa_mask[0]=0x7ffbfeff, sa_flags=0x10000004
SIGTRAP: SIG_DFL, sa_mask[0]=0x00000000, sa_flags=0x00000000


---------------  S Y S T E M  ---------------

OS:Peppermint 6 (trusty)
uname:Linux 3.16.0-77-generic #99~14.04.1-Ubuntu SMP Tue Jun 28 19:17:10 UTC 2016 x86_64
libc:glibc 2.19 NPTL 2.19 
rlimit: STACK 8192k, CORE 0k, NPROC 13224, NOFILE 4096, AS infinity
load average:1,52 0,91 0,76

/proc/meminfo:
MemTotal:        3407836 kB
MemFree:          120564 kB
MemAvailable:      73256 kB
Buffers:            1664 kB
Cached:            80500 kB
SwapCached:            0 kB
Active:          3017040 kB
Inactive:          65652 kB
Active(anon):    3004044 kB
Inactive(anon):    48956 kB
Active(file):      12996 kB
Inactive(file):    16696 kB
Unevictable:          64 kB
Mlocked:              64 kB
SwapTotal:             0 kB
SwapFree:              0 kB
Dirty:               132 kB
Writeback:             0 kB
AnonPages:       3001224 kB
Mapped:            75464 kB
Shmem:             51864 kB
Slab:              77192 kB
SReclaimable:      44616 kB
SUnreclaim:        32576 kB
KernelStack:       10192 kB
PageTables:        31784 kB
NFS_Unstable:          0 kB
Bounce:                0 kB
WritebackTmp:          0 kB
CommitLimit:     1703916 kB
Committed_AS:    5698108 kB
VmallocTotal:   34359738367 kB
VmallocUsed:      291412 kB
VmallocChunk:   34359394656 kB
HardwareCorrupted:     0 kB
AnonHugePages:   1976320 kB
HugePages_Total:       0
HugePages_Free:        0
HugePages_Rsvd:        0
HugePages_Surp:        0
Hugepagesize:       2048 kB
DirectMap4k:      138324 kB
DirectMap2M:     3473408 kB
DirectMap1G:           0 kB


CPU:total 4 (4 cores per cpu, 1 threads per core) family 22 model 0 stepping 1, cmov, cx8, fxsr, mmx, sse, sse2, sse3, ssse3, sse4.1, sse4.2, popcnt, avx, aes, mmxext, 3dnowpref, lzcnt, sse4a, tsc, tscinvbit, tscinv

/proc/cpuinfo:
processor	: 0
vendor_id	: AuthenticAMD
cpu family	: 22
model		: 0
model name	: Quad-Core Processor (up to 1.4GHz)
stepping	: 1
microcode	: 0x7000106
cpu MHz		: 700.000
cache size	: 2048 KB
physical id	: 0
siblings	: 4
core id		: 0
cpu cores	: 4
apicid		: 0
initial apicid	: 0
fpu		: yes
fpu_exception	: yes
cpuid level	: 13
wp		: yes
flags		: fpu vme de pse tsc msr pae mce cx8 apic sep mtrr pge mca cmov pat pse36 clflush mmx fxsr sse sse2 ht syscall nx mmxext fxsr_opt pdpe1gb rdtscp lm constant_tsc rep_good nopl nonstop_tsc extd_apicid aperfmperf eagerfpu pni pclmulqdq monitor ssse3 cx16 sse4_1 sse4_2 movbe popcnt aes xsave avx f16c lahf_lm cmp_legacy svm extapic cr8_legacy abm sse4a misalignsse 3dnowprefetch osvw ibs skinit wdt topoext perfctr_nb perfctr_l2 arat cpb xsaveopt hw_pstate proc_feedback npt lbrv svm_lock nrip_save tsc_scale flushbyasid decodeassists pausefilter pfthreshold vmmcall bmi1
bogomips	: 1996.25
TLB size	: 1024 4K pages
clflush size	: 64
cache_alignment	: 64
address sizes	: 40 bits physical, 48 bits virtual
power management: ts ttp tm 100mhzsteps hwpstate cpb [11]

processor	: 1
vendor_id	: AuthenticAMD
cpu family	: 22
model		: 0
model name	: Quad-Core Processor (up to 1.4GHz)             
stepping	: 1
microcode	: 0x7000106
cpu MHz		: 600.000
cache size	: 2048 KB
physical id	: 0
siblings	: 4
core id		: 1
cpu cores	: 4
apicid		: 1
initial apicid	: 1
fpu		: yes
fpu_exception	: yes
cpuid level	: 13
wp		: yes
flags		: fpu vme de pse tsc msr pae mce cx8 apic sep mtrr pge mca cmov pat pse36 clflush mmx fxsr sse sse2 ht syscall nx mmxext fxsr_opt pdpe1gb rdtscp lm constant_tsc rep_good nopl nonstop_tsc extd_apicid aperfmperf eagerfpu pni pclmulqdq monitor ssse3 cx16 sse4_1 sse4_2 movbe popcnt aes xsave avx f16c lahf_lm cmp_legacy svm extapic cr8_legacy abm sse4a misalignsse 3dnowprefetch osvw ibs skinit wdt topoext perfctr_nb perfctr_l2 arat cpb xsaveopt hw_pstate proc_feedback npt lbrv svm_lock nrip_save tsc_scale flushbyasid decodeassists pausefilter pfthreshold vmmcall bmi1
bogomips	: 1996.25
TLB size	: 1024 4K pages
clflush size	: 64
cache_alignment	: 64
address sizes	: 40 bits physical, 48 bits virtual
power management: ts ttp tm 100mhzsteps hwpstate cpb [11]

processor	: 2
vendor_id	: AuthenticAMD
cpu family	: 22
model		: 0
model name	: Quad-Core Processor (up to 1.4GHz)             
stepping	: 1
microcode	: 0x7000106
cpu MHz		: 1000.000
cache size	: 2048 KB
physical id	: 0
siblings	: 4
core id		: 2
cpu cores	: 4
apicid		: 2
initial apicid	: 2
fpu		: yes
fpu_exception	: yes
cpuid level	: 13
wp		: yes
flags		: fpu vme de pse tsc msr pae mce cx8 apic sep mtrr pge mca cmov pat pse36 clflush mmx fxsr sse sse2 ht syscall nx mmxext fxsr_opt pdpe1gb rdtscp lm constant_tsc rep_good nopl nonstop_tsc extd_apicid aperfmperf eagerfpu pni pclmulqdq monitor ssse3 cx16 sse4_1 sse4_2 movbe popcnt aes xsave avx f16c lahf_lm cmp_legacy svm extapic cr8_legacy abm sse4a misalignsse 3dnowprefetch osvw ibs skinit wdt topoext perfctr_nb perfctr_l2 arat cpb xsaveopt hw_pstate proc_feedback npt lbrv svm_lock nrip_save tsc_scale flushbyasid decodeassists pausefilter pfthreshold vmmcall bmi1
bogomips	: 1996.25
TLB size	: 1024 4K pages
clflush size	: 64
cache_alignment	: 64
address sizes	: 40 bits physical, 48 bits virtual
power management: ts ttp tm 100mhzsteps hwpstate cpb [11]

processor	: 3
vendor_id	: AuthenticAMD
cpu family	: 22
model		: 0
model name	: Quad-Core Processor (up to 1.4GHz)             
stepping	: 1
microcode	: 0x7000106
cpu MHz		: 1000.000
cache size	: 2048 KB
physical id	: 0
siblings	: 4
core id		: 3
cpu cores	: 4
apicid		: 3
initial apicid	: 3
fpu		: yes
fpu_exception	: yes
cpuid level	: 13
wp		: yes
flags		: fpu vme de pse tsc msr pae mce cx8 apic sep mtrr pge mca cmov pat pse36 clflush mmx fxsr sse sse2 ht syscall nx mmxext fxsr_opt pdpe1gb rdtscp lm constant_tsc rep_good nopl nonstop_tsc extd_apicid aperfmperf eagerfpu pni pclmulqdq monitor ssse3 cx16 sse4_1 sse4_2 movbe popcnt aes xsave avx f16c lahf_lm cmp_legacy svm extapic cr8_legacy abm sse4a misalignsse 3dnowprefetch osvw ibs skinit wdt topoext perfctr_nb perfctr_l2 arat cpb xsaveopt hw_pstate proc_feedback npt lbrv svm_lock nrip_save tsc_scale flushbyasid decodeassists pausefilter pfthreshold vmmcall bmi1
bogomips	: 1996.25
TLB size	: 1024 4K pages
clflush size	: 64
cache_alignment	: 64
address sizes	: 40 bits physical, 48 bits virtual
power management: ts ttp tm 100mhzsteps hwpstate cpb [11]



Memory: 4k page, physical 3407836k(120316k free), swap 0k(0k free)

vm_info: OpenJDK 64-Bit Server VM (24.121-b00) for linux-amd64 JRE (1.7.0_121-b00), built on Feb  7 2017 18:45:58 by "buildd" with gcc 4.8.4

time: Sat Mar 11 21:40:41 2017
elapsed time: 4 seconds

