#
# There is insufficient memory for the Java Runtime Environment to continue.
# Native memory allocation (malloc) failed to allocate 56623104 bytes for committing reserved memory.
# Possible reasons:
#   The system is out of physical RAM or swap space
#   In 32 bit mode, the process size limit was hit
# Possible solutions:
#   Reduce memory load on the system
#   Increase physical memory or swap space
#   Check if swap backing store is full
#   Use 64 bit Java on a 64 bit OS
#   Decrease Java heap size (-Xmx/-Xms)
#   Decrease number of Java threads
#   Decrease Java thread stack sizes (-Xss)
#   Set larger code cache with -XX:ReservedCodeCacheSize=
# This output file may be truncated or incomplete.
#
#  Out of Memory Error (os_linux.cpp:2827), pid=7585, tid=140654140778240
#
# JRE version: OpenJDK Runtime Environment (7.0_121) (build 1.7.0_121-b00)
# Java VM: OpenJDK 64-Bit Server VM (24.121-b00 mixed mode linux-amd64 compressed oops)
# Derivative: IcedTea 2.6.8
# Distribution: Ubuntu 14.04 LTS, package 7u121-2.6.8-1ubuntu0.14.04.3
# Failed to write core dump. Core dumps have been disabled. To enable core dumping, try "ulimit -c unlimited" before starting Java again
#

---------------  T H R E A D  ---------------

Current thread (0x00007fec9c076000):  VMThread [stack: 0x00007fec9808e000,0x00007fec9818f000] [id=7593]

Stack: [0x00007fec9808e000,0x00007fec9818f000],  sp=0x00007fec9818d490,  free space=1021k
Native frames: (J=compiled Java code, j=interpreted, Vv=VM code, C=native code)
V  [libjvm.so+0x95d975]
V  [libjvm.so+0x497ad4]
V  [libjvm.so+0x7d6a6b]
V  [libjvm.so+0x7d142f]
V  [libjvm.so+0x84672b]
V  [libjvm.so+0x8475a0]
V  [libjvm.so+0x847c8b]
V  [libjvm.so+0x843678]
V  [libjvm.so+0x843ee8]
V  [libjvm.so+0x7f9583]
V  [libjvm.so+0x95f384]
V  [libjvm.so+0x963487]
V  [libjvm.so+0x961f48]
V  [libjvm.so+0x9623a9]
V  [libjvm.so+0x9627f2]
V  [libjvm.so+0x7d3862]

VM_Operation (0x00007feca4270880): ParallelGCFailedAllocation, mode: safepoint, requested by thread 0x00007fec9c00a800


---------------  P R O C E S S  ---------------

Java Threads: ( => current thread )
  0x00007fec9c0af800 JavaThread "Service Thread" daemon [_thread_blocked, id=7599, stack(0x00007fec911ee000,0x00007fec912ef000)]
  0x00007fec9c0ad000 JavaThread "C2 CompilerThread1" daemon [_thread_blocked, id=7598, stack(0x00007fec912ef000,0x00007fec913f0000)]
  0x00007fec9c0aa000 JavaThread "C2 CompilerThread0" daemon [_thread_blocked, id=7597, stack(0x00007fec913f0000,0x00007fec914f1000)]
  0x00007fec9c0a8000 JavaThread "Signal Dispatcher" daemon [_thread_blocked, id=7596, stack(0x00007fec914f1000,0x00007fec915f2000)]
  0x00007fec9c07c800 JavaThread "Finalizer" daemon [_thread_blocked, id=7595, stack(0x00007fec91ece000,0x00007fec91fcf000)]
  0x00007fec9c07a800 JavaThread "Reference Handler" daemon [_thread_blocked, id=7594, stack(0x00007fec91fcf000,0x00007fec920d0000)]
  0x00007fec9c00a800 JavaThread "main" [_thread_blocked, id=7588, stack(0x00007feca4172000,0x00007feca4273000)]

Other Threads:
=>0x00007fec9c076000 VMThread [stack: 0x00007fec9808e000,0x00007fec9818f000] [id=7593]
  0x00007fec9c0ba800 WatcherThread [stack: 0x00007fec910ed000,0x00007fec911ee000] [id=7600]

VM state:at safepoint (normal execution)

VM Mutex/Monitor currently owned by a thread:  ([mutex/lock_event])
[0x00007fec9c006f80] Threads_lock - owner thread: 0x00007fec9c076000
[0x00007fec9c007480] Heap_lock - owner thread: 0x00007fec9c00a800

Heap
 PSYoungGen      total 57344K, used 1360K [0x00000000eea80000, 0x00000000f2480000, 0x0000000100000000)
  eden space 55296K, 0% used [0x00000000eea80000,0x00000000eea80000,0x00000000f2080000)
  from space 2048K, 66% used [0x00000000f2080000,0x00000000f21d4020,0x00000000f2280000)
  to   space 2048K, 0% used [0x00000000f2280000,0x00000000f2280000,0x00000000f2480000)
 ParOldGen       total 35328K, used 56K [0x00000000cc000000, 0x00000000ce280000, 0x00000000eea80000)
  object space 35328K, 0% used [0x00000000cc000000,0x00000000cc00e000,0x00000000ce280000)
 PSPermGen       total 21504K, used 7281K [0x00000000c1a00000, 0x00000000c2f00000, 0x00000000cc000000)
  object space 21504K, 33% used [0x00000000c1a00000,0x00000000c211c480,0x00000000c2f00000)

Card table byte_map: [0x00007feca0b9e000,0x00007feca0d92000] byte_map_base: 0x00007feca0591000

Polling page: 0x00007feca4292000

Code Cache  [0x00007fec99000000, 0x00007fec99270000, 0x00007fec9c000000)
 total_blobs=370 nmethods=100 adapters=223 free_code_cache=48536Kb largest_free_block=49686400

Compilation events (10 events):
Event: 3,386 Thread 0x00007fec9c0ad000   96             java.util.concurrent.atomic.AtomicLong::get (5 bytes)
Event: 3,387 Thread 0x00007fec9c0ad000 nmethod 96 0x00007fec99078310 code [0x00007fec99078440, 0x00007fec99078498]
Event: 3,387 Thread 0x00007fec9c0ad000   97             java.util.concurrent.atomic.AtomicLong::compareAndSet (13 bytes)
Event: 3,388 Thread 0x00007fec9c0ad000 nmethod 97 0x00007fec99078110 code [0x00007fec99078240, 0x00007fec99078298]
Event: 3,401 Thread 0x00007fec9c0aa000 nmethod 91 0x00007fec9909b590 code [0x00007fec9909b800, 0x00007fec9909c530]
Event: 3,424 Thread 0x00007fec9c0ad000   99             java.util.ArrayList$Itr::checkForComodification (23 bytes)
Event: 3,426 Thread 0x00007fec9c0ad000 nmethod 99 0x00007fec99077e90 code [0x00007fec99077fe0, 0x00007fec99078058]
Event: 3,431 Thread 0x00007fec9c0ad000  100             java.util.Random::next (47 bytes)
Event: 3,434 Thread 0x00007fec9c0ad000 nmethod 100 0x00007fec99077bd0 code [0x00007fec99077d20, 0x00007fec99077dd8]
Event: 3,517 Thread 0x00007fec9c0aa000  101             org.duckdns.spacedock.upengine.libupsystem.Perso::initJauges (101 bytes)

GC Heap History (9 events):
Event: 2,470 GC heap before
{Heap before GC invocations=1 (full 0):
 PSYoungGen      total 15872K, used 13824K [0x00000000eea80000, 0x00000000efc00000, 0x0000000100000000)
  eden space 13824K, 100% used [0x00000000eea80000,0x00000000ef800000,0x00000000ef800000)
  from space 2048K, 0% used [0x00000000efa00000,0x00000000efa00000,0x00000000efc00000)
  to   space 2048K, 0% used [0x00000000ef800000,0x00000000ef800000,0x00000000efa00000)
 ParOldGen       total 35328K, used 0K [0x00000000cc000000, 0x00000000ce280000, 0x00000000eea80000)
  object space 35328K, 0% used [0x00000000cc000000,0x00000000cc000000,0x00000000ce280000)
 PSPermGen       total 21504K, used 7253K [0x00000000c1a00000, 0x00000000c2f00000, 0x00000000cc000000)
  object space 21504K, 33% used [0x00000000c1a00000,0x00000000c2115648,0x00000000c2f00000)
Event: 2,499 GC heap after
Heap after GC invocations=1 (full 0):
 PSYoungGen      total 15872K, used 2042K [0x00000000eea80000, 0x00000000f0980000, 0x0000000100000000)
  eden space 13824K, 0% used [0x00000000eea80000,0x00000000eea80000,0x00000000ef800000)
  from space 2048K, 99% used [0x00000000ef800000,0x00000000ef9feb20,0x00000000efa00000)
  to   space 2048K, 0% used [0x00000000f0780000,0x00000000f0780000,0x00000000f0980000)
 ParOldGen       total 35328K, used 32K [0x00000000cc000000, 0x00000000ce280000, 0x00000000eea80000)
  object space 35328K, 0% used [0x00000000cc000000,0x00000000cc008000,0x00000000ce280000)
 PSPermGen       total 21504K, used 7253K [0x00000000c1a00000, 0x00000000c2f00000, 0x00000000cc000000)
  object space 21504K, 33% used [0x00000000c1a00000,0x00000000c2115648,0x00000000c2f00000)
}
Event: 2,738 GC heap before
{Heap before GC invocations=2 (full 0):
 PSYoungGen      total 15872K, used 15866K [0x00000000eea80000, 0x00000000f0980000, 0x0000000100000000)
  eden space 13824K, 100% used [0x00000000eea80000,0x00000000ef800000,0x00000000ef800000)
  from space 2048K, 99% used [0x00000000ef800000,0x00000000ef9feb20,0x00000000efa00000)
  to   space 2048K, 0% used [0x00000000f0780000,0x00000000f0780000,0x00000000f0980000)
 ParOldGen       total 35328K, used 32K [0x00000000cc000000, 0x00000000ce280000, 0x00000000eea80000)
  object space 35328K, 0% used [0x00000000cc000000,0x00000000cc008000,0x00000000ce280000)
 PSPermGen       total 21504K, used 7264K [0x00000000c1a00000, 0x00000000c2f00000, 0x00000000cc000000)
  object space 21504K, 33% used [0x00000000c1a00000,0x00000000c21182d8,0x00000000c2f00000)
Event: 2,754 GC heap after
Heap after GC invocations=2 (full 0):
 PSYoungGen      total 29696K, used 1312K [0x00000000eea80000, 0x00000000f0980000, 0x0000000100000000)
  eden space 27648K, 0% used [0x00000000eea80000,0x00000000eea80000,0x00000000f0580000)
  from space 2048K, 64% used [0x00000000f0780000,0x00000000f08c8030,0x00000000f0980000)
  to   space 2048K, 0% used [0x00000000f0580000,0x00000000f0580000,0x00000000f0780000)
 ParOldGen       total 35328K, used 40K [0x00000000cc000000, 0x00000000ce280000, 0x00000000eea80000)
  object space 35328K, 0% used [0x00000000cc000000,0x00000000cc00a000,0x00000000ce280000)
 PSPermGen       total 21504K, used 7264K [0x00000000c1a00000, 0x00000000c2f00000, 0x00000000cc000000)
  object space 21504K, 33% used [0x00000000c1a00000,0x00000000c21182d8,0x00000000c2f00000)
}
Event: 3,121 GC heap before
{Heap before GC invocations=3 (full 0):
 PSYoungGen      total 29696K, used 28960K [0x00000000eea80000, 0x00000000f0980000, 0x0000000100000000)
  eden space 27648K, 100% used [0x00000000eea80000,0x00000000f0580000,0x00000000f0580000)
  from space 2048K, 64% used [0x00000000f0780000,0x00000000f08c8030,0x00000000f0980000)
  to   space 2048K, 0% used [0x00000000f0580000,0x00000000f0580000,0x00000000f0780000)
 ParOldGen       total 35328K, used 40K [0x00000000cc000000, 0x00000000ce280000, 0x00000000eea80000)
  object space 35328K, 0% used [0x00000000cc000000,0x00000000cc00a000,0x00000000ce280000)
 PSPermGen       total 21504K, used 7272K [0x00000000c1a00000, 0x00000000c2f00000, 0x00000000cc000000)
  object space 21504K, 33% used [0x00000000c1a00000,0x00000000c211a128,0x00000000c2f00000)
Event: 3,137 GC heap after
Heap after GC invocations=3 (full 0):
 PSYoungGen      total 29696K, used 1344K [0x00000000eea80000, 0x00000000f2480000, 0x0000000100000000)
  eden space 27648K, 0% used [0x00000000eea80000,0x00000000eea80000,0x00000000f0580000)
  from space 2048K, 65% used [0x00000000f0580000,0x00000000f06d0050,0x00000000f0780000)
  to   space 2048K, 0% used [0x00000000f2280000,0x00000000f2280000,0x00000000f2480000)
 ParOldGen       total 35328K, used 40K [0x00000000cc000000, 0x00000000ce280000, 0x00000000eea80000)
  object space 35328K, 0% used [0x00000000cc000000,0x00000000cc00a000,0x00000000ce280000)
 PSPermGen       total 21504K, used 7272K [0x00000000c1a00000, 0x00000000c2f00000, 0x00000000cc000000)
  object space 21504K, 33% used [0x00000000c1a00000,0x00000000c211a128,0x00000000c2f00000)
}
Event: 3,357 GC heap before
{Heap before GC invocations=4 (full 0):
 PSYoungGen      total 29696K, used 28992K [0x00000000eea80000, 0x00000000f2480000, 0x0000000100000000)
  eden space 27648K, 100% used [0x00000000eea80000,0x00000000f0580000,0x00000000f0580000)
  from space 2048K, 65% used [0x00000000f0580000,0x00000000f06d0050,0x00000000f0780000)
  to   space 2048K, 0% used [0x00000000f2280000,0x00000000f2280000,0x00000000f2480000)
 ParOldGen       total 35328K, used 40K [0x00000000cc000000, 0x00000000ce280000, 0x00000000eea80000)
  object space 35328K, 0% used [0x00000000cc000000,0x00000000cc00a000,0x00000000ce280000)
 PSPermGen       total 21504K, used 7277K [0x00000000c1a00000, 0x00000000c2f00000, 0x00000000cc000000)
  object space 21504K, 33% used [0x00000000c1a00000,0x00000000c211b728,0x00000000c2f00000)
Event: 3,372 GC heap after
Heap after GC invocations=4 (full 0):
 PSYoungGen      total 57344K, used 1376K [0x00000000eea80000, 0x00000000f2480000, 0x0000000100000000)
  eden space 55296K, 0% used [0x00000000eea80000,0x00000000eea80000,0x00000000f2080000)
  from space 2048K, 67% used [0x00000000f2280000,0x00000000f23d8030,0x00000000f2480000)
  to   space 2048K, 0% used [0x00000000f2080000,0x00000000f2080000,0x00000000f2280000)
 ParOldGen       total 35328K, used 48K [0x00000000cc000000, 0x00000000ce280000, 0x00000000eea80000)
  object space 35328K, 0% used [0x00000000cc000000,0x00000000cc00c000,0x00000000ce280000)
 PSPermGen       total 21504K, used 7277K [0x00000000c1a00000, 0x00000000c2f00000, 0x00000000cc000000)
  object space 21504K, 33% used [0x00000000c1a00000,0x00000000c211b728,0x00000000c2f00000)
}
Event: 3,906 GC heap before
{Heap before GC invocations=5 (full 0):
 PSYoungGen      total 57344K, used 56672K [0x00000000eea80000, 0x00000000f2480000, 0x0000000100000000)
  eden space 55296K, 100% used [0x00000000eea80000,0x00000000f2080000,0x00000000f2080000)
  from space 2048K, 67% used [0x00000000f2280000,0x00000000f23d8030,0x00000000f2480000)
  to   space 2048K, 0% used [0x00000000f2080000,0x00000000f2080000,0x00000000f2280000)
 ParOldGen       total 35328K, used 48K [0x00000000cc000000, 0x00000000ce280000, 0x00000000eea80000)
  object space 35328K, 0% used [0x00000000cc000000,0x00000000cc00c000,0x00000000ce280000)
 PSPermGen       total 21504K, used 7281K [0x00000000c1a00000, 0x00000000c2f00000, 0x00000000cc000000)
  object space 21504K, 33% used [0x00000000c1a00000,0x00000000c211c480,0x00000000c2f00000)

Deoptimization events (6 events):
Event: 0,552 Thread 0x00007fec9c00a800 Uncommon trap: reason=unstable_if action=reinterpret pc=0x00007fec990608f4 method=java.lang.String.indexOf(II)I @ 49
Event: 0,752 Thread 0x00007fec9c00a800 Uncommon trap: reason=class_check action=maybe_recompile pc=0x00007fec9905fe40 method=java.util.Properties$LineReader.readLine()I @ 62
Event: 0,754 Thread 0x00007fec9c00a800 Uncommon trap: reason=unstable_if action=reinterpret pc=0x00007fec9905fd08 method=java.util.Properties$LineReader.readLine()I @ 263
Event: 0,837 Thread 0x00007fec9c00a800 Uncommon trap: reason=unstable_if action=reinterpret pc=0x00007fec99065530 method=java.lang.String.indexOf([CII[CIII)I @ 123
Event: 1,447 Thread 0x00007fec9c00a800 Uncommon trap: reason=unstable_if action=reinterpret pc=0x00007fec9906ad20 method=java.util.Properties$LineReader.readLine()I @ 369
Event: 1,834 Thread 0x00007fec9c00a800 Uncommon trap: reason=unstable_if action=reinterpret pc=0x00007fec9906c4ec method=sun.net.www.ParseUtil.encodePath(Ljava/lang/String;Z)Ljava/lang/String; @ 109

Internal exceptions (10 events):
Event: 1,986 Thread 0x00007fec9c00a800 Threw 0x00000000ef12bba0 at /build/openjdk-7-fqDl7t/openjdk-7-7u121-2.6.8/build/openjdk/hotspot/src/share/vm/prims/jvm.cpp:1322
Event: 1,989 Thread 0x00007fec9c00a800 Threw 0x00000000ef12f6d0 at /build/openjdk-7-fqDl7t/openjdk-7-7u121-2.6.8/build/openjdk/hotspot/src/share/vm/prims/jvm.cpp:1322
Event: 2,061 Thread 0x00007fec9c00a800 Threw 0x00000000ef15bb30 at /build/openjdk-7-fqDl7t/openjdk-7-7u121-2.6.8/build/openjdk/hotspot/src/share/vm/prims/jvm.cpp:1322
Event: 2,068 Thread 0x00007fec9c00a800 Threw 0x00000000ef160a48 at /build/openjdk-7-fqDl7t/openjdk-7-7u121-2.6.8/build/openjdk/hotspot/src/share/vm/prims/jvm.cpp:1322
Event: 2,072 Thread 0x00007fec9c00a800 Threw 0x00000000ef164900 at /build/openjdk-7-fqDl7t/openjdk-7-7u121-2.6.8/build/openjdk/hotspot/src/share/vm/prims/jvm.cpp:1322
Event: 2,077 Thread 0x00007fec9c00a800 Threw 0x00000000ef169588 at /build/openjdk-7-fqDl7t/openjdk-7-7u121-2.6.8/build/openjdk/hotspot/src/share/vm/prims/jvm.cpp:1322
Event: 2,094 Thread 0x00007fec9c00a800 Threw 0x00000000ef189050 at /build/openjdk-7-fqDl7t/openjdk-7-7u121-2.6.8/build/openjdk/hotspot/src/share/vm/prims/jvm.cpp:1322
Event: 2,104 Thread 0x00007fec9c00a800 Threw 0x00000000ef19c8f0 at /build/openjdk-7-fqDl7t/openjdk-7-7u121-2.6.8/build/openjdk/hotspot/src/share/vm/prims/jvm.cpp:1322
Event: 2,108 Thread 0x00007fec9c00a800 Threw 0x00000000ef19fdd8 at /build/openjdk-7-fqDl7t/openjdk-7-7u121-2.6.8/build/openjdk/hotspot/src/share/vm/prims/jvm.cpp:1322
Event: 2,122 Thread 0x00007fec9c00a800 Threw 0x00000000ef1a3a48 at /build/openjdk-7-fqDl7t/openjdk-7-7u121-2.6.8/build/openjdk/hotspot/src/share/vm/prims/jvm.cpp:1322

Events (10 events):
Event: 2,500 Executing VM operation: ParallelGCFailedAllocation done
Event: 2,738 Executing VM operation: ParallelGCFailedAllocation
Event: 2,754 Executing VM operation: ParallelGCFailedAllocation done
Event: 3,011 loading class 0x00007feca040dd30
Event: 3,014 loading class 0x00007feca040dd30 done
Event: 3,120 Executing VM operation: ParallelGCFailedAllocation
Event: 3,137 Executing VM operation: ParallelGCFailedAllocation done
Event: 3,357 Executing VM operation: ParallelGCFailedAllocation
Event: 3,372 Executing VM operation: ParallelGCFailedAllocation done
Event: 3,886 Executing VM operation: ParallelGCFailedAllocation


Dynamic libraries:
00400000-00401000 r-xp 00000000 08:01 3155548                            /usr/lib/jvm/java-7-openjdk-amd64/jre/bin/java
00600000-00601000 r--p 00000000 08:01 3155548                            /usr/lib/jvm/java-7-openjdk-amd64/jre/bin/java
00601000-00602000 rw-p 00001000 08:01 3155548                            /usr/lib/jvm/java-7-openjdk-amd64/jre/bin/java
00807000-00828000 rw-p 00000000 00:00 0                                  [heap]
c1a00000-c2f00000 rw-p 00000000 00:00 0 
c2f00000-cc000000 rw-p 00000000 00:00 0 
cc000000-ce280000 rw-p 00000000 00:00 0 
ce280000-eea80000 rw-p 00000000 00:00 0 
eea80000-f2480000 rw-p 00000000 00:00 0 
f5a80000-100000000 rw-p 00000000 00:00 0 
7fec5c000000-7fec5c021000 rw-p 00000000 00:00 0 
7fec5c021000-7fec60000000 ---p 00000000 00:00 0 
7fec64000000-7fec64290000 rw-p 00000000 00:00 0 
7fec64290000-7fec68000000 ---p 00000000 00:00 0 
7fec68000000-7fec68021000 rw-p 00000000 00:00 0 
7fec68021000-7fec6c000000 ---p 00000000 00:00 0 
7fec6c000000-7fec6c021000 rw-p 00000000 00:00 0 
7fec6c021000-7fec70000000 ---p 00000000 00:00 0 
7fec70000000-7fec705e5000 rw-p 00000000 00:00 0 
7fec705e5000-7fec74000000 ---p 00000000 00:00 0 
7fec74000000-7fec74021000 rw-p 00000000 00:00 0 
7fec74021000-7fec78000000 ---p 00000000 00:00 0 
7fec78000000-7fec78021000 rw-p 00000000 00:00 0 
7fec78021000-7fec7c000000 ---p 00000000 00:00 0 
7fec7c000000-7fec7c021000 rw-p 00000000 00:00 0 
7fec7c021000-7fec80000000 ---p 00000000 00:00 0 
7fec80000000-7fec80021000 rw-p 00000000 00:00 0 
7fec80021000-7fec84000000 ---p 00000000 00:00 0 
7fec84000000-7fec84021000 rw-p 00000000 00:00 0 
7fec84021000-7fec88000000 ---p 00000000 00:00 0 
7fec8b77c000-7fec8b7b9000 r-xp 00000000 08:01 2756625                    /lib/x86_64-linux-gnu/libpcre.so.3.13.1
7fec8b7b9000-7fec8b9b8000 ---p 0003d000 08:01 2756625                    /lib/x86_64-linux-gnu/libpcre.so.3.13.1
7fec8b9b8000-7fec8b9b9000 r--p 0003c000 08:01 2756625                    /lib/x86_64-linux-gnu/libpcre.so.3.13.1
7fec8b9b9000-7fec8b9ba000 rw-p 0003d000 08:01 2756625                    /lib/x86_64-linux-gnu/libpcre.so.3.13.1
7fec8b9ba000-7fec8b9c1000 r-xp 00000000 08:01 3146096                    /usr/lib/x86_64-linux-gnu/libffi.so.6.0.1
7fec8b9c1000-7fec8bbc0000 ---p 00007000 08:01 3146096                    /usr/lib/x86_64-linux-gnu/libffi.so.6.0.1
7fec8bbc0000-7fec8bbc1000 r--p 00006000 08:01 3146096                    /usr/lib/x86_64-linux-gnu/libffi.so.6.0.1
7fec8bbc1000-7fec8bbc2000 rw-p 00007000 08:01 3146096                    /usr/lib/x86_64-linux-gnu/libffi.so.6.0.1
7fec8bbc2000-7fec8bbd9000 r-xp 00000000 08:01 2752516                    /lib/x86_64-linux-gnu/libresolv-2.19.so
7fec8bbd9000-7fec8bdd9000 ---p 00017000 08:01 2752516                    /lib/x86_64-linux-gnu/libresolv-2.19.so
7fec8bdd9000-7fec8bdda000 r--p 00017000 08:01 2752516                    /lib/x86_64-linux-gnu/libresolv-2.19.so
7fec8bdda000-7fec8bddb000 rw-p 00018000 08:01 2752516                    /lib/x86_64-linux-gnu/libresolv-2.19.so
7fec8bddb000-7fec8bddd000 rw-p 00000000 00:00 0 
7fec8bddd000-7fec8bdfd000 r-xp 00000000 08:01 2756767                    /lib/x86_64-linux-gnu/libselinux.so.1
7fec8bdfd000-7fec8bffc000 ---p 00020000 08:01 2756767                    /lib/x86_64-linux-gnu/libselinux.so.1
7fec8bffc000-7fec8bffd000 r--p 0001f000 08:01 2756767                    /lib/x86_64-linux-gnu/libselinux.so.1
7fec8bffd000-7fec8bffe000 rw-p 00020000 08:01 2756767                    /lib/x86_64-linux-gnu/libselinux.so.1
7fec8bffe000-7fec8c000000 rw-p 00000000 00:00 0 
7fec8c000000-7fec8c021000 rw-p 00000000 00:00 0 
7fec8c021000-7fec90000000 ---p 00000000 00:00 0 
7fec901f3000-7fec901f6000 r-xp 00000000 08:01 3153259                    /usr/lib/x86_64-linux-gnu/libgmodule-2.0.so.0.4002.0
7fec901f6000-7fec903f5000 ---p 00003000 08:01 3153259                    /usr/lib/x86_64-linux-gnu/libgmodule-2.0.so.0.4002.0
7fec903f5000-7fec903f6000 r--p 00002000 08:01 3153259                    /usr/lib/x86_64-linux-gnu/libgmodule-2.0.so.0.4002.0
7fec903f6000-7fec903f7000 rw-p 00003000 08:01 3153259                    /usr/lib/x86_64-linux-gnu/libgmodule-2.0.so.0.4002.0
7fec903f7000-7fec904fd000 r-xp 00000000 08:01 2756673                    /lib/x86_64-linux-gnu/libglib-2.0.so.0.4002.0
7fec904fd000-7fec906fc000 ---p 00106000 08:01 2756673                    /lib/x86_64-linux-gnu/libglib-2.0.so.0.4002.0
7fec906fc000-7fec906fd000 r--p 00105000 08:01 2756673                    /lib/x86_64-linux-gnu/libglib-2.0.so.0.4002.0
7fec906fd000-7fec906fe000 rw-p 00106000 08:01 2756673                    /lib/x86_64-linux-gnu/libglib-2.0.so.0.4002.0
7fec906fe000-7fec906ff000 rw-p 00000000 00:00 0 
7fec906ff000-7fec9074e000 r-xp 00000000 08:01 3153275                    /usr/lib/x86_64-linux-gnu/libgobject-2.0.so.0.4002.0
7fec9074e000-7fec9094e000 ---p 0004f000 08:01 3153275                    /usr/lib/x86_64-linux-gnu/libgobject-2.0.so.0.4002.0
7fec9094e000-7fec9094f000 r--p 0004f000 08:01 3153275                    /usr/lib/x86_64-linux-gnu/libgobject-2.0.so.0.4002.0
7fec9094f000-7fec90950000 rw-p 00050000 08:01 3153275                    /usr/lib/x86_64-linux-gnu/libgobject-2.0.so.0.4002.0
7fec90950000-7fec90abc000 r-xp 00000000 08:01 3153245                    /usr/lib/x86_64-linux-gnu/libgio-2.0.so.0.4002.0
7fec90abc000-7fec90cbb000 ---p 0016c000 08:01 3153245                    /usr/lib/x86_64-linux-gnu/libgio-2.0.so.0.4002.0
7fec90cbb000-7fec90cbf000 r--p 0016b000 08:01 3153245                    /usr/lib/x86_64-linux-gnu/libgio-2.0.so.0.4002.0
7fec90cbf000-7fec90cc1000 rw-p 0016f000 08:01 3153245                    /usr/lib/x86_64-linux-gnu/libgio-2.0.so.0.4002.0
7fec90cc1000-7fec90cc3000 rw-p 00000000 00:00 0 
7fec90cc3000-7fec90cda000 r-xp 00000000 08:01 3155475                    /usr/lib/jvm/java-7-openjdk-amd64/jre/lib/amd64/libnet.so
7fec90cda000-7fec90ed9000 ---p 00017000 08:01 3155475                    /usr/lib/jvm/java-7-openjdk-amd64/jre/lib/amd64/libnet.so
7fec90ed9000-7fec90eda000 r--p 00016000 08:01 3155475                    /usr/lib/jvm/java-7-openjdk-amd64/jre/lib/amd64/libnet.so
7fec90eda000-7fec90edb000 rw-p 00017000 08:01 3155475                    /usr/lib/jvm/java-7-openjdk-amd64/jre/lib/amd64/libnet.so
7fec90edb000-7fec90eeb000 r-xp 00000000 08:01 3152632                    /usr/lib/jvm/java-7-openjdk-amd64/jre/lib/amd64/libnio.so
7fec90eeb000-7fec910eb000 ---p 00010000 08:01 3152632                    /usr/lib/jvm/java-7-openjdk-amd64/jre/lib/amd64/libnio.so
7fec910eb000-7fec910ec000 r--p 00010000 08:01 3152632                    /usr/lib/jvm/java-7-openjdk-amd64/jre/lib/amd64/libnio.so
7fec910ec000-7fec910ed000 rw-p 00011000 08:01 3152632                    /usr/lib/jvm/java-7-openjdk-amd64/jre/lib/amd64/libnio.so
7fec910ed000-7fec910ee000 ---p 00000000 00:00 0 
7fec910ee000-7fec911ee000 rw-p 00000000 00:00 0                          [stack:7600]
7fec911ee000-7fec911f1000 ---p 00000000 00:00 0 
7fec911f1000-7fec912ef000 rw-p 00000000 00:00 0                          [stack:7599]
7fec912ef000-7fec912f2000 ---p 00000000 00:00 0 
7fec912f2000-7fec913f0000 rw-p 00000000 00:00 0                          [stack:7598]
7fec913f0000-7fec913f3000 ---p 00000000 00:00 0 
7fec913f3000-7fec914f1000 rw-p 00000000 00:00 0                          [stack:7597]
7fec914f1000-7fec914f4000 ---p 00000000 00:00 0 
7fec914f4000-7fec915f2000 rw-p 00000000 00:00 0                          [stack:7596]
7fec915f2000-7fec91ece000 r--p 00000000 08:01 3148861                    /usr/lib/locale/locale-archive
7fec91ece000-7fec91ed1000 ---p 00000000 00:00 0 
7fec91ed1000-7fec91fcf000 rw-p 00000000 00:00 0                          [stack:7595]
7fec91fcf000-7fec91fd2000 ---p 00000000 00:00 0 
7fec91fd2000-7fec94000000 rw-p 00000000 00:00 0                          [stack:7594]
7fec94000000-7fec94021000 rw-p 00000000 00:00 0 
7fec94021000-7fec98000000 ---p 00000000 00:00 0 
7fec98011000-7fec98042000 rw-p 00000000 00:00 0 
7fec9805d000-7fec98067000 r--s 000ae000 08:01 3148563                    /usr/lib/jvm/java-7-openjdk-amd64/jre/lib/resources.jar
7fec98067000-7fec98085000 r--s 001c8000 08:01 1444773                    /home/audreyazura/Documents/Project/Tools/netbeans-8.1/extide/ant/lib/ant.jar
7fec98085000-7fec9808e000 r--s 00044000 08:01 1449897                    /home/audreyazura/Documents/Project/libupsystem/lib/junit_4/junit-4.12.jar
7fec9808e000-7fec9808f000 ---p 00000000 00:00 0 
7fec9808f000-7fec99000000 rw-p 00000000 00:00 0                          [stack:7593]
7fec99000000-7fec99270000 rwxp 00000000 00:00 0 
7fec99270000-7fec9c24d000 rw-p 00000000 00:00 0 
7fec9c24d000-7feca0000000 ---p 00000000 00:00 0 
7feca0000000-7feca0001000 rw-p 00000000 00:00 0 
7feca0001000-7feca0003000 r--s 00002000 08:01 1444758                    /home/audreyazura/Documents/Project/Tools/netbeans-8.1/extide/ant/lib/ant-junit4.jar
7feca0003000-7feca0006000 r--s 0001a000 08:01 1444760                    /home/audreyazura/Documents/Project/Tools/netbeans-8.1/extide/ant/lib/ant-junit.jar
7feca0006000-7feca0192000 rw-p 00000000 00:00 0 
7feca0192000-7feca0345000 r--s 01d49000 08:01 3155504                    /usr/lib/jvm/java-7-openjdk-amd64/jre/lib/rt.jar
7feca0345000-7feca0631000 rw-p 00000000 00:00 0 
7feca0631000-7feca0632000 ---p 00000000 00:00 0 
7feca0632000-7feca0732000 rw-p 00000000 00:00 0                          [stack:7592]
7feca0732000-7feca0733000 ---p 00000000 00:00 0 
7feca0733000-7feca0833000 rw-p 00000000 00:00 0                          [stack:7591]
7feca0833000-7feca0834000 ---p 00000000 00:00 0 
7feca0834000-7feca0934000 rw-p 00000000 00:00 0                          [stack:7590]
7feca0934000-7feca0935000 ---p 00000000 00:00 0 
7feca0935000-7feca0a40000 rw-p 00000000 00:00 0                          [stack:7589]
7feca0a40000-7feca0a88000 rw-p 00000000 00:00 0 
7feca0a88000-7feca0a9a000 rw-p 00000000 00:00 0 
7feca0a9a000-7feca0b9e000 rw-p 00000000 00:00 0 
7feca0b9e000-7feca0ba9000 rw-p 00000000 00:00 0 
7feca0ba9000-7feca0bf1000 rw-p 00000000 00:00 0 
7feca0bf1000-7feca0c03000 rw-p 00000000 00:00 0 
7feca0c03000-7feca0d06000 rw-p 00000000 00:00 0 
7feca0d06000-7feca0d24000 rw-p 00000000 00:00 0 
7feca0d24000-7feca0d91000 rw-p 00000000 00:00 0 
7feca0d91000-7feca0d92000 rw-p 00000000 00:00 0 
7feca0d92000-7feca0d9a000 r-xp 00000000 08:01 3155066                    /usr/lib/jvm/java-7-openjdk-amd64/jre/lib/amd64/libzip.so
7feca0d9a000-7feca0f99000 ---p 00008000 08:01 3155066                    /usr/lib/jvm/java-7-openjdk-amd64/jre/lib/amd64/libzip.so
7feca0f99000-7feca0f9a000 r--p 00007000 08:01 3155066                    /usr/lib/jvm/java-7-openjdk-amd64/jre/lib/amd64/libzip.so
7feca0f9a000-7feca0f9b000 rw-p 00008000 08:01 3155066                    /usr/lib/jvm/java-7-openjdk-amd64/jre/lib/amd64/libzip.so
7feca0f9b000-7feca0fa5000 r-xp 00000000 08:01 2752570                    /lib/x86_64-linux-gnu/libnss_files-2.19.so
7feca0fa5000-7feca11a4000 ---p 0000a000 08:01 2752570                    /lib/x86_64-linux-gnu/libnss_files-2.19.so
7feca11a4000-7feca11a5000 r--p 00009000 08:01 2752570                    /lib/x86_64-linux-gnu/libnss_files-2.19.so
7feca11a5000-7feca11a6000 rw-p 0000a000 08:01 2752570                    /lib/x86_64-linux-gnu/libnss_files-2.19.so
7feca11a6000-7feca11b1000 r-xp 00000000 08:01 2752562                    /lib/x86_64-linux-gnu/libnss_nis-2.19.so
7feca11b1000-7feca13b0000 ---p 0000b000 08:01 2752562                    /lib/x86_64-linux-gnu/libnss_nis-2.19.so
7feca13b0000-7feca13b1000 r--p 0000a000 08:01 2752562                    /lib/x86_64-linux-gnu/libnss_nis-2.19.so
7feca13b1000-7feca13b2000 rw-p 0000b000 08:01 2752562                    /lib/x86_64-linux-gnu/libnss_nis-2.19.so
7feca13b2000-7feca13c9000 r-xp 00000000 08:01 2752558                    /lib/x86_64-linux-gnu/libnsl-2.19.so
7feca13c9000-7feca15c8000 ---p 00017000 08:01 2752558                    /lib/x86_64-linux-gnu/libnsl-2.19.so
7feca15c8000-7feca15c9000 r--p 00016000 08:01 2752558                    /lib/x86_64-linux-gnu/libnsl-2.19.so
7feca15c9000-7feca15ca000 rw-p 00017000 08:01 2752558                    /lib/x86_64-linux-gnu/libnsl-2.19.so
7feca15ca000-7feca15cc000 rw-p 00000000 00:00 0 
7feca15cc000-7feca15d5000 r-xp 00000000 08:01 2752557                    /lib/x86_64-linux-gnu/libnss_compat-2.19.so
7feca15d5000-7feca17d4000 ---p 00009000 08:01 2752557                    /lib/x86_64-linux-gnu/libnss_compat-2.19.so
7feca17d4000-7feca17d5000 r--p 00008000 08:01 2752557                    /lib/x86_64-linux-gnu/libnss_compat-2.19.so
7feca17d5000-7feca17d6000 rw-p 00009000 08:01 2752557                    /lib/x86_64-linux-gnu/libnss_compat-2.19.so
7feca17d6000-7feca1800000 r-xp 00000000 08:01 3152636                    /usr/lib/jvm/java-7-openjdk-amd64/jre/lib/amd64/libjava.so
7feca1800000-7feca1a00000 ---p 0002a000 08:01 3152636                    /usr/lib/jvm/java-7-openjdk-amd64/jre/lib/amd64/libjava.so
7feca1a00000-7feca1a01000 r--p 0002a000 08:01 3152636                    /usr/lib/jvm/java-7-openjdk-amd64/jre/lib/amd64/libjava.so
7feca1a01000-7feca1a03000 rw-p 0002b000 08:01 3152636                    /usr/lib/jvm/java-7-openjdk-amd64/jre/lib/amd64/libjava.so
7feca1a03000-7feca1a13000 r-xp 00000000 08:01 3155494                    /usr/lib/jvm/java-7-openjdk-amd64/jre/lib/amd64/libverify.so
7feca1a13000-7feca1c12000 ---p 00010000 08:01 3155494                    /usr/lib/jvm/java-7-openjdk-amd64/jre/lib/amd64/libverify.so
7feca1c12000-7feca1c14000 r--p 0000f000 08:01 3155494                    /usr/lib/jvm/java-7-openjdk-amd64/jre/lib/amd64/libverify.so
7feca1c14000-7feca1c15000 rw-p 00011000 08:01 3155494                    /usr/lib/jvm/java-7-openjdk-amd64/jre/lib/amd64/libverify.so
7feca1c15000-7feca1c1c000 r-xp 00000000 08:01 2752566                    /lib/x86_64-linux-gnu/librt-2.19.so
7feca1c1c000-7feca1e1b000 ---p 00007000 08:01 2752566                    /lib/x86_64-linux-gnu/librt-2.19.so
7feca1e1b000-7feca1e1c000 r--p 00006000 08:01 2752566                    /lib/x86_64-linux-gnu/librt-2.19.so
7feca1e1c000-7feca1e1d000 rw-p 00007000 08:01 2752566                    /lib/x86_64-linux-gnu/librt-2.19.so
7feca1e1d000-7feca1e33000 r-xp 00000000 08:01 2756650                    /lib/x86_64-linux-gnu/libgcc_s.so.1
7feca1e33000-7feca2032000 ---p 00016000 08:01 2756650                    /lib/x86_64-linux-gnu/libgcc_s.so.1
7feca2032000-7feca2033000 rw-p 00015000 08:01 2756650                    /lib/x86_64-linux-gnu/libgcc_s.so.1
7feca2033000-7feca2138000 r-xp 00000000 08:01 2752530                    /lib/x86_64-linux-gnu/libm-2.19.so
7feca2138000-7feca2337000 ---p 00105000 08:01 2752530                    /lib/x86_64-linux-gnu/libm-2.19.so
7feca2337000-7feca2338000 r--p 00104000 08:01 2752530                    /lib/x86_64-linux-gnu/libm-2.19.so
7feca2338000-7feca2339000 rw-p 00105000 08:01 2752530                    /lib/x86_64-linux-gnu/libm-2.19.so
7feca2339000-7feca243f000 r-xp 00000000 08:01 3147884                    /usr/lib/x86_64-linux-gnu/libstdc++.so.6.0.22
7feca243f000-7feca263e000 ---p 00106000 08:01 3147884                    /usr/lib/x86_64-linux-gnu/libstdc++.so.6.0.22
7feca263e000-7feca2646000 r--p 00105000 08:01 3147884                    /usr/lib/x86_64-linux-gnu/libstdc++.so.6.0.22
7feca2646000-7feca2648000 rw-p 0010d000 08:01 3147884                    /usr/lib/x86_64-linux-gnu/libstdc++.so.6.0.22
7feca2648000-7feca264b000 rw-p 00000000 00:00 0 
7feca264b000-7feca3179000 r-xp 00000000 08:01 3154760                    /usr/lib/jvm/java-7-openjdk-amd64/jre/lib/amd64/server/libjvm.so
7feca3179000-7feca3379000 ---p 00b2e000 08:01 3154760                    /usr/lib/jvm/java-7-openjdk-amd64/jre/lib/amd64/server/libjvm.so
7feca3379000-7feca3413000 r--p 00b2e000 08:01 3154760                    /usr/lib/jvm/java-7-openjdk-amd64/jre/lib/amd64/server/libjvm.so
7feca3413000-7feca3436000 rw-p 00bc8000 08:01 3154760                    /usr/lib/jvm/java-7-openjdk-amd64/jre/lib/amd64/server/libjvm.so
7feca3436000-7feca3465000 rw-p 00000000 00:00 0 
7feca3465000-7feca347d000 r-xp 00000000 08:01 2756797                    /lib/x86_64-linux-gnu/libz.so.1.2.8
7feca347d000-7feca367c000 ---p 00018000 08:01 2756797                    /lib/x86_64-linux-gnu/libz.so.1.2.8
7feca367c000-7feca367d000 r--p 00017000 08:01 2756797                    /lib/x86_64-linux-gnu/libz.so.1.2.8
7feca367d000-7feca367e000 rw-p 00018000 08:01 2756797                    /lib/x86_64-linux-gnu/libz.so.1.2.8
7feca367e000-7feca3697000 r-xp 00000000 08:01 2752559                    /lib/x86_64-linux-gnu/libpthread-2.19.so
7feca3697000-7feca3896000 ---p 00019000 08:01 2752559                    /lib/x86_64-linux-gnu/libpthread-2.19.so
7feca3896000-7feca3897000 r--p 00018000 08:01 2752559                    /lib/x86_64-linux-gnu/libpthread-2.19.so
7feca3897000-7feca3898000 rw-p 00019000 08:01 2752559                    /lib/x86_64-linux-gnu/libpthread-2.19.so
7feca3898000-7feca389c000 rw-p 00000000 00:00 0 
7feca389c000-7feca389f000 r-xp 00000000 08:01 2752539                    /lib/x86_64-linux-gnu/libdl-2.19.so
7feca389f000-7feca3a9e000 ---p 00003000 08:01 2752539                    /lib/x86_64-linux-gnu/libdl-2.19.so
7feca3a9e000-7feca3a9f000 r--p 00002000 08:01 2752539                    /lib/x86_64-linux-gnu/libdl-2.19.so
7feca3a9f000-7feca3aa0000 rw-p 00003000 08:01 2752539                    /lib/x86_64-linux-gnu/libdl-2.19.so
7feca3aa0000-7feca3c5a000 r-xp 00000000 08:01 2752567                    /lib/x86_64-linux-gnu/libc-2.19.so
7feca3c5a000-7feca3e5a000 ---p 001ba000 08:01 2752567                    /lib/x86_64-linux-gnu/libc-2.19.so
7feca3e5a000-7feca3e5e000 r--p 001ba000 08:01 2752567                    /lib/x86_64-linux-gnu/libc-2.19.so
7feca3e5e000-7feca3e60000 rw-p 001be000 08:01 2752567                    /lib/x86_64-linux-gnu/libc-2.19.so
7feca3e60000-7feca3e65000 rw-p 00000000 00:00 0 
7feca3e65000-7feca3e72000 r-xp 00000000 08:01 3152640                    /usr/lib/jvm/java-7-openjdk-amd64/jre/lib/amd64/jli/libjli.so
7feca3e72000-7feca4071000 ---p 0000d000 08:01 3152640                    /usr/lib/jvm/java-7-openjdk-amd64/jre/lib/amd64/jli/libjli.so
7feca4071000-7feca4072000 r--p 0000c000 08:01 3152640                    /usr/lib/jvm/java-7-openjdk-amd64/jre/lib/amd64/jli/libjli.so
7feca4072000-7feca4073000 rw-p 0000d000 08:01 3152640                    /usr/lib/jvm/java-7-openjdk-amd64/jre/lib/amd64/jli/libjli.so
7feca4073000-7feca4096000 r-xp 00000000 08:01 2752560                    /lib/x86_64-linux-gnu/ld-2.19.so
7feca4096000-7feca4098000 r--s 00009000 08:01 1449889                    /home/audreyazura/Documents/Project/libupsystem/lib/hamcrest/hamcrest-core-1.3.jar
7feca4098000-7feca409b000 r--s 00013000 08:01 1449179                    /home/audreyazura/Documents/Project/libupsystem/lib/commonutils.portable1-0.jar
7feca409b000-7feca409e000 r--s 0003d000 08:01 3152622                    /usr/lib/jvm/java-7-openjdk-amd64/jre/lib/ext/sunpkcs11.jar
7feca409e000-7feca40bc000 rw-p 00000000 00:00 0 
7feca40bc000-7feca4172000 rw-p 00000000 00:00 0 
7feca4172000-7feca4175000 ---p 00000000 00:00 0 
7feca4175000-7feca4278000 rw-p 00000000 00:00 0                          [stack:7588]
7feca4278000-7feca4279000 r--s 00004000 08:01 1444752                    /home/audreyazura/Documents/Project/Tools/netbeans-8.1/extide/ant/lib/ant-launcher.jar
7feca4279000-7feca427d000 r--s 00085000 08:01 3152619                    /usr/lib/jvm/java-7-openjdk-amd64/jre/lib/ext/localedata.jar
7feca427d000-7feca427e000 r--s 00002000 08:01 3152621                    /usr/lib/jvm/java-7-openjdk-amd64/jre/lib/ext/dnsns.jar
7feca427e000-7feca4280000 r--s 00006000 08:01 3283851                    /usr/share/java/java-atk-wrapper.jar
7feca4280000-7feca4282000 r--s 00012000 08:01 3152620                    /usr/lib/jvm/java-7-openjdk-amd64/jre/lib/ext/zipfs.jar
7feca4282000-7feca4285000 r--s 0000f000 08:01 3152623                    /usr/lib/jvm/java-7-openjdk-amd64/jre/lib/ext/icedtea-sound.jar
7feca4285000-7feca4289000 r--s 00034000 08:01 3152618                    /usr/lib/jvm/java-7-openjdk-amd64/jre/lib/ext/sunjce_provider.jar
7feca4289000-7feca4291000 rw-s 00000000 08:01 1835123                    /tmp/hsperfdata_audreyazura/7585
7feca4291000-7feca4292000 rw-p 00000000 00:00 0 
7feca4292000-7feca4293000 ---p 00000000 00:00 0 
7feca4293000-7feca4295000 rw-p 00000000 00:00 0 
7feca4295000-7feca4296000 r--p 00022000 08:01 2752560                    /lib/x86_64-linux-gnu/ld-2.19.so
7feca4296000-7feca4297000 rw-p 00023000 08:01 2752560                    /lib/x86_64-linux-gnu/ld-2.19.so
7feca4297000-7feca4298000 rw-p 00000000 00:00 0 
7ffd5feff000-7ffd5ff20000 rw-p 00000000 00:00 0                          [stack]
7ffd5ffe3000-7ffd5ffe5000 r-xp 00000000 00:00 0                          [vdso]
7ffd5ffe5000-7ffd5ffe7000 r--p 00000000 00:00 0                          [vvar]
ffffffffff600000-ffffffffff601000 r-xp 00000000 00:00 0                  [vsyscall]

VM Arguments:
jvm_args: -ea 
java_command: org.apache.tools.ant.taskdefs.optional.junit.JUnitTestRunner org.duckdns.spacedock.upengine.libupsystem.PersoStatDegatsMoyensTest skipNonTests=false filtertrace=true haltOnError=false haltOnFailure=false showoutput=true outputtoformatters=true logfailedtests=true threadid=0 logtestlistenerevents=true formatter=org.apache.tools.ant.taskdefs.optional.junit.BriefJUnitResultFormatter formatter=org.apache.tools.ant.taskdefs.optional.junit.XMLJUnitResultFormatter,/home/audreyazura/Documents/Project/libupsystem/build/test/results/TEST-org.duckdns.spacedock.upengine.libupsystem.PersoStatDegatsMoyensTest.xml crashfile=/home/audreyazura/Documents/Project/libupsystem/build/junitvmwatcher7603541216422048443.properties propsfile=/home/audreyazura/Documents/Project/libupsystem/build/junit8447283881365747256.properties
Launcher Type: SUN_STANDARD

Environment Variables:
JAVA_HOME=/usr/lib/jvm/java-7-openjdk-amd64
PATH=/usr/local/sbin:/usr/local/bin:/usr/sbin:/usr/bin:/sbin:/bin:/usr/games:/usr/local/games:/usr/lib/jvm/java-7-openjdk-amd64/bin:/home/audreyazura/Documents/Project/Tools/netbeans-8.1/extide/ant/bin
LD_LIBRARY_PATH=/usr/lib/jvm/java-7-openjdk-amd64/jre/lib/amd64:/usr/lib/jvm/java-7-openjdk-amd64/jre/lib/i386:
SHELL=/bin/bash
DISPLAY=:0

Signal Handlers:
SIGSEGV: [libjvm.so+0x95e460], sa_mask[0]=0x7ffbfeff, sa_flags=0x10000004
SIGBUS: [libjvm.so+0x95e460], sa_mask[0]=0x7ffbfeff, sa_flags=0x10000004
SIGFPE: [libjvm.so+0x7d2030], sa_mask[0]=0x7ffbfeff, sa_flags=0x10000004
SIGPIPE: [libjvm.so+0x7d2030], sa_mask[0]=0x7ffbfeff, sa_flags=0x10000004
SIGXFSZ: [libjvm.so+0x7d2030], sa_mask[0]=0x7ffbfeff, sa_flags=0x10000004
SIGILL: [libjvm.so+0x7d2030], sa_mask[0]=0x7ffbfeff, sa_flags=0x10000004
SIGUSR1: SIG_DFL, sa_mask[0]=0x00000000, sa_flags=0x00000000
SIGUSR2: [libjvm.so+0x7d2160], sa_mask[0]=0x00000004, sa_flags=0x10000004
SIGHUP: [libjvm.so+0x7d20b0], sa_mask[0]=0x7ffbfeff, sa_flags=0x10000004
SIGINT: SIG_IGN, sa_mask[0]=0x00000000, sa_flags=0x00000000
SIGTERM: [libjvm.so+0x7d20b0], sa_mask[0]=0x7ffbfeff, sa_flags=0x10000004
SIGQUIT: [libjvm.so+0x7d20b0], sa_mask[0]=0x7ffbfeff, sa_flags=0x10000004
SIGTRAP: SIG_DFL, sa_mask[0]=0x00000000, sa_flags=0x00000000


---------------  S Y S T E M  ---------------

OS:Peppermint 6 (trusty)
uname:Linux 3.16.0-77-generic #99~14.04.1-Ubuntu SMP Tue Jun 28 19:17:10 UTC 2016 x86_64
libc:glibc 2.19 NPTL 2.19 
rlimit: STACK 8192k, CORE 0k, NPROC 13224, NOFILE 4096, AS infinity
load average:5,67 2,16 1,35

/proc/meminfo:
MemTotal:        3407836 kB
MemFree:           90920 kB
MemAvailable:      30236 kB
Buffers:             156 kB
Cached:            60604 kB
SwapCached:            0 kB
Active:          3053340 kB
Inactive:          55780 kB
Active(anon):    3052036 kB
Inactive(anon):    54024 kB
Active(file):       1304 kB
Inactive(file):     1756 kB
Unevictable:          64 kB
Mlocked:              64 kB
SwapTotal:             0 kB
SwapFree:              0 kB
Dirty:                12 kB
Writeback:             0 kB
AnonPages:       3049192 kB
Mapped:            57324 kB
Shmem:             56932 kB
Slab:              77304 kB
SReclaimable:      44492 kB
SUnreclaim:        32812 kB
KernelStack:       10320 kB
PageTables:        32640 kB
NFS_Unstable:          0 kB
Bounce:                0 kB
WritebackTmp:          0 kB
CommitLimit:     1703916 kB
Committed_AS:    5690832 kB
VmallocTotal:   34359738367 kB
VmallocUsed:      291412 kB
VmallocChunk:   34359367632 kB
HardwareCorrupted:     0 kB
AnonHugePages:   1830912 kB
HugePages_Total:       0
HugePages_Free:        0
HugePages_Rsvd:        0
HugePages_Surp:        0
Hugepagesize:       2048 kB
DirectMap4k:      138324 kB
DirectMap2M:     3473408 kB
DirectMap1G:           0 kB


CPU:total 4 (4 cores per cpu, 1 threads per core) family 22 model 0 stepping 1, cmov, cx8, fxsr, mmx, sse, sse2, sse3, ssse3, sse4.1, sse4.2, popcnt, avx, aes, mmxext, 3dnowpref, lzcnt, sse4a, tsc, tscinvbit, tscinv

/proc/cpuinfo:
processor	: 0
vendor_id	: AuthenticAMD
cpu family	: 22
model		: 0
model name	: Quad-Core Processor (up to 1.4GHz)
stepping	: 1
microcode	: 0x7000106
cpu MHz		: 600.000
cache size	: 2048 KB
physical id	: 0
siblings	: 4
core id		: 0
cpu cores	: 4
apicid		: 0
initial apicid	: 0
fpu		: yes
fpu_exception	: yes
cpuid level	: 13
wp		: yes
flags		: fpu vme de pse tsc msr pae mce cx8 apic sep mtrr pge mca cmov pat pse36 clflush mmx fxsr sse sse2 ht syscall nx mmxext fxsr_opt pdpe1gb rdtscp lm constant_tsc rep_good nopl nonstop_tsc extd_apicid aperfmperf eagerfpu pni pclmulqdq monitor ssse3 cx16 sse4_1 sse4_2 movbe popcnt aes xsave avx f16c lahf_lm cmp_legacy svm extapic cr8_legacy abm sse4a misalignsse 3dnowprefetch osvw ibs skinit wdt topoext perfctr_nb perfctr_l2 arat cpb xsaveopt hw_pstate proc_feedback npt lbrv svm_lock nrip_save tsc_scale flushbyasid decodeassists pausefilter pfthreshold vmmcall bmi1
bogomips	: 1996.25
TLB size	: 1024 4K pages
clflush size	: 64
cache_alignment	: 64
address sizes	: 40 bits physical, 48 bits virtual
power management: ts ttp tm 100mhzsteps hwpstate cpb [11]

processor	: 1
vendor_id	: AuthenticAMD
cpu family	: 22
model		: 0
model name	: Quad-Core Processor (up to 1.4GHz)             
stepping	: 1
microcode	: 0x7000106
cpu MHz		: 600.000
cache size	: 2048 KB
physical id	: 0
siblings	: 4
core id		: 1
cpu cores	: 4
apicid		: 1
initial apicid	: 1
fpu		: yes
fpu_exception	: yes
cpuid level	: 13
wp		: yes
flags		: fpu vme de pse tsc msr pae mce cx8 apic sep mtrr pge mca cmov pat pse36 clflush mmx fxsr sse sse2 ht syscall nx mmxext fxsr_opt pdpe1gb rdtscp lm constant_tsc rep_good nopl nonstop_tsc extd_apicid aperfmperf eagerfpu pni pclmulqdq monitor ssse3 cx16 sse4_1 sse4_2 movbe popcnt aes xsave avx f16c lahf_lm cmp_legacy svm extapic cr8_legacy abm sse4a misalignsse 3dnowprefetch osvw ibs skinit wdt topoext perfctr_nb perfctr_l2 arat cpb xsaveopt hw_pstate proc_feedback npt lbrv svm_lock nrip_save tsc_scale flushbyasid decodeassists pausefilter pfthreshold vmmcall bmi1
bogomips	: 1996.25
TLB size	: 1024 4K pages
clflush size	: 64
cache_alignment	: 64
address sizes	: 40 bits physical, 48 bits virtual
power management: ts ttp tm 100mhzsteps hwpstate cpb [11]

processor	: 2
vendor_id	: AuthenticAMD
cpu family	: 22
model		: 0
model name	: Quad-Core Processor (up to 1.4GHz)             
stepping	: 1
microcode	: 0x7000106
cpu MHz		: 1000.000
cache size	: 2048 KB
physical id	: 0
siblings	: 4
core id		: 2
cpu cores	: 4
apicid		: 2
initial apicid	: 2
fpu		: yes
fpu_exception	: yes
cpuid level	: 13
wp		: yes
flags		: fpu vme de pse tsc msr pae mce cx8 apic sep mtrr pge mca cmov pat pse36 clflush mmx fxsr sse sse2 ht syscall nx mmxext fxsr_opt pdpe1gb rdtscp lm constant_tsc rep_good nopl nonstop_tsc extd_apicid aperfmperf eagerfpu pni pclmulqdq monitor ssse3 cx16 sse4_1 sse4_2 movbe popcnt aes xsave avx f16c lahf_lm cmp_legacy svm extapic cr8_legacy abm sse4a misalignsse 3dnowprefetch osvw ibs skinit wdt topoext perfctr_nb perfctr_l2 arat cpb xsaveopt hw_pstate proc_feedback npt lbrv svm_lock nrip_save tsc_scale flushbyasid decodeassists pausefilter pfthreshold vmmcall bmi1
bogomips	: 1996.25
TLB size	: 1024 4K pages
clflush size	: 64
cache_alignment	: 64
address sizes	: 40 bits physical, 48 bits virtual
power management: ts ttp tm 100mhzsteps hwpstate cpb [11]

processor	: 3
vendor_id	: AuthenticAMD
cpu family	: 22
model		: 0
model name	: Quad-Core Processor (up to 1.4GHz)             
stepping	: 1
microcode	: 0x7000106
cpu MHz		: 600.000
cache size	: 2048 KB
physical id	: 0
siblings	: 4
core id		: 3
cpu cores	: 4
apicid		: 3
initial apicid	: 3
fpu		: yes
fpu_exception	: yes
cpuid level	: 13
wp		: yes
flags		: fpu vme de pse tsc msr pae mce cx8 apic sep mtrr pge mca cmov pat pse36 clflush mmx fxsr sse sse2 ht syscall nx mmxext fxsr_opt pdpe1gb rdtscp lm constant_tsc rep_good nopl nonstop_tsc extd_apicid aperfmperf eagerfpu pni pclmulqdq monitor ssse3 cx16 sse4_1 sse4_2 movbe popcnt aes xsave avx f16c lahf_lm cmp_legacy svm extapic cr8_legacy abm sse4a misalignsse 3dnowprefetch osvw ibs skinit wdt topoext perfctr_nb perfctr_l2 arat cpb xsaveopt hw_pstate proc_feedback npt lbrv svm_lock nrip_save tsc_scale flushbyasid decodeassists pausefilter pfthreshold vmmcall bmi1
bogomips	: 1996.25
TLB size	: 1024 4K pages
clflush size	: 64
cache_alignment	: 64
address sizes	: 40 bits physical, 48 bits virtual
power management: ts ttp tm 100mhzsteps hwpstate cpb [11]



Memory: 4k page, physical 3407836k(88340k free), swap 0k(0k free)

vm_info: OpenJDK 64-Bit Server VM (24.121-b00) for linux-amd64 JRE (1.7.0_121-b00), built on Feb  7 2017 18:45:58 by "buildd" with gcc 4.8.4

time: Sat Mar 11 20:40:33 2017
elapsed time: 15 seconds

