#
# There is insufficient memory for the Java Runtime Environment to continue.
# Native memory allocation (malloc) failed to allocate 104333312 bytes for committing reserved memory.
# Possible reasons:
#   The system is out of physical RAM or swap space
#   In 32 bit mode, the process size limit was hit
# Possible solutions:
#   Reduce memory load on the system
#   Increase physical memory or swap space
#   Check if swap backing store is full
#   Use 64 bit Java on a 64 bit OS
#   Decrease Java heap size (-Xmx/-Xms)
#   Decrease number of Java threads
#   Decrease Java thread stack sizes (-Xss)
#   Set larger code cache with -XX:ReservedCodeCacheSize=
# This output file may be truncated or incomplete.
#
#  Out of Memory Error (os_linux.cpp:2827), pid=9988, tid=139795354314496
#
# JRE version: OpenJDK Runtime Environment (7.0_121) (build 1.7.0_121-b00)
# Java VM: OpenJDK 64-Bit Server VM (24.121-b00 mixed mode linux-amd64 compressed oops)
# Derivative: IcedTea 2.6.8
# Distribution: Ubuntu 14.04 LTS, package 7u121-2.6.8-1ubuntu0.14.04.3
# Failed to write core dump. Core dumps have been disabled. To enable core dumping, try "ulimit -c unlimited" before starting Java again
#

---------------  T H R E A D  ---------------

Current thread (0x00007f24a8076000):  VMThread [stack: 0x00007f24a45f6000,0x00007f24a46f7000] [id=9996]

Stack: [0x00007f24a45f6000,0x00007f24a46f7000],  sp=0x00007f24a46f5490,  free space=1021k
Native frames: (J=compiled Java code, j=interpreted, Vv=VM code, C=native code)
V  [libjvm.so+0x95d975]
V  [libjvm.so+0x497ad4]
V  [libjvm.so+0x7d6a6b]
V  [libjvm.so+0x7d142f]
V  [libjvm.so+0x84672b]
V  [libjvm.so+0x8475a0]
V  [libjvm.so+0x847c8b]
V  [libjvm.so+0x843678]
V  [libjvm.so+0x843ee8]
V  [libjvm.so+0x7f9583]
V  [libjvm.so+0x95f384]
V  [libjvm.so+0x963487]
V  [libjvm.so+0x961f48]
V  [libjvm.so+0x9623a9]
V  [libjvm.so+0x9627f2]
V  [libjvm.so+0x7d3862]

VM_Operation (0x00007f24b083e8a0): ParallelGCFailedAllocation, mode: safepoint, requested by thread 0x00007f24a800a800


---------------  P R O C E S S  ---------------

Java Threads: ( => current thread )
  0x00007f24a80af800 JavaThread "Service Thread" daemon [_thread_blocked, id=10002, stack(0x00007f249d6f3000,0x00007f249d7f4000)]
  0x00007f24a80ad000 JavaThread "C2 CompilerThread1" daemon [_thread_blocked, id=10001, stack(0x00007f24a40f1000,0x00007f24a41f2000)]
  0x00007f24a80aa000 JavaThread "C2 CompilerThread0" daemon [_thread_blocked, id=10000, stack(0x00007f24a41f2000,0x00007f24a42f3000)]
  0x00007f24a80a8000 JavaThread "Signal Dispatcher" daemon [_thread_blocked, id=9999, stack(0x00007f24a42f3000,0x00007f24a43f4000)]
  0x00007f24a807c800 JavaThread "Finalizer" daemon [_thread_blocked, id=9998, stack(0x00007f24a43f4000,0x00007f24a44f5000)]
  0x00007f24a807a800 JavaThread "Reference Handler" daemon [_thread_blocked, id=9997, stack(0x00007f24a44f5000,0x00007f24a45f6000)]
  0x00007f24a800a800 JavaThread "main" [_thread_blocked, id=9991, stack(0x00007f24b0740000,0x00007f24b0841000)]

Other Threads:
=>0x00007f24a8076000 VMThread [stack: 0x00007f24a45f6000,0x00007f24a46f7000] [id=9996]
  0x00007f24a80ba800 WatcherThread [stack: 0x00007f249d5f2000,0x00007f249d6f3000] [id=10003]

VM state:at safepoint (normal execution)

VM Mutex/Monitor currently owned by a thread:  ([mutex/lock_event])
[0x00007f24a8006f80] Threads_lock - owner thread: 0x00007f24a8076000
[0x00007f24a8007480] Heap_lock - owner thread: 0x00007f24a800a800

Heap
 PSYoungGen      total 179712K, used 96K [0x00000000eea80000, 0x00000000f9c80000, 0x0000000100000000)
  eden space 177152K, 0% used [0x00000000eea80000,0x00000000eea80000,0x00000000f9780000)
  from space 2560K, 3% used [0x00000000f9780000,0x00000000f9798000,0x00000000f9a00000)
  to   space 2560K, 0% used [0x00000000f9a00000,0x00000000f9a00000,0x00000000f9c80000)
 ParOldGen       total 35328K, used 1406K [0x00000000cc000000, 0x00000000ce280000, 0x00000000eea80000)
  object space 35328K, 3% used [0x00000000cc000000,0x00000000cc15fb70,0x00000000ce280000)
 PSPermGen       total 21504K, used 7294K [0x00000000c1a00000, 0x00000000c2f00000, 0x00000000cc000000)
  object space 21504K, 33% used [0x00000000c1a00000,0x00000000c211fa68,0x00000000c2f00000)

Card table byte_map: [0x00007f24ad16c000,0x00007f24ad360000] byte_map_base: 0x00007f24acb5f000

Polling page: 0x00007f24b0860000

Code Cache  [0x00007f24a5000000, 0x00007f24a5270000, 0x00007f24a8000000)
 total_blobs=422 nmethods=154 adapters=223 free_code_cache=48464Kb largest_free_block=49601472

Compilation events (10 events):
Event: 4,312 Thread 0x00007f24a80ad000 nmethod 148 0x00007f24a50b14d0 code [0x00007f24a50b1660, 0x00007f24a50b1868]
Event: 4,312 Thread 0x00007f24a80ad000  151             org.duckdns.spacedock.upengine.libupsystem.RollUtils$RollResult::<init> (20 bytes)
Event: 4,313 Thread 0x00007f24a80aa000 nmethod 150 0x00007f24a50b1190 code [0x00007f24a50b1300, 0x00007f24a50b13f8]
Event: 4,313 Thread 0x00007f24a80aa000  152             org.duckdns.spacedock.upengine.libupsystem.RollUtils$RollResult::getScoreBrut (5 bytes)
Event: 4,313 Thread 0x00007f24a80aa000 nmethod 152 0x00007f24a5085c90 code [0x00007f24a5085dc0, 0x00007f24a5085e18]
Event: 4,313 Thread 0x00007f24a80aa000  153             org.duckdns.spacedock.upengine.libupsystem.Perso::getBlessuresGraves (8 bytes)
Event: 4,313 Thread 0x00007f24a80ad000 nmethod 151 0x00007f24a5085a90 code [0x00007f24a5085bc0, 0x00007f24a5085c18]
Event: 4,314 Thread 0x00007f24a80ad000  154             org.duckdns.spacedock.upengine.libupsystem.CoupleJauge::getRemplissage_interne (5 bytes)
Event: 4,314 Thread 0x00007f24a80ad000 nmethod 154 0x00007f24a5085810 code [0x00007f24a5085940, 0x00007f24a5085998]
Event: 4,314 Thread 0x00007f24a80aa000 nmethod 153 0x00007f24a50b2210 code [0x00007f24a50b2340, 0x00007f24a50b23b8]

GC Heap History (10 events):
Event: 3,151 GC heap after
Heap after GC invocations=6 (full 0):
 PSYoungGen      total 56832K, used 1344K [0x00000000eea80000, 0x00000000f2480000, 0x0000000100000000)
  eden space 55296K, 0% used [0x00000000eea80000,0x00000000eea80000,0x00000000f2080000)
  from space 1536K, 87% used [0x00000000f2300000,0x00000000f2450030,0x00000000f2480000)
  to   space 2048K, 0% used [0x00000000f2080000,0x00000000f2080000,0x00000000f2280000)
 ParOldGen       total 35328K, used 89K [0x00000000cc000000, 0x00000000ce280000, 0x00000000eea80000)
  object space 35328K, 0% used [0x00000000cc000000,0x00000000cc0164c0,0x00000000ce280000)
 PSPermGen       total 21504K, used 7279K [0x00000000c1a00000, 0x00000000c2f00000, 0x00000000cc000000)
  object space 21504K, 33% used [0x00000000c1a00000,0x00000000c211bff0,0x00000000c2f00000)
}
Event: 3,347 GC heap before
{Heap before GC invocations=7 (full 0):
 PSYoungGen      total 56832K, used 56640K [0x00000000eea80000, 0x00000000f2480000, 0x0000000100000000)
  eden space 55296K, 100% used [0x00000000eea80000,0x00000000f2080000,0x00000000f2080000)
  from space 1536K, 87% used [0x00000000f2300000,0x00000000f2450030,0x00000000f2480000)
  to   space 2048K, 0% used [0x00000000f2080000,0x00000000f2080000,0x00000000f2280000)
 ParOldGen       total 35328K, used 89K [0x00000000cc000000, 0x00000000ce280000, 0x00000000eea80000)
  object space 35328K, 0% used [0x00000000cc000000,0x00000000cc0164c0,0x00000000ce280000)
 PSPermGen       total 21504K, used 7281K [0x00000000c1a00000, 0x00000000c2f00000, 0x00000000cc000000)
  object space 21504K, 33% used [0x00000000c1a00000,0x00000000c211c558,0x00000000c2f00000)
Event: 3,353 GC heap after
Heap after GC invocations=7 (full 0):
 PSYoungGen      total 57344K, used 128K [0x00000000eea80000, 0x00000000f5b80000, 0x0000000100000000)
  eden space 55296K, 0% used [0x00000000eea80000,0x00000000eea80000,0x00000000f2080000)
  from space 2048K, 6% used [0x00000000f2080000,0x00000000f20a0000,0x00000000f2280000)
  to   space 2560K, 0% used [0x00000000f5900000,0x00000000f5900000,0x00000000f5b80000)
 ParOldGen       total 35328K, used 1358K [0x00000000cc000000, 0x00000000ce280000, 0x00000000eea80000)
  object space 35328K, 3% used [0x00000000cc000000,0x00000000cc153b70,0x00000000ce280000)
 PSPermGen       total 21504K, used 7281K [0x00000000c1a00000, 0x00000000c2f00000, 0x00000000cc000000)
  object space 21504K, 33% used [0x00000000c1a00000,0x00000000c211c558,0x00000000c2f00000)
}
Event: 3,490 GC heap before
{Heap before GC invocations=8 (full 0):
 PSYoungGen      total 57344K, used 55424K [0x00000000eea80000, 0x00000000f5b80000, 0x0000000100000000)
  eden space 55296K, 100% used [0x00000000eea80000,0x00000000f2080000,0x00000000f2080000)
  from space 2048K, 6% used [0x00000000f2080000,0x00000000f20a0000,0x00000000f2280000)
  to   space 2560K, 0% used [0x00000000f5900000,0x00000000f5900000,0x00000000f5b80000)
 ParOldGen       total 35328K, used 1358K [0x00000000cc000000, 0x00000000ce280000, 0x00000000eea80000)
  object space 35328K, 3% used [0x00000000cc000000,0x00000000cc153b70,0x00000000ce280000)
 PSPermGen       total 21504K, used 7293K [0x00000000c1a00000, 0x00000000c2f00000, 0x00000000cc000000)
  object space 21504K, 33% used [0x00000000c1a00000,0x00000000c211f750,0x00000000c2f00000)
Event: 3,496 GC heap after
Heap after GC invocations=8 (full 0):
 PSYoungGen      total 113152K, used 128K [0x00000000eea80000, 0x00000000f5b80000, 0x0000000100000000)
  eden space 110592K, 0% used [0x00000000eea80000,0x00000000eea80000,0x00000000f5680000)
  from space 2560K, 5% used [0x00000000f5900000,0x00000000f5920000,0x00000000f5b80000)
  to   space 2560K, 0% used [0x00000000f5680000,0x00000000f5680000,0x00000000f5900000)
 ParOldGen       total 35328K, used 1374K [0x00000000cc000000, 0x00000000ce280000, 0x00000000eea80000)
  object space 35328K, 3% used [0x00000000cc000000,0x00000000cc157b70,0x00000000ce280000)
 PSPermGen       total 21504K, used 7293K [0x00000000c1a00000, 0x00000000c2f00000, 0x00000000cc000000)
  object space 21504K, 33% used [0x00000000c1a00000,0x00000000c211f750,0x00000000c2f00000)
}
Event: 3,777 GC heap before
{Heap before GC invocations=9 (full 0):
 PSYoungGen      total 113152K, used 110720K [0x00000000eea80000, 0x00000000f5b80000, 0x0000000100000000)
  eden space 110592K, 100% used [0x00000000eea80000,0x00000000f5680000,0x00000000f5680000)
  from space 2560K, 5% used [0x00000000f5900000,0x00000000f5920000,0x00000000f5b80000)
  to   space 2560K, 0% used [0x00000000f5680000,0x00000000f5680000,0x00000000f5900000)
 ParOldGen       total 35328K, used 1374K [0x00000000cc000000, 0x00000000ce280000, 0x00000000eea80000)
  object space 35328K, 3% used [0x00000000cc000000,0x00000000cc157b70,0x00000000ce280000)
 PSPermGen       total 21504K, used 7293K [0x00000000c1a00000, 0x00000000c2f00000, 0x00000000cc000000)
  object space 21504K, 33% used [0x00000000c1a00000,0x00000000c211f750,0x00000000c2f00000)
Event: 3,780 GC heap after
Heap after GC invocations=9 (full 0):
 PSYoungGen      total 113152K, used 64K [0x00000000eea80000, 0x00000000f9c80000, 0x0000000100000000)
  eden space 110592K, 0% used [0x00000000eea80000,0x00000000eea80000,0x00000000f5680000)
  from space 2560K, 2% used [0x00000000f5680000,0x00000000f5690000,0x00000000f5900000)
  to   space 2560K, 0% used [0x00000000f9a00000,0x00000000f9a00000,0x00000000f9c80000)
 ParOldGen       total 35328K, used 1382K [0x00000000cc000000, 0x00000000ce280000, 0x00000000eea80000)
  object space 35328K, 3% used [0x00000000cc000000,0x00000000cc159b70,0x00000000ce280000)
 PSPermGen       total 21504K, used 7293K [0x00000000c1a00000, 0x00000000c2f00000, 0x00000000cc000000)
  object space 21504K, 33% used [0x00000000c1a00000,0x00000000c211f750,0x00000000c2f00000)
}
Event: 4,025 GC heap before
{Heap before GC invocations=10 (full 0):
 PSYoungGen      total 113152K, used 110656K [0x00000000eea80000, 0x00000000f9c80000, 0x0000000100000000)
  eden space 110592K, 100% used [0x00000000eea80000,0x00000000f5680000,0x00000000f5680000)
  from space 2560K, 2% used [0x00000000f5680000,0x00000000f5690000,0x00000000f5900000)
  to   space 2560K, 0% used [0x00000000f9a00000,0x00000000f9a00000,0x00000000f9c80000)
 ParOldGen       total 35328K, used 1382K [0x00000000cc000000, 0x00000000ce280000, 0x00000000eea80000)
  object space 35328K, 3% used [0x00000000cc000000,0x00000000cc159b70,0x00000000ce280000)
 PSPermGen       total 21504K, used 7293K [0x00000000c1a00000, 0x00000000c2f00000, 0x00000000cc000000)
  object space 21504K, 33% used [0x00000000c1a00000,0x00000000c211f750,0x00000000c2f00000)
Event: 4,043 GC heap after
Heap after GC invocations=10 (full 0):
 PSYoungGen      total 179712K, used 128K [0x00000000eea80000, 0x00000000f9c80000, 0x0000000100000000)
  eden space 177152K, 0% used [0x00000000eea80000,0x00000000eea80000,0x00000000f9780000)
  from space 2560K, 5% used [0x00000000f9a00000,0x00000000f9a20000,0x00000000f9c80000)
  to   space 2560K, 0% used [0x00000000f9780000,0x00000000f9780000,0x00000000f9a00000)
 ParOldGen       total 35328K, used 1398K [0x00000000cc000000, 0x00000000ce280000, 0x00000000eea80000)
  object space 35328K, 3% used [0x00000000cc000000,0x00000000cc15db70,0x00000000ce280000)
 PSPermGen       total 21504K, used 7293K [0x00000000c1a00000, 0x00000000c2f00000, 0x00000000cc000000)
  object space 21504K, 33% used [0x00000000c1a00000,0x00000000c211f750,0x00000000c2f00000)
}
Event: 4,537 GC heap before
{Heap before GC invocations=11 (full 0):
 PSYoungGen      total 179712K, used 177280K [0x00000000eea80000, 0x00000000f9c80000, 0x0000000100000000)
  eden space 177152K, 100% used [0x00000000eea80000,0x00000000f9780000,0x00000000f9780000)
  from space 2560K, 5% used [0x00000000f9a00000,0x00000000f9a20000,0x00000000f9c80000)
  to   space 2560K, 0% used [0x00000000f9780000,0x00000000f9780000,0x00000000f9a00000)
 ParOldGen       total 35328K, used 1398K [0x00000000cc000000, 0x00000000ce280000, 0x00000000eea80000)
  object space 35328K, 3% used [0x00000000cc000000,0x00000000cc15db70,0x00000000ce280000)
 PSPermGen       total 21504K, used 7294K [0x00000000c1a00000, 0x00000000c2f00000, 0x00000000cc000000)
  object space 21504K, 33% used [0x00000000c1a00000,0x00000000c211fa68,0x00000000c2f00000)

Deoptimization events (6 events):
Event: 0,496 Thread 0x00007f24a800a800 Uncommon trap: reason=unstable_if action=reinterpret pc=0x00007f24a5060834 method=java.lang.String.indexOf(II)I @ 49
Event: 0,692 Thread 0x00007f24a800a800 Uncommon trap: reason=class_check action=maybe_recompile pc=0x00007f24a505fd80 method=java.util.Properties$LineReader.readLine()I @ 62
Event: 0,694 Thread 0x00007f24a800a800 Uncommon trap: reason=unstable_if action=reinterpret pc=0x00007f24a505fc48 method=java.util.Properties$LineReader.readLine()I @ 263
Event: 0,772 Thread 0x00007f24a800a800 Uncommon trap: reason=unstable_if action=reinterpret pc=0x00007f24a5064870 method=java.lang.String.indexOf([CII[CIII)I @ 123
Event: 1,427 Thread 0x00007f24a800a800 Uncommon trap: reason=unstable_if action=reinterpret pc=0x00007f24a506b3f0 method=java.util.Properties$LineReader.readLine()I @ 369
Event: 1,759 Thread 0x00007f24a800a800 Uncommon trap: reason=unstable_if action=reinterpret pc=0x00007f24a506d1ac method=sun.net.www.ParseUtil.encodePath(Ljava/lang/String;Z)Ljava/lang/String; @ 109

Internal exceptions (10 events):
Event: 1,929 Thread 0x00007f24a800a800 Threw 0x00000000ef12b9c8 at /build/openjdk-7-fqDl7t/openjdk-7-7u121-2.6.8/build/openjdk/hotspot/src/share/vm/prims/jvm.cpp:1322
Event: 1,932 Thread 0x00007f24a800a800 Threw 0x00000000ef12f4f8 at /build/openjdk-7-fqDl7t/openjdk-7-7u121-2.6.8/build/openjdk/hotspot/src/share/vm/prims/jvm.cpp:1322
Event: 2,018 Thread 0x00007f24a800a800 Threw 0x00000000ef15b940 at /build/openjdk-7-fqDl7t/openjdk-7-7u121-2.6.8/build/openjdk/hotspot/src/share/vm/prims/jvm.cpp:1322
Event: 2,025 Thread 0x00007f24a800a800 Threw 0x00000000ef160db0 at /build/openjdk-7-fqDl7t/openjdk-7-7u121-2.6.8/build/openjdk/hotspot/src/share/vm/prims/jvm.cpp:1322
Event: 2,028 Thread 0x00007f24a800a800 Threw 0x00000000ef164c68 at /build/openjdk-7-fqDl7t/openjdk-7-7u121-2.6.8/build/openjdk/hotspot/src/share/vm/prims/jvm.cpp:1322
Event: 2,031 Thread 0x00007f24a800a800 Threw 0x00000000ef1698f0 at /build/openjdk-7-fqDl7t/openjdk-7-7u121-2.6.8/build/openjdk/hotspot/src/share/vm/prims/jvm.cpp:1322
Event: 2,048 Thread 0x00007f24a800a800 Threw 0x00000000ef1893b8 at /build/openjdk-7-fqDl7t/openjdk-7-7u121-2.6.8/build/openjdk/hotspot/src/share/vm/prims/jvm.cpp:1322
Event: 2,056 Thread 0x00007f24a800a800 Threw 0x00000000ef19cc58 at /build/openjdk-7-fqDl7t/openjdk-7-7u121-2.6.8/build/openjdk/hotspot/src/share/vm/prims/jvm.cpp:1322
Event: 2,059 Thread 0x00007f24a800a800 Threw 0x00000000ef1a00e8 at /build/openjdk-7-fqDl7t/openjdk-7-7u121-2.6.8/build/openjdk/hotspot/src/share/vm/prims/jvm.cpp:1322
Event: 2,074 Thread 0x00007f24a800a800 Threw 0x00000000ef1a3d98 at /build/openjdk-7-fqDl7t/openjdk-7-7u121-2.6.8/build/openjdk/hotspot/src/share/vm/prims/jvm.cpp:1322

Events (10 events):
Event: 3,496 Executing VM operation: ParallelGCFailedAllocation done
Event: 3,777 Executing VM operation: ParallelGCFailedAllocation
Event: 3,780 Executing VM operation: ParallelGCFailedAllocation done
Event: 4,025 Executing VM operation: ParallelGCFailedAllocation
Event: 4,043 Executing VM operation: ParallelGCFailedAllocation done
Event: 4,193 loading class 0x00007f24ac9c0320
Event: 4,193 loading class 0x00007f24ac9c0320 done
Event: 4,373 Executing VM operation: EnableBiasedLocking
Event: 4,373 Executing VM operation: EnableBiasedLocking done
Event: 4,533 Executing VM operation: ParallelGCFailedAllocation


Dynamic libraries:
00400000-00401000 r-xp 00000000 08:01 3155548                            /usr/lib/jvm/java-7-openjdk-amd64/jre/bin/java
00600000-00601000 r--p 00000000 08:01 3155548                            /usr/lib/jvm/java-7-openjdk-amd64/jre/bin/java
00601000-00602000 rw-p 00001000 08:01 3155548                            /usr/lib/jvm/java-7-openjdk-amd64/jre/bin/java
00958000-00979000 rw-p 00000000 00:00 0                                  [heap]
c1a00000-c2f00000 rw-p 00000000 00:00 0 
c2f00000-cc000000 rw-p 00000000 00:00 0 
cc000000-ce280000 rw-p 00000000 00:00 0 
ce280000-eea80000 rw-p 00000000 00:00 0 
eea80000-f9c80000 rw-p 00000000 00:00 0 
7f2468000000-7f2468021000 rw-p 00000000 00:00 0 
7f2468021000-7f246c000000 ---p 00000000 00:00 0 
7f2470000000-7f24703e4000 rw-p 00000000 00:00 0 
7f24703e4000-7f2474000000 ---p 00000000 00:00 0 
7f2474000000-7f2474021000 rw-p 00000000 00:00 0 
7f2474021000-7f2478000000 ---p 00000000 00:00 0 
7f2478000000-7f2478021000 rw-p 00000000 00:00 0 
7f2478021000-7f247c000000 ---p 00000000 00:00 0 
7f247c000000-7f247c48f000 rw-p 00000000 00:00 0 
7f247c48f000-7f2480000000 ---p 00000000 00:00 0 
7f2480000000-7f2480021000 rw-p 00000000 00:00 0 
7f2480021000-7f2484000000 ---p 00000000 00:00 0 
7f2484000000-7f2484021000 rw-p 00000000 00:00 0 
7f2484021000-7f2488000000 ---p 00000000 00:00 0 
7f2488000000-7f2488021000 rw-p 00000000 00:00 0 
7f2488021000-7f248c000000 ---p 00000000 00:00 0 
7f248c000000-7f248c021000 rw-p 00000000 00:00 0 
7f248c021000-7f2490000000 ---p 00000000 00:00 0 
7f2490000000-7f2490021000 rw-p 00000000 00:00 0 
7f2490021000-7f2494000000 ---p 00000000 00:00 0 
7f2497dc2000-7f2497dff000 r-xp 00000000 08:01 2756625                    /lib/x86_64-linux-gnu/libpcre.so.3.13.1
7f2497dff000-7f2497ffe000 ---p 0003d000 08:01 2756625                    /lib/x86_64-linux-gnu/libpcre.so.3.13.1
7f2497ffe000-7f2497fff000 r--p 0003c000 08:01 2756625                    /lib/x86_64-linux-gnu/libpcre.so.3.13.1
7f2497fff000-7f2498000000 rw-p 0003d000 08:01 2756625                    /lib/x86_64-linux-gnu/libpcre.so.3.13.1
7f2498000000-7f2498021000 rw-p 00000000 00:00 0 
7f2498021000-7f249c000000 ---p 00000000 00:00 0 
7f249c0b2000-7f249c0b9000 r-xp 00000000 08:01 3146096                    /usr/lib/x86_64-linux-gnu/libffi.so.6.0.1
7f249c0b9000-7f249c2b8000 ---p 00007000 08:01 3146096                    /usr/lib/x86_64-linux-gnu/libffi.so.6.0.1
7f249c2b8000-7f249c2b9000 r--p 00006000 08:01 3146096                    /usr/lib/x86_64-linux-gnu/libffi.so.6.0.1
7f249c2b9000-7f249c2ba000 rw-p 00007000 08:01 3146096                    /usr/lib/x86_64-linux-gnu/libffi.so.6.0.1
7f249c2ba000-7f249c2d1000 r-xp 00000000 08:01 2752516                    /lib/x86_64-linux-gnu/libresolv-2.19.so
7f249c2d1000-7f249c4d1000 ---p 00017000 08:01 2752516                    /lib/x86_64-linux-gnu/libresolv-2.19.so
7f249c4d1000-7f249c4d2000 r--p 00017000 08:01 2752516                    /lib/x86_64-linux-gnu/libresolv-2.19.so
7f249c4d2000-7f249c4d3000 rw-p 00018000 08:01 2752516                    /lib/x86_64-linux-gnu/libresolv-2.19.so
7f249c4d3000-7f249c4d5000 rw-p 00000000 00:00 0 
7f249c4d5000-7f249c4f5000 r-xp 00000000 08:01 2756767                    /lib/x86_64-linux-gnu/libselinux.so.1
7f249c4f5000-7f249c6f4000 ---p 00020000 08:01 2756767                    /lib/x86_64-linux-gnu/libselinux.so.1
7f249c6f4000-7f249c6f5000 r--p 0001f000 08:01 2756767                    /lib/x86_64-linux-gnu/libselinux.so.1
7f249c6f5000-7f249c6f6000 rw-p 00020000 08:01 2756767                    /lib/x86_64-linux-gnu/libselinux.so.1
7f249c6f6000-7f249c6f8000 rw-p 00000000 00:00 0 
7f249c6f8000-7f249c6fb000 r-xp 00000000 08:01 3153259                    /usr/lib/x86_64-linux-gnu/libgmodule-2.0.so.0.4002.0
7f249c6fb000-7f249c8fa000 ---p 00003000 08:01 3153259                    /usr/lib/x86_64-linux-gnu/libgmodule-2.0.so.0.4002.0
7f249c8fa000-7f249c8fb000 r--p 00002000 08:01 3153259                    /usr/lib/x86_64-linux-gnu/libgmodule-2.0.so.0.4002.0
7f249c8fb000-7f249c8fc000 rw-p 00003000 08:01 3153259                    /usr/lib/x86_64-linux-gnu/libgmodule-2.0.so.0.4002.0
7f249c8fc000-7f249ca02000 r-xp 00000000 08:01 2756673                    /lib/x86_64-linux-gnu/libglib-2.0.so.0.4002.0
7f249ca02000-7f249cc01000 ---p 00106000 08:01 2756673                    /lib/x86_64-linux-gnu/libglib-2.0.so.0.4002.0
7f249cc01000-7f249cc02000 r--p 00105000 08:01 2756673                    /lib/x86_64-linux-gnu/libglib-2.0.so.0.4002.0
7f249cc02000-7f249cc03000 rw-p 00106000 08:01 2756673                    /lib/x86_64-linux-gnu/libglib-2.0.so.0.4002.0
7f249cc03000-7f249cc04000 rw-p 00000000 00:00 0 
7f249cc04000-7f249cc53000 r-xp 00000000 08:01 3153275                    /usr/lib/x86_64-linux-gnu/libgobject-2.0.so.0.4002.0
7f249cc53000-7f249ce53000 ---p 0004f000 08:01 3153275                    /usr/lib/x86_64-linux-gnu/libgobject-2.0.so.0.4002.0
7f249ce53000-7f249ce54000 r--p 0004f000 08:01 3153275                    /usr/lib/x86_64-linux-gnu/libgobject-2.0.so.0.4002.0
7f249ce54000-7f249ce55000 rw-p 00050000 08:01 3153275                    /usr/lib/x86_64-linux-gnu/libgobject-2.0.so.0.4002.0
7f249ce55000-7f249cfc1000 r-xp 00000000 08:01 3153245                    /usr/lib/x86_64-linux-gnu/libgio-2.0.so.0.4002.0
7f249cfc1000-7f249d1c0000 ---p 0016c000 08:01 3153245                    /usr/lib/x86_64-linux-gnu/libgio-2.0.so.0.4002.0
7f249d1c0000-7f249d1c4000 r--p 0016b000 08:01 3153245                    /usr/lib/x86_64-linux-gnu/libgio-2.0.so.0.4002.0
7f249d1c4000-7f249d1c6000 rw-p 0016f000 08:01 3153245                    /usr/lib/x86_64-linux-gnu/libgio-2.0.so.0.4002.0
7f249d1c6000-7f249d1c8000 rw-p 00000000 00:00 0 
7f249d1c8000-7f249d1df000 r-xp 00000000 08:01 3155475                    /usr/lib/jvm/java-7-openjdk-amd64/jre/lib/amd64/libnet.so
7f249d1df000-7f249d3de000 ---p 00017000 08:01 3155475                    /usr/lib/jvm/java-7-openjdk-amd64/jre/lib/amd64/libnet.so
7f249d3de000-7f249d3df000 r--p 00016000 08:01 3155475                    /usr/lib/jvm/java-7-openjdk-amd64/jre/lib/amd64/libnet.so
7f249d3df000-7f249d3e0000 rw-p 00017000 08:01 3155475                    /usr/lib/jvm/java-7-openjdk-amd64/jre/lib/amd64/libnet.so
7f249d3e0000-7f249d3f0000 r-xp 00000000 08:01 3152632                    /usr/lib/jvm/java-7-openjdk-amd64/jre/lib/amd64/libnio.so
7f249d3f0000-7f249d5f0000 ---p 00010000 08:01 3152632                    /usr/lib/jvm/java-7-openjdk-amd64/jre/lib/amd64/libnio.so
7f249d5f0000-7f249d5f1000 r--p 00010000 08:01 3152632                    /usr/lib/jvm/java-7-openjdk-amd64/jre/lib/amd64/libnio.so
7f249d5f1000-7f249d5f2000 rw-p 00011000 08:01 3152632                    /usr/lib/jvm/java-7-openjdk-amd64/jre/lib/amd64/libnio.so
7f249d5f2000-7f249d5f3000 ---p 00000000 00:00 0 
7f249d5f3000-7f249d6f3000 rw-p 00000000 00:00 0                          [stack:10003]
7f249d6f3000-7f249d6f6000 ---p 00000000 00:00 0 
7f249d6f6000-7f249d7f4000 rw-p 00000000 00:00 0                          [stack:10002]
7f249d7f4000-7f249e0d0000 r--p 00000000 08:01 3148861                    /usr/lib/locale/locale-archive
7f249e0d0000-7f24a0000000 rw-p 00000000 00:00 0 
7f24a0000000-7f24a0021000 rw-p 00000000 00:00 0 
7f24a0021000-7f24a4000000 ---p 00000000 00:00 0 
7f24a40c0000-7f24a40f1000 rw-p 00000000 00:00 0 
7f24a40f1000-7f24a40f4000 ---p 00000000 00:00 0 
7f24a40f4000-7f24a41f2000 rw-p 00000000 00:00 0                          [stack:10001]
7f24a41f2000-7f24a41f5000 ---p 00000000 00:00 0 
7f24a41f5000-7f24a42f3000 rw-p 00000000 00:00 0                          [stack:10000]
7f24a42f3000-7f24a42f6000 ---p 00000000 00:00 0 
7f24a42f6000-7f24a43f4000 rw-p 00000000 00:00 0                          [stack:9999]
7f24a43f4000-7f24a43f7000 ---p 00000000 00:00 0 
7f24a43f7000-7f24a44f5000 rw-p 00000000 00:00 0                          [stack:9998]
7f24a44f5000-7f24a44f8000 ---p 00000000 00:00 0 
7f24a44f8000-7f24a45f6000 rw-p 00000000 00:00 0                          [stack:9997]
7f24a45f6000-7f24a45f7000 ---p 00000000 00:00 0 
7f24a45f7000-7f24a5000000 rw-p 00000000 00:00 0                          [stack:9996]
7f24a5000000-7f24a5270000 rwxp 00000000 00:00 0 
7f24a5270000-7f24a8235000 rw-p 00000000 00:00 0 
7f24a8235000-7f24ac000000 ---p 00000000 00:00 0 
7f24ac035000-7f24ac036000 rw-p 00000000 00:00 0 
7f24ac036000-7f24ac040000 r--s 000ae000 08:01 3148563                    /usr/lib/jvm/java-7-openjdk-amd64/jre/lib/resources.jar
7f24ac040000-7f24ac042000 r--s 00002000 08:01 1444758                    /home/audreyazura/Documents/Project/Tools/netbeans-8.1/extide/ant/lib/ant-junit4.jar
7f24ac042000-7f24ac045000 r--s 0001a000 08:01 1444760                    /home/audreyazura/Documents/Project/Tools/netbeans-8.1/extide/ant/lib/ant-junit.jar
7f24ac045000-7f24ac063000 r--s 001c8000 08:01 1444773                    /home/audreyazura/Documents/Project/Tools/netbeans-8.1/extide/ant/lib/ant.jar
7f24ac063000-7f24ac06c000 r--s 00044000 08:01 1449897                    /home/audreyazura/Documents/Project/libupsystem/lib/junit_4/junit-4.12.jar
7f24ac06c000-7f24ac760000 rw-p 00000000 00:00 0 
7f24ac760000-7f24ac913000 r--s 01d49000 08:01 3155504                    /usr/lib/jvm/java-7-openjdk-amd64/jre/lib/rt.jar
7f24ac913000-7f24acbff000 rw-p 00000000 00:00 0 
7f24acbff000-7f24acc00000 ---p 00000000 00:00 0 
7f24acc00000-7f24acd00000 rw-p 00000000 00:00 0                          [stack:9995]
7f24acd00000-7f24acd01000 ---p 00000000 00:00 0 
7f24acd01000-7f24ace01000 rw-p 00000000 00:00 0                          [stack:9994]
7f24ace01000-7f24ace02000 ---p 00000000 00:00 0 
7f24ace02000-7f24acf02000 rw-p 00000000 00:00 0                          [stack:9993]
7f24acf02000-7f24acf03000 ---p 00000000 00:00 0 
7f24acf03000-7f24ad00e000 rw-p 00000000 00:00 0                          [stack:9992]
7f24ad00e000-7f24ad056000 rw-p 00000000 00:00 0 
7f24ad056000-7f24ad068000 rw-p 00000000 00:00 0 
7f24ad068000-7f24ad16c000 rw-p 00000000 00:00 0 
7f24ad16c000-7f24ad177000 rw-p 00000000 00:00 0 
7f24ad177000-7f24ad1bf000 rw-p 00000000 00:00 0 
7f24ad1bf000-7f24ad1d1000 rw-p 00000000 00:00 0 
7f24ad1d1000-7f24ad2d4000 rw-p 00000000 00:00 0 
7f24ad2d4000-7f24ad32e000 rw-p 00000000 00:00 0 
7f24ad32e000-7f24ad35f000 rw-p 00000000 00:00 0 
7f24ad35f000-7f24ad360000 rw-p 00000000 00:00 0 
7f24ad360000-7f24ad368000 r-xp 00000000 08:01 3155066                    /usr/lib/jvm/java-7-openjdk-amd64/jre/lib/amd64/libzip.so
7f24ad368000-7f24ad567000 ---p 00008000 08:01 3155066                    /usr/lib/jvm/java-7-openjdk-amd64/jre/lib/amd64/libzip.so
7f24ad567000-7f24ad568000 r--p 00007000 08:01 3155066                    /usr/lib/jvm/java-7-openjdk-amd64/jre/lib/amd64/libzip.so
7f24ad568000-7f24ad569000 rw-p 00008000 08:01 3155066                    /usr/lib/jvm/java-7-openjdk-amd64/jre/lib/amd64/libzip.so
7f24ad569000-7f24ad573000 r-xp 00000000 08:01 2752570                    /lib/x86_64-linux-gnu/libnss_files-2.19.so
7f24ad573000-7f24ad772000 ---p 0000a000 08:01 2752570                    /lib/x86_64-linux-gnu/libnss_files-2.19.so
7f24ad772000-7f24ad773000 r--p 00009000 08:01 2752570                    /lib/x86_64-linux-gnu/libnss_files-2.19.so
7f24ad773000-7f24ad774000 rw-p 0000a000 08:01 2752570                    /lib/x86_64-linux-gnu/libnss_files-2.19.so
7f24ad774000-7f24ad77f000 r-xp 00000000 08:01 2752562                    /lib/x86_64-linux-gnu/libnss_nis-2.19.so
7f24ad77f000-7f24ad97e000 ---p 0000b000 08:01 2752562                    /lib/x86_64-linux-gnu/libnss_nis-2.19.so
7f24ad97e000-7f24ad97f000 r--p 0000a000 08:01 2752562                    /lib/x86_64-linux-gnu/libnss_nis-2.19.so
7f24ad97f000-7f24ad980000 rw-p 0000b000 08:01 2752562                    /lib/x86_64-linux-gnu/libnss_nis-2.19.so
7f24ad980000-7f24ad997000 r-xp 00000000 08:01 2752558                    /lib/x86_64-linux-gnu/libnsl-2.19.so
7f24ad997000-7f24adb96000 ---p 00017000 08:01 2752558                    /lib/x86_64-linux-gnu/libnsl-2.19.so
7f24adb96000-7f24adb97000 r--p 00016000 08:01 2752558                    /lib/x86_64-linux-gnu/libnsl-2.19.so
7f24adb97000-7f24adb98000 rw-p 00017000 08:01 2752558                    /lib/x86_64-linux-gnu/libnsl-2.19.so
7f24adb98000-7f24adb9a000 rw-p 00000000 00:00 0 
7f24adb9a000-7f24adba3000 r-xp 00000000 08:01 2752557                    /lib/x86_64-linux-gnu/libnss_compat-2.19.so
7f24adba3000-7f24adda2000 ---p 00009000 08:01 2752557                    /lib/x86_64-linux-gnu/libnss_compat-2.19.so
7f24adda2000-7f24adda3000 r--p 00008000 08:01 2752557                    /lib/x86_64-linux-gnu/libnss_compat-2.19.so
7f24adda3000-7f24adda4000 rw-p 00009000 08:01 2752557                    /lib/x86_64-linux-gnu/libnss_compat-2.19.so
7f24adda4000-7f24addce000 r-xp 00000000 08:01 3152636                    /usr/lib/jvm/java-7-openjdk-amd64/jre/lib/amd64/libjava.so
7f24addce000-7f24adfce000 ---p 0002a000 08:01 3152636                    /usr/lib/jvm/java-7-openjdk-amd64/jre/lib/amd64/libjava.so
7f24adfce000-7f24adfcf000 r--p 0002a000 08:01 3152636                    /usr/lib/jvm/java-7-openjdk-amd64/jre/lib/amd64/libjava.so
7f24adfcf000-7f24adfd1000 rw-p 0002b000 08:01 3152636                    /usr/lib/jvm/java-7-openjdk-amd64/jre/lib/amd64/libjava.so
7f24adfd1000-7f24adfe1000 r-xp 00000000 08:01 3155494                    /usr/lib/jvm/java-7-openjdk-amd64/jre/lib/amd64/libverify.so
7f24adfe1000-7f24ae1e0000 ---p 00010000 08:01 3155494                    /usr/lib/jvm/java-7-openjdk-amd64/jre/lib/amd64/libverify.so
7f24ae1e0000-7f24ae1e2000 r--p 0000f000 08:01 3155494                    /usr/lib/jvm/java-7-openjdk-amd64/jre/lib/amd64/libverify.so
7f24ae1e2000-7f24ae1e3000 rw-p 00011000 08:01 3155494                    /usr/lib/jvm/java-7-openjdk-amd64/jre/lib/amd64/libverify.so
7f24ae1e3000-7f24ae1ea000 r-xp 00000000 08:01 2752566                    /lib/x86_64-linux-gnu/librt-2.19.so
7f24ae1ea000-7f24ae3e9000 ---p 00007000 08:01 2752566                    /lib/x86_64-linux-gnu/librt-2.19.so
7f24ae3e9000-7f24ae3ea000 r--p 00006000 08:01 2752566                    /lib/x86_64-linux-gnu/librt-2.19.so
7f24ae3ea000-7f24ae3eb000 rw-p 00007000 08:01 2752566                    /lib/x86_64-linux-gnu/librt-2.19.so
7f24ae3eb000-7f24ae401000 r-xp 00000000 08:01 2756650                    /lib/x86_64-linux-gnu/libgcc_s.so.1
7f24ae401000-7f24ae600000 ---p 00016000 08:01 2756650                    /lib/x86_64-linux-gnu/libgcc_s.so.1
7f24ae600000-7f24ae601000 rw-p 00015000 08:01 2756650                    /lib/x86_64-linux-gnu/libgcc_s.so.1
7f24ae601000-7f24ae706000 r-xp 00000000 08:01 2752530                    /lib/x86_64-linux-gnu/libm-2.19.so
7f24ae706000-7f24ae905000 ---p 00105000 08:01 2752530                    /lib/x86_64-linux-gnu/libm-2.19.so
7f24ae905000-7f24ae906000 r--p 00104000 08:01 2752530                    /lib/x86_64-linux-gnu/libm-2.19.so
7f24ae906000-7f24ae907000 rw-p 00105000 08:01 2752530                    /lib/x86_64-linux-gnu/libm-2.19.so
7f24ae907000-7f24aea0d000 r-xp 00000000 08:01 3147884                    /usr/lib/x86_64-linux-gnu/libstdc++.so.6.0.22
7f24aea0d000-7f24aec0c000 ---p 00106000 08:01 3147884                    /usr/lib/x86_64-linux-gnu/libstdc++.so.6.0.22
7f24aec0c000-7f24aec14000 r--p 00105000 08:01 3147884                    /usr/lib/x86_64-linux-gnu/libstdc++.so.6.0.22
7f24aec14000-7f24aec16000 rw-p 0010d000 08:01 3147884                    /usr/lib/x86_64-linux-gnu/libstdc++.so.6.0.22
7f24aec16000-7f24aec19000 rw-p 00000000 00:00 0 
7f24aec19000-7f24af747000 r-xp 00000000 08:01 3154760                    /usr/lib/jvm/java-7-openjdk-amd64/jre/lib/amd64/server/libjvm.so
7f24af747000-7f24af947000 ---p 00b2e000 08:01 3154760                    /usr/lib/jvm/java-7-openjdk-amd64/jre/lib/amd64/server/libjvm.so
7f24af947000-7f24af9e1000 r--p 00b2e000 08:01 3154760                    /usr/lib/jvm/java-7-openjdk-amd64/jre/lib/amd64/server/libjvm.so
7f24af9e1000-7f24afa04000 rw-p 00bc8000 08:01 3154760                    /usr/lib/jvm/java-7-openjdk-amd64/jre/lib/amd64/server/libjvm.so
7f24afa04000-7f24afa33000 rw-p 00000000 00:00 0 
7f24afa33000-7f24afa4b000 r-xp 00000000 08:01 2756797                    /lib/x86_64-linux-gnu/libz.so.1.2.8
7f24afa4b000-7f24afc4a000 ---p 00018000 08:01 2756797                    /lib/x86_64-linux-gnu/libz.so.1.2.8
7f24afc4a000-7f24afc4b000 r--p 00017000 08:01 2756797                    /lib/x86_64-linux-gnu/libz.so.1.2.8
7f24afc4b000-7f24afc4c000 rw-p 00018000 08:01 2756797                    /lib/x86_64-linux-gnu/libz.so.1.2.8
7f24afc4c000-7f24afc65000 r-xp 00000000 08:01 2752559                    /lib/x86_64-linux-gnu/libpthread-2.19.so
7f24afc65000-7f24afe64000 ---p 00019000 08:01 2752559                    /lib/x86_64-linux-gnu/libpthread-2.19.so
7f24afe64000-7f24afe65000 r--p 00018000 08:01 2752559                    /lib/x86_64-linux-gnu/libpthread-2.19.so
7f24afe65000-7f24afe66000 rw-p 00019000 08:01 2752559                    /lib/x86_64-linux-gnu/libpthread-2.19.so
7f24afe66000-7f24afe6a000 rw-p 00000000 00:00 0 
7f24afe6a000-7f24afe6d000 r-xp 00000000 08:01 2752539                    /lib/x86_64-linux-gnu/libdl-2.19.so
7f24afe6d000-7f24b006c000 ---p 00003000 08:01 2752539                    /lib/x86_64-linux-gnu/libdl-2.19.so
7f24b006c000-7f24b006d000 r--p 00002000 08:01 2752539                    /lib/x86_64-linux-gnu/libdl-2.19.so
7f24b006d000-7f24b006e000 rw-p 00003000 08:01 2752539                    /lib/x86_64-linux-gnu/libdl-2.19.so
7f24b006e000-7f24b0228000 r-xp 00000000 08:01 2752567                    /lib/x86_64-linux-gnu/libc-2.19.so
7f24b0228000-7f24b0428000 ---p 001ba000 08:01 2752567                    /lib/x86_64-linux-gnu/libc-2.19.so
7f24b0428000-7f24b042c000 r--p 001ba000 08:01 2752567                    /lib/x86_64-linux-gnu/libc-2.19.so
7f24b042c000-7f24b042e000 rw-p 001be000 08:01 2752567                    /lib/x86_64-linux-gnu/libc-2.19.so
7f24b042e000-7f24b0433000 rw-p 00000000 00:00 0 
7f24b0433000-7f24b0440000 r-xp 00000000 08:01 3152640                    /usr/lib/jvm/java-7-openjdk-amd64/jre/lib/amd64/jli/libjli.so
7f24b0440000-7f24b063f000 ---p 0000d000 08:01 3152640                    /usr/lib/jvm/java-7-openjdk-amd64/jre/lib/amd64/jli/libjli.so
7f24b063f000-7f24b0640000 r--p 0000c000 08:01 3152640                    /usr/lib/jvm/java-7-openjdk-amd64/jre/lib/amd64/jli/libjli.so
7f24b0640000-7f24b0641000 rw-p 0000d000 08:01 3152640                    /usr/lib/jvm/java-7-openjdk-amd64/jre/lib/amd64/jli/libjli.so
7f24b0641000-7f24b0664000 r-xp 00000000 08:01 2752560                    /lib/x86_64-linux-gnu/ld-2.19.so
7f24b0664000-7f24b0666000 r--s 00009000 08:01 1449889                    /home/audreyazura/Documents/Project/libupsystem/lib/hamcrest/hamcrest-core-1.3.jar
7f24b0666000-7f24b0669000 r--s 00013000 08:01 1449179                    /home/audreyazura/Documents/Project/libupsystem/lib/commonutils.portable1-0.jar
7f24b0669000-7f24b066c000 r--s 0003d000 08:01 3152622                    /usr/lib/jvm/java-7-openjdk-amd64/jre/lib/ext/sunpkcs11.jar
7f24b066c000-7f24b068a000 rw-p 00000000 00:00 0 
7f24b068a000-7f24b0740000 rw-p 00000000 00:00 0 
7f24b0740000-7f24b0743000 ---p 00000000 00:00 0 
7f24b0743000-7f24b0846000 rw-p 00000000 00:00 0                          [stack:9991]
7f24b0846000-7f24b0847000 r--s 00004000 08:01 1444752                    /home/audreyazura/Documents/Project/Tools/netbeans-8.1/extide/ant/lib/ant-launcher.jar
7f24b0847000-7f24b084b000 r--s 00085000 08:01 3152619                    /usr/lib/jvm/java-7-openjdk-amd64/jre/lib/ext/localedata.jar
7f24b084b000-7f24b084c000 r--s 00002000 08:01 3152621                    /usr/lib/jvm/java-7-openjdk-amd64/jre/lib/ext/dnsns.jar
7f24b084c000-7f24b084e000 r--s 00006000 08:01 3283851                    /usr/share/java/java-atk-wrapper.jar
7f24b084e000-7f24b0850000 r--s 00012000 08:01 3152620                    /usr/lib/jvm/java-7-openjdk-amd64/jre/lib/ext/zipfs.jar
7f24b0850000-7f24b0853000 r--s 0000f000 08:01 3152623                    /usr/lib/jvm/java-7-openjdk-amd64/jre/lib/ext/icedtea-sound.jar
7f24b0853000-7f24b0857000 r--s 00034000 08:01 3152618                    /usr/lib/jvm/java-7-openjdk-amd64/jre/lib/ext/sunjce_provider.jar
7f24b0857000-7f24b085f000 rw-s 00000000 08:01 1835249                    /tmp/hsperfdata_audreyazura/9988
7f24b085f000-7f24b0860000 rw-p 00000000 00:00 0 
7f24b0860000-7f24b0861000 ---p 00000000 00:00 0 
7f24b0861000-7f24b0863000 rw-p 00000000 00:00 0 
7f24b0863000-7f24b0864000 r--p 00022000 08:01 2752560                    /lib/x86_64-linux-gnu/ld-2.19.so
7f24b0864000-7f24b0865000 rw-p 00023000 08:01 2752560                    /lib/x86_64-linux-gnu/ld-2.19.so
7f24b0865000-7f24b0866000 rw-p 00000000 00:00 0 
7ffd144f5000-7ffd14516000 rw-p 00000000 00:00 0                          [stack]
7ffd14542000-7ffd14544000 r-xp 00000000 00:00 0                          [vdso]
7ffd14544000-7ffd14546000 r--p 00000000 00:00 0                          [vvar]
ffffffffff600000-ffffffffff601000 r-xp 00000000 00:00 0                  [vsyscall]

VM Arguments:
jvm_args: -ea 
java_command: org.apache.tools.ant.taskdefs.optional.junit.JUnitTestRunner org.duckdns.spacedock.upengine.libupsystem.PersoStatDegatsMoyensTest skipNonTests=false filtertrace=true haltOnError=false haltOnFailure=false showoutput=true outputtoformatters=true logfailedtests=true threadid=0 logtestlistenerevents=true formatter=org.apache.tools.ant.taskdefs.optional.junit.BriefJUnitResultFormatter formatter=org.apache.tools.ant.taskdefs.optional.junit.XMLJUnitResultFormatter,/home/audreyazura/Documents/Project/libupsystem/build/test/results/TEST-org.duckdns.spacedock.upengine.libupsystem.PersoStatDegatsMoyensTest.xml crashfile=/home/audreyazura/Documents/Project/libupsystem/build/junitvmwatcher8005289321348534767.properties propsfile=/home/audreyazura/Documents/Project/libupsystem/build/junit1444327569515613191.properties
Launcher Type: SUN_STANDARD

Environment Variables:
JAVA_HOME=/usr/lib/jvm/java-7-openjdk-amd64
PATH=/usr/local/sbin:/usr/local/bin:/usr/sbin:/usr/bin:/sbin:/bin:/usr/games:/usr/local/games:/usr/lib/jvm/java-7-openjdk-amd64/bin:/home/audreyazura/Documents/Project/Tools/netbeans-8.1/extide/ant/bin
LD_LIBRARY_PATH=/usr/lib/jvm/java-7-openjdk-amd64/jre/lib/amd64:/usr/lib/jvm/java-7-openjdk-amd64/jre/lib/i386:
SHELL=/bin/bash
DISPLAY=:0

Signal Handlers:
SIGSEGV: [libjvm.so+0x95e460], sa_mask[0]=0x7ffbfeff, sa_flags=0x10000004
SIGBUS: [libjvm.so+0x95e460], sa_mask[0]=0x7ffbfeff, sa_flags=0x10000004
SIGFPE: [libjvm.so+0x7d2030], sa_mask[0]=0x7ffbfeff, sa_flags=0x10000004
SIGPIPE: [libjvm.so+0x7d2030], sa_mask[0]=0x7ffbfeff, sa_flags=0x10000004
SIGXFSZ: [libjvm.so+0x7d2030], sa_mask[0]=0x7ffbfeff, sa_flags=0x10000004
SIGILL: [libjvm.so+0x7d2030], sa_mask[0]=0x7ffbfeff, sa_flags=0x10000004
SIGUSR1: SIG_DFL, sa_mask[0]=0x00000000, sa_flags=0x00000000
SIGUSR2: [libjvm.so+0x7d2160], sa_mask[0]=0x00000004, sa_flags=0x10000004
SIGHUP: [libjvm.so+0x7d20b0], sa_mask[0]=0x7ffbfeff, sa_flags=0x10000004
SIGINT: SIG_IGN, sa_mask[0]=0x00000000, sa_flags=0x00000000
SIGTERM: [libjvm.so+0x7d20b0], sa_mask[0]=0x7ffbfeff, sa_flags=0x10000004
SIGQUIT: [libjvm.so+0x7d20b0], sa_mask[0]=0x7ffbfeff, sa_flags=0x10000004
SIGTRAP: SIG_DFL, sa_mask[0]=0x00000000, sa_flags=0x00000000


---------------  S Y S T E M  ---------------

OS:Peppermint 6 (trusty)
uname:Linux 3.16.0-77-generic #99~14.04.1-Ubuntu SMP Tue Jun 28 19:17:10 UTC 2016 x86_64
libc:glibc 2.19 NPTL 2.19 
rlimit: STACK 8192k, CORE 0k, NPROC 13224, NOFILE 4096, AS infinity
load average:1,56 0,93 0,77

/proc/meminfo:
MemTotal:        3407836 kB
MemFree:          120252 kB
MemAvailable:      71184 kB
Buffers:            1056 kB
Cached:            78204 kB
SwapCached:            0 kB
Active:          3019356 kB
Inactive:          62080 kB
Active(anon):    3006264 kB
Inactive(anon):    48980 kB
Active(file):      13092 kB
Inactive(file):    13100 kB
Unevictable:          64 kB
Mlocked:              64 kB
SwapTotal:             0 kB
SwapFree:              0 kB
Dirty:               104 kB
Writeback:           148 kB
AnonPages:       3003428 kB
Mapped:            72384 kB
Shmem:             51888 kB
Slab:              77256 kB
SReclaimable:      44596 kB
SUnreclaim:        32660 kB
KernelStack:       10192 kB
PageTables:        31776 kB
NFS_Unstable:          0 kB
Bounce:                0 kB
WritebackTmp:          0 kB
CommitLimit:     1703916 kB
Committed_AS:    5696356 kB
VmallocTotal:   34359738367 kB
VmallocUsed:      291412 kB
VmallocChunk:   34359394656 kB
HardwareCorrupted:     0 kB
AnonHugePages:   1982464 kB
HugePages_Total:       0
HugePages_Free:        0
HugePages_Rsvd:        0
HugePages_Surp:        0
Hugepagesize:       2048 kB
DirectMap4k:      138324 kB
DirectMap2M:     3473408 kB
DirectMap1G:           0 kB


CPU:total 4 (4 cores per cpu, 1 threads per core) family 22 model 0 stepping 1, cmov, cx8, fxsr, mmx, sse, sse2, sse3, ssse3, sse4.1, sse4.2, popcnt, avx, aes, mmxext, 3dnowpref, lzcnt, sse4a, tsc, tscinvbit, tscinv

/proc/cpuinfo:
processor	: 0
vendor_id	: AuthenticAMD
cpu family	: 22
model		: 0
model name	: Quad-Core Processor (up to 1.4GHz)
stepping	: 1
microcode	: 0x7000106
cpu MHz		: 600.000
cache size	: 2048 KB
physical id	: 0
siblings	: 4
core id		: 0
cpu cores	: 4
apicid		: 0
initial apicid	: 0
fpu		: yes
fpu_exception	: yes
cpuid level	: 13
wp		: yes
flags		: fpu vme de pse tsc msr pae mce cx8 apic sep mtrr pge mca cmov pat pse36 clflush mmx fxsr sse sse2 ht syscall nx mmxext fxsr_opt pdpe1gb rdtscp lm constant_tsc rep_good nopl nonstop_tsc extd_apicid aperfmperf eagerfpu pni pclmulqdq monitor ssse3 cx16 sse4_1 sse4_2 movbe popcnt aes xsave avx f16c lahf_lm cmp_legacy svm extapic cr8_legacy abm sse4a misalignsse 3dnowprefetch osvw ibs skinit wdt topoext perfctr_nb perfctr_l2 arat cpb xsaveopt hw_pstate proc_feedback npt lbrv svm_lock nrip_save tsc_scale flushbyasid decodeassists pausefilter pfthreshold vmmcall bmi1
bogomips	: 1996.25
TLB size	: 1024 4K pages
clflush size	: 64
cache_alignment	: 64
address sizes	: 40 bits physical, 48 bits virtual
power management: ts ttp tm 100mhzsteps hwpstate cpb [11]

processor	: 1
vendor_id	: AuthenticAMD
cpu family	: 22
model		: 0
model name	: Quad-Core Processor (up to 1.4GHz)             
stepping	: 1
microcode	: 0x7000106
cpu MHz		: 700.000
cache size	: 2048 KB
physical id	: 0
siblings	: 4
core id		: 1
cpu cores	: 4
apicid		: 1
initial apicid	: 1
fpu		: yes
fpu_exception	: yes
cpuid level	: 13
wp		: yes
flags		: fpu vme de pse tsc msr pae mce cx8 apic sep mtrr pge mca cmov pat pse36 clflush mmx fxsr sse sse2 ht syscall nx mmxext fxsr_opt pdpe1gb rdtscp lm constant_tsc rep_good nopl nonstop_tsc extd_apicid aperfmperf eagerfpu pni pclmulqdq monitor ssse3 cx16 sse4_1 sse4_2 movbe popcnt aes xsave avx f16c lahf_lm cmp_legacy svm extapic cr8_legacy abm sse4a misalignsse 3dnowprefetch osvw ibs skinit wdt topoext perfctr_nb perfctr_l2 arat cpb xsaveopt hw_pstate proc_feedback npt lbrv svm_lock nrip_save tsc_scale flushbyasid decodeassists pausefilter pfthreshold vmmcall bmi1
bogomips	: 1996.25
TLB size	: 1024 4K pages
clflush size	: 64
cache_alignment	: 64
address sizes	: 40 bits physical, 48 bits virtual
power management: ts ttp tm 100mhzsteps hwpstate cpb [11]

processor	: 2
vendor_id	: AuthenticAMD
cpu family	: 22
model		: 0
model name	: Quad-Core Processor (up to 1.4GHz)             
stepping	: 1
microcode	: 0x7000106
cpu MHz		: 1000.000
cache size	: 2048 KB
physical id	: 0
siblings	: 4
core id		: 2
cpu cores	: 4
apicid		: 2
initial apicid	: 2
fpu		: yes
fpu_exception	: yes
cpuid level	: 13
wp		: yes
flags		: fpu vme de pse tsc msr pae mce cx8 apic sep mtrr pge mca cmov pat pse36 clflush mmx fxsr sse sse2 ht syscall nx mmxext fxsr_opt pdpe1gb rdtscp lm constant_tsc rep_good nopl nonstop_tsc extd_apicid aperfmperf eagerfpu pni pclmulqdq monitor ssse3 cx16 sse4_1 sse4_2 movbe popcnt aes xsave avx f16c lahf_lm cmp_legacy svm extapic cr8_legacy abm sse4a misalignsse 3dnowprefetch osvw ibs skinit wdt topoext perfctr_nb perfctr_l2 arat cpb xsaveopt hw_pstate proc_feedback npt lbrv svm_lock nrip_save tsc_scale flushbyasid decodeassists pausefilter pfthreshold vmmcall bmi1
bogomips	: 1996.25
TLB size	: 1024 4K pages
clflush size	: 64
cache_alignment	: 64
address sizes	: 40 bits physical, 48 bits virtual
power management: ts ttp tm 100mhzsteps hwpstate cpb [11]

processor	: 3
vendor_id	: AuthenticAMD
cpu family	: 22
model		: 0
model name	: Quad-Core Processor (up to 1.4GHz)             
stepping	: 1
microcode	: 0x7000106
cpu MHz		: 1000.000
cache size	: 2048 KB
physical id	: 0
siblings	: 4
core id		: 3
cpu cores	: 4
apicid		: 3
initial apicid	: 3
fpu		: yes
fpu_exception	: yes
cpuid level	: 13
wp		: yes
flags		: fpu vme de pse tsc msr pae mce cx8 apic sep mtrr pge mca cmov pat pse36 clflush mmx fxsr sse sse2 ht syscall nx mmxext fxsr_opt pdpe1gb rdtscp lm constant_tsc rep_good nopl nonstop_tsc extd_apicid aperfmperf eagerfpu pni pclmulqdq monitor ssse3 cx16 sse4_1 sse4_2 movbe popcnt aes xsave avx f16c lahf_lm cmp_legacy svm extapic cr8_legacy abm sse4a misalignsse 3dnowprefetch osvw ibs skinit wdt topoext perfctr_nb perfctr_l2 arat cpb xsaveopt hw_pstate proc_feedback npt lbrv svm_lock nrip_save tsc_scale flushbyasid decodeassists pausefilter pfthreshold vmmcall bmi1
bogomips	: 1996.25
TLB size	: 1024 4K pages
clflush size	: 64
cache_alignment	: 64
address sizes	: 40 bits physical, 48 bits virtual
power management: ts ttp tm 100mhzsteps hwpstate cpb [11]



Memory: 4k page, physical 3407836k(122468k free), swap 0k(0k free)

vm_info: OpenJDK 64-Bit Server VM (24.121-b00) for linux-amd64 JRE (1.7.0_121-b00), built on Feb  7 2017 18:45:58 by "buildd" with gcc 4.8.4

time: Sat Mar 11 21:40:46 2017
elapsed time: 4 seconds

